./migrate-resource.sh --force=1 shrink infongt-eu4
force=1
operation=shrink
res=infongt-eu4
Sourcing hooks in './hooks-cm3.sh'
Using clustermw username: 'tschoebeltheuer'
Determined the following CURRENT hypervisor: "icpu5128"
Determined the following CURRENT primary: "icpu5128"
PING icpu5128.schlund.de (10.46.12.75) 56(84) bytes of data.
64 bytes from icpu5128.schlund.de (10.46.12.75): icmp_seq=1 ttl=59 time=0.648 ms

--- icpu5128.schlund.de ping statistics ---
1 packets transmitted, 1 received, 0% packet loss, time 0ms
rtt min/avg/max/mdev = 0.648/0.648/0.648/0.000 ms
PING icpu5128.schlund.de (10.46.12.75) 56(84) bytes of data.
64 bytes from icpu5128.schlund.de (10.46.12.75): icmp_seq=1 ttl=59 time=0.754 ms

--- icpu5128.schlund.de ping statistics ---
1 packets transmitted, 1 received, 0% packet loss, time 0ms
rtt min/avg/max/mdev = 0.754/0.754/0.754/0.000 ms
/mars is a mountpoint
  infongt-eu4 UpToDate Replicating DCASFR Primary icpu5128 
ERRORS   FILE (1): available with --verbose
/vol/infongt-eu4 is a mountpoint
Determined the following secondaries: 'icpu5133
icpu5138
icpu5139
istore2a
istore2b'
PING icpu5133.schlund.de (10.46.28.75) 56(84) bytes of data.
64 bytes from icpu5133.schlund.de (10.46.28.75): icmp_seq=1 ttl=58 time=1.26 ms

--- icpu5133.schlund.de ping statistics ---
1 packets transmitted, 1 received, 0% packet loss, time 0ms
rtt min/avg/max/mdev = 1.261/1.261/1.261/0.000 ms
PING icpu5138.schlund.de (10.46.12.76) 56(84) bytes of data.
64 bytes from icpu5138.schlund.de (10.46.12.76): icmp_seq=1 ttl=59 time=0.487 ms

--- icpu5138.schlund.de ping statistics ---
1 packets transmitted, 1 received, 0% packet loss, time 0ms
rtt min/avg/max/mdev = 0.487/0.487/0.487/0.000 ms
PING icpu5139.schlund.de (10.46.28.76) 56(84) bytes of data.
64 bytes from icpu5139.schlund.de (10.46.28.76): icmp_seq=1 ttl=58 time=1.06 ms

--- icpu5139.schlund.de ping statistics ---
1 packets transmitted, 1 received, 0% packet loss, time 0ms
rtt min/avg/max/mdev = 1.061/1.061/1.061/0.000 ms
PING istore2a.schlund.de (10.46.98.4) 56(84) bytes of data.
64 bytes from istore2a.schlund.de (10.46.98.4): icmp_seq=1 ttl=60 time=0.548 ms

--- istore2a.schlund.de ping statistics ---
1 packets transmitted, 1 received, 0% packet loss, time 0ms
rtt min/avg/max/mdev = 0.548/0.548/0.548/0.000 ms
PING istore2b.schlund.de (10.46.102.2) 56(84) bytes of data.
64 bytes from istore2b.schlund.de (10.46.102.2): icmp_seq=1 ttl=59 time=1.27 ms

--- istore2b.schlund.de ping statistics ---
1 packets transmitted, 1 received, 0% packet loss, time 0ms
rtt min/avg/max/mdev = 1.272/1.272/1.272/0.000 ms
Determined the following VG name: "vginfong"
Determined the following LV path: "/dev/vginfong/infongt-eu4"
Determined USED  space: 992008
Determined TOTAL space: 19990528
Computed TARGET  space: 20000000
No need for shrinking the LV space of infongt-eu4
vginfong REST space on 'icpu5128' :   12912082944
vginfong REST space on 'icpu5133' :   12912082944
vginfong REST space on 'icpu5138' :   6110941184
vginfong REST space on 'icpu5139' :   6110941184
vg2a REST space on 'istore2a' :   21506990080
vg2b REST space on 'istore2b' :   21534457856
[CONFIRM: Press Return to continue, ^C to abort] 
Running hook: hook_get_vg hook_get_vg icpu5128
Executing on icpu5128: 'vgs | awk '{ print $1; }' | grep 'vginfong\|vg[0-9]\+[ab]''
Executing on icpu5128: 'if [[ -e /dev/vginfong/infongt-eu4-copy ]]; then echo "REFUSING to overwrite /dev/vginfong/infongt-eu4-copy on icpu5128 - Do this by hand"; exit -1; fi'
Executing on icpu5128: 'if [[ -e /dev/vginfong/infongt-eu4-tmp ]]; then lvremove -f /dev/vginfong/infongt-eu4-tmp; fi'
Executing on icpu5128: 'lvcreate -L 20000000k -n infongt-eu4-tmp vginfong'
  Rounding up size to full physical extent 19.07 GiB
  Logical volume "infongt-eu4-tmp" created
Executing on icpu5128: 'mkfs.xfs -dagcount=1024 /dev/vginfong/infongt-eu4-tmp'
meta-data=/dev/vginfong/infongt-eu4-tmp isize=256    agcount=1024, agsize=4883 blks
         =                       sectsz=4096  attr=2, projid32bit=1
         =                       crc=0        finobt=0
data     =                       bsize=4096   blocks=5000192, imaxpct=25
         =                       sunit=0      swidth=0 blks
naming   =version 2              bsize=4096   ascii-ci=0 ftype=0
log      =internal log           bsize=4096   blocks=2560, version=2
         =                       sectsz=4096  sunit=1 blks, lazy-count=1
realtime =none                   extsz=4096   blocks=0, rtextents=0
Running hook: hook_get_vg hook_get_vg icpu5133
Executing on icpu5133: 'vgs | awk '{ print $1; }' | grep 'vginfong\|vg[0-9]\+[ab]''
Executing on icpu5133: 'if [[ -e /dev/vginfong/infongt-eu4-copy ]]; then echo "REFUSING to overwrite /dev/vginfong/infongt-eu4-copy on icpu5133 - Do this by hand"; exit -1; fi'
Executing on icpu5133: 'if [[ -e /dev/vginfong/infongt-eu4-tmp ]]; then lvremove -f /dev/vginfong/infongt-eu4-tmp; fi'
Executing on icpu5133: 'lvcreate -L 20000000k -n infongt-eu4-tmp vginfong'
  Rounding up size to full physical extent 19.07 GiB
  Logical volume "infongt-eu4-tmp" created
Executing on icpu5133: 'mkfs.xfs -dagcount=1024 /dev/vginfong/infongt-eu4-tmp'
meta-data=/dev/vginfong/infongt-eu4-tmp isize=256    agcount=1024, agsize=4883 blks
         =                       sectsz=4096  attr=2, projid32bit=1
         =                       crc=0        finobt=0
data     =                       bsize=4096   blocks=5000192, imaxpct=25
         =                       sunit=0      swidth=0 blks
naming   =version 2              bsize=4096   ascii-ci=0 ftype=0
log      =internal log           bsize=4096   blocks=2560, version=2
         =                       sectsz=4096  sunit=1 blks, lazy-count=1
realtime =none                   extsz=4096   blocks=0, rtextents=0
Running hook: hook_get_vg hook_get_vg icpu5138
Executing on icpu5138: 'vgs | awk '{ print $1; }' | grep 'vginfong\|vg[0-9]\+[ab]''
Executing on icpu5138: 'if [[ -e /dev/vginfong/infongt-eu4-copy ]]; then echo "REFUSING to overwrite /dev/vginfong/infongt-eu4-copy on icpu5138 - Do this by hand"; exit -1; fi'
Executing on icpu5138: 'if [[ -e /dev/vginfong/infongt-eu4-tmp ]]; then lvremove -f /dev/vginfong/infongt-eu4-tmp; fi'
Executing on icpu5138: 'lvcreate -L 20000000k -n infongt-eu4-tmp vginfong'
  Rounding up size to full physical extent 19.07 GiB
  Logical volume "infongt-eu4-tmp" created
Executing on icpu5138: 'mkfs.xfs -dagcount=1024 /dev/vginfong/infongt-eu4-tmp'
meta-data=/dev/vginfong/infongt-eu4-tmp isize=256    agcount=1024, agsize=4883 blks
         =                       sectsz=512   attr=2, projid32bit=1
         =                       crc=0        finobt=0
data     =                       bsize=4096   blocks=5000192, imaxpct=25
         =                       sunit=0      swidth=0 blks
naming   =version 2              bsize=4096   ascii-ci=0 ftype=0
log      =internal log           bsize=4096   blocks=2560, version=2
         =                       sectsz=512   sunit=0 blks, lazy-count=1
realtime =none                   extsz=4096   blocks=0, rtextents=0
Running hook: hook_get_vg hook_get_vg icpu5139
Executing on icpu5139: 'vgs | awk '{ print $1; }' | grep 'vginfong\|vg[0-9]\+[ab]''
Executing on icpu5139: 'if [[ -e /dev/vginfong/infongt-eu4-copy ]]; then echo "REFUSING to overwrite /dev/vginfong/infongt-eu4-copy on icpu5139 - Do this by hand"; exit -1; fi'
Executing on icpu5139: 'if [[ -e /dev/vginfong/infongt-eu4-tmp ]]; then lvremove -f /dev/vginfong/infongt-eu4-tmp; fi'
Executing on icpu5139: 'lvcreate -L 20000000k -n infongt-eu4-tmp vginfong'
  Rounding up size to full physical extent 19.07 GiB
  Logical volume "infongt-eu4-tmp" created
Executing on icpu5139: 'mkfs.xfs -dagcount=1024 /dev/vginfong/infongt-eu4-tmp'
meta-data=/dev/vginfong/infongt-eu4-tmp isize=256    agcount=1024, agsize=4883 blks
         =                       sectsz=512   attr=2, projid32bit=1
         =                       crc=0        finobt=0
data     =                       bsize=4096   blocks=5000192, imaxpct=25
         =                       sunit=0      swidth=0 blks
naming   =version 2              bsize=4096   ascii-ci=0 ftype=0
log      =internal log           bsize=4096   blocks=2560, version=2
         =                       sectsz=512   sunit=0 blks, lazy-count=1
realtime =none                   extsz=4096   blocks=0, rtextents=0
Running hook: hook_get_vg hook_get_vg istore2a
Executing on istore2a: 'vgs | awk '{ print $1; }' | grep 'vginfong\|vg[0-9]\+[ab]''
Executing on istore2a: 'if [[ -e /dev/vg2a/infongt-eu4-copy ]]; then echo "REFUSING to overwrite /dev/vg2a/infongt-eu4-copy on istore2a - Do this by hand"; exit -1; fi'
Executing on istore2a: 'if [[ -e /dev/vg2a/infongt-eu4-tmp ]]; then lvremove -f /dev/vg2a/infongt-eu4-tmp; fi'
Executing on istore2a: 'lvcreate -L 20000000k -n infongt-eu4-tmp vg2a'
  Rounding up size to full physical extent 19.07 GiB
  Logical volume "infongt-eu4-tmp" created
Executing on istore2a: 'mkfs.xfs -dagcount=1024 /dev/vg2a/infongt-eu4-tmp'
meta-data=/dev/vg2a/infongt-eu4-tmp isize=256    agcount=1024, agsize=4883 blks
         =                       sectsz=512   attr=2, projid32bit=0
data     =                       bsize=4096   blocks=5000192, imaxpct=25
         =                       sunit=0      swidth=0 blks
naming   =version 2              bsize=4096   ascii-ci=0
log      =internal log           bsize=4096   blocks=2560, version=2
         =                       sectsz=512   sunit=0 blks, lazy-count=1
realtime =none                   extsz=4096   blocks=0, rtextents=0
Running hook: hook_get_vg hook_get_vg istore2b
Executing on istore2b: 'vgs | awk '{ print $1; }' | grep 'vginfong\|vg[0-9]\+[ab]''
Executing on istore2b: 'if [[ -e /dev/vg2b/infongt-eu4-copy ]]; then echo "REFUSING to overwrite /dev/vg2b/infongt-eu4-copy on istore2b - Do this by hand"; exit -1; fi'
Executing on istore2b: 'if [[ -e /dev/vg2b/infongt-eu4-tmp ]]; then lvremove -f /dev/vg2b/infongt-eu4-tmp; fi'
Executing on istore2b: 'lvcreate -L 20000000k -n infongt-eu4-tmp vg2b'
  Rounding up size to full physical extent 19.07 GiB
  Logical volume "infongt-eu4-tmp" created
Executing on istore2b: 'mkfs.xfs -dagcount=1024 /dev/vg2b/infongt-eu4-tmp'
meta-data=/dev/vg2b/infongt-eu4-tmp isize=256    agcount=1024, agsize=4883 blks
         =                       sectsz=512   attr=2, projid32bit=0
data     =                       bsize=4096   blocks=5000192, imaxpct=25
         =                       sunit=0      swidth=0 blks
naming   =version 2              bsize=4096   ascii-ci=0
log      =internal log           bsize=4096   blocks=2560, version=2
         =                       sectsz=512   sunit=0 blks, lazy-count=1
realtime =none                   extsz=4096   blocks=0, rtextents=0
Running hook: hook_get_mountpoint hook_get_mountpoint infongt-eu4
Running hook: hook_get_vg hook_get_vg icpu5128
Executing on icpu5128: 'vgs | awk '{ print $1; }' | grep 'vginfong\|vg[0-9]\+[ab]''
Executing on icpu5128: 'mkdir -p /vol/infongt-eu4-tmp'
Executing on icpu5128: 'mount /dev/vginfong/infongt-eu4-tmp /vol/infongt-eu4-tmp'
Executing on icpu5128: 'for i in {1..3}; do nice -19 ionice -c3 rsync  -aSH --info=STATS  /vol/infongt-eu4/ /vol/infongt-eu4-tmp/ && exit 0; echo RESTARTING $(date); done; exit -1'

sent 1,383,503,090 bytes  received 1,135,277 bytes  24,948,439.05 bytes/sec
total size is 1,379,777,615  speedup is 1.00
Executing on icpu5128: 'umount /vol/infongt-eu4-tmp/'
Running hook: hook_get_mountpoint hook_get_mountpoint infongt-eu4
Running hook: hook_get_vg hook_get_vg icpu5128
Executing on icpu5128: 'vgs | awk '{ print $1; }' | grep 'vginfong\|vg[0-9]\+[ab]''
Executing on icpu5128: 'if [[ -e /dev/vginfong/infongt-eu4-copy ]]; then echo "REFUSING to overwrite /dev/vginfong/infongt-eu4-copy on icpu5128 - First remove it - Do this by hand"; exit -1; fi'
Executing on icpu5128: 'if ! [[ -e /dev/vginfong/infongt-eu4-tmp ]]; then echo "Cannot start hot phase: /dev/vginfong/infongt-eu4-tmp is missing. Run 'prepare' first!"; exit -1; fi'
Running hook: hook_get_mountpoint hook_get_mountpoint infongt-eu4
Running hook: hook_get_vg hook_get_vg icpu5128
Executing on icpu5128: 'vgs | awk '{ print $1; }' | grep 'vginfong\|vg[0-9]\+[ab]''
Executing on icpu5128: 'mkdir -p /vol/infongt-eu4-tmp'
Executing on icpu5128: 'mount /dev/vginfong/infongt-eu4-tmp /vol/infongt-eu4-tmp'
Executing on icpu5128: 'for i in {1..3}; do time rsync  -aSH --info=STATS --delete /vol/infongt-eu4/ /vol/infongt-eu4-tmp/ && exit 0; echo RESTARTING $(date); done; exit -1'

sent 954,665 bytes  received 4,507 bytes  274,049.14 bytes/sec
total size is 1,379,777,615  speedup is 1,438.51

real	0m3.257s
user	0m0.208s
sys	0m0.452s
Executing on icpu5128: 'umount /vol/infongt-eu4-tmp/'
Running hook: hook_resource_stop hook_resource_stop icpu5128 infongt-eu4
Executing on icpu5128: 'cm3 --stop infongt-eu4 || cm3 --stop infongt-eu4 || { mountpoint /vol/infongt-eu4 && umount /vol/infongt-eu4; } || false'
Shutdown infongt-eu4.
stop: UPDATE mars_infongt-eu4  ...... OK [0s]
stop: VM::SAInfongBase: Name:	infongt-eu4
stop: VM::SAInfongBase: State:	STARTED
stop: VM::SAInfongBase: Address:	169.254.254.4
stop: infongt-eu4.schlund.de is updated.
stop: Stopping VM for infongt-eu4.schlund.de via nodeagent
stop: STOP infongt-eu4.schlund.de  ...(vmstop:120s) (dissemble:120s) (delete) ... OK [9s]
stop: VM infongt-eu4.schlund.de is stopped.
stop: Clearing VMHost for infongt-eu4.schlund.de, no longer using icpu5128.schlund.de
stop: Stopping storage for infongt-eu4.schlund.de
stop: DOWN mars_infongt-eu4  ...(wait-umount:20s) ... OK [3s]
stop: DOWN /dev/vginfong/infongt-eu4  ...... OK [0s]
stop: infongt-eu4.schlund.de is stopped.
stop: COMMAND FINISHED in 12 seconds
Shutdown of infongt-eu4.schlund.de finished.
Executing on icpu5128: 'marsadm primary infongt-eu4'
---------------------------- check preconditions:
Current designated primary: icpu5128
OK, it seems that sync has finished on host 'icpu5133'.
OK, it seems that sync has finished on host 'icpu5138'.
OK, it seems that sync has finished on host 'icpu5139'.
OK, it seems that sync has finished on host 'istore2a'.
OK, it seems that sync has finished on host 'istore2b'.
OK, '/mars/resource-infongt-eu4/todo-icpu5128/attach' has acceptable value '1'
OK, '/mars/resource-infongt-eu4/todo-icpu5128/connect' has acceptable value '1'
OK, '/mars/resource-infongt-eu4/todo-icpu5128/allow-replay' has acceptable value '1'
---------------------------- leave primary state:
---------------------------- wait when necessary:
---------------------------- switch to primary:
designated primary changed from 'icpu5128' to 'icpu5128'
---------------------------- wait for device:
device '/dev/mars/infongt-eu4' is present
Executing on icpu5128: 'mount /dev/mars/infongt-eu4 /vol/infongt-eu4/'
Running hook: hook_get_mountpoint hook_get_mountpoint infongt-eu4
Running hook: hook_get_vg hook_get_vg icpu5128
Executing on icpu5128: 'vgs | awk '{ print $1; }' | grep 'vginfong\|vg[0-9]\+[ab]''
Executing on icpu5128: 'mkdir -p /vol/infongt-eu4-tmp'
Executing on icpu5128: 'mount /dev/vginfong/infongt-eu4-tmp /vol/infongt-eu4-tmp'
Executing on icpu5128: 'for i in {1..3}; do time rsync  -aSH --info=STATS --delete /vol/infongt-eu4/ /vol/infongt-eu4-tmp/ && exit 0; echo RESTARTING $(date); done; exit -1'

sent 967,577 bytes  received 4,606 bytes  67,047.10 bytes/sec
total size is 1,379,785,970  speedup is 1,419.27

real	0m14.363s
user	0m0.188s
sys	0m0.728s
Executing on icpu5128: 'umount /vol/infongt-eu4-tmp/'
Executing on icpu5128: 'umount /vol/infongt-eu4/'
Executing on icpu5128: 'rmdir /vol/infongt-eu4-tmp || echo IGNORE'
Executing on icpu5128: 'marsadm wait-umount infongt-eu4'
device for resource 'infongt-eu4' is 1 times in use on icpu5128
OK, device for resource 'infongt-eu4' is not in use.
Executing on icpu5128: 'marsadm secondary infongt-eu4'
---------------------------- check preconditions:
Current designated primary: icpu5128
all preconditions OK for resource 'infongt-eu4'
---------------------------- leave primary state:
designated primary changed from 'icpu5128' to '(none)'
---------------------------- wait for effect:
WARNING: device '/dev/mars/infongt-eu4' has not yet disappeared
device '/dev/mars/infongt-eu4' is no longer present
Running hook: hook_get_vg hook_get_vg icpu5128
Executing on icpu5128: 'vgs | awk '{ print $1; }' | grep 'vginfong\|vg[0-9]\+[ab]''
Executing on icpu5128: 'marsadm down infongt-eu4 || echo IGNORE'
---------------------------- check preconditions:
---------------------------- switch state:
successfully started pause-replay-local on resource infongt-eu4
successfully started pause-sync-local on resource infongt-eu4
successfully started pause-fetch on resource infongt-eu4
successfully started detach on resource infongt-eu4
---------------------------- wait for effect:
waiting until actual 'is-attached' == '0'...
OK, '/mars/resource-infongt-eu4/actual-icpu5128/is-attached' has acceptable value '0'
device '/dev/mars/infongt-eu4' is no longer present
OK, '/mars/resource-infongt-eu4/actual-icpu5128/is-replaying' has acceptable value '0'
OK, '/mars/resource-infongt-eu4/actual-icpu5128/is-syncing' has acceptable value '0'
Executing on icpu5128: 'marsadm leave-resource --force infongt-eu4 || echo IGNORE'
WARNING: Using FORCE option -- hopefully you know what you are doing!
---------------------------- check preconditions:
---------------------------- switch state:
---------------------------- wait for deletions:
deleted: 001573268 / 1573319
waiting for deletions to apply locally....
deleted: 001573319 / 1573319
found replay link '/mars/resource-infongt-eu4/replay-icpu5133' -> 'log-000021837-icpu5128,5372548,0'
found replay link '/mars/resource-infongt-eu4/replay-icpu5138' -> 'log-000021837-icpu5128,5372548,0'
found replay link '/mars/resource-infongt-eu4/replay-icpu5139' -> 'log-000021837-icpu5128,5372548,0'
found replay link '/mars/resource-infongt-eu4/replay-istore2a' -> 'log-000021837-icpu5128,5372548,0'
found replay link '/mars/resource-infongt-eu4/replay-istore2b' -> 'log-000021837-icpu5128,5372548,0'
found replay link '/mars/resource-infongt-eu4/replay-icpu5133' -> 'log-000021837-icpu5128,5372548,0'
found replay link '/mars/resource-infongt-eu4/replay-icpu5138' -> 'log-000021837-icpu5128,5372548,0'
found replay link '/mars/resource-infongt-eu4/replay-icpu5139' -> 'log-000021837-icpu5128,5372548,0'
found replay link '/mars/resource-infongt-eu4/replay-istore2a' -> 'log-000021837-icpu5128,5372548,0'
found replay link '/mars/resource-infongt-eu4/replay-istore2b' -> 'log-000021837-icpu5128,5372548,0'
checking 'version-000021836-icpu5128'
  corresponding logfile is 'log-000021836-istore2a'
checking 'version-000021836-icpu5133'
  corresponding logfile is 'log-000021836-istore2a'
  ok 'version-000021836-icpu5133'
checking 'version-000021836-icpu5138'
  corresponding logfile is 'log-000021836-istore2a'
  ok 'version-000021836-icpu5138'
checking 'version-000021836-icpu5139'
  corresponding logfile is 'log-000021836-istore2a'
  ok 'version-000021836-icpu5139'
checking 'version-000021836-istore2a'
  corresponding logfile is 'log-000021836-istore2a'
  ok 'version-000021836-istore2a'
checking 'version-000021836-istore2b'
  corresponding logfile is 'log-000021836-istore2a'
  ok 'version-000021836-istore2b'
checking 'version-000021837-icpu5128'
  corresponding logfile is 'log-000021837-icpu5128'
  ok 'version-000021837-icpu5128'
checking 'version-000021837-icpu5133'
  corresponding logfile is 'log-000021837-icpu5128'
  ok 'version-000021837-icpu5133'
checking 'version-000021837-icpu5138'
  corresponding logfile is 'log-000021837-icpu5128'
  ok 'version-000021837-icpu5138'
checking 'version-000021837-icpu5139'
  corresponding logfile is 'log-000021837-icpu5128'
  ok 'version-000021837-icpu5139'
checking 'version-000021837-istore2a'
  corresponding logfile is 'log-000021837-icpu5128'
  ok 'version-000021837-istore2a'
checking 'version-000021837-istore2b'
  corresponding logfile is 'log-000021837-icpu5128'
  ok 'version-000021837-istore2b'
checking 'log-000021837-icpu5128'
  ok 'log-000021837-icpu5128'
info: logfile 'log-000021836-istore2a' is referenced (5), but not present.
  Unreferenced logfiles are not necessarily bad.
  They can regularly appear after 'leave-resource',
  or 'invalidate', or after emergency mode,
  or after similar operations.
deleted: 001573319 / 1573320
waiting for deletions to apply locally....
deleted: 001573320 / 1573320
deleted: 001573320 / 1573320
Executing on icpu5128: 'lvrename vginfong infongt-eu4 infongt-eu4-copy'
  Renamed "infongt-eu4" to "infongt-eu4-copy" in volume group "vginfong"
Executing on icpu5128: 'lvrename vginfong infongt-eu4-tmp infongt-eu4'
  Renamed "infongt-eu4-tmp" to "infongt-eu4" in volume group "vginfong"
Running hook: hook_get_vg hook_get_vg icpu5133
Executing on icpu5133: 'vgs | awk '{ print $1; }' | grep 'vginfong\|vg[0-9]\+[ab]''
Executing on icpu5133: 'marsadm down infongt-eu4 || echo IGNORE'
---------------------------- check preconditions:
---------------------------- switch state:
successfully started pause-replay-local on resource infongt-eu4
successfully started pause-sync-local on resource infongt-eu4
successfully started pause-fetch on resource infongt-eu4
successfully started detach on resource infongt-eu4
---------------------------- wait for effect:
waiting until actual 'is-attached' == '0'...
OK, '/mars/resource-infongt-eu4/actual-icpu5133/is-attached' has acceptable value '0'
device '/dev/mars/infongt-eu4' is no longer present
OK, '/mars/resource-infongt-eu4/actual-icpu5133/is-replaying' has acceptable value '0'
OK, '/mars/resource-infongt-eu4/actual-icpu5133/is-syncing' has acceptable value '0'
Executing on icpu5133: 'marsadm leave-resource --force infongt-eu4 || echo IGNORE'
WARNING: Using FORCE option -- hopefully you know what you are doing!
---------------------------- check preconditions:
---------------------------- switch state:
---------------------------- wait for deletions:
deleted: 001573320 / 1573370
waiting for deletions to apply locally....
deleted: 001573370 / 1573370
found replay link '/mars/resource-infongt-eu4/replay-icpu5138' -> 'log-000021837-icpu5128,5372548,0'
found replay link '/mars/resource-infongt-eu4/replay-icpu5139' -> 'log-000021837-icpu5128,5372548,0'
found replay link '/mars/resource-infongt-eu4/replay-istore2a' -> 'log-000021837-icpu5128,5372548,0'
found replay link '/mars/resource-infongt-eu4/replay-istore2b' -> 'log-000021837-icpu5128,5372548,0'
found replay link '/mars/resource-infongt-eu4/replay-icpu5138' -> 'log-000021837-icpu5128,5372548,0'
found replay link '/mars/resource-infongt-eu4/replay-icpu5139' -> 'log-000021837-icpu5128,5372548,0'
found replay link '/mars/resource-infongt-eu4/replay-istore2a' -> 'log-000021837-icpu5128,5372548,0'
found replay link '/mars/resource-infongt-eu4/replay-istore2b' -> 'log-000021837-icpu5128,5372548,0'
checking 'version-000021836-icpu5133'
  corresponding logfile is 'log-000021836-istore2a'
checking 'version-000021836-icpu5138'
  corresponding logfile is 'log-000021836-istore2a'
  ok 'version-000021836-icpu5138'
checking 'version-000021836-icpu5139'
  corresponding logfile is 'log-000021836-istore2a'
  ok 'version-000021836-icpu5139'
checking 'version-000021836-istore2a'
  corresponding logfile is 'log-000021836-istore2a'
  ok 'version-000021836-istore2a'
checking 'version-000021836-istore2b'
  corresponding logfile is 'log-000021836-istore2a'
  ok 'version-000021836-istore2b'
checking 'version-000021837-icpu5128'
  corresponding logfile is 'log-000021837-icpu5128'
  ok 'version-000021837-icpu5128'
checking 'version-000021837-icpu5133'
  corresponding logfile is 'log-000021837-icpu5128'
checking 'version-000021837-icpu5138'
  corresponding logfile is 'log-000021837-icpu5128'
  ok 'version-000021837-icpu5138'
checking 'version-000021837-icpu5139'
  corresponding logfile is 'log-000021837-icpu5128'
  ok 'version-000021837-icpu5139'
checking 'version-000021837-istore2a'
  corresponding logfile is 'log-000021837-icpu5128'
  ok 'version-000021837-istore2a'
checking 'version-000021837-istore2b'
  corresponding logfile is 'log-000021837-icpu5128'
  ok 'version-000021837-istore2b'
checking 'log-000021837-icpu5128'
  ok 'log-000021837-icpu5128'
info: logfile 'log-000021836-istore2a' is referenced (4), but not present.
  Unreferenced logfiles are not necessarily bad.
  They can regularly appear after 'leave-resource',
  or 'invalidate', or after emergency mode,
  or after similar operations.
deleted: 001573370 / 1573372
waiting for deletions to apply locally....
deleted: 001573372 / 1573372
deleted: 001573372 / 1573372
Executing on icpu5133: 'lvrename vginfong infongt-eu4 infongt-eu4-copy'
  Renamed "infongt-eu4" to "infongt-eu4-copy" in volume group "vginfong"
Executing on icpu5133: 'lvrename vginfong infongt-eu4-tmp infongt-eu4'
  Renamed "infongt-eu4-tmp" to "infongt-eu4" in volume group "vginfong"
Running hook: hook_get_vg hook_get_vg icpu5138
Executing on icpu5138: 'vgs | awk '{ print $1; }' | grep 'vginfong\|vg[0-9]\+[ab]''
Executing on icpu5138: 'marsadm down infongt-eu4 || echo IGNORE'
---------------------------- check preconditions:
---------------------------- switch state:
successfully started pause-replay-local on resource infongt-eu4
successfully started pause-sync-local on resource infongt-eu4
successfully started pause-fetch on resource infongt-eu4
successfully started detach on resource infongt-eu4
---------------------------- wait for effect:
waiting until actual 'is-attached' == '0'...
OK, '/mars/resource-infongt-eu4/actual-icpu5138/is-attached' has acceptable value '0'
device '/dev/mars/infongt-eu4' is no longer present
OK, '/mars/resource-infongt-eu4/actual-icpu5138/is-replaying' has acceptable value '0'
OK, '/mars/resource-infongt-eu4/actual-icpu5138/is-syncing' has acceptable value '0'
Executing on icpu5138: 'marsadm leave-resource --force infongt-eu4 || echo IGNORE'
WARNING: Using FORCE option -- hopefully you know what you are doing!
---------------------------- check preconditions:
---------------------------- switch state:
---------------------------- wait for deletions:
deleted: 001573372 / 1573422
waiting for deletions to apply locally....
deleted: 001573422 / 1573422
found replay link '/mars/resource-infongt-eu4/replay-icpu5139' -> 'log-000021837-icpu5128,5372548,0'
found replay link '/mars/resource-infongt-eu4/replay-istore2a' -> 'log-000021837-icpu5128,5372548,0'
found replay link '/mars/resource-infongt-eu4/replay-istore2b' -> 'log-000021837-icpu5128,5372548,0'
found replay link '/mars/resource-infongt-eu4/replay-icpu5139' -> 'log-000021837-icpu5128,5372548,0'
found replay link '/mars/resource-infongt-eu4/replay-istore2a' -> 'log-000021837-icpu5128,5372548,0'
found replay link '/mars/resource-infongt-eu4/replay-istore2b' -> 'log-000021837-icpu5128,5372548,0'
checking 'version-000021836-icpu5138'
  corresponding logfile is 'log-000021836-istore2a'
checking 'version-000021836-icpu5139'
  corresponding logfile is 'log-000021836-istore2a'
  ok 'version-000021836-icpu5139'
checking 'version-000021836-istore2a'
  corresponding logfile is 'log-000021836-istore2a'
  ok 'version-000021836-istore2a'
checking 'version-000021836-istore2b'
  corresponding logfile is 'log-000021836-istore2a'
  ok 'version-000021836-istore2b'
checking 'version-000021837-icpu5128'
  corresponding logfile is 'log-000021837-icpu5128'
  ok 'version-000021837-icpu5128'
checking 'version-000021837-icpu5138'
  corresponding logfile is 'log-000021837-icpu5128'
checking 'version-000021837-icpu5139'
  corresponding logfile is 'log-000021837-icpu5128'
  ok 'version-000021837-icpu5139'
checking 'version-000021837-istore2a'
  corresponding logfile is 'log-000021837-icpu5128'
  ok 'version-000021837-istore2a'
checking 'version-000021837-istore2b'
  corresponding logfile is 'log-000021837-icpu5128'
  ok 'version-000021837-istore2b'
checking 'log-000021837-icpu5128'
  ok 'log-000021837-icpu5128'
info: logfile 'log-000021836-istore2a' is referenced (3), but not present.
  Unreferenced logfiles are not necessarily bad.
  They can regularly appear after 'leave-resource',
  or 'invalidate', or after emergency mode,
  or after similar operations.
deleted: 001573422 / 1573424
waiting for deletions to apply locally....
deleted: 001573424 / 1573424
deleted: 001573424 / 1573424
Executing on icpu5138: 'lvrename vginfong infongt-eu4 infongt-eu4-copy'
  Renamed "infongt-eu4" to "infongt-eu4-copy" in volume group "vginfong"
Executing on icpu5138: 'lvrename vginfong infongt-eu4-tmp infongt-eu4'
  Renamed "infongt-eu4-tmp" to "infongt-eu4" in volume group "vginfong"
Running hook: hook_get_vg hook_get_vg icpu5139
Executing on icpu5139: 'vgs | awk '{ print $1; }' | grep 'vginfong\|vg[0-9]\+[ab]''
Executing on icpu5139: 'marsadm down infongt-eu4 || echo IGNORE'
---------------------------- check preconditions:
---------------------------- switch state:
successfully started pause-replay-local on resource infongt-eu4
successfully started pause-sync-local on resource infongt-eu4
successfully started pause-fetch on resource infongt-eu4
successfully started detach on resource infongt-eu4
---------------------------- wait for effect:
waiting until actual 'is-attached' == '0'...
OK, '/mars/resource-infongt-eu4/actual-icpu5139/is-attached' has acceptable value '0'
device '/dev/mars/infongt-eu4' is no longer present
OK, '/mars/resource-infongt-eu4/actual-icpu5139/is-replaying' has acceptable value '0'
OK, '/mars/resource-infongt-eu4/actual-icpu5139/is-syncing' has acceptable value '0'
Executing on icpu5139: 'marsadm leave-resource --force infongt-eu4 || echo IGNORE'
WARNING: Using FORCE option -- hopefully you know what you are doing!
---------------------------- check preconditions:
---------------------------- switch state:
---------------------------- wait for deletions:
deleted: 001573424 / 1573474
waiting for deletions to apply locally....
deleted: 001573474 / 1573474
found replay link '/mars/resource-infongt-eu4/replay-istore2a' -> 'log-000021837-icpu5128,5372548,0'
found replay link '/mars/resource-infongt-eu4/replay-istore2b' -> 'log-000021837-icpu5128,5372548,0'
found replay link '/mars/resource-infongt-eu4/replay-istore2a' -> 'log-000021837-icpu5128,5372548,0'
found replay link '/mars/resource-infongt-eu4/replay-istore2b' -> 'log-000021837-icpu5128,5372548,0'
checking 'version-000021836-icpu5139'
  corresponding logfile is 'log-000021836-istore2a'
checking 'version-000021836-istore2a'
  corresponding logfile is 'log-000021836-istore2a'
  ok 'version-000021836-istore2a'
checking 'version-000021836-istore2b'
  corresponding logfile is 'log-000021836-istore2a'
  ok 'version-000021836-istore2b'
checking 'version-000021837-icpu5128'
  corresponding logfile is 'log-000021837-icpu5128'
  ok 'version-000021837-icpu5128'
checking 'version-000021837-icpu5139'
  corresponding logfile is 'log-000021837-icpu5128'
checking 'version-000021837-istore2a'
  corresponding logfile is 'log-000021837-icpu5128'
  ok 'version-000021837-istore2a'
checking 'version-000021837-istore2b'
  corresponding logfile is 'log-000021837-icpu5128'
  ok 'version-000021837-istore2b'
checking 'log-000021837-icpu5128'
  ok 'log-000021837-icpu5128'
info: logfile 'log-000021836-istore2a' is referenced (2), but not present.
  Unreferenced logfiles are not necessarily bad.
  They can regularly appear after 'leave-resource',
  or 'invalidate', or after emergency mode,
  or after similar operations.
deleted: 001573474 / 1573476
waiting for deletions to apply locally....
deleted: 001573476 / 1573476
deleted: 001573476 / 1573476
Executing on icpu5139: 'lvrename vginfong infongt-eu4 infongt-eu4-copy'
  Renamed "infongt-eu4" to "infongt-eu4-copy" in volume group "vginfong"
Executing on icpu5139: 'lvrename vginfong infongt-eu4-tmp infongt-eu4'
  Renamed "infongt-eu4-tmp" to "infongt-eu4" in volume group "vginfong"
Running hook: hook_get_vg hook_get_vg istore2a
Executing on istore2a: 'vgs | awk '{ print $1; }' | grep 'vginfong\|vg[0-9]\+[ab]''
Executing on istore2a: 'marsadm down infongt-eu4 || echo IGNORE'
---------------------------- check preconditions:
---------------------------- switch state:
successfully started pause-replay-local on resource infongt-eu4
successfully started pause-sync-local on resource infongt-eu4
successfully started pause-fetch on resource infongt-eu4
successfully started detach on resource infongt-eu4
---------------------------- wait for effect:
waiting until actual 'is-attached' == '0'...
waiting until actual 'is-attached' == '0'...
OK, '/mars/resource-infongt-eu4/actual-istore2a/is-attached' has acceptable value '0'
device '/dev/mars/infongt-eu4' is no longer present
OK, '/mars/resource-infongt-eu4/actual-istore2a/is-replaying' has acceptable value '0'
OK, '/mars/resource-infongt-eu4/actual-istore2a/is-syncing' has acceptable value '0'
Executing on istore2a: 'marsadm leave-resource --force infongt-eu4 || echo IGNORE'
WARNING: Using FORCE option -- hopefully you know what you are doing!
---------------------------- check preconditions:
---------------------------- switch state:
---------------------------- wait for deletions:
deleted: 001573476 / 1573524
waiting for deletions to apply locally....
deleted: 001573524 / 1573524
found replay link '/mars/resource-infongt-eu4/replay-istore2b' -> 'log-000021837-icpu5128,5372548,0'
found replay link '/mars/resource-infongt-eu4/replay-istore2b' -> 'log-000021837-icpu5128,5372548,0'
checking 'version-000021836-istore2a'
  corresponding logfile is 'log-000021836-istore2a'
  ok 'version-000021836-istore2a'
checking 'version-000021836-istore2b'
  corresponding logfile is 'log-000021836-istore2a'
  ok 'version-000021836-istore2b'
checking 'version-000021837-icpu5128'
  corresponding logfile is 'log-000021837-icpu5128'
  ok 'version-000021837-icpu5128'
checking 'version-000021837-istore2a'
  corresponding logfile is 'log-000021837-icpu5128'
checking 'version-000021837-istore2b'
  corresponding logfile is 'log-000021837-icpu5128'
  ok 'version-000021837-istore2b'
checking 'log-000021837-icpu5128'
  ok 'log-000021837-icpu5128'
info: logfile 'log-000021836-istore2a' is referenced (2), but not present.
  Unreferenced logfiles are not necessarily bad.
  They can regularly appear after 'leave-resource',
  or 'invalidate', or after emergency mode,
  or after similar operations.
deleted: 001573524 / 1573525
waiting for deletions to apply locally....
deleted: 001573525 / 1573525
deleted: 001573525 / 1573525
Executing on istore2a: 'lvrename vg2a infongt-eu4 infongt-eu4-copy'
  Renamed "infongt-eu4" to "infongt-eu4-copy" in volume group "vg2a"
Executing on istore2a: 'lvrename vg2a infongt-eu4-tmp infongt-eu4'
  Renamed "infongt-eu4-tmp" to "infongt-eu4" in volume group "vg2a"
Running hook: hook_get_vg hook_get_vg istore2b
Executing on istore2b: 'vgs | awk '{ print $1; }' | grep 'vginfong\|vg[0-9]\+[ab]''
Executing on istore2b: 'marsadm down infongt-eu4 || echo IGNORE'
---------------------------- check preconditions:
---------------------------- switch state:
successfully started pause-replay-local on resource infongt-eu4
successfully started pause-sync-local on resource infongt-eu4
successfully started pause-fetch on resource infongt-eu4
successfully started detach on resource infongt-eu4
---------------------------- wait for effect:
waiting until actual 'is-attached' == '0'...
OK, '/mars/resource-infongt-eu4/actual-istore2b/is-attached' has acceptable value '0'
device '/dev/mars/infongt-eu4' is no longer present
OK, '/mars/resource-infongt-eu4/actual-istore2b/is-replaying' has acceptable value '0'
OK, '/mars/resource-infongt-eu4/actual-istore2b/is-syncing' has acceptable value '0'
Executing on istore2b: 'marsadm leave-resource --force infongt-eu4 || echo IGNORE'
WARNING: Using FORCE option -- hopefully you know what you are doing!
---------------------------- check preconditions:
---------------------------- switch state:
---------------------------- wait for deletions:
deleted: 001573526 / 1573575
waiting for deletions to apply locally....
deleted: 001573575 / 1573575
Resource contains no valid information - there is nothing to purge
deleted: 001573575 / 1573575
Executing on istore2b: 'lvrename vg2b infongt-eu4 infongt-eu4-copy'
  Renamed "infongt-eu4" to "infongt-eu4-copy" in volume group "vg2b"
Executing on istore2b: 'lvrename vg2b infongt-eu4-tmp infongt-eu4'
  Renamed "infongt-eu4-tmp" to "infongt-eu4" in volume group "vg2b"
Executing on icpu5128: 'marsadm delete-resource infongt-eu4 || echo IGNORE'
deleted: 001573575 / 1573742
waiting for deletions to apply locally....
deleted: 001573742 / 1573742
Executing on icpu5128: 'marsadm create-resource --force infongt-eu4 /dev/vginfong/infongt-eu4'
WARNING: Using FORCE option -- hopefully you know what you are doing!
WARNING: resource directory 'infongt-eu4' already exists
creating new resource 'infongt-eu4'
block device '/dev/vginfong/infongt-eu4': determined size = 20480786432 bytes
using existing device '/dev/vginfong/infongt-eu4'
resource 'infongt-eu4' will appear as local device '/dev/mars/infongt-eu4'
successfully created resource 'infongt-eu4'
Executing on icpu5128: 'marsadm primary infongt-eu4'
---------------------------- check preconditions:
Current designated primary: icpu5128
OK, '/mars/resource-infongt-eu4/todo-icpu5128/attach' has acceptable value '1'
OK, '/mars/resource-infongt-eu4/todo-icpu5128/connect' has acceptable value '1'
OK, '/mars/resource-infongt-eu4/todo-icpu5128/allow-replay' has acceptable value '1'
---------------------------- leave primary state:
---------------------------- wait when necessary:
---------------------------- switch to primary:
designated primary changed from 'icpu5128' to 'icpu5128'
---------------------------- wait for device:
device '/dev/mars/infongt-eu4' not yet present
device '/dev/mars/infongt-eu4' is present
Running hook: hook_resource_start hook_resource_start icpu5128 infongt-eu4
Executing on icpu5128: 'marsadm wait-cluster'
all 5 peer(s) seem to be alive
Executing on icpu5128: 'service clustermanager restart'
Executing on icpu5128: 'marsadm primary infongt-eu4'
---------------------------- check preconditions:
Current designated primary: icpu5128
OK, '/mars/resource-infongt-eu4/todo-icpu5128/attach' has acceptable value '1'
OK, '/mars/resource-infongt-eu4/todo-icpu5128/connect' has acceptable value '1'
OK, '/mars/resource-infongt-eu4/todo-icpu5128/allow-replay' has acceptable value '1'
---------------------------- leave primary state:
---------------------------- wait when necessary:
---------------------------- switch to primary:
designated primary changed from 'icpu5128' to 'icpu5128'
---------------------------- wait for device:
device '/dev/mars/infongt-eu4' is present
Executing on icpu5128: 'cm3 --stop infongt-eu4; cm3 --start infongt-eu4 || { cm3 --stop infongt-eu4; cm3 --start infongt-eu4; } || false'
Shutdown infongt-eu4.
stop: Delay of 5 seconds. Still reading initial configuration and updating status.
stop: UPDATE mars_infongt-eu4  ...... OK [0s]
stop: VM::SAInfongBase: Name:	infongt-eu4
stop: VM::SAInfongBase: State:	NOT_PRESENT
stop: infongt-eu4.schlund.de is updated.
stop: Shutdown of infongt-eu4.schlund.de skipped: already STOPPED
stop: COMMAND FINISHED in 5 seconds
Shutdown of infongt-eu4.schlund.de skipped: already STOPPED
Startup infongt-eu4.
start: UPDATE mars_infongt-eu4  ...... OK [0s]
start: VM::SAInfongBase: Name:	infongt-eu4
start: VM::SAInfongBase: State:	NOT_PRESENT
start: infongt-eu4.schlund.de is updated.
start: Using VMHost 'icpu5128.schlund.de' (policy: 'free')
start: Reserving VMHost icpu5128.schlund.de
start: Starting storage for infongt-eu4.schlund.de
start: UP /dev/vginfong/infongt-eu4  ...... OK (skipped) [0s]
start: UP mars_infongt-eu4  ...(switch-primary:120s) ... OK [1s]
start: Starting VM for infongt-eu4.schlund.de via nodeagent
start: START infongt-eu4.schlund.de  ...(init) (assemble:300s) (vmstart:300s) ... OK [2s]
start: infongt-eu4.schlund.de is started.
start: COMMAND FINISHED in 3 seconds
Startup of infongt-eu4.schlund.de finished.
Running hook: hook_get_vg hook_get_vg icpu5133
Executing on icpu5133: 'vgs | awk '{ print $1; }' | grep 'vginfong\|vg[0-9]\+[ab]''
Running hook: hook_join_resource hook_join_resource icpu5128 icpu5133 infongt-eu4 /dev/vginfong/infongt-eu4
Executing on icpu5133: 'marsadm join-resource --ssh-port=24 infongt-eu4 /dev/vginfong/infongt-eu4'
Using SSH port '24' from command line.
joining to existing resource 'infongt-eu4'
block device '/dev/vginfong/infongt-eu4': determined size = 20480786432 bytes
PING icpu5128 (10.46.98.175) 56(84) bytes of data.
64 bytes from icpu5128 (10.46.98.175): icmp_seq=1 ttl=61 time=0.802 ms

--- icpu5128 ping statistics ---
1 packets transmitted, 1 received, 0% packet loss, time 0ms
rtt min/avg/max/mdev = 0.802/0.802/0.802/0.000 ms
Linux icpu5128 3.14.79-grsec+ #1196 SMP Tue Jun 20 13:04:30 CEST 2017 x86_64 GNU/Linux
receiving incremental file list
actsize-icpu5128 -> 20480786432
data-icpu5128 -> /dev/vginfong/infongt-eu4
device-icpu5128 -> infongt-eu4
replay-icpu5128 -> log-000022836-icpu5128,2156880,12540
skip-check-icpu5128 -> 22836
syncstatus-icpu5128 -> 20480786432
version-000022836-icpu5128 -> f3a3b5bbf5f93573c283fa01d855b6c3,log-000022836-icpu5128,2169420:00000000000000000000000000000000,log-000022835-icpu5128,0
defaults-icpu5128/
defaults-icpu5138/
defaults-istore2b/
defaults/
local-icpu5128/
local-icpu5138/
local-istore2b/
todo-icpu5128/
todo-istore2b/
userspace/

sent 261 bytes  received 53,281 bytes  107,084.00 bytes/sec
total size is 2,160,133  speedup is 40.34
all 5 peer(s) seem to be alive
using existing device '/dev/vginfong/infongt-eu4'
resource 'infongt-eu4' will appear as local device '/dev/mars/infongt-eu4'
creating new replaylink '/mars/resource-infongt-eu4/replay-icpu5133' -> 'log-000022836-icpu5128,0,0'
creating new version symlink '/mars/resource-infongt-eu4/version-000022835-icpu5133' -> '00000000000000000000000000000000,log-000022835-icpu5128,0:'
WARNING: cannot read symlink '/mars/resource-infongt-eu4/version-000022834-icpu5128'
cannot create new version symlink '/mars/resource-infongt-eu4/version-000022834-icpu5133'
sending incremental file list
data-icpu5133 -> /dev/vginfong/infongt-eu4

sent 85 bytes  received 19 bytes  208.00 bytes/sec
total size is 25  speedup is 0.24
successfully joined resource 'infongt-eu4'
Running hook: hook_get_vg hook_get_vg icpu5138
Executing on icpu5138: 'vgs | awk '{ print $1; }' | grep 'vginfong\|vg[0-9]\+[ab]''
Running hook: hook_join_resource hook_join_resource icpu5128 icpu5138 infongt-eu4 /dev/vginfong/infongt-eu4
Executing on icpu5138: 'marsadm join-resource --ssh-port=24 infongt-eu4 /dev/vginfong/infongt-eu4'
Using SSH port '24' from command line.
joining to existing resource 'infongt-eu4'
block device '/dev/vginfong/infongt-eu4': determined size = 20480786432 bytes
PING icpu5128.schlund.de (10.46.12.75) 56(84) bytes of data.
64 bytes from icpu5128.schlund.de (10.46.12.75): icmp_seq=1 ttl=64 time=0.058 ms

--- icpu5128.schlund.de ping statistics ---
1 packets transmitted, 1 received, 0% packet loss, time 0ms
rtt min/avg/max/mdev = 0.058/0.058/0.058/0.000 ms
Linux icpu5128 3.14.79-grsec+ #1196 SMP Tue Jun 20 13:04:30 CEST 2017 x86_64 GNU/Linux
receiving incremental file list
./
.deleted-1.info.status -> 1
.deleted-2.warn.status -> 1
.deleted-3.error.status -> 1
.deleted-actsize-icpu5128 -> 1
.deleted-actsize-istore2a -> 1
.deleted-actual-icpu5128 -> 1
.deleted-actual-icpu5133 -> 1
.deleted-actual-icpu5138 -> 1
.deleted-actual-icpu5139 -> 1
.deleted-actual-istore2a -> 1
.deleted-actual-istore2b -> 1
.deleted-data-icpu5128 -> 1
.deleted-data-istore2a -> 1
.deleted-defaults -> 1
.deleted-defaults-icpu5128 -> 1
.deleted-defaults-icpu5133 -> 1
.deleted-defaults-icpu5138 -> 1
.deleted-defaults-icpu5139 -> 1
.deleted-defaults-istore2a -> 1
.deleted-defaults-istore2b -> 1
.deleted-device-icpu5128 -> 1
.deleted-device-istore2a -> 1
.deleted-local-icpu5128 -> 1
.deleted-local-icpu5138 -> 1
.deleted-local-icpu5139 -> 1
.deleted-local-istore2a -> 1
.deleted-local-istore2b -> 1
.deleted-log-000021835-istore2a -> 1
.deleted-log-000021836-istore2a -> 1
.deleted-logstatus-icpu5128.status -> 1
.deleted-primary -> 1
.deleted-replay-icpu5128 -> 1
.deleted-replay-istore2a -> 1
.deleted-size -> 1
.deleted-skip-check-icpu5128 -> 1
.deleted-skip-check-istore2a -> 1
.deleted-syncpos-icpu5128 -> 1
.deleted-syncstatus-icpu5128 -> 1
.deleted-syncstatus-istore2a -> 1
.deleted-todo-icpu5128 -> 1
.deleted-todo-icpu5133 -> 1
.deleted-todo-icpu5138 -> 1
.deleted-todo-icpu5139 -> 1
.deleted-todo-istore2a -> 1
.deleted-todo-istore2b -> 1
.deleted-userspace -> 1
.deleted-verifystatus-icpu5128 -> 1
.deleted-version-000021834-icpu5128 -> 1
.deleted-version-000021834-icpu5133 -> 1
.deleted-version-000021834-icpu5138 -> 1
.deleted-version-000021834-icpu5139 -> 1
.deleted-version-000021834-istore2a -> 1
.deleted-version-000021834-istore2b -> 1
.deleted-version-000021835-icpu5128 -> 1
.deleted-version-000021835-icpu5133 -> 1
.deleted-version-000021835-icpu5138 -> 1
.deleted-version-000021835-icpu5139 -> 1
.deleted-version-000021835-istore2a -> 1
.deleted-version-000021835-istore2b -> 1
.deleted-version-000021836-icpu5128 -> 1
.deleted-version-000021836-icpu5133 -> 1
.deleted-version-000021836-icpu5138 -> 1
.deleted-version-000021836-istore2a -> 1
.deleted-version-000021836-istore2b -> 1
.deleted-version-000021837-icpu5128 -> 1
.deleted-version-000021837-icpu5138 -> 1
.deleted-version-000021837-icpu5139 -> 1
.deleted-version-000021837-istore2b -> 1
actsize-icpu5128 -> 20480786432
data-icpu5133 -> /dev/vginfong/infongt-eu4
device-icpu5128 -> infongt-eu4
device-icpu5133 -> infongt-eu4
replay-icpu5128 -> log-000022836-icpu5128,2169420,4180
replay-icpu5133 -> log-000022836-icpu5128,0,0
skip-check-icpu5128 -> 22836
syncstatus-icpu5128 -> 20480786432
syncstatus-icpu5133 -> 0
version-000022835-icpu5133 -> 00000000000000000000000000000000,log-000022835-icpu5128,0:
version-000022836-icpu5128 -> 87cf3bdbaf68ba79208820131fb4661d,log-000022836-icpu5128,2173600:00000000000000000000000000000000,log-000022835-icpu5128,0
actual-icpu5128/
actual-icpu5128/.deleted- -> 1
actual-icpu5128/.deleted-copy-syncstatus-icpu5128 -> 1
actual-icpu5128/.deleted-device-icpu5128 -> 1
actual-icpu5128/.deleted-file_rate -> 1
actual-icpu5128/.deleted-has-emergency -> 1
actual-icpu5128/.deleted-is-attached -> 1
actual-icpu5128/.deleted-is-copying -> 1
actual-icpu5128/.deleted-is-emergency -> 1
actual-icpu5128/.deleted-is-primary -> 1
actual-icpu5128/.deleted-is-replaying -> 1
actual-icpu5128/.deleted-is-syncing -> 1
actual-icpu5128/.deleted-logfile-update -> 1
actual-icpu5128/.deleted-msg-err-bad-log-name -> 1
actual-icpu5128/.deleted-msg-err-emergency -> 1
actual-icpu5128/.deleted-msg-err-log-not-contiguous -> 1
actual-icpu5128/.deleted-msg-err-replay-size -> 1
actual-icpu5128/.deleted-msg-err-replay-stop -> 1
actual-icpu5128/.deleted-msg-err-replaylink-not-readable -> 1
actual-icpu5128/.deleted-msg-err-sequence-trash -> 1
actual-icpu5128/.deleted-msg-err-space-low -> 1
actual-icpu5128/.deleted-msg-err-splitbrain-detected -> 1
actual-icpu5128/.deleted-msg-err-versionlink-not-readable -> 1
actual-icpu5128/.deleted-msg-err-versionlink-skip -> 1
actual-icpu5128/.deleted-msg-inf-fetch -> 1
actual-icpu5128/.deleted-msg-inf-replay-not-yet-finished -> 1
actual-icpu5128/.deleted-msg-inf-replay-start -> 1
actual-icpu5128/.deleted-msg-inf-replay-tolerance -> 1
actual-icpu5128/.deleted-msg-inf-sync -> 1
actual-icpu5128/.deleted-msg-inf-versionlink-not-equal -> 1
actual-icpu5128/.deleted-msg-inf-versionlink-not-yet-exist -> 1
actual-icpu5128/.deleted-msg-wrn-log-consecutive -> 1
actual-icpu5128/.deleted-msg-wrn-space-low -> 1
actual-icpu5128/.deleted-open-count -> 1
actual-icpu5128/.deleted-replay-code -> 1
actual-icpu5128/.deleted-replay_rate -> 1
actual-icpu5128/.deleted-sync_rate -> 1
actual-icpu5133/
actual-icpu5133/.deleted-msg-err-bad-log-name -> 1
actual-icpu5133/.deleted-msg-err-emergency -> 1
actual-icpu5133/.deleted-msg-err-log-not-contiguous -> 1
actual-icpu5133/.deleted-msg-err-replay-size -> 1
actual-icpu5133/.deleted-msg-err-replay-stop -> 1
actual-icpu5133/.deleted-msg-err-replaylink-not-readable -> 1
actual-icpu5133/.deleted-msg-err-sequence-trash -> 1
actual-icpu5133/.deleted-msg-err-space-low -> 1
actual-icpu5133/.deleted-msg-err-splitbrain-detected -> 1
actual-icpu5133/.deleted-msg-err-versionlink-not-readable -> 1
actual-icpu5133/.deleted-msg-err-versionlink-skip -> 1
actual-icpu5133/.deleted-msg-inf-fetch -> 1
actual-icpu5133/.deleted-msg-inf-replay-not-yet-finished -> 1
actual-icpu5133/.deleted-msg-inf-replay-start -> 1
actual-icpu5133/.deleted-msg-inf-replay-tolerance -> 1
actual-icpu5133/.deleted-msg-inf-sync -> 1
actual-icpu5133/.deleted-msg-inf-versionlink-not-equal -> 1
actual-icpu5133/.deleted-msg-inf-versionlink-not-yet-exist -> 1
actual-icpu5133/.deleted-msg-wrn-log-consecutive -> 1
actual-icpu5133/.deleted-msg-wrn-space-low -> 1
actual-icpu5138/
actual-icpu5138/.deleted-msg-err-bad-log-name -> 1
actual-icpu5138/.deleted-msg-err-emergency -> 1
actual-icpu5138/.deleted-msg-err-log-not-contiguous -> 1
actual-icpu5138/.deleted-msg-err-replay-size -> 1
actual-icpu5138/.deleted-msg-err-replay-stop -> 1
actual-icpu5138/.deleted-msg-err-replaylink-not-readable -> 1
actual-icpu5138/.deleted-msg-err-sequence-trash -> 1
actual-icpu5138/.deleted-msg-err-space-low -> 1
actual-icpu5138/.deleted-msg-err-splitbrain-detected -> 1
actual-icpu5138/.deleted-msg-err-versionlink-not-readable -> 1
actual-icpu5138/.deleted-msg-err-versionlink-skip -> 1
actual-icpu5138/.deleted-msg-inf-fetch -> 1
actual-icpu5138/.deleted-msg-inf-replay-not-yet-finished -> 1
actual-icpu5138/.deleted-msg-inf-replay-start -> 1
actual-icpu5138/.deleted-msg-inf-replay-tolerance -> 1
actual-icpu5138/.deleted-msg-inf-sync -> 1
actual-icpu5138/.deleted-msg-inf-versionlink-not-equal -> 1
actual-icpu5138/.deleted-msg-inf-versionlink-not-yet-exist -> 1
actual-icpu5138/.deleted-msg-wrn-log-consecutive -> 1
actual-icpu5138/.deleted-msg-wrn-space-low -> 1
actual-icpu5139/
actual-icpu5139/.deleted-file_rate -> 1
actual-icpu5139/.deleted-is-attached -> 1
actual-icpu5139/.deleted-is-copying -> 1
actual-icpu5139/.deleted-is-primary -> 1
actual-icpu5139/.deleted-is-replaying -> 1
actual-icpu5139/.deleted-is-syncing -> 1
actual-icpu5139/.deleted-msg-err-bad-log-name -> 1
actual-icpu5139/.deleted-msg-err-emergency -> 1
actual-icpu5139/.deleted-msg-err-log-not-contiguous -> 1
actual-icpu5139/.deleted-msg-err-replay-size -> 1
actual-icpu5139/.deleted-msg-err-replay-stop -> 1
actual-icpu5139/.deleted-msg-err-replaylink-not-readable -> 1
actual-icpu5139/.deleted-msg-err-sequence-trash -> 1
actual-icpu5139/.deleted-msg-err-space-low -> 1
actual-icpu5139/.deleted-msg-err-splitbrain-detected -> 1
actual-icpu5139/.deleted-msg-err-versionlink-not-readable -> 1
actual-icpu5139/.deleted-msg-err-versionlink-skip -> 1
actual-icpu5139/.deleted-msg-inf-fetch -> 1
actual-icpu5139/.deleted-msg-inf-replay-not-yet-finished -> 1
actual-icpu5139/.deleted-msg-inf-replay-start -> 1
actual-icpu5139/.deleted-msg-inf-replay-tolerance -> 1
actual-icpu5139/.deleted-msg-inf-sync -> 1
actual-icpu5139/.deleted-msg-inf-versionlink-not-equal -> 1
actual-icpu5139/.deleted-msg-inf-versionlink-not-yet-exist -> 1
actual-icpu5139/.deleted-msg-wrn-log-consecutive -> 1
actual-icpu5139/.deleted-msg-wrn-space-low -> 1
actual-icpu5139/.deleted-open-count -> 1
actual-icpu5139/.deleted-replay_rate -> 1
actual-icpu5139/.deleted-sync_rate -> 1
actual-istore2a/
actual-istore2a/.deleted- -> 1
actual-istore2a/.deleted-device-istore2a -> 1
actual-istore2a/.deleted-file_rate -> 1
actual-istore2a/.deleted-has-emergency -> 1
actual-istore2a/.deleted-is-attached -> 1
actual-istore2a/.deleted-is-copying -> 1
actual-istore2a/.deleted-is-emergency -> 1
actual-istore2a/.deleted-is-primary -> 1
actual-istore2a/.deleted-is-replaying -> 1
actual-istore2a/.deleted-is-syncing -> 1
actual-istore2a/.deleted-logfile-update -> 1
actual-istore2a/.deleted-msg-err-bad-log-name -> 1
actual-istore2a/.deleted-msg-err-emergency -> 1
actual-istore2a/.deleted-msg-err-log-not-contiguous -> 1
actual-istore2a/.deleted-msg-err-replay-size -> 1
actual-istore2a/.deleted-msg-err-replay-stop -> 1
actual-istore2a/.deleted-msg-err-replaylink-not-readable -> 1
actual-istore2a/.deleted-msg-err-sequence-trash -> 1
actual-istore2a/.deleted-msg-err-space-low -> 1
actual-istore2a/.deleted-msg-err-splitbrain-detected -> 1
actual-istore2a/.deleted-msg-err-versionlink-not-readable -> 1
actual-istore2a/.deleted-msg-err-versionlink-skip -> 1
actual-istore2a/.deleted-msg-inf-fetch -> 1
actual-istore2a/.deleted-msg-inf-replay-not-yet-finished -> 1
actual-istore2a/.deleted-msg-inf-replay-start -> 1
actual-istore2a/.deleted-msg-inf-replay-tolerance -> 1
actual-istore2a/.deleted-msg-inf-sync -> 1
actual-istore2a/.deleted-msg-inf-versionlink-not-equal -> 1
actual-istore2a/.deleted-msg-inf-versionlink-not-yet-exist -> 1
actual-istore2a/.deleted-msg-wrn-log-consecutive -> 1
actual-istore2a/.deleted-msg-wrn-space-low -> 1
actual-istore2a/.deleted-open-count -> 1
actual-istore2a/.deleted-replay-code -> 1
actual-istore2a/.deleted-replay_rate -> 1
actual-istore2a/.deleted-sync_rate -> 1
actual-istore2b/
actual-istore2b/.deleted-is-primary -> 1
actual-istore2b/.deleted-msg-err-bad-log-name -> 1
actual-istore2b/.deleted-msg-err-emergency -> 1
actual-istore2b/.deleted-msg-err-log-not-contiguous -> 1
actual-istore2b/.deleted-msg-err-replay-size -> 1
actual-istore2b/.deleted-msg-err-replay-stop -> 1
actual-istore2b/.deleted-msg-err-replaylink-not-readable -> 1
actual-istore2b/.deleted-msg-err-sequence-trash -> 1
actual-istore2b/.deleted-msg-err-space-low -> 1
actual-istore2b/.deleted-msg-err-splitbrain-detected -> 1
actual-istore2b/.deleted-msg-err-versionlink-not-readable -> 1
actual-istore2b/.deleted-msg-err-versionlink-skip -> 1
actual-istore2b/.deleted-msg-inf-fetch -> 1
actual-istore2b/.deleted-msg-inf-replay-not-yet-finished -> 1
actual-istore2b/.deleted-msg-inf-replay-start -> 1
actual-istore2b/.deleted-msg-inf-replay-tolerance -> 1
actual-istore2b/.deleted-msg-inf-sync -> 1
actual-istore2b/.deleted-msg-inf-versionlink-not-equal -> 1
actual-istore2b/.deleted-msg-inf-versionlink-not-yet-exist -> 1
actual-istore2b/.deleted-msg-wrn-log-consecutive -> 1
actual-istore2b/.deleted-msg-wrn-space-low -> 1
actual-istore2b/.deleted-open-count -> 1
defaults-icpu5128/
defaults-icpu5128/.deleted- -> 1
defaults-icpu5133/
defaults-icpu5138/
defaults-icpu5139/
defaults-istore2a/
defaults-istore2a/.deleted- -> 1
defaults/
local-icpu5128/
local-icpu5128/.deleted- -> 1
local-icpu5138/
local-icpu5139/
local-istore2a/
local-istore2a/.deleted- -> 1
local-istore2b/
todo-icpu5128/
todo-icpu5128/.deleted- -> 1
todo-icpu5128/.deleted-allow-replay -> 1
todo-icpu5128/.deleted-attach -> 1
todo-icpu5128/.deleted-connect -> 1
todo-icpu5128/.deleted-sync -> 1
todo-icpu5133/
todo-icpu5133/allow-replay -> 1
todo-icpu5133/attach -> 1
todo-icpu5133/connect -> 1
todo-icpu5133/sync -> 1
todo-icpu5138/
todo-icpu5138/.deleted- -> 1
todo-icpu5139/
todo-istore2a/
todo-istore2a/.deleted- -> 1
todo-istore2a/.deleted-allow-replay -> 1
todo-istore2a/.deleted-attach -> 1
todo-istore2a/.deleted-connect -> 1
todo-istore2a/.deleted-sync -> 1
todo-istore2b/
todo-istore2b/.deleted- -> 1
userspace/

sent 1,188 bytes  received 54,652 bytes  111,680.00 bytes/sec
total size is 2,176,977  speedup is 38.99
all 5 peer(s) seem to be alive
using existing device '/dev/vginfong/infongt-eu4'
resource 'infongt-eu4' will appear as local device '/dev/mars/infongt-eu4'
creating new replaylink '/mars/resource-infongt-eu4/replay-icpu5138' -> 'log-000022836-icpu5128,0,0'
creating new version symlink '/mars/resource-infongt-eu4/version-000022835-icpu5138' -> '00000000000000000000000000000000,log-000022835-icpu5128,0:'
WARNING: cannot read symlink '/mars/resource-infongt-eu4/version-000022834-icpu5128'
cannot create new version symlink '/mars/resource-infongt-eu4/version-000022834-icpu5138'
sending incremental file list
data-icpu5138 -> /dev/vginfong/infongt-eu4

sent 85 bytes  received 19 bytes  208.00 bytes/sec
total size is 25  speedup is 0.24
successfully joined resource 'infongt-eu4'
Running hook: hook_get_vg hook_get_vg icpu5139
Executing on icpu5139: 'vgs | awk '{ print $1; }' | grep 'vginfong\|vg[0-9]\+[ab]''
Running hook: hook_join_resource hook_join_resource icpu5128 icpu5139 infongt-eu4 /dev/vginfong/infongt-eu4
Executing on icpu5139: 'marsadm join-resource --ssh-port=24 infongt-eu4 /dev/vginfong/infongt-eu4'
Using SSH port '24' from command line.
joining to existing resource 'infongt-eu4'
block device '/dev/vginfong/infongt-eu4': determined size = 20480786432 bytes
PING icpu5128.schlund.de (10.46.12.75) 56(84) bytes of data.
64 bytes from icpu5128.schlund.de (10.46.12.75): icmp_seq=1 ttl=58 time=0.844 ms

--- icpu5128.schlund.de ping statistics ---
1 packets transmitted, 1 received, 0% packet loss, time 0ms
rtt min/avg/max/mdev = 0.844/0.844/0.844/0.000 ms
ssh: connect to host icpu5128 port 24: Connection timed out
ssh: connect to host icpu5128 port 22: Connection refused
ssh: connect to host icpu5128 port 24: Connection timed out
WARNING: SSH to 'icpu5128' does not work on any port
PING 10.46.98.175 (10.46.98.175) 56(84) bytes of data.
64 bytes from 10.46.98.175: icmp_seq=1 ttl=61 time=0.933 ms

--- 10.46.98.175 ping statistics ---
1 packets transmitted, 1 received, 0% packet loss, time 0ms
rtt min/avg/max/mdev = 0.933/0.933/0.933/0.000 ms
Linux icpu5128 3.14.79-grsec+ #1196 SMP Tue Jun 20 13:04:30 CEST 2017 x86_64 GNU/Linux
receiving incremental file list
.deleted-actsize-istore2b -> 1
.deleted-data-istore2b -> 1
.deleted-device-istore2b -> 1
.deleted-replay-istore2b -> 1
.deleted-skip-check-istore2b -> 1
.deleted-syncpos-istore2b -> 1
.deleted-syncstatus-istore2b -> 1
.deleted-verifystatus-istore2b -> 1
actsize-icpu5128 -> 20480786432
actsize-icpu5138 -> 20480786432
device-icpu5128 -> infongt-eu4
device-icpu5138 -> infongt-eu4
replay-icpu5128 -> log-000022836-icpu5128,2173600,0
replay-icpu5138 -> log-000022836-icpu5128,0,0
skip-check-icpu5128 -> 22836
syncstatus-icpu5128 -> 20480786432
syncstatus-icpu5133 -> 2480095232
syncstatus-icpu5138 -> 260071424
verifystatus-icpu5133 -> 570846,48480
verifystatus-icpu5138 -> 40233,25644
actual-icpu5133/file_rate -> 2
actual-icpu5133/msg-inf-sync -> 1499090954.515629368 1499090954.515629368 from = 'data-icpu5128@icpu5128:7779' to = 'data-icpu5133' on = 1 start_pos = 2659291136 end_pos = 20480786432 actual_pos = 2660270080 actual_stamp = 1499090968.763625562 rate = 185593 read_fly = 4380 write_fly = 0 error_code = 0 nr_errors = 0
actual-icpu5133/sync_rate -> 185591
actual-istore2b/.deleted- -> 1
actual-istore2b/.deleted-copy-syncstatus-istore2b -> 1
actual-istore2b/.deleted-file_rate -> 1
actual-istore2b/.deleted-has-emergency -> 1
actual-istore2b/.deleted-is-attached -> 1
actual-istore2b/.deleted-is-copying -> 1
actual-istore2b/.deleted-is-emergency -> 1
actual-istore2b/.deleted-is-replaying -> 1
actual-istore2b/.deleted-is-syncing -> 1
actual-istore2b/.deleted-logfile-update -> 1
actual-istore2b/.deleted-replay-code -> 1
actual-istore2b/.deleted-replay_rate -> 1
actual-istore2b/.deleted-sync_rate -> 1
defaults-icpu5128/
defaults-icpu5133/
defaults-istore2b/
defaults-istore2b/.deleted- -> 1
defaults/
local-icpu5128/
local-istore2b/
local-istore2b/.deleted- -> 1
todo-icpu5128/
todo-istore2b/
todo-istore2b/.deleted-allow-replay -> 1
todo-istore2b/.deleted-attach -> 1
todo-istore2b/.deleted-connect -> 1
todo-istore2b/.deleted-sync -> 1
userspace/

sent 294 bytes  received 56,377 bytes  113,342.00 bytes/sec
total size is 2,178,263  speedup is 38.44
all 5 peer(s) seem to be alive
using existing device '/dev/vginfong/infongt-eu4'
resource 'infongt-eu4' will appear as local device '/dev/mars/infongt-eu4'
creating new replaylink '/mars/resource-infongt-eu4/replay-icpu5139' -> 'log-000022836-icpu5128,0,0'
creating new version symlink '/mars/resource-infongt-eu4/version-000022835-icpu5139' -> '00000000000000000000000000000000,log-000022835-icpu5128,0:'
WARNING: cannot read symlink '/mars/resource-infongt-eu4/version-000022834-icpu5128'
cannot create new version symlink '/mars/resource-infongt-eu4/version-000022834-icpu5139'
sending incremental file list
data-icpu5139 -> /dev/vginfong/infongt-eu4

sent 85 bytes  received 19 bytes  208.00 bytes/sec
total size is 25  speedup is 0.24
successfully joined resource 'infongt-eu4'
Running hook: hook_get_vg hook_get_vg istore2a
Executing on istore2a: 'vgs | awk '{ print $1; }' | grep 'vginfong\|vg[0-9]\+[ab]''
Running hook: hook_join_resource hook_join_resource icpu5128 istore2a infongt-eu4 /dev/vg2a/infongt-eu4
Executing on istore2a: 'marsadm join-resource --ssh-port=24 infongt-eu4 /dev/vg2a/infongt-eu4'
Using SSH port '24' from command line.
joining to existing resource 'infongt-eu4'
block device '/dev/vg2a/infongt-eu4': determined size = 20480786432 bytes
PING icpu5128.schlund.de (10.46.12.75) 56(84) bytes of data.

--- icpu5128.schlund.de ping statistics ---
1 packets transmitted, 0 received, 100% packet loss, time 0ms

WARNING: cannot ping 'icpu5128'
PING 10.46.98.175 (10.46.98.175) 56(84) bytes of data.
64 bytes from 10.46.98.175: icmp_req=1 ttl=64 time=0.130 ms

--- 10.46.98.175 ping statistics ---
1 packets transmitted, 1 received, 0% packet loss, time 0ms
rtt min/avg/max/mdev = 0.130/0.130/0.130/0.000 ms
Linux icpu5128 3.14.79-grsec+ #1196 SMP Tue Jun 20 13:04:30 CEST 2017 x86_64 GNU/Linux
receiving incremental file list
./
.deleted-actsize-icpu5128 -> 1
.deleted-actsize-icpu5133 -> 1
.deleted-actsize-icpu5138 -> 1
.deleted-actsize-icpu5139 -> 1
.deleted-data-icpu5128 -> 1
.deleted-data-icpu5133 -> 1
.deleted-data-icpu5138 -> 1
.deleted-data-icpu5139 -> 1
.deleted-device-icpu5128 -> 1
.deleted-device-icpu5133 -> 1
.deleted-device-icpu5138 -> 1
.deleted-device-icpu5139 -> 1
.deleted-log-000014685-icpu5138 -> 1
.deleted-log-000014686-icpu5138 -> 1
.deleted-log-000014687-icpu5138 -> 1
.deleted-log-000014688-icpu5138 -> 1
.deleted-log-000014689-icpu5138 -> 1
.deleted-log-000014690-icpu5138 -> 1
.deleted-replay-icpu5128 -> 1
.deleted-replay-icpu5133 -> 1
.deleted-replay-icpu5138 -> 1
.deleted-replay-icpu5139 -> 1
.deleted-skip-check-icpu5128 -> 1
.deleted-skip-check-icpu5133 -> 1
.deleted-skip-check-icpu5138 -> 1
.deleted-skip-check-icpu5139 -> 1
.deleted-syncpos-icpu5128 -> 1
.deleted-syncpos-icpu5133 -> 1
.deleted-syncpos-icpu5138 -> 1
.deleted-syncpos-icpu5139 -> 1
.deleted-syncstatus-icpu5128 -> 1
.deleted-syncstatus-icpu5133 -> 1
.deleted-syncstatus-icpu5138 -> 1
.deleted-syncstatus-icpu5139 -> 1
.deleted-verifystatus-icpu5128 -> 1
.deleted-verifystatus-icpu5133 -> 1
.deleted-verifystatus-icpu5138 -> 1
.deleted-verifystatus-icpu5139 -> 1
.deleted-version-000014684-icpu5128 -> 1
.deleted-version-000014684-icpu5138 -> 1
.deleted-version-000014684-icpu5139 -> 1
.deleted-version-000014684-istore2a -> 1
.deleted-version-000014684-istore2b -> 1
.deleted-version-000014685-icpu5128 -> 1
.deleted-version-000014685-icpu5138 -> 1
.deleted-version-000014685-icpu5139 -> 1
.deleted-version-000014685-istore2a -> 1
.deleted-version-000014686-icpu5128 -> 1
.deleted-version-000014686-icpu5138 -> 1
.deleted-version-000014686-icpu5139 -> 1
.deleted-version-000014686-istore2a -> 1
.deleted-version-000014686-istore2b -> 1
.deleted-version-000014687-icpu5128 -> 1
.deleted-version-000014687-icpu5138 -> 1
.deleted-version-000014687-icpu5139 -> 1
.deleted-version-000014687-istore2a -> 1
.deleted-version-000014688-icpu5128 -> 1
.deleted-version-000014688-icpu5138 -> 1
.deleted-version-000014688-icpu5139 -> 1
.deleted-version-000014688-istore2a -> 1
.deleted-version-000014688-istore2b -> 1
.deleted-version-000014689-icpu5128 -> 1
.deleted-version-000014689-icpu5138 -> 1
.deleted-version-000014689-icpu5139 -> 1
.deleted-version-000014689-istore2a -> 1
.deleted-version-000021836-icpu5139 -> 1
.deleted-version-000021837-icpu5133 -> 1
.deleted-version-000021837-istore2a -> 1
skip-check-icpu5128 -> 22836
actual-icpu5128/
actual-icpu5128/.deleted- -> 1
actual-icpu5128/.deleted-copy-syncstatus-icpu5128 -> 1
actual-icpu5128/.deleted-device-icpu5128 -> 1
actual-icpu5128/.deleted-file_rate -> 1
actual-icpu5128/.deleted-has-emergency -> 1
actual-icpu5128/.deleted-is-attached -> 1
actual-icpu5128/.deleted-is-copying -> 1
actual-icpu5128/.deleted-is-emergency -> 1
actual-icpu5128/.deleted-is-primary -> 1
actual-icpu5128/.deleted-is-replaying -> 1
actual-icpu5128/.deleted-is-syncing -> 1
actual-icpu5128/.deleted-logfile-update -> 1
actual-icpu5128/.deleted-open-count -> 1
actual-icpu5128/.deleted-replay-code -> 1
actual-icpu5128/.deleted-replay_rate -> 1
actual-icpu5128/.deleted-sync_rate -> 1
actual-icpu5133/
actual-icpu5133/.deleted- -> 1
actual-icpu5133/.deleted-copy-syncstatus-icpu5133 -> 1
actual-icpu5133/.deleted-file_rate -> 1
actual-icpu5133/.deleted-has-emergency -> 1
actual-icpu5133/.deleted-is-attached -> 1
actual-icpu5133/.deleted-is-copying -> 1
actual-icpu5133/.deleted-is-emergency -> 1
actual-icpu5133/.deleted-is-primary -> 1
actual-icpu5133/.deleted-is-replaying -> 1
actual-icpu5133/.deleted-is-syncing -> 1
actual-icpu5133/.deleted-logfile-update -> 1
actual-icpu5133/.deleted-open-count -> 1
actual-icpu5133/.deleted-replay-code -> 1
actual-icpu5133/.deleted-replay_rate -> 1
actual-icpu5133/.deleted-sync_rate -> 1
actual-icpu5138/
actual-icpu5138/.deleted- -> 1
actual-icpu5138/.deleted-copy-syncstatus-icpu5138 -> 1
actual-icpu5138/.deleted-file_rate -> 1
actual-icpu5138/.deleted-has-emergency -> 1
actual-icpu5138/.deleted-is-attached -> 1
actual-icpu5138/.deleted-is-copying -> 1
actual-icpu5138/.deleted-is-emergency -> 1
actual-icpu5138/.deleted-is-primary -> 1
actual-icpu5138/.deleted-is-replaying -> 1
actual-icpu5138/.deleted-is-syncing -> 1
actual-icpu5138/.deleted-logfile-update -> 1
actual-icpu5138/.deleted-open-count -> 1
actual-icpu5138/.deleted-replay-code -> 1
actual-icpu5138/.deleted-replay_rate -> 1
actual-icpu5138/.deleted-sync_rate -> 1
actual-icpu5139/
actual-icpu5139/.deleted- -> 1
actual-icpu5139/.deleted-copy-syncstatus-icpu5139 -> 1
actual-icpu5139/.deleted-device-icpu5139 -> 1
actual-icpu5139/.deleted-has-emergency -> 1
actual-icpu5139/.deleted-is-emergency -> 1
actual-icpu5139/.deleted-logfile-update -> 1
actual-icpu5139/.deleted-replay-code -> 1
actual-istore2a/
actual-istore2b/
defaults-icpu5128/
defaults-icpu5128/.deleted- -> 1
defaults-icpu5133/
defaults-icpu5133/.deleted- -> 1
defaults-icpu5138/
defaults-icpu5138/.deleted- -> 1
defaults-icpu5139/
defaults-icpu5139/.deleted- -> 1
defaults-istore2a/
defaults/
local-icpu5128/
local-icpu5128/.deleted- -> 1
local-icpu5138/
local-icpu5138/.deleted- -> 1
local-icpu5139/
local-icpu5139/.deleted- -> 1
local-istore2a/
local-istore2b/
todo-icpu5128/
todo-icpu5128/.deleted- -> 1
todo-icpu5128/.deleted-allow-replay -> 1
todo-icpu5128/.deleted-attach -> 1
todo-icpu5128/.deleted-connect -> 1
todo-icpu5128/.deleted-sync -> 1
todo-icpu5133/.deleted- -> 1
todo-icpu5133/.deleted-allow-replay -> 1
todo-icpu5133/.deleted-attach -> 1
todo-icpu5133/.deleted-connect -> 1
todo-icpu5133/.deleted-sync -> 1
todo-icpu5138/.deleted-allow-replay -> 1
todo-icpu5138/.deleted-attach -> 1
todo-icpu5138/.deleted-connect -> 1
todo-icpu5138/.deleted-sync -> 1
todo-icpu5139/
todo-icpu5139/.deleted- -> 1
todo-icpu5139/.deleted-allow-replay -> 1
todo-icpu5139/.deleted-attach -> 1
todo-icpu5139/.deleted-connect -> 1
todo-icpu5139/.deleted-sync -> 1
todo-istore2a/
userspace/

sent 851 bytes  received 49283 bytes  100268.00 bytes/sec
total size is 2220611  speedup is 44.29
all 5 peer(s) seem to be alive
using existing device '/dev/vg2a/infongt-eu4'
resource 'infongt-eu4' will appear as local device '/dev/mars/infongt-eu4'
creating new replaylink '/mars/resource-infongt-eu4/replay-istore2a' -> 'log-000022836-icpu5128,0,0'
creating new version symlink '/mars/resource-infongt-eu4/version-000022835-istore2a' -> '00000000000000000000000000000000,log-000022835-icpu5128,0:'
WARNING: cannot read symlink '/mars/resource-infongt-eu4/version-000022834-icpu5128'
cannot create new version symlink '/mars/resource-infongt-eu4/version-000022834-istore2a'
sending incremental file list
data-istore2a -> /dev/vg2a/infongt-eu4

sent 63 bytes  received 15 bytes  156.00 bytes/sec
total size is 21  speedup is 0.27
successfully joined resource 'infongt-eu4'
Running hook: hook_get_vg hook_get_vg istore2b
Executing on istore2b: 'vgs | awk '{ print $1; }' | grep 'vginfong\|vg[0-9]\+[ab]''
Running hook: hook_join_resource hook_join_resource icpu5128 istore2b infongt-eu4 /dev/vg2b/infongt-eu4
Executing on istore2b: 'marsadm join-resource --ssh-port=24 infongt-eu4 /dev/vg2b/infongt-eu4'
Using SSH port '24' from command line.
joining to existing resource 'infongt-eu4'
block device '/dev/vg2b/infongt-eu4': determined size = 20480786432 bytes
PING icpu5128.schlund.de (10.46.12.75) 56(84) bytes of data.

--- icpu5128.schlund.de ping statistics ---
1 packets transmitted, 0 received, 100% packet loss, time 0ms

WARNING: cannot ping 'icpu5128'
PING 10.46.98.175 (10.46.98.175) 56(84) bytes of data.
64 bytes from 10.46.98.175: icmp_req=1 ttl=61 time=0.811 ms

--- 10.46.98.175 ping statistics ---
1 packets transmitted, 1 received, 0% packet loss, time 0ms
rtt min/avg/max/mdev = 0.811/0.811/0.811/0.000 ms
Linux icpu5128 3.14.79-grsec+ #1196 SMP Tue Jun 20 13:04:30 CEST 2017 x86_64 GNU/Linux
receiving incremental file list
.deleted-log-000014685-icpu5138 -> 1
.deleted-log-000014686-icpu5138 -> 1
.deleted-log-000014687-icpu5138 -> 1
.deleted-log-000014688-icpu5138 -> 1
.deleted-log-000014689-icpu5138 -> 1
.deleted-log-000014690-icpu5138 -> 1
.deleted-version-000014684-icpu5128 -> 1
.deleted-version-000014684-icpu5138 -> 1
.deleted-version-000014684-icpu5139 -> 1
.deleted-version-000014684-istore2a -> 1
.deleted-version-000014684-istore2b -> 1
.deleted-version-000014685-icpu5128 -> 1
.deleted-version-000014685-icpu5138 -> 1
.deleted-version-000014685-icpu5139 -> 1
.deleted-version-000014685-istore2a -> 1
.deleted-version-000014686-icpu5128 -> 1
.deleted-version-000014686-icpu5138 -> 1
.deleted-version-000014686-icpu5139 -> 1
.deleted-version-000014686-istore2a -> 1
.deleted-version-000014686-istore2b -> 1
.deleted-version-000014687-icpu5128 -> 1
.deleted-version-000014687-icpu5138 -> 1
.deleted-version-000014687-icpu5139 -> 1
.deleted-version-000014687-istore2a -> 1
.deleted-version-000014688-icpu5128 -> 1
.deleted-version-000014688-icpu5138 -> 1
.deleted-version-000014688-icpu5139 -> 1
.deleted-version-000014688-istore2a -> 1
.deleted-version-000014688-istore2b -> 1
.deleted-version-000014689-icpu5128 -> 1
.deleted-version-000014689-icpu5138 -> 1
.deleted-version-000014689-icpu5139 -> 1
.deleted-version-000014689-istore2a -> 1
log-000022837-icpu5128
replay-icpu5128 -> log-000022837-icpu5128,0,0
skip-check-icpu5128 -> 22836
syncstatus-icpu5133 -> 6680256512
syncstatus-icpu5138 -> 4721172480
syncstatus-icpu5139 -> 2520096768
syncstatus-istore2a -> 340013056
verifystatus-icpu5133 -> 1546972,87276
verifystatus-icpu5138 -> 1108781,67067
verifystatus-icpu5139 -> 594195,49403
verifystatus-istore2a -> 61522,26462
version-000022837-icpu5128 -> 596be90f5e5718b99686e5e48522c86c,log-000022837-icpu5128,0:8c9ac82f86109a4f5c84b4686e54473b,log-000022836-icpu5128,2215400
actual-icpu5133/msg-inf-fetch -> OK
actual-icpu5133/msg-inf-sync -> 1499090954.515629368 1499090954.515629368 from = 'data-icpu5128@icpu5128:7779' to = 'data-icpu5133' on = 1 start_pos = 6680256512 end_pos = 20480786432 actual_pos = 6680256512 actual_stamp = 1499091002.611632119 rate = 105203 read_fly = 9911 write_fly = 0 error_code = 0 nr_errors = 0
actual-icpu5133/sync_rate -> 72110
actual-icpu5138/
actual-icpu5138/file_rate -> 0
actual-icpu5138/msg-inf-fetch -> 1499090962.903161523 1499090962.903161523 from = '/mars/resource-infongt-eu4/log-000022837-icpu5128@icpu5128:7778' to = '/mars/resource-infongt-eu4/log-000022837-icpu5128' on = 0 start_pos = 0 end_pos = 0 actual_pos = 0 actual_stamp = 0.000000000 rate = 0 read_fly = 0 write_fly = 0 error_code = 0 nr_errors = 0
actual-icpu5138/msg-inf-sync -> 1499090961.775172049 1499090961.775172049 from = 'data-icpu5128@icpu5128:7779' to = 'data-icpu5138' on = 1 start_pos = 4717764608 end_pos = 20480786432 actual_pos = 4721172480 actual_stamp = 1499091003.283632418 rate = 88666 read_fly = 844 write_fly = 0 error_code = 0 nr_errors = 0
actual-icpu5138/sync_rate -> 88626
actual-icpu5139/.deleted-device-icpu5139 -> 1
actual-icpu5139/msg-inf-fetch -> OK
actual-icpu5139/msg-inf-sync -> 1499090976.097500270 1499090976.097500270 from = 'data-icpu5128@icpu5128:7779' to = 'data-icpu5139' on = 1 start_pos = 2520096768 end_pos = 20480786432 actual_pos = 2520096768 actual_stamp = 1499091003.115632344 rate = 140079 read_fly = 3376 write_fly = 0 error_code = 0 nr_errors = 0
actual-icpu5139/sync_rate -> 140047
actual-istore2a/
actual-istore2a/file_rate -> 49
actual-istore2a/msg-inf-fetch -> 1499091002.833209041 1499091002.847632242 from = '/mars/resource-infongt-eu4/log-000022837-icpu5128@icpu5128:7778' to = '/mars/resource-infongt-eu4/log-000022837-icpu5128' on = 0 start_pos = 0 end_pos = 0 actual_pos = 0 actual_stamp = 0.000000000 rate = 0 read_fly = 0 write_fly = 0 error_code = 0 nr_errors = 0
actual-istore2a/msg-inf-sync -> 1499090993.943051572 1499090993.943051575 from = 'data-icpu5128@icpu5128:7779' to = 'data-istore2a' on = 1 start_pos = 336490496 end_pos = 20480786432 actual_pos = 340013056 actual_stamp = 1499091002.891632272 rate = 51111 read_fly = 3892 write_fly = 0 error_code = 0 nr_errors = 0
actual-istore2a/sync_rate -> 50867
defaults-icpu5128/
defaults-icpu5133/
defaults-icpu5138/
defaults-icpu5139/
defaults-istore2a/
defaults-istore2b/
local-icpu5128/
local-icpu5138/
local-icpu5139/
local-istore2a/
todo-icpu5138/
todo-icpu5139/
userspace/

sent 928 bytes  received 51196 bytes  104248.00 bytes/sec
total size is 2223175  speedup is 42.65
all 5 peer(s) seem to be alive
using existing device '/dev/vg2b/infongt-eu4'
resource 'infongt-eu4' will appear as local device '/dev/mars/infongt-eu4'
creating new replaylink '/mars/resource-infongt-eu4/replay-istore2b' -> 'log-000022837-icpu5128,0,0'
creating new version symlink '/mars/resource-infongt-eu4/version-000022836-istore2b' -> '8c9ac82f86109a4f5c84b4686e54473b,log-000022836-icpu5128,2215400:00000000000000000000000000000000,log-000022835-icpu5128,0'
creating new version symlink '/mars/resource-infongt-eu4/version-000022835-istore2b' -> '00000000000000000000000000000000,log-000022835-icpu5128,0:'
sending incremental file list
data-istore2b -> /dev/vg2b/infongt-eu4

sent 63 bytes  received 15 bytes  156.00 bytes/sec
total size is 21  speedup is 0.27
successfully joined resource 'infongt-eu4'
Running hook: hook_get_vg hook_get_vg icpu5128
Executing on icpu5128: 'vgs | awk '{ print $1; }' | grep 'vginfong\|vg[0-9]\+[ab]''
Executing on icpu5128: 'lvremove -f /dev/vginfong/infongt-eu4-tmp || echo IGNORE'
  One or more specified logical volume(s) not found.
IGNORE
Executing on icpu5128: 'lvremove -f /dev/vginfong/infongt-eu4-copy || echo IGNORE'
  Logical volume "infongt-eu4-copy" successfully removed
Running hook: hook_get_vg hook_get_vg icpu5133
Executing on icpu5133: 'vgs | awk '{ print $1; }' | grep 'vginfong\|vg[0-9]\+[ab]''
Executing on icpu5133: 'lvremove -f /dev/vginfong/infongt-eu4-tmp || echo IGNORE'
  One or more specified logical volume(s) not found.
IGNORE
Executing on icpu5133: 'lvremove -f /dev/vginfong/infongt-eu4-copy || echo IGNORE'
  Logical volume "infongt-eu4-copy" successfully removed
Running hook: hook_get_vg hook_get_vg icpu5138
Executing on icpu5138: 'vgs | awk '{ print $1; }' | grep 'vginfong\|vg[0-9]\+[ab]''
Executing on icpu5138: 'lvremove -f /dev/vginfong/infongt-eu4-tmp || echo IGNORE'
  One or more specified logical volume(s) not found.
IGNORE
Executing on icpu5138: 'lvremove -f /dev/vginfong/infongt-eu4-copy || echo IGNORE'
  Logical volume "infongt-eu4-copy" successfully removed
Running hook: hook_get_vg hook_get_vg icpu5139
Executing on icpu5139: 'vgs | awk '{ print $1; }' | grep 'vginfong\|vg[0-9]\+[ab]''
Executing on icpu5139: 'lvremove -f /dev/vginfong/infongt-eu4-tmp || echo IGNORE'
IGNORE
  One or more specified logical volume(s) not found.
Executing on icpu5139: 'lvremove -f /dev/vginfong/infongt-eu4-copy || echo IGNORE'
  Logical volume "infongt-eu4-copy" successfully removed
Running hook: hook_get_vg hook_get_vg istore2a
Executing on istore2a: 'vgs | awk '{ print $1; }' | grep 'vginfong\|vg[0-9]\+[ab]''
Executing on istore2a: 'lvremove -f /dev/vg2a/infongt-eu4-tmp || echo IGNORE'
  One or more specified logical volume(s) not found.
IGNORE
Executing on istore2a: 'lvremove -f /dev/vg2a/infongt-eu4-copy || echo IGNORE'
  Logical volume "infongt-eu4-copy" successfully removed
Running hook: hook_get_vg hook_get_vg istore2b
Executing on istore2b: 'vgs | awk '{ print $1; }' | grep 'vginfong\|vg[0-9]\+[ab]''
Executing on istore2b: 'lvremove -f /dev/vg2b/infongt-eu4-tmp || echo IGNORE'
  One or more specified logical volume(s) not found.
IGNORE
Executing on istore2b: 'lvremove -f /dev/vg2b/infongt-eu4-copy || echo IGNORE'
  Logical volume "infongt-eu4-copy" successfully removed
DONE Mon Jul  3 16:10:17 CEST 2017
