./migrate-resource.sh migrate infongt-eu4 istore2a istore2b
operation=migrate
res=infongt-eu4
target_primary=istore2a
target_secondary=istore2b
Sourcing hooks in './hooks-cm3.sh'
Using clustermw username: 'tschoebeltheuer'
Determined the following CURRENT hypervisor: "icpu5138"
Determined the following CURRENT primary: "icpu5138"
PING icpu5138.schlund.de (10.46.12.76) 56(84) bytes of data.
64 bytes from icpu5138.schlund.de (10.46.12.76): icmp_seq=1 ttl=59 time=0.260 ms

--- icpu5138.schlund.de ping statistics ---
1 packets transmitted, 1 received, 0% packet loss, time 0ms
rtt min/avg/max/mdev = 0.260/0.260/0.260/0.000 ms
PING icpu5138.schlund.de (10.46.12.76) 56(84) bytes of data.
64 bytes from icpu5138.schlund.de (10.46.12.76): icmp_seq=1 ttl=59 time=0.262 ms

--- icpu5138.schlund.de ping statistics ---
1 packets transmitted, 1 received, 0% packet loss, time 0ms
rtt min/avg/max/mdev = 0.262/0.262/0.262/0.000 ms
/mars is a mountpoint
  infongt-eu4 WriteBack Replicating DCASFr Primary icpu5138 
/vol/infongt-eu4 is a mountpoint
Determined the following secondaries: 'icpu5128
icpu5133
icpu5139'
PING icpu5128.schlund.de (10.46.12.75) 56(84) bytes of data.
64 bytes from icpu5128.schlund.de (10.46.12.75): icmp_seq=1 ttl=59 time=0.248 ms

--- icpu5128.schlund.de ping statistics ---
1 packets transmitted, 1 received, 0% packet loss, time 0ms
rtt min/avg/max/mdev = 0.248/0.248/0.248/0.000 ms
PING icpu5133.schlund.de (10.46.28.75) 56(84) bytes of data.
64 bytes from icpu5133.schlund.de (10.46.28.75): icmp_seq=1 ttl=58 time=1.24 ms

--- icpu5133.schlund.de ping statistics ---
1 packets transmitted, 1 received, 0% packet loss, time 0ms
rtt min/avg/max/mdev = 1.243/1.243/1.243/0.000 ms
PING icpu5139.schlund.de (10.46.28.76) 56(84) bytes of data.
64 bytes from icpu5139.schlund.de (10.46.28.76): icmp_seq=1 ttl=58 time=1.26 ms

--- icpu5139.schlund.de ping statistics ---
1 packets transmitted, 1 received, 0% packet loss, time 0ms
rtt min/avg/max/mdev = 1.260/1.260/1.260/0.000 ms
PING istore2a.schlund.de (10.46.98.4) 56(84) bytes of data.
64 bytes from istore2a.schlund.de (10.46.98.4): icmp_seq=1 ttl=60 time=0.506 ms

--- istore2a.schlund.de ping statistics ---
1 packets transmitted, 1 received, 0% packet loss, time 0ms
rtt min/avg/max/mdev = 0.506/0.506/0.506/0.000 ms
PING istore2b.schlund.de (10.46.102.2) 56(84) bytes of data.
64 bytes from istore2b.schlund.de (10.46.102.2): icmp_seq=1 ttl=59 time=1.23 ms

--- istore2b.schlund.de ping statistics ---
1 packets transmitted, 1 received, 0% packet loss, time 0ms
rtt min/avg/max/mdev = 1.237/1.237/1.237/0.000 ms
Using the following TARGET primary:   "istore2a"
Using the following TARGET secondary: "istore2b"
[CONFIRM: Press Return to continue, ^C to abort] 
Running hook: hook_prepare_hosts hook_prepare_hosts icpu5138 icpu5128
icpu5133
icpu5139 istore2a istore2b
Executing on icpu5138: 'service ui-firewalling stop || /etc/init.d/firewalling stop'
Executing on icpu5128: 'service ui-firewalling stop || /etc/init.d/firewalling stop'
Executing on icpu5133: 'service ui-firewalling stop || /etc/init.d/firewalling stop'
Executing on icpu5139: 'service ui-firewalling stop || /etc/init.d/firewalling stop'
Executing on istore2a: 'service ui-firewalling stop || /etc/init.d/firewalling stop'
ui-firewalling: unrecognized service
Using firewalling.istore 
HOOKDIR /etc/firewall-istore.d/
Stopping firewalling
Stopping firewall-hook /etc/firewall-istore.d//dhcp
  deleting portmap-rules
iptables v1.4.8: Couldn't load target `fwhook_dhcp_in':/lib/xtables/libipt_fwhook_dhcp_in.so: cannot open shared object file: No such file or directory

Try `iptables -h' or 'iptables --help' for more information.
iptables v1.4.8: Couldn't load target `fwhook_dhcp_in':/lib/xtables/libipt_fwhook_dhcp_in.so: cannot open shared object file: No such file or directory

Try `iptables -h' or 'iptables --help' for more information.
iptables: No chain/target/match by that name.
Stopping firewall-hook /etc/firewall-istore.d//drbd
iptables: No chain/target/match by that name.
Stopping firewall-hook /etc/firewall-istore.d//drbd_cluster
Stopping firewall-hook /etc/firewall-istore.d//ehb
  deleting ehb-rules
iptables v1.4.8: Couldn't load target `fwhook_ehb_ctrls_out':/lib/xtables/libipt_fwhook_ehb_ctrls_out.so: cannot open shared object file: No such file or directory

Try `iptables -h' or 'iptables --help' for more information.
iptables v1.4.8: Couldn't load target `fwhook_ehb_ctrls_out':/lib/xtables/libipt_fwhook_ehb_ctrls_out.so: cannot open shared object file: No such file or directory

Try `iptables -h' or 'iptables --help' for more information.
iptables: No chain/target/match by that name.
iptables: No chain/target/match by that name.
iptables v1.4.8: Couldn't load target `fwhook_ehb_ctrls_in':/lib/xtables/libipt_fwhook_ehb_ctrls_in.so: cannot open shared object file: No such file or directory

Try `iptables -h' or 'iptables --help' for more information.
iptables v1.4.8: Couldn't load target `fwhook_ehb_ctrls_in':/lib/xtables/libipt_fwhook_ehb_ctrls_in.so: cannot open shared object file: No such file or directory

Try `iptables -h' or 'iptables --help' for more information.
iptables: No chain/target/match by that name.
iptables: No chain/target/match by that name.
iptables v1.4.8: Couldn't load target `fwhook_ehb_hosts_out':/lib/xtables/libipt_fwhook_ehb_hosts_out.so: cannot open shared object file: No such file or directory

Try `iptables -h' or 'iptables --help' for more information.
iptables v1.4.8: Couldn't load target `fwhook_ehb_hosts_out':/lib/xtables/libipt_fwhook_ehb_hosts_out.so: cannot open shared object file: No such file or directory

Try `iptables -h' or 'iptables --help' for more information.
iptables: No chain/target/match by that name.
iptables: No chain/target/match by that name.
iptables v1.4.8: Couldn't load target `fwhook_ehb_hosts_in':/lib/xtables/libipt_fwhook_ehb_hosts_in.so: cannot open shared object file: No such file or directory

Try `iptables -h' or 'iptables --help' for more information.
iptables v1.4.8: Couldn't load target `fwhook_ehb_hosts_in':/lib/xtables/libipt_fwhook_ehb_hosts_in.so: cannot open shared object file: No such file or directory

Try `iptables -h' or 'iptables --help' for more information.
iptables: No chain/target/match by that name.
Stopping firewall-hook /etc/firewall-istore.d//hostname_intern
iptables: No chain/target/match by that name.
  deleting hostnames-rules
iptables v1.4.8: Couldn't load target `fwhook_hostnames_in':/lib/xtables/libipt_fwhook_hostnames_in.so: cannot open shared object file: No such file or directory

Try `iptables -h' or 'iptables --help' for more information.
iptables v1.4.8: Couldn't load target `fwhook_hostnames_in':/lib/xtables/libipt_fwhook_hostnames_in.so: cannot open shared object file: No such file or directory

Try `iptables -h' or 'iptables --help' for more information.
iptables: No chain/target/match by that name.
Stopping firewall-hook /etc/firewall-istore.d//iscsi
iptables: No chain/target/match by that name.
Stopping firewall-hook /etc/firewall-istore.d//mars
Stopping firewall-hook /etc/firewall-istore.d//orwelld
iptables v1.4.8: Couldn't load target `fwhook_orwelld':/lib/xtables/libipt_fwhook_orwelld.so: cannot open shared object file: No such file or directory

Try `iptables -h' or 'iptables --help' for more information.
iptables v1.4.8: Couldn't load target `fwhook_orwelld':/lib/xtables/libipt_fwhook_orwelld.so: cannot open shared object file: No such file or directory

Try `iptables -h' or 'iptables --help' for more information.
iptables: No chain/target/match by that name.
Stopping firewall-hook /etc/firewall-istore.d//sasoap
iptables: No chain/target/match by that name.
Executing on istore2b: 'service ui-firewalling stop || /etc/init.d/firewalling stop'
ui-firewalling: unrecognized service
Using firewalling.istore 
HOOKDIR /etc/firewall-istore.d/
Stopping firewalling
Stopping firewall-hook /etc/firewall-istore.d//dhcp
  deleting portmap-rules
iptables v1.4.8: Couldn't load target `fwhook_dhcp_in':/lib/xtables/libipt_fwhook_dhcp_in.so: cannot open shared object file: No such file or directory

Try `iptables -h' or 'iptables --help' for more information.
iptables v1.4.8: Couldn't load target `fwhook_dhcp_in':/lib/xtables/libipt_fwhook_dhcp_in.so: cannot open shared object file: No such file or directory

Try `iptables -h' or 'iptables --help' for more information.
iptables: No chain/target/match by that name.
Stopping firewall-hook /etc/firewall-istore.d//drbd
iptables: No chain/target/match by that name.
Stopping firewall-hook /etc/firewall-istore.d//drbd_cluster
Stopping firewall-hook /etc/firewall-istore.d//ehb
  deleting ehb-rules
iptables v1.4.8: Couldn't load target `fwhook_ehb_ctrls_out':/lib/xtables/libipt_fwhook_ehb_ctrls_out.so: cannot open shared object file: No such file or directory

Try `iptables -h' or 'iptables --help' for more information.
iptables v1.4.8: Couldn't load target `fwhook_ehb_ctrls_out':/lib/xtables/libipt_fwhook_ehb_ctrls_out.so: cannot open shared object file: No such file or directory

Try `iptables -h' or 'iptables --help' for more information.
iptables: No chain/target/match by that name.
iptables: No chain/target/match by that name.
iptables v1.4.8: Couldn't load target `fwhook_ehb_ctrls_in':/lib/xtables/libipt_fwhook_ehb_ctrls_in.so: cannot open shared object file: No such file or directory

Try `iptables -h' or 'iptables --help' for more information.
iptables v1.4.8: Couldn't load target `fwhook_ehb_ctrls_in':/lib/xtables/libipt_fwhook_ehb_ctrls_in.so: cannot open shared object file: No such file or directory

Try `iptables -h' or 'iptables --help' for more information.
iptables: No chain/target/match by that name.
iptables: No chain/target/match by that name.
iptables v1.4.8: Couldn't load target `fwhook_ehb_hosts_out':/lib/xtables/libipt_fwhook_ehb_hosts_out.so: cannot open shared object file: No such file or directory

Try `iptables -h' or 'iptables --help' for more information.
iptables v1.4.8: Couldn't load target `fwhook_ehb_hosts_out':/lib/xtables/libipt_fwhook_ehb_hosts_out.so: cannot open shared object file: No such file or directory

Try `iptables -h' or 'iptables --help' for more information.
iptables: No chain/target/match by that name.
iptables: No chain/target/match by that name.
iptables v1.4.8: Couldn't load target `fwhook_ehb_hosts_in':/lib/xtables/libipt_fwhook_ehb_hosts_in.so: cannot open shared object file: No such file or directory

Try `iptables -h' or 'iptables --help' for more information.
iptables v1.4.8: Couldn't load target `fwhook_ehb_hosts_in':/lib/xtables/libipt_fwhook_ehb_hosts_in.so: cannot open shared object file: No such file or directory

Try `iptables -h' or 'iptables --help' for more information.
iptables: No chain/target/match by that name.
Stopping firewall-hook /etc/firewall-istore.d//hostname_intern
iptables: No chain/target/match by that name.
  deleting hostnames-rules
iptables v1.4.8: Couldn't load target `fwhook_hostnames_in':/lib/xtables/libipt_fwhook_hostnames_in.so: cannot open shared object file: No such file or directory

Try `iptables -h' or 'iptables --help' for more information.
iptables v1.4.8: Couldn't load target `fwhook_hostnames_in':/lib/xtables/libipt_fwhook_hostnames_in.so: cannot open shared object file: No such file or directory

Try `iptables -h' or 'iptables --help' for more information.
iptables: No chain/target/match by that name.
Stopping firewall-hook /etc/firewall-istore.d//iscsi
iptables: No chain/target/match by that name.
Stopping firewall-hook /etc/firewall-istore.d//mars
Stopping firewall-hook /etc/firewall-istore.d//orwelld
iptables v1.4.8: Couldn't load target `fwhook_orwelld':/lib/xtables/libipt_fwhook_orwelld.so: cannot open shared object file: No such file or directory

Try `iptables -h' or 'iptables --help' for more information.
iptables v1.4.8: Couldn't load target `fwhook_orwelld':/lib/xtables/libipt_fwhook_orwelld.so: cannot open shared object file: No such file or directory

Try `iptables -h' or 'iptables --help' for more information.
iptables: No chain/target/match by that name.
Stopping firewall-hook /etc/firewall-istore.d//sasoap
iptables: No chain/target/match by that name.
Running hook: hook_merge_cluster hook_merge_cluster icpu5138 istore2a
Executing on icpu5138: 'marsadm lowlevel-ls-host-ips'
WARNING: EXPERTS ONLY -- risky lowlevel command 'lowlevel-ls-host-ips'
Peer 'icpu5138' has IP '10.46.98.177'
Executing on istore2a: 'marsadm merge-cluster --ssh-port=24 10.46.98.177'
Using SSH port '24' from command line.
Linux istore2a 3.2.45-istore-20130805 #1 SMP Mon Aug 5 13:36:58 CEST 2013 x86_64 GNU/Linux
PING 10.46.98.177 (10.46.98.177) 56(84) bytes of data.
64 bytes from 10.46.98.177: icmp_req=1 ttl=64 time=0.086 ms

--- 10.46.98.177 ping statistics ---
1 packets transmitted, 1 received, 0% packet loss, time 0ms
rtt min/avg/max/mdev = 0.086/0.086/0.086/0.000 ms
Linux icpu5138 3.14.79-grsec+ #1196 SMP Tue Jun 20 13:04:30 CEST 2017 x86_64 GNU/Linux
Linux icpu5138 3.14.79-grsec+ #1196 SMP Tue Jun 20 13:04:30 CEST 2017 x86_64 GNU/Linux
PING icpu5128.schlund.de (10.46.12.75) 56(84) bytes of data.

--- icpu5128.schlund.de ping statistics ---
1 packets transmitted, 0 received, 100% packet loss, time 0ms

WARNING: cannot ping 'icpu5128'
PING 10.46.98.175 (10.46.98.175) 56(84) bytes of data.
64 bytes from 10.46.98.175: icmp_req=1 ttl=64 time=0.090 ms

--- 10.46.98.175 ping statistics ---
1 packets transmitted, 1 received, 0% packet loss, time 0ms
rtt min/avg/max/mdev = 0.090/0.090/0.090/0.000 ms
Linux icpu5128 3.14.79-grsec+ #1196 SMP Tue Jun 20 13:04:30 CEST 2017 x86_64 GNU/Linux
Linux icpu5128 3.14.79-grsec+ #1196 SMP Tue Jun 20 13:04:30 CEST 2017 x86_64 GNU/Linux
PING icpu5133.schlund.de (10.46.28.75) 56(84) bytes of data.

--- icpu5133.schlund.de ping statistics ---
1 packets transmitted, 0 received, 100% packet loss, time 0ms

WARNING: cannot ping 'icpu5133'
PING 10.46.102.189 (10.46.102.189) 56(84) bytes of data.
64 bytes from 10.46.102.189: icmp_req=1 ttl=61 time=0.977 ms

--- 10.46.102.189 ping statistics ---
1 packets transmitted, 1 received, 0% packet loss, time 0ms
rtt min/avg/max/mdev = 0.977/0.977/0.977/0.000 ms
Linux icpu5133 3.14.79-grsec+ #1196 SMP Tue Jun 20 13:04:30 CEST 2017 x86_64 GNU/Linux
Linux icpu5133 3.14.79-grsec+ #1196 SMP Tue Jun 20 13:04:30 CEST 2017 x86_64 GNU/Linux
PING icpu5138.schlund.de (10.46.12.76) 56(84) bytes of data.

--- icpu5138.schlund.de ping statistics ---
1 packets transmitted, 0 received, 100% packet loss, time 0ms

WARNING: cannot ping 'icpu5138'
PING 10.46.98.177 (10.46.98.177) 56(84) bytes of data.
64 bytes from 10.46.98.177: icmp_req=1 ttl=64 time=0.087 ms

--- 10.46.98.177 ping statistics ---
1 packets transmitted, 1 received, 0% packet loss, time 0ms
rtt min/avg/max/mdev = 0.087/0.087/0.087/0.000 ms
Linux icpu5138 3.14.79-grsec+ #1196 SMP Tue Jun 20 13:04:30 CEST 2017 x86_64 GNU/Linux
Linux icpu5138 3.14.79-grsec+ #1196 SMP Tue Jun 20 13:04:30 CEST 2017 x86_64 GNU/Linux
PING icpu5139.schlund.de (10.46.28.76) 56(84) bytes of data.

--- icpu5139.schlund.de ping statistics ---
1 packets transmitted, 0 received, 100% packet loss, time 0ms

WARNING: cannot ping 'icpu5139'
PING 10.46.102.191 (10.46.102.191) 56(84) bytes of data.
64 bytes from 10.46.102.191: icmp_req=1 ttl=61 time=0.822 ms

--- 10.46.102.191 ping statistics ---
1 packets transmitted, 1 received, 0% packet loss, time 0ms
rtt min/avg/max/mdev = 0.822/0.822/0.822/0.000 ms
Linux icpu5139 3.14.79-grsec+ #1196 SMP Tue Jun 20 13:04:30 CEST 2017 x86_64 GNU/Linux
Linux icpu5139 3.14.79-grsec+ #1196 SMP Tue Jun 20 13:04:30 CEST 2017 x86_64 GNU/Linux
PING istore2b.schlund.de (10.46.102.2) 56(84) bytes of data.
64 bytes from istore2b.schlund.de (10.46.102.2): icmp_req=1 ttl=61 time=0.807 ms

--- istore2b.schlund.de ping statistics ---
1 packets transmitted, 1 received, 0% packet loss, time 0ms
rtt min/avg/max/mdev = 0.807/0.807/0.807/0.000 ms
ssh: connect to host istore2b port 24: Connection refused
Linux istore2b 3.2.45-istore-20130805 #1 SMP Mon Aug 5 13:36:58 CEST 2013 x86_64 GNU/Linux
Linux istore2b 3.2.45-istore-20130805 #1 SMP Mon Aug 5 13:36:58 CEST 2013 x86_64 GNU/Linux
Other cluster peer '10.46.98.177' has the same UUID.
No resource name checking necessary.
Operation 'merge-cluster' will therfore work logically idempotent.
receiving incremental file list

sent 19 bytes  received 76 bytes  63.33 bytes/sec
total size is 38  speedup is 0.40
sending incremental file list

sent 68 bytes  received 12 bytes  160.00 bytes/sec
total size is 38  speedup is 0.47
sending incremental file list

sent 68 bytes  received 12 bytes  160.00 bytes/sec
total size is 38  speedup is 0.47
sending incremental file list

sent 68 bytes  received 12 bytes  160.00 bytes/sec
total size is 38  speedup is 0.47
sending incremental file list

sent 68 bytes  received 12 bytes  160.00 bytes/sec
total size is 38  speedup is 0.47
sending incremental file list

sent 68 bytes  received 12 bytes  53.33 bytes/sec
total size is 38  speedup is 0.47
receiving incremental file list
buildtag-icpu5133 -> mars0.1balpha3.5-28-g853edca(2017-06-29 08:18:06)
actual-icpu5138/
actual-istore2a/
resource-infong375/
resource-infong375/.deleted-log-000140866-istore2b -> 1
resource-infong375/.deleted-log-000140867-istore2b -> 1
resource-infong375/.deleted-log-000141006-istore2b -> 1
resource-infong375/.deleted-version-000140865-istore2a -> 1
resource-infong375/.deleted-version-000140865-istore2b -> 1
resource-infong375/.deleted-version-000140866-istore2a -> 1
resource-infong375/.deleted-version-000140866-istore2b -> 1
resource-infong375/.deleted-version-000141005-istore2a -> 1
resource-infong375/.deleted-version-000141005-istore2b -> 1
resource-infong375/.deleted-version-000141008-istore2b -> 1
resource-infong376/
resource-infong376/.deleted-log-000140838-istore2b -> 1
resource-infong376/.deleted-log-000140839-istore2b -> 1
resource-infong376/.deleted-log-000140978-istore2b -> 1
resource-infong376/.deleted-version-000140837-istore2a -> 1
resource-infong376/.deleted-version-000140837-istore2b -> 1
resource-infong376/.deleted-version-000140838-istore2a -> 1
resource-infong376/.deleted-version-000140838-istore2b -> 1
resource-infong376/.deleted-version-000140975-istore2b -> 1
resource-infong376/.deleted-version-000140977-istore2a -> 1
resource-infong376/.deleted-version-000140977-istore2b -> 1
resource-infongm1/
resource-infongm1/.deleted-log-000140571-istore2b -> 1
resource-infongm1/.deleted-log-000140572-istore2b -> 1
resource-infongm1/.deleted-log-000140711-istore2b -> 1
resource-infongm1/.deleted-version-000140570-istore2a -> 1
resource-infongm1/.deleted-version-000140571-istore2a -> 1
resource-infongm1/.deleted-version-000140571-istore2b -> 1
resource-infongm1/.deleted-version-000140708-istore2b -> 1
resource-infongm1/.deleted-version-000140710-istore2a -> 1
resource-infongm1/.deleted-version-000140710-istore2b -> 1
resource-infongm1/.deleted-version-000140711-istore2b -> 1
resource-infongt-eu4/.deleted-log-000014685-icpu5138 -> 1
resource-infongt-eu4/.deleted-log-000014686-icpu5138 -> 1
resource-infongt-eu4/.deleted-log-000020825-icpu5128 -> 1
resource-infongt-eu4/.deleted-log-000020826-icpu5128 -> 1
resource-infongt-eu4/.deleted-version-000014684-icpu5128 -> 1
resource-infongt-eu4/.deleted-version-000014684-icpu5138 -> 1
resource-infongt-eu4/.deleted-version-000014684-icpu5139 -> 1
resource-infongt-eu4/.deleted-version-000014684-istore2a -> 1
resource-infongt-eu4/.deleted-version-000014684-istore2b -> 1
resource-infongt-eu4/.deleted-version-000014685-icpu5128 -> 1
resource-infongt-eu4/.deleted-version-000014685-icpu5138 -> 1
resource-infongt-eu4/.deleted-version-000014685-icpu5139 -> 1
resource-infongt-eu4/.deleted-version-000014685-istore2a -> 1
resource-infongt-eu4/.deleted-version-000016817-icpu5139 -> 1
resource-infongt-eu4/.deleted-version-000020819-istore2b -> 1
resource-infongt-eu4/.deleted-version-000020824-icpu5128 -> 1
resource-infongt-eu4/.deleted-version-000020824-icpu5133 -> 1
resource-infongt-eu4/.deleted-version-000020824-icpu5138 -> 1
resource-infongt-eu4/.deleted-version-000020824-icpu5139 -> 1
resource-infongt-eu4/.deleted-version-000020824-istore2a -> 1
resource-infongt-eu4/.deleted-version-000020825-icpu5128 -> 1
resource-infongt-eu4/.deleted-version-000020825-icpu5133 -> 1
resource-infongt-eu4/.deleted-version-000020825-icpu5138 -> 1
resource-infongt-eu4/.deleted-version-000020825-icpu5139 -> 1
resource-infongt-eu4/.deleted-version-000020825-istore2a -> 1
resource-infongt-eu4/.deleted-version-000020827-istore2b -> 1
resource-infongt-eu4/.deleted-version-000020828-icpu5139 -> 1
resource-infongt-eu4/.deleted-version-000020829-icpu5139 -> 1
resource-infongt-eu4/.deleted-version-000020830-icpu5139 -> 1
resource-infongt-eu4/.deleted-version-000020830-istore2b -> 1
resource-infongt-eu4/skip-check-icpu5128 -> 000020824
resource-infongt-eu4/skip-check-icpu5138 -> 000020831
resource-infongt-eu4/actual-icpu5128/.deleted-device-icpu5128 -> 1
resource-infongt-eu4/actual-icpu5139/.deleted-device-icpu5139 -> 1
resource-infongt-eu4/defaults-icpu5128/
resource-infongt-eu4/defaults-icpu5133/
resource-infongt-eu4/defaults-icpu5138/
resource-infongt-eu4/defaults-icpu5139/
resource-infongt-eu4/defaults-istore2a/
resource-infongt-eu4/defaults-istore2b/
resource-infongt-eu4/local-icpu5128/
resource-infongt-eu4/local-icpu5138/
resource-infongt-eu4/local-icpu5139/
resource-infongt-eu4/local-istore2a/
resource-infongt-eu4/local-istore2b/
resource-infongt-eu4/todo-icpu5133/
resource-infongt-eu4/todo-icpu5138/
resource-infongt-eu4/todo-istore2b/
resource-infongt-eu5/.deleted-log-000009598-icpu5139 -> 1
resource-infongt-eu5/.deleted-log-000009599-icpu5139 -> 1
resource-infongt-eu5/.deleted-log-000009600-icpu5139 -> 1
resource-infongt-eu5/.deleted-log-000009601-icpu5139 -> 1
resource-infongt-eu5/.deleted-log-000009602-icpu5139 -> 1
resource-infongt-eu5/.deleted-log-000009603-icpu5139 -> 1
resource-infongt-eu5/.deleted-version-000009597-icpu5138 -> 1
resource-infongt-eu5/.deleted-version-000009597-icpu5139 -> 1
resource-infongt-eu5/.deleted-version-000009598-icpu5138 -> 1
resource-infongt-eu5/.deleted-version-000009598-icpu5139 -> 1
resource-infongt-eu5/.deleted-version-000009599-icpu5138 -> 1
resource-infongt-eu5/.deleted-version-000009599-icpu5139 -> 1
resource-infongt-eu5/.deleted-version-000009600-icpu5138 -> 1
resource-infongt-eu5/.deleted-version-000009600-icpu5139 -> 1
resource-infongt-eu5/.deleted-version-000009601-icpu5138 -> 1
resource-infongt-eu5/.deleted-version-000009601-icpu5139 -> 1
resource-infongt-eu5/.deleted-version-000009602-icpu5138 -> 1
resource-infongt-eu5/.deleted-version-000009602-icpu5139 -> 1
resource-infongt-eu6/.deleted-log-000008063-icpu5139 -> 1
resource-infongt-eu6/.deleted-log-000008064-icpu5139 -> 1
resource-infongt-eu6/.deleted-log-000008065-icpu5139 -> 1
resource-infongt-eu6/.deleted-log-000008066-icpu5139 -> 1
resource-infongt-eu6/.deleted-log-000008067-icpu5139 -> 1
resource-infongt-eu6/.deleted-log-000008068-icpu5139 -> 1
resource-infongt-eu6/.deleted-version-000008062-icpu5138 -> 1
resource-infongt-eu6/.deleted-version-000008062-icpu5139 -> 1
resource-infongt-eu6/.deleted-version-000008063-icpu5138 -> 1
resource-infongt-eu6/.deleted-version-000008063-icpu5139 -> 1
resource-infongt-eu6/.deleted-version-000008064-icpu5138 -> 1
resource-infongt-eu6/.deleted-version-000008064-icpu5139 -> 1
resource-infongt-eu6/.deleted-version-000008065-icpu5138 -> 1
resource-infongt-eu6/.deleted-version-000008065-icpu5139 -> 1
resource-infongt-eu6/.deleted-version-000008066-icpu5138 -> 1
resource-infongt-eu6/.deleted-version-000008066-icpu5139 -> 1
resource-infongt-eu6/.deleted-version-000008067-icpu5138 -> 1
resource-infongt-eu6/.deleted-version-000008067-icpu5139 -> 1
resource-infongt-eu7/.deleted-log-000007979-icpu5139 -> 1
resource-infongt-eu7/.deleted-log-000007980-icpu5139 -> 1
resource-infongt-eu7/.deleted-log-000007981-icpu5139 -> 1
resource-infongt-eu7/.deleted-log-000007982-icpu5139 -> 1
resource-infongt-eu7/.deleted-log-000007983-icpu5139 -> 1
resource-infongt-eu7/.deleted-log-000007984-icpu5139 -> 1
resource-infongt-eu7/.deleted-version-000007978-icpu5138 -> 1
resource-infongt-eu7/.deleted-version-000007978-icpu5139 -> 1
resource-infongt-eu7/.deleted-version-000007979-icpu5138 -> 1
resource-infongt-eu7/.deleted-version-000007979-icpu5139 -> 1
resource-infongt-eu7/.deleted-version-000007980-icpu5138 -> 1
resource-infongt-eu7/.deleted-version-000007980-icpu5139 -> 1
resource-infongt-eu7/.deleted-version-000007981-icpu5138 -> 1
resource-infongt-eu7/.deleted-version-000007981-icpu5139 -> 1
resource-infongt-eu7/.deleted-version-000007982-icpu5138 -> 1
resource-infongt-eu7/.deleted-version-000007982-icpu5139 -> 1
resource-infongt-eu7/.deleted-version-000007983-icpu5138 -> 1
resource-infongt-eu7/.deleted-version-000007983-icpu5139 -> 1
resource-lv-0/skip-check-icpu5133 -> 000000012
resource-lv-0/local-icpu5133/

sent 1070 bytes  received 165087 bytes  332314.00 bytes/sec
total size is 104675406724  speedup is 629978.92
sending incremental file list
actual-istore2a/
resource-infong375/.deleted-log-000141012-istore2b -> 1
resource-infong375/.deleted-version-000141011-istore2a -> 1
resource-infong375/.deleted-version-000141011-istore2b -> 1
resource-infong376/.deleted-log-000140984-istore2b -> 1
resource-infong376/.deleted-version-000140982-istore2b -> 1
resource-infong376/.deleted-version-000140983-istore2a -> 1
resource-infong376/.deleted-version-000140983-istore2b -> 1
resource-infongm1/.deleted-log-000140717-istore2b -> 1
resource-infongm1/.deleted-version-000140716-istore2a -> 1

sent 163938 bytes  received 171 bytes  328218.00 bytes/sec
total size is 768070  speedup is 4.68
Running hook: hook_merge_cluster hook_merge_cluster icpu5138 istore2b
Executing on icpu5138: 'marsadm lowlevel-ls-host-ips'
WARNING: EXPERTS ONLY -- risky lowlevel command 'lowlevel-ls-host-ips'
Peer 'icpu5138' has IP '10.46.98.177'
Executing on istore2b: 'marsadm merge-cluster --ssh-port=24 10.46.98.177'
Using SSH port '24' from command line.
Linux istore2b 3.2.45-istore-20130805 #1 SMP Mon Aug 5 13:36:58 CEST 2013 x86_64 GNU/Linux
PING 10.46.98.177 (10.46.98.177) 56(84) bytes of data.
64 bytes from 10.46.98.177: icmp_req=1 ttl=61 time=0.799 ms

--- 10.46.98.177 ping statistics ---
1 packets transmitted, 1 received, 0% packet loss, time 0ms
rtt min/avg/max/mdev = 0.799/0.799/0.799/0.000 ms
Linux icpu5138 3.14.79-grsec+ #1196 SMP Tue Jun 20 13:04:30 CEST 2017 x86_64 GNU/Linux
Linux icpu5138 3.14.79-grsec+ #1196 SMP Tue Jun 20 13:04:30 CEST 2017 x86_64 GNU/Linux
PING icpu5128.schlund.de (10.46.12.75) 56(84) bytes of data.

--- icpu5128.schlund.de ping statistics ---
1 packets transmitted, 0 received, 100% packet loss, time 0ms

WARNING: cannot ping 'icpu5128'
PING 10.46.98.175 (10.46.98.175) 56(84) bytes of data.
64 bytes from 10.46.98.175: icmp_req=1 ttl=61 time=0.806 ms

--- 10.46.98.175 ping statistics ---
1 packets transmitted, 1 received, 0% packet loss, time 0ms
rtt min/avg/max/mdev = 0.806/0.806/0.806/0.000 ms
Linux icpu5128 3.14.79-grsec+ #1196 SMP Tue Jun 20 13:04:30 CEST 2017 x86_64 GNU/Linux
Linux icpu5128 3.14.79-grsec+ #1196 SMP Tue Jun 20 13:04:30 CEST 2017 x86_64 GNU/Linux
PING icpu5133.schlund.de (10.46.28.75) 56(84) bytes of data.

--- icpu5133.schlund.de ping statistics ---
1 packets transmitted, 0 received, 100% packet loss, time 0ms

WARNING: cannot ping 'icpu5133'
PING 10.46.102.189 (10.46.102.189) 56(84) bytes of data.
64 bytes from 10.46.102.189: icmp_req=1 ttl=64 time=0.075 ms

--- 10.46.102.189 ping statistics ---
1 packets transmitted, 1 received, 0% packet loss, time 0ms
rtt min/avg/max/mdev = 0.075/0.075/0.075/0.000 ms
Linux icpu5133 3.14.79-grsec+ #1196 SMP Tue Jun 20 13:04:30 CEST 2017 x86_64 GNU/Linux
Linux icpu5133 3.14.79-grsec+ #1196 SMP Tue Jun 20 13:04:30 CEST 2017 x86_64 GNU/Linux
PING icpu5138.schlund.de (10.46.12.76) 56(84) bytes of data.

--- icpu5138.schlund.de ping statistics ---
1 packets transmitted, 0 received, 100% packet loss, time 0ms

WARNING: cannot ping 'icpu5138'
PING 10.46.98.177 (10.46.98.177) 56(84) bytes of data.
64 bytes from 10.46.98.177: icmp_req=1 ttl=61 time=0.802 ms

--- 10.46.98.177 ping statistics ---
1 packets transmitted, 1 received, 0% packet loss, time 0ms
rtt min/avg/max/mdev = 0.802/0.802/0.802/0.000 ms
Linux icpu5138 3.14.79-grsec+ #1196 SMP Tue Jun 20 13:04:30 CEST 2017 x86_64 GNU/Linux
Linux icpu5138 3.14.79-grsec+ #1196 SMP Tue Jun 20 13:04:30 CEST 2017 x86_64 GNU/Linux
PING icpu5139.schlund.de (10.46.28.76) 56(84) bytes of data.

--- icpu5139.schlund.de ping statistics ---
1 packets transmitted, 0 received, 100% packet loss, time 0ms

WARNING: cannot ping 'icpu5139'
PING 10.46.102.191 (10.46.102.191) 56(84) bytes of data.
64 bytes from 10.46.102.191: icmp_req=1 ttl=64 time=0.151 ms

--- 10.46.102.191 ping statistics ---
1 packets transmitted, 1 received, 0% packet loss, time 0ms
rtt min/avg/max/mdev = 0.151/0.151/0.151/0.000 ms
Linux icpu5139 3.14.79-grsec+ #1196 SMP Tue Jun 20 13:04:30 CEST 2017 x86_64 GNU/Linux
Linux icpu5139 3.14.79-grsec+ #1196 SMP Tue Jun 20 13:04:30 CEST 2017 x86_64 GNU/Linux
PING istore2a.schlund.de (10.46.98.4) 56(84) bytes of data.
64 bytes from istore2a.schlund.de (10.46.98.4): icmp_req=1 ttl=61 time=0.860 ms

--- istore2a.schlund.de ping statistics ---
1 packets transmitted, 1 received, 0% packet loss, time 0ms
rtt min/avg/max/mdev = 0.860/0.860/0.860/0.000 ms
ssh: connect to host istore2a port 24: Connection refused
Linux istore2a 3.2.45-istore-20130805 #1 SMP Mon Aug 5 13:36:58 CEST 2013 x86_64 GNU/Linux
Linux istore2a 3.2.45-istore-20130805 #1 SMP Mon Aug 5 13:36:58 CEST 2013 x86_64 GNU/Linux
Other cluster peer '10.46.98.177' has the same UUID.
No resource name checking necessary.
Operation 'merge-cluster' will therfore work logically idempotent.
receiving incremental file list

sent 19 bytes  received 76 bytes  190.00 bytes/sec
total size is 38  speedup is 0.40
sending incremental file list

sent 68 bytes  received 12 bytes  160.00 bytes/sec
total size is 38  speedup is 0.47
sending incremental file list

sent 68 bytes  received 12 bytes  53.33 bytes/sec
total size is 38  speedup is 0.47
sending incremental file list

sent 68 bytes  received 12 bytes  160.00 bytes/sec
total size is 38  speedup is 0.47
sending incremental file list

sent 68 bytes  received 12 bytes  160.00 bytes/sec
total size is 38  speedup is 0.47
sending incremental file list

sent 68 bytes  received 12 bytes  53.33 bytes/sec
total size is 38  speedup is 0.47
receiving incremental file list
buildtag-icpu5133 -> mars0.1balpha3.5-28-g853edca(2017-06-29 08:18:06)
actual-icpu5128/
actual-icpu5133/
actual-icpu5139/
actual-istore2a/
actual-istore2b/
resource-infong375/
resource-infong375/.deleted-log-000140866-istore2b -> 1
resource-infong375/.deleted-log-000140867-istore2b -> 1
resource-infong375/.deleted-log-000140897-istore2b -> 1
resource-infong375/.deleted-log-000140934-istore2b -> 1
resource-infong375/.deleted-version-000140865-istore2a -> 1
resource-infong375/.deleted-version-000140865-istore2b -> 1
resource-infong375/.deleted-version-000140866-istore2a -> 1
resource-infong375/.deleted-version-000140866-istore2b -> 1
resource-infong375/.deleted-version-000140896-istore2a -> 1
resource-infong375/.deleted-version-000140896-istore2b -> 1
resource-infong375/.deleted-version-000140933-istore2a -> 1
resource-infong375/.deleted-version-000140933-istore2b -> 1
resource-infong375/actual-istore2a/
resource-infong375/actual-istore2b/
resource-infong376/
resource-infong376/.deleted-log-000140838-istore2b -> 1
resource-infong376/.deleted-log-000140839-istore2b -> 1
resource-infong376/.deleted-log-000140869-istore2b -> 1
resource-infong376/.deleted-log-000140906-istore2b -> 1
resource-infong376/.deleted-version-000140837-istore2a -> 1
resource-infong376/.deleted-version-000140837-istore2b -> 1
resource-infong376/.deleted-version-000140838-istore2a -> 1
resource-infong376/.deleted-version-000140838-istore2b -> 1
resource-infong376/.deleted-version-000140868-istore2a -> 1
resource-infong376/.deleted-version-000140868-istore2b -> 1
resource-infong376/.deleted-version-000140905-istore2a -> 1
resource-infong376/.deleted-version-000140905-istore2b -> 1
resource-infong376/actual-istore2a/
resource-infong376/actual-istore2b/
resource-infongm1/
resource-infongm1/.deleted-log-000140571-istore2b -> 1
resource-infongm1/.deleted-log-000140572-istore2b -> 1
resource-infongm1/.deleted-log-000140602-istore2b -> 1
resource-infongm1/.deleted-version-000140570-istore2a -> 1
resource-infongm1/.deleted-version-000140571-istore2a -> 1
resource-infongm1/.deleted-version-000140571-istore2b -> 1
resource-infongm1/.deleted-version-000140601-istore2a -> 1
resource-infongm1/.deleted-version-000140601-istore2b -> 1
resource-infongm1/actual-istore2a/
resource-infongm1/actual-istore2b/
resource-infongt-eu4/
resource-infongt-eu4/.deleted-log-000014685-icpu5138 -> 1
resource-infongt-eu4/.deleted-log-000014686-icpu5138 -> 1
resource-infongt-eu4/.deleted-log-000014716-icpu5138 -> 1
resource-infongt-eu4/.deleted-log-000014753-icpu5138 -> 1
resource-infongt-eu4/.deleted-version-000014684-icpu5128 -> 1
resource-infongt-eu4/.deleted-version-000014684-icpu5138 -> 1
resource-infongt-eu4/.deleted-version-000014684-icpu5139 -> 1
resource-infongt-eu4/.deleted-version-000014684-istore2a -> 1
resource-infongt-eu4/.deleted-version-000014684-istore2b -> 1
resource-infongt-eu4/.deleted-version-000014685-icpu5128 -> 1
resource-infongt-eu4/.deleted-version-000014685-icpu5138 -> 1
resource-infongt-eu4/.deleted-version-000014685-icpu5139 -> 1
resource-infongt-eu4/.deleted-version-000014685-istore2a -> 1
resource-infongt-eu4/.deleted-version-000014715-icpu5128 -> 1
resource-infongt-eu4/.deleted-version-000014715-icpu5138 -> 1
resource-infongt-eu4/.deleted-version-000014715-icpu5139 -> 1
resource-infongt-eu4/.deleted-version-000014715-istore2a -> 1
resource-infongt-eu4/.deleted-version-000014752-icpu5128 -> 1
resource-infongt-eu4/.deleted-version-000014752-icpu5138 -> 1
resource-infongt-eu4/.deleted-version-000014752-icpu5139 -> 1
resource-infongt-eu4/.deleted-version-000014752-istore2a -> 1
resource-infongt-eu4/skip-check-icpu5128 -> 000020824
resource-infongt-eu4/skip-check-icpu5138 -> 000020831
resource-infongt-eu4/actual-icpu5128/.deleted-device-icpu5128 -> 1
resource-infongt-eu4/actual-icpu5138/
resource-infongt-eu4/actual-icpu5139/
resource-infongt-eu4/actual-icpu5139/.deleted-device-icpu5139 -> 1
resource-infongt-eu4/actual-istore2a/
resource-infongt-eu4/actual-istore2b/
resource-infongt-eu4/defaults-icpu5128/
resource-infongt-eu4/defaults-icpu5133/
resource-infongt-eu4/defaults-icpu5138/
resource-infongt-eu4/defaults-icpu5139/
resource-infongt-eu4/local-icpu5128/
resource-infongt-eu4/local-icpu5138/
resource-infongt-eu4/local-icpu5139/
resource-infongt-eu4/todo-icpu5133/
resource-infongt-eu4/todo-icpu5138/
resource-infongt-eu4/todo-icpu5139/
resource-infongt-eu4/todo-istore2b/
resource-infongt-eu5/
resource-infongt-eu5/.deleted-log-000009598-icpu5139 -> 1
resource-infongt-eu5/.deleted-log-000009599-icpu5139 -> 1
resource-infongt-eu5/.deleted-log-000009600-icpu5139 -> 1
resource-infongt-eu5/.deleted-log-000009601-icpu5139 -> 1
resource-infongt-eu5/.deleted-log-000009602-icpu5139 -> 1
resource-infongt-eu5/.deleted-log-000009603-icpu5139 -> 1
resource-infongt-eu5/.deleted-version-000009597-icpu5138 -> 1
resource-infongt-eu5/.deleted-version-000009597-icpu5139 -> 1
resource-infongt-eu5/.deleted-version-000009598-icpu5138 -> 1
resource-infongt-eu5/.deleted-version-000009598-icpu5139 -> 1
resource-infongt-eu5/.deleted-version-000009599-icpu5138 -> 1
resource-infongt-eu5/.deleted-version-000009599-icpu5139 -> 1
resource-infongt-eu5/.deleted-version-000009600-icpu5138 -> 1
resource-infongt-eu5/.deleted-version-000009600-icpu5139 -> 1
resource-infongt-eu5/.deleted-version-000009601-icpu5138 -> 1
resource-infongt-eu5/.deleted-version-000009601-icpu5139 -> 1
resource-infongt-eu5/.deleted-version-000009602-icpu5138 -> 1
resource-infongt-eu5/.deleted-version-000009602-icpu5139 -> 1
resource-infongt-eu5/actual-icpu5138/
resource-infongt-eu6/
resource-infongt-eu6/.deleted-log-000008063-icpu5139 -> 1
resource-infongt-eu6/.deleted-log-000008064-icpu5139 -> 1
resource-infongt-eu6/.deleted-log-000008065-icpu5139 -> 1
resource-infongt-eu6/.deleted-log-000008066-icpu5139 -> 1
resource-infongt-eu6/.deleted-log-000008067-icpu5139 -> 1
resource-infongt-eu6/.deleted-log-000008068-icpu5139 -> 1
resource-infongt-eu6/.deleted-version-000008062-icpu5138 -> 1
resource-infongt-eu6/.deleted-version-000008062-icpu5139 -> 1
resource-infongt-eu6/.deleted-version-000008063-icpu5138 -> 1
resource-infongt-eu6/.deleted-version-000008063-icpu5139 -> 1
resource-infongt-eu6/.deleted-version-000008064-icpu5138 -> 1
resource-infongt-eu6/.deleted-version-000008064-icpu5139 -> 1
resource-infongt-eu6/.deleted-version-000008065-icpu5138 -> 1
resource-infongt-eu6/.deleted-version-000008065-icpu5139 -> 1
resource-infongt-eu6/.deleted-version-000008066-icpu5138 -> 1
resource-infongt-eu6/.deleted-version-000008066-icpu5139 -> 1
resource-infongt-eu6/.deleted-version-000008067-icpu5138 -> 1
resource-infongt-eu6/.deleted-version-000008067-icpu5139 -> 1
resource-infongt-eu6/actual-icpu5138/
resource-infongt-eu7/
resource-infongt-eu7/.deleted-log-000007979-icpu5139 -> 1
resource-infongt-eu7/.deleted-log-000007980-icpu5139 -> 1
resource-infongt-eu7/.deleted-log-000007981-icpu5139 -> 1
resource-infongt-eu7/.deleted-log-000007982-icpu5139 -> 1
resource-infongt-eu7/.deleted-log-000007983-icpu5139 -> 1
resource-infongt-eu7/.deleted-log-000007984-icpu5139 -> 1
resource-infongt-eu7/.deleted-version-000007978-icpu5138 -> 1
resource-infongt-eu7/.deleted-version-000007978-icpu5139 -> 1
resource-infongt-eu7/.deleted-version-000007979-icpu5138 -> 1
resource-infongt-eu7/.deleted-version-000007979-icpu5139 -> 1
resource-infongt-eu7/.deleted-version-000007980-icpu5138 -> 1
resource-infongt-eu7/.deleted-version-000007980-icpu5139 -> 1
resource-infongt-eu7/.deleted-version-000007981-icpu5138 -> 1
resource-infongt-eu7/.deleted-version-000007981-icpu5139 -> 1
resource-infongt-eu7/.deleted-version-000007982-icpu5138 -> 1
resource-infongt-eu7/.deleted-version-000007982-icpu5139 -> 1
resource-infongt-eu7/.deleted-version-000007983-icpu5138 -> 1
resource-infongt-eu7/.deleted-version-000007983-icpu5139 -> 1
resource-infongt-eu7/.deleted-version-000008091-icpu5139 -> 1
resource-lv-0/skip-check-icpu5133 -> 000000012
resource-lv-0/actual-icpu5128/
resource-lv-0/local-icpu5133/
todo-global/

sent 1100 bytes  received 164945 bytes  332090.00 bytes/sec
total size is 104675870135  speedup is 630406.64
sending incremental file list
actual-icpu5133/
actual-icpu5139/
actual-istore2a/
resource-infong375/
resource-infong375/actual-istore2a/
resource-infong376/
resource-infong376/actual-istore2a/
resource-infongm1/.deleted-version-000140675-istore2b -> 1
resource-infongm1/actual-istore2a/
resource-infongt-eu4/actual-icpu5138/
resource-infongt-eu4/actual-icpu5139/
resource-infongt-eu4/actual-istore2a/
resource-infongt-eu5/actual-icpu5138/
resource-infongt-eu6/actual-icpu5138/
todo-global/

sent 160236 bytes  received 190 bytes  320852.00 bytes/sec
total size is 1013427  speedup is 6.32
Executing on istore2a: 'marsadm wait-cluster'
all 5 peer(s) seem to be alive
Executing on istore2a: 'marsadm view-is-attach infongt-eu4'
WARNING: cannot read symlink '/mars/resource-infongt-eu4/actual-istore2a/is-attached'
Executing on icpu5138: 'marsadm view-sync-size infongt-eu4'
Running hook: hook_get_vg hook_get_vg istore2a
Executing on istore2a: 'vgs | awk '{ print $1; }' | grep 'vginfong\|vg[0-9]\+[ab]''
Executing on istore2a: 'vgs --noheadings -o "vg_free" --units k vg2a'
vg2a REST space on 'istore2a' :   21526990848
Running hook: hook_get_vg hook_get_vg istore2b
Executing on istore2b: 'vgs | awk '{ print $1; }' | grep 'vginfong\|vg[0-9]\+[ab]''
Executing on istore2b: 'vgs --noheadings -o "vg_free" --units k vg2b'
vg2b REST space on 'istore2b' :   21554458624
Running hook: hook_get_vg hook_get_vg istore2a
Executing on istore2a: 'vgs | awk '{ print $1; }' | grep 'vginfong\|vg[0-9]\+[ab]''
Running hook: hook_get_vg hook_get_vg istore2b
Executing on istore2b: 'vgs | awk '{ print $1; }' | grep 'vginfong\|vg[0-9]\+[ab]''
Running hook: hook_get_vg hook_get_vg istore2a
Executing on istore2a: 'vgs | awk '{ print $1; }' | grep 'vginfong\|vg[0-9]\+[ab]''
Executing on istore2a: 'if [[ -e /dev/vg2a/infongt-eu4 ]]; then echo "REFUSING to overwrite /dev/vg2a/infongt-eu4 on istore2a - Do this by hand"; exit -1; fi'
Executing on istore2a: 'lvcreate -L 20000768k -n infongt-eu4 vg2a'
  Logical volume "infongt-eu4" created
Running hook: hook_get_vg hook_get_vg istore2b
Executing on istore2b: 'vgs | awk '{ print $1; }' | grep 'vginfong\|vg[0-9]\+[ab]''
Executing on istore2b: 'if [[ -e /dev/vg2b/infongt-eu4 ]]; then echo "REFUSING to overwrite /dev/vg2b/infongt-eu4 on istore2b - Do this by hand"; exit -1; fi'
Executing on istore2b: 'lvcreate -L 20000768k -n infongt-eu4 vg2b'
  Logical volume "infongt-eu4" created
Running hook: hook_join_resource hook_join_resource icpu5138 istore2a infongt-eu4 /dev/vg2a/infongt-eu4
Executing on istore2a: 'marsadm join-resource --ssh-port=24 infongt-eu4 /dev/vg2a/infongt-eu4'
Using SSH port '24' from command line.
joining to existing resource 'infongt-eu4'
block device '/dev/vg2a/infongt-eu4': determined size = 20480786432 bytes
PING icpu5138.schlund.de (10.46.12.76) 56(84) bytes of data.

--- icpu5138.schlund.de ping statistics ---
1 packets transmitted, 0 received, 100% packet loss, time 0ms

WARNING: cannot ping 'icpu5138'
PING 10.46.98.177 (10.46.98.177) 56(84) bytes of data.
64 bytes from 10.46.98.177: icmp_req=1 ttl=64 time=0.116 ms

--- 10.46.98.177 ping statistics ---
1 packets transmitted, 1 received, 0% packet loss, time 0ms
rtt min/avg/max/mdev = 0.116/0.116/0.116/0.000 ms
Linux icpu5138 3.14.79-grsec+ #1196 SMP Tue Jun 20 13:04:30 CEST 2017 x86_64 GNU/Linux
receiving incremental file list
./
.deleted-log-000014685-icpu5138 -> 1
.deleted-log-000014686-icpu5138 -> 1
.deleted-log-000014687-icpu5138 -> 1
.deleted-version-000014684-icpu5128 -> 1
.deleted-version-000014684-icpu5138 -> 1
.deleted-version-000014684-icpu5139 -> 1
.deleted-version-000014684-istore2a -> 1
.deleted-version-000014684-istore2b -> 1
.deleted-version-000014685-icpu5128 -> 1
.deleted-version-000014685-icpu5138 -> 1
.deleted-version-000014685-icpu5139 -> 1
.deleted-version-000014685-istore2a -> 1
.deleted-version-000014686-icpu5128 -> 1
.deleted-version-000014686-icpu5138 -> 1
.deleted-version-000014686-icpu5139 -> 1
.deleted-version-000014686-istore2a -> 1
.deleted-version-000014686-istore2b -> 1
replay-icpu5138 -> log-000020833-icpu5138,2425284,0
version-000020833-icpu5138 -> 5a2571d9daa91a7c823eb1db19747998,log-000020833-icpu5138,2425284:16354f78aafcc4595d7ec63b3f4c148a,log-000020832-icpu5128,586544
actual-icpu5138/
actual-istore2a/
actual-istore2b/

sent 378 bytes  received 47269 bytes  95294.00 bytes/sec
total size is 3487980  speedup is 73.20
all 5 peer(s) seem to be alive
using existing device '/dev/vg2a/infongt-eu4'
resource 'infongt-eu4' will appear as local device '/dev/mars/infongt-eu4'
creating new replaylink '/mars/resource-infongt-eu4/replay-istore2a' -> 'log-000020833-icpu5138,0,0'
creating new version symlink '/mars/resource-infongt-eu4/version-000020832-istore2a' -> '16354f78aafcc4595d7ec63b3f4c148a,log-000020832-icpu5128,586544:391d12a7946c0e0f47b42d4d72e299ed,log-000020831-icpu5128,232352'
creating new version symlink '/mars/resource-infongt-eu4/version-000020831-istore2a' -> '391d12a7946c0e0f47b42d4d72e299ed,log-000020831-icpu5128,232352:721d931d7902069f2d554472c4223eea,log-000020830-icpu5128,236448'
sending incremental file list
data-istore2a -> /dev/vg2a/infongt-eu4

sent 63 bytes  received 15 bytes  156.00 bytes/sec
total size is 21  speedup is 0.27
successfully joined resource 'infongt-eu4'
Running hook: hook_join_resource hook_join_resource icpu5138 istore2b infongt-eu4 /dev/vg2b/infongt-eu4
Executing on istore2b: 'marsadm join-resource --ssh-port=24 infongt-eu4 /dev/vg2b/infongt-eu4'
Using SSH port '24' from command line.
joining to existing resource 'infongt-eu4'
block device '/dev/vg2b/infongt-eu4': determined size = 20480786432 bytes
PING icpu5138.schlund.de (10.46.12.76) 56(84) bytes of data.

--- icpu5138.schlund.de ping statistics ---
1 packets transmitted, 0 received, 100% packet loss, time 0ms

WARNING: cannot ping 'icpu5138'
PING 10.46.98.177 (10.46.98.177) 56(84) bytes of data.
64 bytes from 10.46.98.177: icmp_req=1 ttl=61 time=0.797 ms

--- 10.46.98.177 ping statistics ---
1 packets transmitted, 1 received, 0% packet loss, time 0ms
rtt min/avg/max/mdev = 0.797/0.797/0.797/0.000 ms
Linux icpu5138 3.14.79-grsec+ #1196 SMP Tue Jun 20 13:04:30 CEST 2017 x86_64 GNU/Linux
receiving incremental file list
./
.deleted-log-000014685-icpu5138 -> 1
.deleted-log-000014686-icpu5138 -> 1
.deleted-log-000014687-icpu5138 -> 1
.deleted-version-000014684-icpu5128 -> 1
.deleted-version-000014684-icpu5138 -> 1
.deleted-version-000014684-icpu5139 -> 1
.deleted-version-000014684-istore2a -> 1
.deleted-version-000014684-istore2b -> 1
.deleted-version-000014685-icpu5128 -> 1
.deleted-version-000014685-icpu5138 -> 1
.deleted-version-000014685-icpu5139 -> 1
.deleted-version-000014685-istore2a -> 1
.deleted-version-000014686-icpu5128 -> 1
.deleted-version-000014686-icpu5138 -> 1
.deleted-version-000014686-icpu5139 -> 1
.deleted-version-000014686-istore2a -> 1
.deleted-version-000014686-istore2b -> 1
actual-icpu5133/
actual-istore2a/
actual-istore2b/
todo-istore2a/

sent 389 bytes  received 49013 bytes  98804.00 bytes/sec
total size is 3488947  speedup is 70.62
all 5 peer(s) seem to be alive
using existing device '/dev/vg2b/infongt-eu4'
resource 'infongt-eu4' will appear as local device '/dev/mars/infongt-eu4'
creating new replaylink '/mars/resource-infongt-eu4/replay-istore2b' -> 'log-000020833-icpu5138,0,0'
creating new version symlink '/mars/resource-infongt-eu4/version-000020832-istore2b' -> '16354f78aafcc4595d7ec63b3f4c148a,log-000020832-icpu5128,586544:391d12a7946c0e0f47b42d4d72e299ed,log-000020831-icpu5128,232352'
creating new version symlink '/mars/resource-infongt-eu4/version-000020831-istore2b' -> '391d12a7946c0e0f47b42d4d72e299ed,log-000020831-icpu5128,232352:721d931d7902069f2d554472c4223eea,log-000020830-icpu5128,236448'
sending incremental file list
data-istore2b -> /dev/vg2b/infongt-eu4

sent 63 bytes  received 15 bytes  156.00 bytes/sec
total size is 21  speedup is 0.27
successfully joined resource 'infongt-eu4'
Executing on istore2a: 'marsadm wait-cluster'
all 5 peer(s) seem to be alive
Executing on istore2a: 'marsadm wait-cluster'
all 5 peer(s) seem to be alive
Executing on istore2b: 'marsadm wait-cluster'
all 5 peer(s) seem to be alive
Mon Jul  3 15:36:06 CEST 2017 sync rests for 'istore2a istore2b':
Mon Jul  3 15:36:06 CEST 2017 sync rests: 13GiB 16GiB
Mon Jul  3 15:37:08 CEST 2017 sync rests: 4GiB 7GiB
Mon Jul  3 15:38:10 CEST 2017 sync rests: 0B/UpToDate 0B/UpToDate
Mon Jul  3 15:38:13 CEST 2017 sync appears to have finished at 'istore2a istore2b'
Executing on istore2a: 'marsadm wait-cluster'
all 5 peer(s) seem to be alive
Mon Jul  3 15:38:18 CEST 2017 sync rests for 'istore2a':
Mon Jul  3 15:38:18 CEST 2017 sync rests: 0B/UpToDate
Mon Jul  3 15:38:20 CEST 2017 sync appears to have finished at 'istore2a'
Running hook: hook_resource_stop hook_resource_stop icpu5138 infongt-eu4
Executing on icpu5138: 'cm3 --stop infongt-eu4 || cm3 --stop infongt-eu4 || { mountpoint /vol/infongt-eu4 && umount /vol/infongt-eu4; } || false'
Shutdown infongt-eu4.
stop: UPDATE mars_infongt-eu4  ...... OK [0s]
stop: VM::SAInfongBase: Name:	infongt-eu4
stop: VM::SAInfongBase: State:	STARTED
stop: VM::SAInfongBase: Address:	169.254.254.194
stop: infongt-eu4.schlund.de is updated.
stop: Stopping VM for infongt-eu4.schlund.de via nodeagent
stop: STOP infongt-eu4.schlund.de  ...(vmstop:120s) (dissemble:120s) (delete) ... OK [10s]
stop: VM infongt-eu4.schlund.de is stopped.
stop: Clearing VMHost for infongt-eu4.schlund.de, no longer using icpu5138.schlund.de
stop: Stopping storage for infongt-eu4.schlund.de
stop: DOWN mars_infongt-eu4  ...(wait-umount:20s) ... OK [3s]
stop: DOWN /dev/vginfong/infongt-eu4  ...... OK [0s]
stop: infongt-eu4.schlund.de is stopped.
stop: COMMAND FINISHED in 13 seconds
Shutdown of infongt-eu4.schlund.de finished.
Running hook: hook_resource_migrate hook_resource_migrate icpu5138 istore2a infongt-eu4
curl -s -u "tschoebeltheuer:Thui5Lie5eiL5osh" -X "GET" "http://clustermw:3042/nodes/icpu5138.schlund.de"
curl -s -u "tschoebeltheuer:Thui5Lie5eiL5osh" -X "GET" "http://clustermw:3042/storagehosts/istore2a.schlund.de"
Moving config from cluster 'cluster499' to cluster 'cluster2'
curl -s -u "tschoebeltheuer:Thui5Lie5eiL5osh" -X "GET" "http://clustermw:3042/vms/infongt-eu4.schlund.de"
{
   "country" : "DE",
   "hostips" : {
      "IPV6_PREFIXES" : [
         "2001:8d8:1001:6044::/64"
      ],
      "HA_IP_V6" : [
         "2001:8D8:5FF:5B:212:227:24:80"
      ],
      "HA_IP" : [
         "212.227.24.80"
      ]
   },
   "host_id" : "20212725",
   "macids" : {},
   "hvt_id" : "8048",
   "cluster" : "cluster499",
   "_links" : {
      "properties" : {
         "href" : "http://clustermw:3042/vms/infongt-eu4.schlund.de/properties"
      },
      "cluster" : {
         "href" : "http://clustermw:3042/clusters/cluster499"
      },
      "hostips" : {
         "href" : "http://clustermw:3042/vms/infongt-eu4.schlund.de/hostips"
      },
      "cluster_assoc" : {
         "href" : "http://clustermw:3042/clusters/cluster499/vms/infongt-eu4.schlund.de"
      },
      "segment" : {
         "href" : "http://clustermw:3042/segments/PraesenzNetz-20"
      },
      "segment_assoc" : {
         "href" : "http://clustermw:3042/segments/PraesenzNetz-20/vms/infongt-eu4.schlund.de"
      },
      "self" : {
         "href" : "http://clustermw:3042/vms/infongt-eu4.schlund.de"
      },
      "dns" : {
         "href" : "http://clustermw:3042/vms/infongt-eu4.schlund.de/dns"
      }
   },
   "bz_id" : "400",
   "type" : "infong",
   "hostip_params" : {
      "2001:8D8:5FF:5B:212:227:24:80" : {
         "type" : "system",
         "protocol" : "6",
         "netinterface" : "eth0"
      },
      "212.227.24.80" : {
         "type" : "system",
         "protocol" : "4",
         "netinterface" : "eth0"
      },
      "2001:8d8:1001:6044::/64" : {
         "type" : "delegation",
         "protocol" : "6",
         "netinterface" : "eth0"
      }
   },
   "segment" : "PraesenzNetz-20",
   "flavour" : "cla_perf_straf",
   "region" : "EUROPE",
   "hwclass_id" : "25125",
   "properties" : {
      "INFONG_TYPE" : "standalone",
      "OS_DEBIAN_VERSION" : "Jessie",
      "MAX_KUNDEN_PERF" : "123",
      "START_STD_APACHE" : "yes",
      "ENABLE_MOD_DEFLATE" : "yes",
      "CBI" : "Jessie",
      "TZ" : "Europe/Berlin",
      "DDOS_PROTECT" : "standard",
      "START_MYSQL" : "no",
      "MAX_KUNDEN" : "123",
      "START_SSL_APACHE" : "yes",
      "START_FTP_SERVER" : "yes",
      "DASTOOL" : "dastool7.schlund.de",
      "START_TINCAS" : "/tmp/tincas.sock",
      "START_SP_DOCROOT_APACHE" : "yes",
      "START_DAV_APACHE" : "yes",
      "DEFAULT_CHROOT_ID" : "7"
   },
   "zone" : "EUROPE",
   "name" : "infongt-eu4.schlund.de"
}
clustertool DELETE /clusters/cluster499/vms/infongt-eu4.schlund.de
curl -s -u "tschoebeltheuer:Thui5Lie5eiL5osh" -X "DELETE" "http://clustermw:3042/clusters/cluster499/vms/infongt-eu4.schlund.de"
{"_links":{"add_storagehost":{"href":"http:\/\/clustermw:3042\/clusters\/cluster499\/storagehosts\/%NAME%"},"add_vm":{"href":"http:\/\/clustermw:3042\/clusters\/cluster499\/vms\/%NAME%"},"self":{"href":"http:\/\/clustermw:3042\/clusters\/cluster499"},"vms":{"href":"http:\/\/clustermw:3042\/clusters\/cluster499\/vms"},"nodes":{"href":"http:\/\/clustermw:3042\/clusters\/cluster499\/nodes"},"add_node":{"href":"http:\/\/clustermw:3042\/clusters\/cluster499\/nodes\/%NAME%"},"storagehosts":{"href":"http:\/\/clustermw:3042\/clusters\/cluster499\/storagehosts"}},"name":"cluster499","segment":"PraesenzNetz-20","vms":{"infongt-eu5.schlund.de":{"self":{"href":"http:\/\/clustermw:3042\/vms\/infongt-eu5.schlund.de"}},"infongt-eu6.schlund.de":{"self":{"href":"http:\/\/clustermw:3042\/vms\/infongt-eu6.schlund.de"}},"infongt-eu7.schlund.de":{"self":{"href":"http:\/\/clustermw:3042\/vms\/infongt-eu7.schlund.de"}}},"properties":{"NETWORK_SEGMENT":"PraesenzNetz-20","CLUSTERCONF_SERIAL":"21"},"storagehosts":{},"bz_id":"500","nodes":{"icpu5139.schlund.de":{"self":{"href":"http:\/\/clustermw:3042\/nodes\/icpu5139.schlund.de"}},"icpu5138.schlund.de":{"self":{"href":"http:\/\/clustermw:3042\/nodes\/icpu5138.schlund.de"}}}}clustertool PUT /clusters/cluster2/vms/infongt-eu4.schlund.de
curl -s -u "tschoebeltheuer:Thui5Lie5eiL5osh" -X "PUT" "http://clustermw:3042/clusters/cluster2/vms/infongt-eu4.schlund.de"
{"_links":{"add_storagehost":{"href":"http:\/\/clustermw:3042\/clusters\/cluster2\/storagehosts\/%NAME%"},"add_vm":{"href":"http:\/\/clustermw:3042\/clusters\/cluster2\/vms\/%NAME%"},"self":{"href":"http:\/\/clustermw:3042\/clusters\/cluster2"},"vms":{"href":"http:\/\/clustermw:3042\/clusters\/cluster2\/vms"},"add_node":{"href":"http:\/\/clustermw:3042\/clusters\/cluster2\/nodes\/%NAME%"},"storagehosts":{"href":"http:\/\/clustermw:3042\/clusters\/cluster2\/storagehosts"},"nodes":{"href":"http:\/\/clustermw:3042\/clusters\/cluster2\/nodes"},"manage":[{"href":"http:\/\/istore2b.schlund.de:2424\/"},{"href":"http:\/\/istore2a.schlund.de:2424\/"}]},"name":"cluster2","segment":"PraesenzNetz-II","vms":{"infongt-eu4.schlund.de":{"self":{"href":"http:\/\/clustermw:3042\/vms\/infongt-eu4.schlund.de"}},"infong375.schlund.de":{"self":{"href":"http:\/\/clustermw:3042\/vms\/infong375.schlund.de"}},"infong376.schlund.de":{"self":{"href":"http:\/\/clustermw:3042\/vms\/infong376.schlund.de"}},"infongm1.schlund.de":{"self":{"href":"http:\/\/clustermw:3042\/vms\/infongm1.schlund.de"}}},"properties":{"NETWORK_SEGMENT":"PraesenzNetz-II","SYSTEM_TYPE":"CLUSTER_SHARED_HOSTING_LINUX","CLUSTERCONF_SERIAL":"29"},"storagehosts":{"istore2b.schlund.de":{"self":{"href":"http:\/\/clustermw:3042\/storagehosts\/istore2b.schlund.de"}},"istore2a.schlund.de":{"self":{"href":"http:\/\/clustermw:3042\/storagehosts\/istore2a.schlund.de"}}},"bz_id":"20000","nodes":{"icpu20.schlund.de":{"self":{"href":"http:\/\/clustermw:3042\/nodes\/icpu20.schlund.de"}},"icpu623.schlund.de":{"self":{"href":"http:\/\/clustermw:3042\/nodes\/icpu623.schlund.de"}},"icpu16.schlund.de":{"self":{"href":"http:\/\/clustermw:3042\/nodes\/icpu16.schlund.de"}},"icpu21.schlund.de":{"self":{"href":"http:\/\/clustermw:3042\/nodes\/icpu21.schlund.de"}},"icpu179.schlund.de":{"self":{"href":"http:\/\/clustermw:3042\/nodes\/icpu179.schlund.de"}},"icpu15.schlund.de":{"self":{"href":"http:\/\/clustermw:3042\/nodes\/icpu15.schlund.de"}},"icpu18.schlund.de":{"self":{"href":"http:\/\/clustermw:3042\/nodes\/icpu18.schlund.de"}},"icpu177.schlund.de":{"self":{"href":"http:\/\/clustermw:3042\/nodes\/icpu177.schlund.de"}},"icpu17.schlund.de":{"self":{"href":"http:\/\/clustermw:3042\/nodes\/icpu17.schlund.de"}},"icpu180.schlund.de":{"self":{"href":"http:\/\/clustermw:3042\/nodes\/icpu180.schlund.de"}},"icpu624.schlund.de":{"self":{"href":"http:\/\/clustermw:3042\/nodes\/icpu624.schlund.de"}},"icpu19.schlund.de":{"self":{"href":"http:\/\/clustermw:3042\/nodes\/icpu19.schlund.de"}},"icpu178.schlund.de":{"self":{"href":"http:\/\/clustermw:3042\/nodes\/icpu178.schlund.de"}}}}curl -s -u "tschoebeltheuer:Thui5Lie5eiL5osh" -X "GET" "http://clustermw:3042/vms/infongt-eu4.schlund.de"
{
   "hostip_params" : {
      "2001:8d8:1001:6044::/64" : {
         "protocol" : "6",
         "type" : "delegation",
         "netinterface" : "eth0"
      },
      "212.227.24.80" : {
         "type" : "system",
         "netinterface" : "eth0",
         "protocol" : "4"
      },
      "2001:8D8:5FF:5B:212:227:24:80" : {
         "netinterface" : "eth0",
         "type" : "system",
         "protocol" : "6"
      }
   },
   "zone" : "EUROPE",
   "hvt_id" : "8048",
   "bz_id" : "400",
   "cluster" : "cluster2",
   "properties" : {
      "START_DAV_APACHE" : "yes",
      "INFONG_TYPE" : "standalone",
      "DASTOOL" : "dastool7.schlund.de",
      "ENABLE_MOD_DEFLATE" : "yes",
      "START_SSL_APACHE" : "yes",
      "MAX_KUNDEN_PERF" : "123",
      "OS_DEBIAN_VERSION" : "Jessie",
      "CBI" : "Jessie",
      "START_SP_DOCROOT_APACHE" : "yes",
      "DEFAULT_CHROOT_ID" : "7",
      "START_FTP_SERVER" : "yes",
      "START_MYSQL" : "no",
      "DDOS_PROTECT" : "standard",
      "START_STD_APACHE" : "yes",
      "TZ" : "Europe/Berlin",
      "START_TINCAS" : "/tmp/tincas.sock",
      "MAX_KUNDEN" : "123"
   },
   "hostips" : {
      "HA_IP_V6" : [
         "2001:8D8:5FF:5B:212:227:24:80"
      ],
      "HA_IP" : [
         "212.227.24.80"
      ],
      "IPV6_PREFIXES" : [
         "2001:8d8:1001:6044::/64"
      ]
   },
   "type" : "infong",
   "segment" : "PraesenzNetz-20",
   "flavour" : "cla_perf_straf",
   "region" : "EUROPE",
   "country" : "DE",
   "name" : "infongt-eu4.schlund.de",
   "host_id" : "20212725",
   "hwclass_id" : "25125",
   "_links" : {
      "cluster_assoc" : {
         "href" : "http://clustermw:3042/clusters/cluster2/vms/infongt-eu4.schlund.de"
      },
      "dns" : {
         "href" : "http://clustermw:3042/vms/infongt-eu4.schlund.de/dns"
      },
      "segment_assoc" : {
         "href" : "http://clustermw:3042/segments/PraesenzNetz-20/vms/infongt-eu4.schlund.de"
      },
      "cluster" : {
         "href" : "http://clustermw:3042/clusters/cluster2"
      },
      "properties" : {
         "href" : "http://clustermw:3042/vms/infongt-eu4.schlund.de/properties"
      },
      "segment" : {
         "href" : "http://clustermw:3042/segments/PraesenzNetz-20"
      },
      "self" : {
         "href" : "http://clustermw:3042/vms/infongt-eu4.schlund.de"
      },
      "hostips" : {
         "href" : "http://clustermw:3042/vms/infongt-eu4.schlund.de/hostips"
      }
   },
   "macids" : {}
}
diff: ./json-backup.2017-07-03_15.33.21/infongt-eu4.pp.old.json: No such file or directory
diff: ./json-backup.2017-07-03_15.33.21/infongt-eu4.pp.new.json: No such file or directory
curl -s -u "tschoebeltheuer:Thui5Lie5eiL5osh" -X "PUT" "http://clustermw:3042/clusters/cluster499/properties/CLUSTERCONF_SERIAL"
{"properties":{"NETWORK_SEGMENT":"PraesenzNetz-20","CLUSTERCONF_SERIAL":"22"}}curl -s -u "tschoebeltheuer:Thui5Lie5eiL5osh" -X "PUT" "http://clustermw:3042/clusters/cluster2/properties/CLUSTERCONF_SERIAL"
{"properties":{"NETWORK_SEGMENT":"PraesenzNetz-II","SYSTEM_TYPE":"CLUSTER_SHARED_HOSTING_LINUX","CLUSTERCONF_SERIAL":"30"}}Executing on icpu5138: 'cm3 --update --force'
Update started.
Update of cluster finished.
Executing on istore2a: 'cm3 --update --force'
Update started.
Update of cluster finished.
Executing on icpu5138: 'service clustermanager restart'
Executing on istore2a: 'service clustermanager restart'
Updating Clustermanager config: daemon.conf.
Restarting Clustermanager: clustermanagerd (quit) (start).
Running hook: hook_resource_start hook_resource_start istore2a infongt-eu4
Executing on istore2a: 'marsadm wait-cluster'
all 5 peer(s) seem to be alive
Executing on istore2a: 'service clustermanager restart'
Updating Clustermanager config: daemon.conf.
Restarting Clustermanager: clustermanagerd (quit) (start).
Executing on istore2a: 'marsadm primary infongt-eu4'
---------------------------- check preconditions:
Current designated primary: icpu5138
OK, it seems that sync has finished on host 'istore2a'.
OK, it seems that sync has finished on host 'icpu5128'.
OK, it seems that sync has finished on host 'icpu5133'.
OK, it seems that sync has finished on host 'icpu5139'.
OK, it seems that sync has finished on host 'istore2b'.
OK, '/mars/resource-infongt-eu4/todo-istore2a/attach' has acceptable value '1'
OK, '/mars/resource-infongt-eu4/todo-istore2a/connect' has acceptable value '1'
OK, '/mars/resource-infongt-eu4/todo-istore2a/allow-replay' has acceptable value '1'
all preconditions OK for resource 'infongt-eu4'
---------------------------- leave primary state:
all 5 peer(s) seem to be alive
designated primary changed from 'icpu5138' to '(none)'
---------------------------- wait when necessary:
waiting for other primary host (icpu5138) to disappear....
waiting for other primary host (icpu5138) to disappear....
---------------------------- switch to primary:
designated primary changed from '(none)' to 'istore2a'
---------------------------- wait for device:
device '/dev/mars/infongt-eu4' not yet present
device '/dev/mars/infongt-eu4' not yet present
device '/dev/mars/infongt-eu4' not yet present
device '/dev/mars/infongt-eu4' not yet present
device '/dev/mars/infongt-eu4' not yet present
device '/dev/mars/infongt-eu4' not yet present
device '/dev/mars/infongt-eu4' is present
Executing on istore2a: 'cm3 --stop infongt-eu4; cm3 --start infongt-eu4 || { cm3 --stop infongt-eu4; cm3 --start infongt-eu4; } || false'
Shutdown infongt-eu4.
stop: UPDATE mars_infongt-eu4  ...... OK [0s]
stop: UPDATE iet_infongt-eu4 ...... OK
stop: infongt-eu4.schlund.de is updated.
stop: Skipped 'vmhandler_stop' since no VMHost is linked with infongt-eu4.schlund.de
stop: Skipped 'update_vmhost' since no VMHost is linked with infongt-eu4.schlund.de
stop: Skipped 'update_prev_vmhost' since no previous VMHost is linked with infongt-eu4.schlund.de
stop: VM infongt-eu4.schlund.de is stopped.
stop: Stopping storage for infongt-eu4.schlund.de
stop: DOWN iet_infongt-eu4  ...... OK (skipped) [0s]
stop: DOWN mars_infongt-eu4  ...(wait-umount:20s) (switch-secondary:120s) ... OK [4s]
stop: DOWN /dev/vg2a/infongt-eu4  ...... OK [0s]
stop: infongt-eu4.schlund.de is stopped.
stop: COMMAND FINISHED in 4 seconds
Shutdown of infongt-eu4.schlund.de finished.
Startup infongt-eu4.
start: UPDATE mars_infongt-eu4  ...... OK [0s]
start: UPDATE iet_infongt-eu4 ...... OK
start: infongt-eu4.schlund.de is updated.
start: Using VMHost 'icpu15.schlund.de' (policy: 'free')
start: Reserving VMHost icpu15.schlund.de
start: Starting storage for infongt-eu4.schlund.de
start: UP /dev/vg2a/infongt-eu4  ...... OK (skipped) [0s]
start: UP mars_infongt-eu4  ...(switch-primary:120s) ... OK [7s]
start: UP iet_infongt-eu4  ...(create_tid) (create_lun) (config_user) ... OK [3s]
start: START infongt-eu4.schlund.de  ...(init) (assemble:300s) (vmstart:300s) ... OK [3s]
start: UPDATE icpu15.schlund.de  ...... OK [1s]
start: icpu15.schlund.de is updated.
start: infongt-eu4.schlund.de is started.
start: COMMAND FINISHED in 14 seconds
Startup of infongt-eu4.schlund.de finished.
Running hook: hook_secondary_migrate hook_secondary_migrate istore2b
Executing on istore2b: 'cm3 --update --force'
Update started.
Update of cluster finished.
DONE Mon Jul  3 15:40:11 CEST 2017
