./migrate-resource.sh migrate infongt-eu4 icpu5138 icpu5139
operation=migrate
res=infongt-eu4
target_primary=icpu5138
target_secondary=icpu5139
Sourcing hooks in './hooks-cm3.sh'
Using clustermw username: 'tschoebeltheuer'
Determined the following CURRENT hypervisor: "icpu5128"
Determined the following CURRENT primary: "icpu5128"
PING icpu5128.schlund.de (10.46.12.75) 56(84) bytes of data.
64 bytes from icpu5128.schlund.de (10.46.12.75): icmp_seq=1 ttl=59 time=0.528 ms

--- icpu5128.schlund.de ping statistics ---
1 packets transmitted, 1 received, 0% packet loss, time 0ms
rtt min/avg/max/mdev = 0.528/0.528/0.528/0.000 ms
PING icpu5128.schlund.de (10.46.12.75) 56(84) bytes of data.
64 bytes from icpu5128.schlund.de (10.46.12.75): icmp_seq=1 ttl=59 time=0.503 ms

--- icpu5128.schlund.de ping statistics ---
1 packets transmitted, 1 received, 0% packet loss, time 0ms
rtt min/avg/max/mdev = 0.503/0.503/0.503/0.000 ms
/mars is a mountpoint
  infongt-eu4 UpToDate Replicating DCASFR Primary icpu5128 
ERRORS   FILE (1): available with --verbose
/vol/infongt-eu4 is a mountpoint
Determined the following secondaries: 'icpu5133'
PING icpu5133.schlund.de (10.46.28.75) 56(84) bytes of data.
64 bytes from icpu5133.schlund.de (10.46.28.75): icmp_seq=1 ttl=58 time=1.27 ms

--- icpu5133.schlund.de ping statistics ---
1 packets transmitted, 1 received, 0% packet loss, time 0ms
rtt min/avg/max/mdev = 1.278/1.278/1.278/0.000 ms
PING icpu5138.schlund.de (10.46.12.76) 56(84) bytes of data.
64 bytes from icpu5138.schlund.de (10.46.12.76): icmp_seq=1 ttl=59 time=0.273 ms

--- icpu5138.schlund.de ping statistics ---
1 packets transmitted, 1 received, 0% packet loss, time 0ms
rtt min/avg/max/mdev = 0.273/0.273/0.273/0.000 ms
PING icpu5139.schlund.de (10.46.28.76) 56(84) bytes of data.
64 bytes from icpu5139.schlund.de (10.46.28.76): icmp_seq=1 ttl=58 time=1.26 ms

--- icpu5139.schlund.de ping statistics ---
1 packets transmitted, 1 received, 0% packet loss, time 0ms
rtt min/avg/max/mdev = 1.265/1.265/1.265/0.000 ms
Using the following TARGET primary:   "icpu5138"
Using the following TARGET secondary: "icpu5139"
[CONFIRM: Press Return to continue, ^C to abort] 
Running hook: hook_prepare_hosts hook_prepare_hosts icpu5128 icpu5133 icpu5138 icpu5139
Executing on icpu5128: 'service ui-firewalling stop || /etc/init.d/firewalling stop'
Executing on icpu5133: 'service ui-firewalling stop || /etc/init.d/firewalling stop'
Executing on icpu5138: 'service ui-firewalling stop || /etc/init.d/firewalling stop'
Executing on icpu5139: 'service ui-firewalling stop || /etc/init.d/firewalling stop'
Running hook: hook_merge_cluster hook_merge_cluster icpu5128 icpu5138
Executing on icpu5128: 'marsadm lowlevel-ls-host-ips'
WARNING: EXPERTS ONLY -- risky lowlevel command 'lowlevel-ls-host-ips'
Peer 'icpu5128' has IP '10.46.98.175'
Executing on icpu5138: 'marsadm merge-cluster --ssh-port=24 10.46.98.175'
Using SSH port '24' from command line.
Linux icpu5138 3.14.79-grsec+ #1196 SMP Tue Jun 20 13:04:30 CEST 2017 x86_64 GNU/Linux
PING 10.46.98.175 (10.46.98.175) 56(84) bytes of data.
64 bytes from 10.46.98.175: icmp_seq=1 ttl=64 time=0.041 ms

--- 10.46.98.175 ping statistics ---
1 packets transmitted, 1 received, 0% packet loss, time 0ms
rtt min/avg/max/mdev = 0.041/0.041/0.041/0.000 ms
Linux icpu5128 3.14.79-grsec+ #1196 SMP Tue Jun 20 13:04:30 CEST 2017 x86_64 GNU/Linux
Linux icpu5128 3.14.79-grsec+ #1196 SMP Tue Jun 20 13:04:30 CEST 2017 x86_64 GNU/Linux
PING icpu5128.schlund.de (10.46.12.75) 56(84) bytes of data.
64 bytes from icpu5128.schlund.de (10.46.12.75): icmp_seq=1 ttl=64 time=0.048 ms

--- icpu5128.schlund.de ping statistics ---
1 packets transmitted, 1 received, 0% packet loss, time 0ms
rtt min/avg/max/mdev = 0.048/0.048/0.048/0.000 ms
Linux icpu5128 3.14.79-grsec+ #1196 SMP Tue Jun 20 13:04:30 CEST 2017 x86_64 GNU/Linux
Linux icpu5128 3.14.79-grsec+ #1196 SMP Tue Jun 20 13:04:30 CEST 2017 x86_64 GNU/Linux
PING icpu5133.schlund.de (10.46.28.75) 56(84) bytes of data.
64 bytes from icpu5133.schlund.de (10.46.28.75): icmp_seq=1 ttl=58 time=0.846 ms

--- icpu5133.schlund.de ping statistics ---
1 packets transmitted, 1 received, 0% packet loss, time 0ms
rtt min/avg/max/mdev = 0.846/0.846/0.846/0.000 ms
ssh: connect to host icpu5133 port 24: Connection timed out
ssh: connect to host icpu5133 port 22: Connection refused
ssh: connect to host icpu5133 port 24: Connection timed out
WARNING: SSH to 'icpu5133' does not work on any port
PING 10.46.102.189 (10.46.102.189) 56(84) bytes of data.
64 bytes from 10.46.102.189: icmp_seq=1 ttl=61 time=0.802 ms

--- 10.46.102.189 ping statistics ---
1 packets transmitted, 1 received, 0% packet loss, time 0ms
rtt min/avg/max/mdev = 0.802/0.802/0.802/0.000 ms
Linux icpu5133 3.14.79-grsec+ #1196 SMP Tue Jun 20 13:04:30 CEST 2017 x86_64 GNU/Linux
Linux icpu5133 3.14.79-grsec+ #1196 SMP Tue Jun 20 13:04:30 CEST 2017 x86_64 GNU/Linux
PING icpu5139 (10.46.102.191) 56(84) bytes of data.
64 bytes from icpu5139 (10.46.102.191): icmp_seq=1 ttl=61 time=0.812 ms

--- icpu5139 ping statistics ---
1 packets transmitted, 1 received, 0% packet loss, time 0ms
rtt min/avg/max/mdev = 0.812/0.812/0.812/0.000 ms
Linux icpu5139 3.14.79-grsec+ #1196 SMP Tue Jun 20 13:04:30 CEST 2017 x86_64 GNU/Linux
Linux icpu5139 3.14.79-grsec+ #1196 SMP Tue Jun 20 13:04:30 CEST 2017 x86_64 GNU/Linux
PING istore2a.schlund.de (10.46.98.4) 56(84) bytes of data.
64 bytes from istore2a.schlund.de (10.46.98.4): icmp_seq=1 ttl=64 time=0.123 ms

--- istore2a.schlund.de ping statistics ---
1 packets transmitted, 1 received, 0% packet loss, time 0ms
rtt min/avg/max/mdev = 0.123/0.123/0.123/0.000 ms
ssh: connect to host istore2a port 24: Connection refused
Linux istore2a 3.2.45-istore-20130805 #1 SMP Mon Aug 5 13:36:58 CEST 2013 x86_64 GNU/Linux
Linux istore2a 3.2.45-istore-20130805 #1 SMP Mon Aug 5 13:36:58 CEST 2013 x86_64 GNU/Linux
PING istore2b.schlund.de (10.46.102.2) 56(84) bytes of data.
64 bytes from istore2b.schlund.de (10.46.102.2): icmp_seq=1 ttl=61 time=0.942 ms

--- istore2b.schlund.de ping statistics ---
1 packets transmitted, 1 received, 0% packet loss, time 0ms
rtt min/avg/max/mdev = 0.942/0.942/0.942/0.000 ms
ssh: connect to host istore2b port 24: Connection refused
Linux istore2b 3.2.45-istore-20130805 #1 SMP Mon Aug 5 13:36:58 CEST 2013 x86_64 GNU/Linux
Linux istore2b 3.2.45-istore-20130805 #1 SMP Mon Aug 5 13:36:58 CEST 2013 x86_64 GNU/Linux
Other cluster peer '10.46.98.175' has the same UUID.
No resource name checking necessary.
Operation 'merge-cluster' will therfore work logically idempotent.
receiving incremental file list

sent 20 bytes  received 82 bytes  204.00 bytes/sec
total size is 38  speedup is 0.37
sending incremental file list

sent 82 bytes  received 12 bytes  62.67 bytes/sec
total size is 38  speedup is 0.40
sending incremental file list

sent 82 bytes  received 12 bytes  188.00 bytes/sec
total size is 38  speedup is 0.40
sending incremental file list

sent 82 bytes  received 12 bytes  188.00 bytes/sec
total size is 38  speedup is 0.40
sending incremental file list

sent 76 bytes  received 11 bytes  174.00 bytes/sec
total size is 38  speedup is 0.44
sending incremental file list

sent 76 bytes  received 11 bytes  174.00 bytes/sec
total size is 38  speedup is 0.44
receiving incremental file list
./
actual-icpu5128/
actual-icpu5133/
actual-icpu5138/
actual-icpu5139/
actual-istore2a/
actual-istore2b/
resource-infong375/
resource-infong375/.deleted-log-000141005-istore2b -> 1
resource-infong375/.deleted-log-000141007-istore2b -> 1
resource-infong375/.deleted-log-000141008-istore2b -> 1
resource-infong375/.deleted-log-000141009-istore2b -> 1
resource-infong375/.deleted-log-000141010-istore2b -> 1
resource-infong375/.deleted-log-000141011-istore2b -> 1
resource-infong375/.deleted-version-000141004-istore2a -> 1
resource-infong375/.deleted-version-000141004-istore2b -> 1
resource-infong375/.deleted-version-000141006-istore2a -> 1
resource-infong375/.deleted-version-000141006-istore2b -> 1
resource-infong375/.deleted-version-000141007-istore2a -> 1
resource-infong375/.deleted-version-000141007-istore2b -> 1
resource-infong375/.deleted-version-000141008-istore2a -> 1
resource-infong375/.deleted-version-000141009-istore2a -> 1
resource-infong375/.deleted-version-000141009-istore2b -> 1
resource-infong375/.deleted-version-000141010-istore2a -> 1
resource-infong375/.deleted-version-000141010-istore2b -> 1
resource-infong375/actual-istore2a/
resource-infong375/actual-istore2b/
resource-infong376/
resource-infong376/.deleted-log-000140977-istore2b -> 1
resource-infong376/.deleted-log-000140979-istore2b -> 1
resource-infong376/.deleted-log-000140980-istore2b -> 1
resource-infong376/.deleted-log-000140981-istore2b -> 1
resource-infong376/.deleted-log-000140982-istore2b -> 1
resource-infong376/.deleted-log-000140983-istore2b -> 1
resource-infong376/.deleted-version-000140976-istore2a -> 1
resource-infong376/.deleted-version-000140976-istore2b -> 1
resource-infong376/.deleted-version-000140978-istore2a -> 1
resource-infong376/.deleted-version-000140978-istore2b -> 1
resource-infong376/.deleted-version-000140979-istore2a -> 1
resource-infong376/.deleted-version-000140979-istore2b -> 1
resource-infong376/.deleted-version-000140980-istore2a -> 1
resource-infong376/.deleted-version-000140980-istore2b -> 1
resource-infong376/.deleted-version-000140981-istore2a -> 1
resource-infong376/.deleted-version-000140981-istore2b -> 1
resource-infong376/.deleted-version-000140982-istore2a -> 1
resource-infong376/actual-istore2a/
resource-infong376/actual-istore2b/
resource-infongm1/
resource-infongm1/.deleted-log-000140710-istore2b -> 1
resource-infongm1/.deleted-log-000140712-istore2b -> 1
resource-infongm1/.deleted-log-000140713-istore2b -> 1
resource-infongm1/.deleted-log-000140714-istore2b -> 1
resource-infongm1/.deleted-log-000140715-istore2b -> 1
resource-infongm1/.deleted-log-000140716-istore2b -> 1
resource-infongm1/.deleted-version-000140709-istore2a -> 1
resource-infongm1/.deleted-version-000140709-istore2b -> 1
resource-infongm1/.deleted-version-000140711-istore2a -> 1
resource-infongm1/.deleted-version-000140712-istore2a -> 1
resource-infongm1/.deleted-version-000140712-istore2b -> 1
resource-infongm1/.deleted-version-000140713-istore2a -> 1
resource-infongm1/.deleted-version-000140713-istore2b -> 1
resource-infongm1/.deleted-version-000140714-istore2a -> 1
resource-infongm1/.deleted-version-000140715-istore2a -> 1
resource-infongm1/.deleted-version-000140715-istore2b -> 1
resource-infongm1/actual-istore2a/
resource-infongm1/actual-istore2b/
resource-infongt-eu4/
resource-infongt-eu4/.deleted-actsize-icpu5138 -> 1
resource-infongt-eu4/.deleted-actsize-icpu5139 -> 1
resource-infongt-eu4/.deleted-actsize-istore2a -> 1
resource-infongt-eu4/.deleted-actsize-istore2b -> 1
resource-infongt-eu4/.deleted-data-icpu5138 -> 1
resource-infongt-eu4/.deleted-data-icpu5139 -> 1
resource-infongt-eu4/.deleted-data-istore2a -> 1
resource-infongt-eu4/.deleted-data-istore2b -> 1
resource-infongt-eu4/.deleted-device-icpu5138 -> 1
resource-infongt-eu4/.deleted-device-icpu5139 -> 1
resource-infongt-eu4/.deleted-device-istore2a -> 1
resource-infongt-eu4/.deleted-device-istore2b -> 1
resource-infongt-eu4/.deleted-log-000020823-icpu5138 -> 1
resource-infongt-eu4/.deleted-log-000020824-icpu5138 -> 1
resource-infongt-eu4/.deleted-log-000020827-icpu5128 -> 1
resource-infongt-eu4/.deleted-log-000020828-icpu5128 -> 1
resource-infongt-eu4/.deleted-log-000020829-icpu5128 -> 1
resource-infongt-eu4/.deleted-replay-icpu5138 -> 1
resource-infongt-eu4/.deleted-replay-icpu5139 -> 1
resource-infongt-eu4/.deleted-replay-istore2a -> 1
resource-infongt-eu4/.deleted-replay-istore2b -> 1
resource-infongt-eu4/.deleted-skip-check-icpu5138 -> 1
resource-infongt-eu4/.deleted-skip-check-icpu5139 -> 1
resource-infongt-eu4/.deleted-skip-check-istore2a -> 1
resource-infongt-eu4/.deleted-skip-check-istore2b -> 1
resource-infongt-eu4/.deleted-syncpos-icpu5138 -> 1
resource-infongt-eu4/.deleted-syncpos-icpu5139 -> 1
resource-infongt-eu4/.deleted-syncpos-istore2b -> 1
resource-infongt-eu4/.deleted-syncstatus-icpu5138 -> 1
resource-infongt-eu4/.deleted-syncstatus-icpu5139 -> 1
resource-infongt-eu4/.deleted-syncstatus-istore2a -> 1
resource-infongt-eu4/.deleted-syncstatus-istore2b -> 1
resource-infongt-eu4/.deleted-verifystatus-icpu5138 -> 1
resource-infongt-eu4/.deleted-verifystatus-icpu5139 -> 1
resource-infongt-eu4/.deleted-verifystatus-istore2b -> 1
resource-infongt-eu4/.deleted-version-000020822-icpu5128 -> 1
resource-infongt-eu4/.deleted-version-000020822-icpu5133 -> 1
resource-infongt-eu4/.deleted-version-000020822-icpu5138 -> 1
resource-infongt-eu4/.deleted-version-000020822-icpu5139 -> 1
resource-infongt-eu4/.deleted-version-000020822-istore2a -> 1
resource-infongt-eu4/.deleted-version-000020822-istore2b -> 1
resource-infongt-eu4/.deleted-version-000020823-icpu5128 -> 1
resource-infongt-eu4/.deleted-version-000020823-icpu5133 -> 1
resource-infongt-eu4/.deleted-version-000020823-icpu5138 -> 1
resource-infongt-eu4/.deleted-version-000020823-icpu5139 -> 1
resource-infongt-eu4/.deleted-version-000020823-istore2a -> 1
resource-infongt-eu4/.deleted-version-000020823-istore2b -> 1
resource-infongt-eu4/.deleted-version-000020824-istore2b -> 1
resource-infongt-eu4/.deleted-version-000020826-icpu5128 -> 1
resource-infongt-eu4/.deleted-version-000020826-icpu5133 -> 1
resource-infongt-eu4/.deleted-version-000020826-icpu5138 -> 1
resource-infongt-eu4/.deleted-version-000020826-icpu5139 -> 1
resource-infongt-eu4/.deleted-version-000020826-istore2a -> 1
resource-infongt-eu4/.deleted-version-000020827-icpu5128 -> 1
resource-infongt-eu4/.deleted-version-000020827-icpu5133 -> 1
resource-infongt-eu4/.deleted-version-000020827-icpu5138 -> 1
resource-infongt-eu4/.deleted-version-000020827-icpu5139 -> 1
resource-infongt-eu4/.deleted-version-000020827-istore2a -> 1
resource-infongt-eu4/.deleted-version-000020828-icpu5128 -> 1
resource-infongt-eu4/.deleted-version-000020828-icpu5133 -> 1
resource-infongt-eu4/.deleted-version-000020828-icpu5138 -> 1
resource-infongt-eu4/.deleted-version-000020829-icpu5138 -> 1
resource-infongt-eu4/.deleted-version-000020830-icpu5138 -> 1
resource-infongt-eu4/.deleted-version-000020830-icpu5139 -> 1
resource-infongt-eu4/.deleted-version-000020830-istore2a -> 1
resource-infongt-eu4/skip-check-icpu5128 -> 000020824
resource-infongt-eu4/actual-icpu5128/
resource-infongt-eu4/actual-icpu5133/
resource-infongt-eu4/actual-icpu5138/.deleted- -> 1
resource-infongt-eu4/actual-icpu5138/.deleted-copy-syncstatus-icpu5138 -> 1
resource-infongt-eu4/actual-icpu5138/.deleted-device-icpu5138 -> 1
resource-infongt-eu4/actual-icpu5138/.deleted-file_rate -> 1
resource-infongt-eu4/actual-icpu5138/.deleted-has-emergency -> 1
resource-infongt-eu4/actual-icpu5138/.deleted-is-attached -> 1
resource-infongt-eu4/actual-icpu5138/.deleted-is-copying -> 1
resource-infongt-eu4/actual-icpu5138/.deleted-is-emergency -> 1
resource-infongt-eu4/actual-icpu5138/.deleted-is-primary -> 1
resource-infongt-eu4/actual-icpu5138/.deleted-is-replaying -> 1
resource-infongt-eu4/actual-icpu5138/.deleted-is-syncing -> 1
resource-infongt-eu4/actual-icpu5138/.deleted-logfile-update -> 1
resource-infongt-eu4/actual-icpu5138/.deleted-msg-err-bad-log-name -> 1
resource-infongt-eu4/actual-icpu5138/.deleted-msg-err-emergency -> 1
resource-infongt-eu4/actual-icpu5138/.deleted-msg-err-log-not-contiguous -> 1
resource-infongt-eu4/actual-icpu5138/.deleted-msg-err-replay-size -> 1
resource-infongt-eu4/actual-icpu5138/.deleted-msg-err-replay-stop -> 1
resource-infongt-eu4/actual-icpu5138/.deleted-msg-err-replaylink-not-readable -> 1
resource-infongt-eu4/actual-icpu5138/.deleted-msg-err-sequence-trash -> 1
resource-infongt-eu4/actual-icpu5138/.deleted-msg-err-space-low -> 1
resource-infongt-eu4/actual-icpu5138/.deleted-msg-err-splitbrain-detected -> 1
resource-infongt-eu4/actual-icpu5138/.deleted-msg-err-versionlink-not-readable -> 1
resource-infongt-eu4/actual-icpu5138/.deleted-msg-err-versionlink-skip -> 1
resource-infongt-eu4/actual-icpu5138/.deleted-msg-inf-fetch -> 1
resource-infongt-eu4/actual-icpu5138/.deleted-msg-inf-replay-not-yet-finished -> 1
resource-infongt-eu4/actual-icpu5138/.deleted-msg-inf-replay-start -> 1
resource-infongt-eu4/actual-icpu5138/.deleted-msg-inf-replay-tolerance -> 1
resource-infongt-eu4/actual-icpu5138/.deleted-msg-inf-sync -> 1
resource-infongt-eu4/actual-icpu5138/.deleted-msg-inf-versionlink-not-equal -> 1
resource-infongt-eu4/actual-icpu5138/.deleted-msg-inf-versionlink-not-yet-exist -> 1
resource-infongt-eu4/actual-icpu5138/.deleted-msg-wrn-log-consecutive -> 1
resource-infongt-eu4/actual-icpu5138/.deleted-msg-wrn-space-low -> 1
resource-infongt-eu4/actual-icpu5138/.deleted-open-count -> 1
resource-infongt-eu4/actual-icpu5138/.deleted-replay-code -> 1
resource-infongt-eu4/actual-icpu5138/.deleted-replay_rate -> 1
resource-infongt-eu4/actual-icpu5138/.deleted-sync_rate -> 1
resource-infongt-eu4/actual-icpu5139/
resource-infongt-eu4/actual-icpu5139/.deleted- -> 1
resource-infongt-eu4/actual-icpu5139/.deleted-copy-syncstatus-icpu5139 -> 1
resource-infongt-eu4/actual-icpu5139/.deleted-file_rate -> 1
resource-infongt-eu4/actual-icpu5139/.deleted-has-emergency -> 1
resource-infongt-eu4/actual-icpu5139/.deleted-is-attached -> 1
resource-infongt-eu4/actual-icpu5139/.deleted-is-copying -> 1
resource-infongt-eu4/actual-icpu5139/.deleted-is-emergency -> 1
resource-infongt-eu4/actual-icpu5139/.deleted-is-primary -> 1
resource-infongt-eu4/actual-icpu5139/.deleted-is-replaying -> 1
resource-infongt-eu4/actual-icpu5139/.deleted-is-syncing -> 1
resource-infongt-eu4/actual-icpu5139/.deleted-logfile-update -> 1
resource-infongt-eu4/actual-icpu5139/.deleted-msg-err-bad-log-name -> 1
resource-infongt-eu4/actual-icpu5139/.deleted-msg-err-emergency -> 1
resource-infongt-eu4/actual-icpu5139/.deleted-msg-err-log-not-contiguous -> 1
resource-infongt-eu4/actual-icpu5139/.deleted-msg-err-replay-size -> 1
resource-infongt-eu4/actual-icpu5139/.deleted-msg-err-replay-stop -> 1
resource-infongt-eu4/actual-icpu5139/.deleted-msg-err-replaylink-not-readable -> 1
resource-infongt-eu4/actual-icpu5139/.deleted-msg-err-sequence-trash -> 1
resource-infongt-eu4/actual-icpu5139/.deleted-msg-err-space-low -> 1
resource-infongt-eu4/actual-icpu5139/.deleted-msg-err-splitbrain-detected -> 1
resource-infongt-eu4/actual-icpu5139/.deleted-msg-err-versionlink-not-readable -> 1
resource-infongt-eu4/actual-icpu5139/.deleted-msg-err-versionlink-skip -> 1
resource-infongt-eu4/actual-icpu5139/.deleted-msg-inf-fetch -> 1
resource-infongt-eu4/actual-icpu5139/.deleted-msg-inf-replay-not-yet-finished -> 1
resource-infongt-eu4/actual-icpu5139/.deleted-msg-inf-replay-start -> 1
resource-infongt-eu4/actual-icpu5139/.deleted-msg-inf-replay-tolerance -> 1
resource-infongt-eu4/actual-icpu5139/.deleted-msg-inf-sync -> 1
resource-infongt-eu4/actual-icpu5139/.deleted-msg-inf-versionlink-not-equal -> 1
resource-infongt-eu4/actual-icpu5139/.deleted-msg-inf-versionlink-not-yet-exist -> 1
resource-infongt-eu4/actual-icpu5139/.deleted-msg-wrn-log-consecutive -> 1
resource-infongt-eu4/actual-icpu5139/.deleted-msg-wrn-space-low -> 1
resource-infongt-eu4/actual-icpu5139/.deleted-open-count -> 1
resource-infongt-eu4/actual-icpu5139/.deleted-replay-code -> 1
resource-infongt-eu4/actual-icpu5139/.deleted-replay_rate -> 1
resource-infongt-eu4/actual-icpu5139/.deleted-sync_rate -> 1
resource-infongt-eu4/actual-istore2a/
resource-infongt-eu4/actual-istore2a/.deleted- -> 1
resource-infongt-eu4/actual-istore2a/.deleted-device-istore2a -> 1
resource-infongt-eu4/actual-istore2a/.deleted-file_rate -> 1
resource-infongt-eu4/actual-istore2a/.deleted-has-emergency -> 1
resource-infongt-eu4/actual-istore2a/.deleted-is-attached -> 1
resource-infongt-eu4/actual-istore2a/.deleted-is-copying -> 1
resource-infongt-eu4/actual-istore2a/.deleted-is-emergency -> 1
resource-infongt-eu4/actual-istore2a/.deleted-is-primary -> 1
resource-infongt-eu4/actual-istore2a/.deleted-is-replaying -> 1
resource-infongt-eu4/actual-istore2a/.deleted-is-syncing -> 1
resource-infongt-eu4/actual-istore2a/.deleted-logfile-update -> 1
resource-infongt-eu4/actual-istore2a/.deleted-msg-err-bad-log-name -> 1
resource-infongt-eu4/actual-istore2a/.deleted-msg-err-emergency -> 1
resource-infongt-eu4/actual-istore2a/.deleted-msg-err-log-not-contiguous -> 1
resource-infongt-eu4/actual-istore2a/.deleted-msg-err-replay-size -> 1
resource-infongt-eu4/actual-istore2a/.deleted-msg-err-replay-stop -> 1
resource-infongt-eu4/actual-istore2a/.deleted-msg-err-replaylink-not-readable -> 1
resource-infongt-eu4/actual-istore2a/.deleted-msg-err-sequence-trash -> 1
resource-infongt-eu4/actual-istore2a/.deleted-msg-err-space-low -> 1
resource-infongt-eu4/actual-istore2a/.deleted-msg-err-splitbrain-detected -> 1
resource-infongt-eu4/actual-istore2a/.deleted-msg-err-versionlink-not-readable -> 1
resource-infongt-eu4/actual-istore2a/.deleted-msg-err-versionlink-skip -> 1
resource-infongt-eu4/actual-istore2a/.deleted-msg-inf-fetch -> 1
resource-infongt-eu4/actual-istore2a/.deleted-msg-inf-replay-not-yet-finished -> 1
resource-infongt-eu4/actual-istore2a/.deleted-msg-inf-replay-start -> 1
resource-infongt-eu4/actual-istore2a/.deleted-msg-inf-replay-tolerance -> 1
resource-infongt-eu4/actual-istore2a/.deleted-msg-inf-sync -> 1
resource-infongt-eu4/actual-istore2a/.deleted-msg-inf-versionlink-not-equal -> 1
resource-infongt-eu4/actual-istore2a/.deleted-msg-inf-versionlink-not-yet-exist -> 1
resource-infongt-eu4/actual-istore2a/.deleted-msg-wrn-log-consecutive -> 1
resource-infongt-eu4/actual-istore2a/.deleted-msg-wrn-space-low -> 1
resource-infongt-eu4/actual-istore2a/.deleted-open-count -> 1
resource-infongt-eu4/actual-istore2a/.deleted-replay-code -> 1
resource-infongt-eu4/actual-istore2a/.deleted-replay_rate -> 1
resource-infongt-eu4/actual-istore2a/.deleted-sync_rate -> 1
resource-infongt-eu4/actual-istore2b/
resource-infongt-eu4/actual-istore2b/.deleted- -> 1
resource-infongt-eu4/actual-istore2b/.deleted-copy-syncstatus-istore2b -> 1
resource-infongt-eu4/actual-istore2b/.deleted-file_rate -> 1
resource-infongt-eu4/actual-istore2b/.deleted-has-emergency -> 1
resource-infongt-eu4/actual-istore2b/.deleted-is-attached -> 1
resource-infongt-eu4/actual-istore2b/.deleted-is-copying -> 1
resource-infongt-eu4/actual-istore2b/.deleted-is-emergency -> 1
resource-infongt-eu4/actual-istore2b/.deleted-is-primary -> 1
resource-infongt-eu4/actual-istore2b/.deleted-is-replaying -> 1
resource-infongt-eu4/actual-istore2b/.deleted-is-syncing -> 1
resource-infongt-eu4/actual-istore2b/.deleted-logfile-update -> 1
resource-infongt-eu4/actual-istore2b/.deleted-msg-err-bad-log-name -> 1
resource-infongt-eu4/actual-istore2b/.deleted-msg-err-emergency -> 1
resource-infongt-eu4/actual-istore2b/.deleted-msg-err-log-not-contiguous -> 1
resource-infongt-eu4/actual-istore2b/.deleted-msg-err-replay-size -> 1
resource-infongt-eu4/actual-istore2b/.deleted-msg-err-replay-stop -> 1
resource-infongt-eu4/actual-istore2b/.deleted-msg-err-replaylink-not-readable -> 1
resource-infongt-eu4/actual-istore2b/.deleted-msg-err-sequence-trash -> 1
resource-infongt-eu4/actual-istore2b/.deleted-msg-err-space-low -> 1
resource-infongt-eu4/actual-istore2b/.deleted-msg-err-splitbrain-detected -> 1
resource-infongt-eu4/actual-istore2b/.deleted-msg-err-versionlink-not-readable -> 1
resource-infongt-eu4/actual-istore2b/.deleted-msg-err-versionlink-skip -> 1
resource-infongt-eu4/actual-istore2b/.deleted-msg-inf-fetch -> 1
resource-infongt-eu4/actual-istore2b/.deleted-msg-inf-replay-not-yet-finished -> 1
resource-infongt-eu4/actual-istore2b/.deleted-msg-inf-replay-start -> 1
resource-infongt-eu4/actual-istore2b/.deleted-msg-inf-replay-tolerance -> 1
resource-infongt-eu4/actual-istore2b/.deleted-msg-inf-sync -> 1
resource-infongt-eu4/actual-istore2b/.deleted-msg-inf-versionlink-not-equal -> 1
resource-infongt-eu4/actual-istore2b/.deleted-msg-inf-versionlink-not-yet-exist -> 1
resource-infongt-eu4/actual-istore2b/.deleted-msg-wrn-log-consecutive -> 1
resource-infongt-eu4/actual-istore2b/.deleted-msg-wrn-space-low -> 1
resource-infongt-eu4/actual-istore2b/.deleted-open-count -> 1
resource-infongt-eu4/actual-istore2b/.deleted-replay-code -> 1
resource-infongt-eu4/actual-istore2b/.deleted-replay_rate -> 1
resource-infongt-eu4/actual-istore2b/.deleted-sync_rate -> 1
resource-infongt-eu4/defaults-icpu5133/
resource-infongt-eu4/defaults-icpu5138/
resource-infongt-eu4/defaults-icpu5138/.deleted- -> 1
resource-infongt-eu4/defaults-icpu5139/
resource-infongt-eu4/defaults-icpu5139/.deleted- -> 1
resource-infongt-eu4/defaults-istore2a/
resource-infongt-eu4/defaults-istore2a/.deleted- -> 1
resource-infongt-eu4/defaults-istore2b/
resource-infongt-eu4/defaults-istore2b/.deleted- -> 1
resource-infongt-eu4/local-icpu5138/
resource-infongt-eu4/local-icpu5138/.deleted- -> 1
resource-infongt-eu4/local-icpu5139/
resource-infongt-eu4/local-icpu5139/.deleted- -> 1
resource-infongt-eu4/local-istore2a/
resource-infongt-eu4/local-istore2a/.deleted- -> 1
resource-infongt-eu4/local-istore2b/
resource-infongt-eu4/local-istore2b/.deleted- -> 1
resource-infongt-eu4/todo-icpu5128/
resource-infongt-eu4/todo-icpu5133/
resource-infongt-eu4/todo-icpu5138/
resource-infongt-eu4/todo-icpu5138/.deleted- -> 1
resource-infongt-eu4/todo-icpu5138/.deleted-allow-replay -> 1
resource-infongt-eu4/todo-icpu5138/.deleted-attach -> 1
resource-infongt-eu4/todo-icpu5138/.deleted-connect -> 1
resource-infongt-eu4/todo-icpu5138/.deleted-sync -> 1
resource-infongt-eu4/todo-icpu5139/
resource-infongt-eu4/todo-icpu5139/.deleted- -> 1
resource-infongt-eu4/todo-icpu5139/.deleted-allow-replay -> 1
resource-infongt-eu4/todo-icpu5139/.deleted-attach -> 1
resource-infongt-eu4/todo-icpu5139/.deleted-connect -> 1
resource-infongt-eu4/todo-icpu5139/.deleted-sync -> 1
resource-infongt-eu4/todo-istore2a/
resource-infongt-eu4/todo-istore2a/.deleted- -> 1
resource-infongt-eu4/todo-istore2a/.deleted-allow-replay -> 1
resource-infongt-eu4/todo-istore2a/.deleted-attach -> 1
resource-infongt-eu4/todo-istore2a/.deleted-connect -> 1
resource-infongt-eu4/todo-istore2a/.deleted-sync -> 1
resource-infongt-eu4/todo-istore2b/
resource-infongt-eu4/todo-istore2b/.deleted- -> 1
resource-infongt-eu4/todo-istore2b/.deleted-allow-replay -> 1
resource-infongt-eu4/todo-istore2b/.deleted-attach -> 1
resource-infongt-eu4/todo-istore2b/.deleted-connect -> 1
resource-infongt-eu4/todo-istore2b/.deleted-sync -> 1
resource-infongt-eu5/
resource-infongt-eu5/.deleted-log-000009742-icpu5139 -> 1
resource-infongt-eu5/.deleted-log-000009743-icpu5139 -> 1
resource-infongt-eu5/.deleted-log-000009744-icpu5139 -> 1
resource-infongt-eu5/.deleted-log-000009745-icpu5139 -> 1
resource-infongt-eu5/.deleted-log-000009746-icpu5139 -> 1
resource-infongt-eu5/.deleted-log-000009747-icpu5139 -> 1
resource-infongt-eu5/.deleted-version-000009741-icpu5138 -> 1
resource-infongt-eu5/.deleted-version-000009741-icpu5139 -> 1
resource-infongt-eu5/.deleted-version-000009742-icpu5138 -> 1
resource-infongt-eu5/.deleted-version-000009742-icpu5139 -> 1
resource-infongt-eu5/.deleted-version-000009743-icpu5138 -> 1
resource-infongt-eu5/.deleted-version-000009743-icpu5139 -> 1
resource-infongt-eu5/.deleted-version-000009744-icpu5138 -> 1
resource-infongt-eu5/.deleted-version-000009744-icpu5139 -> 1
resource-infongt-eu5/.deleted-version-000009745-icpu5138 -> 1
resource-infongt-eu5/.deleted-version-000009745-icpu5139 -> 1
resource-infongt-eu5/.deleted-version-000009746-icpu5138 -> 1
resource-infongt-eu5/.deleted-version-000009746-icpu5139 -> 1
resource-infongt-eu5/actual-icpu5139/
resource-infongt-eu6/
resource-infongt-eu6/.deleted-log-000008207-icpu5139 -> 1
resource-infongt-eu6/.deleted-log-000008208-icpu5139 -> 1
resource-infongt-eu6/.deleted-log-000008209-icpu5139 -> 1
resource-infongt-eu6/.deleted-log-000008210-icpu5139 -> 1
resource-infongt-eu6/.deleted-log-000008211-icpu5139 -> 1
resource-infongt-eu6/.deleted-log-000008212-icpu5139 -> 1
resource-infongt-eu6/.deleted-version-000008206-icpu5138 -> 1
resource-infongt-eu6/.deleted-version-000008206-icpu5139 -> 1
resource-infongt-eu6/.deleted-version-000008207-icpu5138 -> 1
resource-infongt-eu6/.deleted-version-000008207-icpu5139 -> 1
resource-infongt-eu6/.deleted-version-000008208-icpu5138 -> 1
resource-infongt-eu6/.deleted-version-000008208-icpu5139 -> 1
resource-infongt-eu6/.deleted-version-000008209-icpu5138 -> 1
resource-infongt-eu6/.deleted-version-000008209-icpu5139 -> 1
resource-infongt-eu6/.deleted-version-000008210-icpu5138 -> 1
resource-infongt-eu6/.deleted-version-000008210-icpu5139 -> 1
resource-infongt-eu6/.deleted-version-000008211-icpu5138 -> 1
resource-infongt-eu6/.deleted-version-000008211-icpu5139 -> 1
resource-infongt-eu6/actual-icpu5139/
resource-infongt-eu7/
resource-infongt-eu7/.deleted-log-000008123-icpu5139 -> 1
resource-infongt-eu7/.deleted-log-000008124-icpu5139 -> 1
resource-infongt-eu7/.deleted-log-000008125-icpu5139 -> 1
resource-infongt-eu7/.deleted-log-000008126-icpu5139 -> 1
resource-infongt-eu7/.deleted-log-000008127-icpu5139 -> 1
resource-infongt-eu7/.deleted-log-000008128-icpu5139 -> 1
resource-infongt-eu7/.deleted-version-000008122-icpu5138 -> 1
resource-infongt-eu7/.deleted-version-000008122-icpu5139 -> 1
resource-infongt-eu7/.deleted-version-000008123-icpu5138 -> 1
resource-infongt-eu7/.deleted-version-000008123-icpu5139 -> 1
resource-infongt-eu7/.deleted-version-000008124-icpu5138 -> 1
resource-infongt-eu7/.deleted-version-000008124-icpu5139 -> 1
resource-infongt-eu7/.deleted-version-000008125-icpu5138 -> 1
resource-infongt-eu7/.deleted-version-000008125-icpu5139 -> 1
resource-infongt-eu7/.deleted-version-000008126-icpu5138 -> 1
resource-infongt-eu7/.deleted-version-000008126-icpu5139 -> 1
resource-infongt-eu7/.deleted-version-000008127-icpu5138 -> 1
resource-infongt-eu7/.deleted-version-000008127-icpu5139 -> 1
resource-infongt-eu7/actual-icpu5139/
resource-lv-0/actual-icpu5128/
resource-lv-0/actual-icpu5133/
todo-global/

sent 1,350 bytes  received 187,168 bytes  377,036.00 bytes/sec
total size is 464,963  speedup is 2.47
sending incremental file list
actual-icpu5138/
resource-infongt-eu4/actual-icpu5128/.deleted-device-icpu5128 -> 1
resource-infongt-eu4/actual-icpu5139/.deleted-device-icpu5139 -> 1

sent 176,392 bytes  received 178 bytes  353,140.00 bytes/sec
total size is 104,668,070,643  speedup is 592,785.13
Running hook: hook_merge_cluster hook_merge_cluster icpu5128 icpu5139
Executing on icpu5128: 'marsadm lowlevel-ls-host-ips'
WARNING: EXPERTS ONLY -- risky lowlevel command 'lowlevel-ls-host-ips'
Peer 'icpu5128' has IP '10.46.98.175'
Executing on icpu5139: 'marsadm merge-cluster --ssh-port=24 10.46.98.175'
Using SSH port '24' from command line.
Linux icpu5139 3.14.79-grsec+ #1196 SMP Tue Jun 20 13:04:30 CEST 2017 x86_64 GNU/Linux
PING 10.46.98.175 (10.46.98.175) 56(84) bytes of data.
64 bytes from 10.46.98.175: icmp_seq=1 ttl=61 time=0.807 ms

--- 10.46.98.175 ping statistics ---
1 packets transmitted, 1 received, 0% packet loss, time 0ms
rtt min/avg/max/mdev = 0.807/0.807/0.807/0.000 ms
Linux icpu5128 3.14.79-grsec+ #1196 SMP Tue Jun 20 13:04:30 CEST 2017 x86_64 GNU/Linux
Linux icpu5128 3.14.79-grsec+ #1196 SMP Tue Jun 20 13:04:30 CEST 2017 x86_64 GNU/Linux
PING icpu5128.schlund.de (10.46.12.75) 56(84) bytes of data.
64 bytes from icpu5128.schlund.de (10.46.12.75): icmp_seq=1 ttl=58 time=0.842 ms

--- icpu5128.schlund.de ping statistics ---
1 packets transmitted, 1 received, 0% packet loss, time 0ms
rtt min/avg/max/mdev = 0.842/0.842/0.842/0.000 ms
ssh: connect to host icpu5128 port 24: Connection timed out
ssh: connect to host icpu5128 port 22: Connection refused
ssh: connect to host icpu5128 port 24: Connection timed out
WARNING: SSH to 'icpu5128' does not work on any port
PING 10.46.98.175 (10.46.98.175) 56(84) bytes of data.
64 bytes from 10.46.98.175: icmp_seq=1 ttl=61 time=0.808 ms

--- 10.46.98.175 ping statistics ---
1 packets transmitted, 1 received, 0% packet loss, time 0ms
rtt min/avg/max/mdev = 0.808/0.808/0.808/0.000 ms
Linux icpu5128 3.14.79-grsec+ #1196 SMP Tue Jun 20 13:04:30 CEST 2017 x86_64 GNU/Linux
Linux icpu5128 3.14.79-grsec+ #1196 SMP Tue Jun 20 13:04:30 CEST 2017 x86_64 GNU/Linux
PING icpu5133.schlund.de (10.46.28.75) 56(84) bytes of data.
64 bytes from icpu5133.schlund.de (10.46.28.75): icmp_seq=1 ttl=64 time=0.047 ms

--- icpu5133.schlund.de ping statistics ---
1 packets transmitted, 1 received, 0% packet loss, time 0ms
rtt min/avg/max/mdev = 0.047/0.047/0.047/0.000 ms
Linux icpu5133 3.14.79-grsec+ #1196 SMP Tue Jun 20 13:04:30 CEST 2017 x86_64 GNU/Linux
Linux icpu5133 3.14.79-grsec+ #1196 SMP Tue Jun 20 13:04:30 CEST 2017 x86_64 GNU/Linux
PING icpu5138 (10.46.98.177) 56(84) bytes of data.
64 bytes from icpu5138 (10.46.98.177): icmp_seq=1 ttl=61 time=0.784 ms

--- icpu5138 ping statistics ---
1 packets transmitted, 1 received, 0% packet loss, time 0ms
rtt min/avg/max/mdev = 0.784/0.784/0.784/0.000 ms
Linux icpu5138 3.14.79-grsec+ #1196 SMP Tue Jun 20 13:04:30 CEST 2017 x86_64 GNU/Linux
Linux icpu5138 3.14.79-grsec+ #1196 SMP Tue Jun 20 13:04:30 CEST 2017 x86_64 GNU/Linux
PING istore2a.schlund.de (10.46.98.4) 56(84) bytes of data.
64 bytes from istore2a.schlund.de (10.46.98.4): icmp_seq=1 ttl=61 time=0.858 ms

--- istore2a.schlund.de ping statistics ---
1 packets transmitted, 1 received, 0% packet loss, time 0ms
rtt min/avg/max/mdev = 0.858/0.858/0.858/0.000 ms
ssh: connect to host istore2a port 24: Connection refused
Linux istore2a 3.2.45-istore-20130805 #1 SMP Mon Aug 5 13:36:58 CEST 2013 x86_64 GNU/Linux
Linux istore2a 3.2.45-istore-20130805 #1 SMP Mon Aug 5 13:36:58 CEST 2013 x86_64 GNU/Linux
PING istore2b.schlund.de (10.46.102.2) 56(84) bytes of data.
64 bytes from istore2b.schlund.de (10.46.102.2): icmp_seq=1 ttl=64 time=0.076 ms

--- istore2b.schlund.de ping statistics ---
1 packets transmitted, 1 received, 0% packet loss, time 0ms
rtt min/avg/max/mdev = 0.076/0.076/0.076/0.000 ms
ssh: connect to host istore2b port 24: Connection refused
Linux istore2b 3.2.45-istore-20130805 #1 SMP Mon Aug 5 13:36:58 CEST 2013 x86_64 GNU/Linux
Linux istore2b 3.2.45-istore-20130805 #1 SMP Mon Aug 5 13:36:58 CEST 2013 x86_64 GNU/Linux
Other cluster peer '10.46.98.175' has the same UUID.
No resource name checking necessary.
Operation 'merge-cluster' will therfore work logically idempotent.
receiving incremental file list

sent 20 bytes  received 82 bytes  204.00 bytes/sec
total size is 38  speedup is 0.37
sending incremental file list

sent 82 bytes  received 12 bytes  62.67 bytes/sec
total size is 38  speedup is 0.40
sending incremental file list

sent 82 bytes  received 12 bytes  188.00 bytes/sec
total size is 38  speedup is 0.40
sending incremental file list

sent 82 bytes  received 12 bytes  188.00 bytes/sec
total size is 38  speedup is 0.40
sending incremental file list

sent 76 bytes  received 11 bytes  174.00 bytes/sec
total size is 38  speedup is 0.44
sending incremental file list

sent 76 bytes  received 11 bytes  174.00 bytes/sec
total size is 38  speedup is 0.44
receiving incremental file list
buildtag-icpu5133 -> mars0.1balpha3.5-28-g853edca(2017-06-29 08:18:06)
actual-icpu5128/
actual-icpu5139/
resource-infong375/
resource-infong375/actual-istore2b/
resource-infong376/actual-istore2b/
resource-infongm1/
resource-infongm1/actual-istore2b/
resource-infongt-eu4/
resource-infongt-eu4/.deleted-version-000016817-icpu5139 -> 1
resource-infongt-eu4/.deleted-version-000020819-istore2b -> 1
resource-infongt-eu4/skip-check-icpu5128 -> 000020824
resource-infongt-eu4/actual-icpu5128/
resource-infongt-eu4/actual-icpu5128/.deleted-device-icpu5128 -> 1
resource-infongt-eu4/actual-icpu5133/
resource-infongt-eu4/actual-icpu5139/
resource-infongt-eu4/actual-icpu5139/.deleted-device-icpu5139 -> 1
resource-infongt-eu4/actual-istore2b/
resource-infongt-eu4/defaults-icpu5128/
resource-infongt-eu4/defaults-icpu5133/
resource-infongt-eu4/defaults-icpu5138/
resource-infongt-eu4/defaults-istore2a/
resource-infongt-eu4/defaults-istore2b/
resource-infongt-eu4/local-icpu5128/
resource-infongt-eu4/local-icpu5138/
resource-infongt-eu4/local-istore2a/
resource-infongt-eu4/local-istore2b/
resource-infongt-eu4/todo-icpu5128/
resource-infongt-eu4/todo-icpu5133/
resource-infongt-eu4/todo-icpu5138/
resource-infongt-eu4/todo-icpu5139/
resource-infongt-eu5/
resource-infongt-eu5/actual-icpu5138/
resource-infongt-eu5/actual-icpu5139/
resource-infongt-eu6/
resource-infongt-eu6/actual-icpu5138/
resource-infongt-eu6/actual-icpu5139/
resource-infongt-eu7/
resource-infongt-eu7/actual-icpu5138/
resource-infongt-eu7/actual-icpu5139/
resource-lv-0/skip-check-icpu5133 -> 000000012
resource-lv-0/actual-icpu5128/
resource-lv-0/actual-icpu5133/
resource-lv-0/local-icpu5133/

sent 337 bytes  received 186,029 bytes  372,732.00 bytes/sec
total size is 459,582  speedup is 2.47
sending incremental file list
actual-istore2a/
resource-infong375/
resource-infong375/actual-istore2b/
resource-infong376/actual-istore2b/
resource-infongm1/
resource-infongm1/actual-istore2b/
resource-infongt-eu4/actual-icpu5133/
resource-infongt-eu4/actual-icpu5138/
resource-infongt-eu4/actual-icpu5139/
resource-infongt-eu4/actual-istore2b/
resource-infongt-eu5/
resource-infongt-eu5/actual-icpu5138/
resource-infongt-eu5/actual-icpu5139/
resource-infongt-eu6/
resource-infongt-eu6/actual-icpu5138/
resource-infongt-eu6/actual-icpu5139/
resource-infongt-eu7/
resource-infongt-eu7/actual-icpu5138/
resource-infongt-eu7/actual-icpu5139/
resource-lv-0/actual-icpu5133/

sent 184,035 bytes  received 241 bytes  368,552.00 bytes/sec
total size is 467,004,531  speedup is 2,534.27
Executing on icpu5138: 'marsadm wait-cluster'
all 5 peer(s) seem to be alive
Executing on icpu5138: 'marsadm view-is-attach infongt-eu4'
WARNING: cannot read symlink '/mars/resource-infongt-eu4/actual-icpu5138/is-attached'
Executing on icpu5128: 'marsadm view-sync-size infongt-eu4'
Running hook: hook_get_vg hook_get_vg icpu5138
Executing on icpu5138: 'vgs | awk '{ print $1; }' | grep 'vginfong\|vg[0-9]\+[ab]''
Executing on icpu5138: 'vgs --noheadings -o "vg_free" --units k vginfong'
vginfong REST space on 'icpu5138' :   6130941952
Running hook: hook_get_vg hook_get_vg icpu5139
Executing on icpu5139: 'vgs | awk '{ print $1; }' | grep 'vginfong\|vg[0-9]\+[ab]''
Executing on icpu5139: 'vgs --noheadings -o "vg_free" --units k vginfong'
vginfong REST space on 'icpu5139' :   6130941952
Running hook: hook_get_vg hook_get_vg icpu5138
Executing on icpu5138: 'vgs | awk '{ print $1; }' | grep 'vginfong\|vg[0-9]\+[ab]''
Running hook: hook_get_vg hook_get_vg icpu5139
Executing on icpu5139: 'vgs | awk '{ print $1; }' | grep 'vginfong\|vg[0-9]\+[ab]''
Running hook: hook_get_vg hook_get_vg icpu5138
Executing on icpu5138: 'vgs | awk '{ print $1; }' | grep 'vginfong\|vg[0-9]\+[ab]''
Executing on icpu5138: 'if [[ -e /dev/vginfong/infongt-eu4 ]]; then echo "REFUSING to overwrite /dev/vginfong/infongt-eu4 on icpu5138 - Do this by hand"; exit -1; fi'
Executing on icpu5138: 'lvcreate -L 20000768k -n infongt-eu4 vginfong'
  Logical volume "infongt-eu4" created
Running hook: hook_get_vg hook_get_vg icpu5139
Executing on icpu5139: 'vgs | awk '{ print $1; }' | grep 'vginfong\|vg[0-9]\+[ab]''
Executing on icpu5139: 'if [[ -e /dev/vginfong/infongt-eu4 ]]; then echo "REFUSING to overwrite /dev/vginfong/infongt-eu4 on icpu5139 - Do this by hand"; exit -1; fi'
Executing on icpu5139: 'lvcreate -L 20000768k -n infongt-eu4 vginfong'
  Logical volume "infongt-eu4" created
Running hook: hook_join_resource hook_join_resource icpu5128 icpu5138 infongt-eu4 /dev/vginfong/infongt-eu4
Executing on icpu5138: 'marsadm join-resource --ssh-port=24 infongt-eu4 /dev/vginfong/infongt-eu4'
Using SSH port '24' from command line.
joining to existing resource 'infongt-eu4'
block device '/dev/vginfong/infongt-eu4': determined size = 20480786432 bytes
PING icpu5128.schlund.de (10.46.12.75) 56(84) bytes of data.
64 bytes from icpu5128.schlund.de (10.46.12.75): icmp_seq=1 ttl=64 time=0.048 ms

--- icpu5128.schlund.de ping statistics ---
1 packets transmitted, 1 received, 0% packet loss, time 0ms
rtt min/avg/max/mdev = 0.048/0.048/0.048/0.000 ms
Linux icpu5128 3.14.79-grsec+ #1196 SMP Tue Jun 20 13:04:30 CEST 2017 x86_64 GNU/Linux
receiving incremental file list
./
replay-icpu5128 -> log-000020831-icpu5128,172984,0
actual-icpu5128/
actual-icpu5133/
actual-icpu5133/file_rate -> 1
actual-icpu5133/replay_rate -> 1
actual-icpu5138/
actual-icpu5139/
actual-istore2a/
actual-istore2b/

sent 456 bytes  received 50,811 bytes  102,534.00 bytes/sec
total size is 421,915  speedup is 8.23
all 5 peer(s) seem to be alive
using existing device '/dev/vginfong/infongt-eu4'
resource 'infongt-eu4' will appear as local device '/dev/mars/infongt-eu4'
creating new replaylink '/mars/resource-infongt-eu4/replay-icpu5138' -> 'log-000020831-icpu5128,0,0'
creating new version symlink '/mars/resource-infongt-eu4/version-000020830-icpu5138' -> '721d931d7902069f2d554472c4223eea,log-000020830-icpu5128,236448:45f960ba36f14e86258a2b4c1c1924a2,log-000020829-icpu5128,241140'
creating new version symlink '/mars/resource-infongt-eu4/version-000020829-icpu5138' -> '45f960ba36f14e86258a2b4c1c1924a2,log-000020829-icpu5128,241140:f395590d2aeda9c57ef231f21e5e2b05,log-000020828-icpu5128,225612'
sending incremental file list
data-icpu5138 -> /dev/vginfong/infongt-eu4

sent 84 bytes  received 19 bytes  206.00 bytes/sec
total size is 25  speedup is 0.24
successfully joined resource 'infongt-eu4'
Running hook: hook_join_resource hook_join_resource icpu5128 icpu5139 infongt-eu4 /dev/vginfong/infongt-eu4
Executing on icpu5139: 'marsadm join-resource --ssh-port=24 infongt-eu4 /dev/vginfong/infongt-eu4'
Using SSH port '24' from command line.
joining to existing resource 'infongt-eu4'
block device '/dev/vginfong/infongt-eu4': determined size = 20480786432 bytes
PING icpu5128.schlund.de (10.46.12.75) 56(84) bytes of data.
64 bytes from icpu5128.schlund.de (10.46.12.75): icmp_seq=1 ttl=58 time=0.844 ms

--- icpu5128.schlund.de ping statistics ---
1 packets transmitted, 1 received, 0% packet loss, time 0ms
rtt min/avg/max/mdev = 0.844/0.844/0.844/0.000 ms
ssh: connect to host icpu5128 port 24: Connection timed out
ssh: connect to host icpu5128 port 22: Connection refused
ssh: connect to host icpu5128 port 24: Connection timed out
WARNING: SSH to 'icpu5128' does not work on any port
PING 10.46.98.175 (10.46.98.175) 56(84) bytes of data.
64 bytes from 10.46.98.175: icmp_seq=1 ttl=61 time=0.841 ms

--- 10.46.98.175 ping statistics ---
1 packets transmitted, 1 received, 0% packet loss, time 0ms
rtt min/avg/max/mdev = 0.841/0.841/0.841/0.000 ms
Linux icpu5128 3.14.79-grsec+ #1196 SMP Tue Jun 20 13:04:30 CEST 2017 x86_64 GNU/Linux
receiving incremental file list
./
actsize-icpu5138 -> 20480786432
device-icpu5138 -> infongt-eu4
replay-icpu5128 -> log-000020831-icpu5128,172984,0
replay-icpu5138 -> log-000020831-icpu5128,0,0
syncstatus-icpu5138 -> 1193418752
verifystatus-icpu5138 -> 291516,12
actual-istore2a/
todo-icpu5138/

sent 180 bytes  received 52,228 bytes  104,816.00 bytes/sec
total size is 422,882  speedup is 8.07
all 5 peer(s) seem to be alive
using existing device '/dev/vginfong/infongt-eu4'
resource 'infongt-eu4' will appear as local device '/dev/mars/infongt-eu4'
creating new replaylink '/mars/resource-infongt-eu4/replay-icpu5139' -> 'log-000020831-icpu5128,0,0'
creating new version symlink '/mars/resource-infongt-eu4/version-000020830-icpu5139' -> '721d931d7902069f2d554472c4223eea,log-000020830-icpu5128,236448:45f960ba36f14e86258a2b4c1c1924a2,log-000020829-icpu5128,241140'
creating new version symlink '/mars/resource-infongt-eu4/version-000020829-icpu5139' -> '45f960ba36f14e86258a2b4c1c1924a2,log-000020829-icpu5128,241140:f395590d2aeda9c57ef231f21e5e2b05,log-000020828-icpu5128,225612'
sending incremental file list
data-icpu5139 -> /dev/vginfong/infongt-eu4

sent 85 bytes  received 19 bytes  208.00 bytes/sec
total size is 25  speedup is 0.24
successfully joined resource 'infongt-eu4'
Executing on icpu5138: 'marsadm wait-cluster'
all 5 peer(s) seem to be alive
Executing on icpu5138: 'marsadm wait-cluster'
all 5 peer(s) seem to be alive
Executing on icpu5139: 'marsadm wait-cluster'
all 5 peer(s) seem to be alive
Mon Jul  3 15:29:00 CEST 2017 sync rests for 'icpu5138 icpu5139':
Mon Jul  3 15:29:00 CEST 2017 sync rests: 14GiB 16GiB
Mon Jul  3 15:30:01 CEST 2017 sync rests: 6GiB 6GiB
Mon Jul  3 15:31:01 CEST 2017 sync rests: 0B/InConsistent 0B/UpToDate
Mon Jul  3 15:31:05 CEST 2017 sync rests: 0B/UpToDate 0B/UpToDate
Mon Jul  3 15:31:06 CEST 2017 sync appears to have finished at 'icpu5138 icpu5139'
Executing on icpu5138: 'marsadm wait-cluster'
all 5 peer(s) seem to be alive
Mon Jul  3 15:31:11 CEST 2017 sync rests for 'icpu5138':
Mon Jul  3 15:31:11 CEST 2017 sync rests: 0B/OutDated[F]
Mon Jul  3 15:31:14 CEST 2017 sync rests: 0B/UpToDate
Mon Jul  3 15:31:15 CEST 2017 sync appears to have finished at 'icpu5138'
Running hook: hook_resource_stop hook_resource_stop icpu5128 infongt-eu4
Executing on icpu5128: 'cm3 --stop infongt-eu4 || cm3 --stop infongt-eu4 || { mountpoint /vol/infongt-eu4 && umount /vol/infongt-eu4; } || false'
Shutdown infongt-eu4.
stop: UPDATE mars_infongt-eu4  ...... OK [0s]
stop: VM::SAInfongBase: Name:	infongt-eu4
stop: VM::SAInfongBase: State:	STARTED
stop: VM::SAInfongBase: Address:	169.254.254.3
stop: infongt-eu4.schlund.de is updated.
stop: Stopping VM for infongt-eu4.schlund.de via nodeagent
stop: STOP infongt-eu4.schlund.de  ...(vmstop:120s) (dissemble:120s) (delete) ... OK [9s]
stop: VM infongt-eu4.schlund.de is stopped.
stop: Clearing VMHost for infongt-eu4.schlund.de, no longer using icpu5128.schlund.de
stop: Stopping storage for infongt-eu4.schlund.de
stop: DOWN mars_infongt-eu4  ...(wait-umount:20s) ... OK [0s]
stop: DOWN /dev/vginfong/infongt-eu4  ...... OK [0s]
stop: infongt-eu4.schlund.de is stopped.
stop: COMMAND FINISHED in 9 seconds
Shutdown of infongt-eu4.schlund.de finished.
Running hook: hook_resource_migrate hook_resource_migrate icpu5128 icpu5138 infongt-eu4
curl -s -u "tschoebeltheuer:Thui5Lie5eiL5osh" -X "GET" "http://clustermw:3042/nodes/icpu5128.schlund.de"
curl -s -u "tschoebeltheuer:Thui5Lie5eiL5osh" -X "GET" "http://clustermw:3042/nodes/icpu5138.schlund.de"
Moving config from cluster 'cluster496' to cluster 'cluster499'
curl -s -u "tschoebeltheuer:Thui5Lie5eiL5osh" -X "GET" "http://clustermw:3042/vms/infongt-eu4.schlund.de"
{
   "cluster" : "cluster496",
   "bz_id" : "400",
   "_links" : {
      "dns" : {
         "href" : "http://clustermw:3042/vms/infongt-eu4.schlund.de/dns"
      },
      "cluster" : {
         "href" : "http://clustermw:3042/clusters/cluster496"
      },
      "segment" : {
         "href" : "http://clustermw:3042/segments/PraesenzNetz-20"
      },
      "segment_assoc" : {
         "href" : "http://clustermw:3042/segments/PraesenzNetz-20/vms/infongt-eu4.schlund.de"
      },
      "cluster_assoc" : {
         "href" : "http://clustermw:3042/clusters/cluster496/vms/infongt-eu4.schlund.de"
      },
      "hostips" : {
         "href" : "http://clustermw:3042/vms/infongt-eu4.schlund.de/hostips"
      },
      "properties" : {
         "href" : "http://clustermw:3042/vms/infongt-eu4.schlund.de/properties"
      },
      "self" : {
         "href" : "http://clustermw:3042/vms/infongt-eu4.schlund.de"
      }
   },
   "hostip_params" : {
      "2001:8d8:1001:6044::/64" : {
         "netinterface" : "eth0",
         "type" : "delegation",
         "protocol" : "6"
      },
      "212.227.24.80" : {
         "type" : "system",
         "netinterface" : "eth0",
         "protocol" : "4"
      },
      "2001:8D8:5FF:5B:212:227:24:80" : {
         "protocol" : "6",
         "netinterface" : "eth0",
         "type" : "system"
      }
   },
   "hvt_id" : "8048",
   "zone" : "EUROPE",
   "name" : "infongt-eu4.schlund.de",
   "flavour" : "cla_perf_straf",
   "segment" : "PraesenzNetz-20",
   "hwclass_id" : "25125",
   "macids" : {},
   "country" : "DE",
   "region" : "EUROPE",
   "host_id" : "20212725",
   "hostips" : {
      "HA_IP_V6" : [
         "2001:8D8:5FF:5B:212:227:24:80"
      ],
      "IPV6_PREFIXES" : [
         "2001:8d8:1001:6044::/64"
      ],
      "HA_IP" : [
         "212.227.24.80"
      ]
   },
   "type" : "infong",
   "properties" : {
      "START_MYSQL" : "no",
      "OS_DEBIAN_VERSION" : "Jessie",
      "MAX_KUNDEN" : "123",
      "START_SP_DOCROOT_APACHE" : "yes",
      "START_FTP_SERVER" : "yes",
      "MAX_KUNDEN_PERF" : "123",
      "DEFAULT_CHROOT_ID" : "7",
      "ENABLE_MOD_DEFLATE" : "yes",
      "TZ" : "Europe/Berlin",
      "DASTOOL" : "dastool7.schlund.de",
      "DDOS_PROTECT" : "standard",
      "INFONG_TYPE" : "standalone",
      "START_TINCAS" : "/tmp/tincas.sock",
      "START_STD_APACHE" : "yes",
      "START_DAV_APACHE" : "yes",
      "START_SSL_APACHE" : "yes",
      "CBI" : "Jessie"
   }
}
clustertool DELETE /clusters/cluster496/vms/infongt-eu4.schlund.de
curl -s -u "tschoebeltheuer:Thui5Lie5eiL5osh" -X "DELETE" "http://clustermw:3042/clusters/cluster496/vms/infongt-eu4.schlund.de"
{"_links":{"add_storagehost":{"href":"http:\/\/clustermw:3042\/clusters\/cluster496\/storagehosts\/%NAME%"},"add_vm":{"href":"http:\/\/clustermw:3042\/clusters\/cluster496\/vms\/%NAME%"},"self":{"href":"http:\/\/clustermw:3042\/clusters\/cluster496"},"vms":{"href":"http:\/\/clustermw:3042\/clusters\/cluster496\/vms"},"nodes":{"href":"http:\/\/clustermw:3042\/clusters\/cluster496\/nodes"},"add_node":{"href":"http:\/\/clustermw:3042\/clusters\/cluster496\/nodes\/%NAME%"},"storagehosts":{"href":"http:\/\/clustermw:3042\/clusters\/cluster496\/storagehosts"}},"name":"cluster496","segment":"PraesenzNetz-20","vms":{},"properties":{"NETWORK_SEGMENT":"PraesenzNetz-20","CLUSTERCONF_SERIAL":"7"},"storagehosts":{},"bz_id":"500","nodes":{"icpu5128.schlund.de":{"self":{"href":"http:\/\/clustermw:3042\/nodes\/icpu5128.schlund.de"}},"icpu5133.schlund.de":{"self":{"href":"http:\/\/clustermw:3042\/nodes\/icpu5133.schlund.de"}}}}clustertool PUT /clusters/cluster499/vms/infongt-eu4.schlund.de
curl -s -u "tschoebeltheuer:Thui5Lie5eiL5osh" -X "PUT" "http://clustermw:3042/clusters/cluster499/vms/infongt-eu4.schlund.de"
{"_links":{"add_storagehost":{"href":"http:\/\/clustermw:3042\/clusters\/cluster499\/storagehosts\/%NAME%"},"add_vm":{"href":"http:\/\/clustermw:3042\/clusters\/cluster499\/vms\/%NAME%"},"self":{"href":"http:\/\/clustermw:3042\/clusters\/cluster499"},"vms":{"href":"http:\/\/clustermw:3042\/clusters\/cluster499\/vms"},"nodes":{"href":"http:\/\/clustermw:3042\/clusters\/cluster499\/nodes"},"add_node":{"href":"http:\/\/clustermw:3042\/clusters\/cluster499\/nodes\/%NAME%"},"storagehosts":{"href":"http:\/\/clustermw:3042\/clusters\/cluster499\/storagehosts"}},"name":"cluster499","segment":"PraesenzNetz-20","vms":{"infongt-eu4.schlund.de":{"self":{"href":"http:\/\/clustermw:3042\/vms\/infongt-eu4.schlund.de"}},"infongt-eu5.schlund.de":{"self":{"href":"http:\/\/clustermw:3042\/vms\/infongt-eu5.schlund.de"}},"infongt-eu6.schlund.de":{"self":{"href":"http:\/\/clustermw:3042\/vms\/infongt-eu6.schlund.de"}},"infongt-eu7.schlund.de":{"self":{"href":"http:\/\/clustermw:3042\/vms\/infongt-eu7.schlund.de"}}},"properties":{"NETWORK_SEGMENT":"PraesenzNetz-20","CLUSTERCONF_SERIAL":"20"},"storagehosts":{},"bz_id":"500","nodes":{"icpu5139.schlund.de":{"self":{"href":"http:\/\/clustermw:3042\/nodes\/icpu5139.schlund.de"}},"icpu5138.schlund.de":{"self":{"href":"http:\/\/clustermw:3042\/nodes\/icpu5138.schlund.de"}}}}curl -s -u "tschoebeltheuer:Thui5Lie5eiL5osh" -X "GET" "http://clustermw:3042/vms/infongt-eu4.schlund.de"
{
   "hostips" : {
      "HA_IP" : [
         "212.227.24.80"
      ],
      "HA_IP_V6" : [
         "2001:8D8:5FF:5B:212:227:24:80"
      ],
      "IPV6_PREFIXES" : [
         "2001:8d8:1001:6044::/64"
      ]
   },
   "bz_id" : "400",
   "macids" : {},
   "type" : "infong",
   "_links" : {
      "self" : {
         "href" : "http://clustermw:3042/vms/infongt-eu4.schlund.de"
      },
      "properties" : {
         "href" : "http://clustermw:3042/vms/infongt-eu4.schlund.de/properties"
      },
      "cluster_assoc" : {
         "href" : "http://clustermw:3042/clusters/cluster499/vms/infongt-eu4.schlund.de"
      },
      "cluster" : {
         "href" : "http://clustermw:3042/clusters/cluster499"
      },
      "hostips" : {
         "href" : "http://clustermw:3042/vms/infongt-eu4.schlund.de/hostips"
      },
      "segment_assoc" : {
         "href" : "http://clustermw:3042/segments/PraesenzNetz-20/vms/infongt-eu4.schlund.de"
      },
      "dns" : {
         "href" : "http://clustermw:3042/vms/infongt-eu4.schlund.de/dns"
      },
      "segment" : {
         "href" : "http://clustermw:3042/segments/PraesenzNetz-20"
      }
   },
   "hwclass_id" : "25125",
   "country" : "DE",
   "cluster" : "cluster499",
   "host_id" : "20212725",
   "properties" : {
      "DASTOOL" : "dastool7.schlund.de",
      "MAX_KUNDEN" : "123",
      "START_FTP_SERVER" : "yes",
      "START_MYSQL" : "no",
      "START_SSL_APACHE" : "yes",
      "CBI" : "Jessie",
      "DDOS_PROTECT" : "standard",
      "ENABLE_MOD_DEFLATE" : "yes",
      "INFONG_TYPE" : "standalone",
      "OS_DEBIAN_VERSION" : "Jessie",
      "START_DAV_APACHE" : "yes",
      "START_TINCAS" : "/tmp/tincas.sock",
      "START_SP_DOCROOT_APACHE" : "yes",
      "MAX_KUNDEN_PERF" : "123",
      "DEFAULT_CHROOT_ID" : "7",
      "TZ" : "Europe/Berlin",
      "START_STD_APACHE" : "yes"
   },
   "flavour" : "cla_perf_straf",
   "segment" : "PraesenzNetz-20",
   "region" : "EUROPE",
   "zone" : "EUROPE",
   "hostip_params" : {
      "2001:8d8:1001:6044::/64" : {
         "protocol" : "6",
         "type" : "delegation",
         "netinterface" : "eth0"
      },
      "2001:8D8:5FF:5B:212:227:24:80" : {
         "protocol" : "6",
         "type" : "system",
         "netinterface" : "eth0"
      },
      "212.227.24.80" : {
         "protocol" : "4",
         "type" : "system",
         "netinterface" : "eth0"
      }
   },
   "name" : "infongt-eu4.schlund.de",
   "hvt_id" : "8048"
}
diff: ./json-backup.2017-07-03_15.27.30/infongt-eu4.pp.old.json: No such file or directory
diff: ./json-backup.2017-07-03_15.27.30/infongt-eu4.pp.new.json: No such file or directory
curl -s -u "tschoebeltheuer:Thui5Lie5eiL5osh" -X "PUT" "http://clustermw:3042/clusters/cluster496/properties/CLUSTERCONF_SERIAL"
{"properties":{"NETWORK_SEGMENT":"PraesenzNetz-20","CLUSTERCONF_SERIAL":"8"}}curl -s -u "tschoebeltheuer:Thui5Lie5eiL5osh" -X "PUT" "http://clustermw:3042/clusters/cluster499/properties/CLUSTERCONF_SERIAL"
{"properties":{"NETWORK_SEGMENT":"PraesenzNetz-20","CLUSTERCONF_SERIAL":"21"}}Executing on icpu5128: 'cm3 --update --force'
Update started.
Update of cluster finished.
Executing on icpu5138: 'cm3 --update --force'
Update started.
Update of cluster finished.
Executing on icpu5128: 'service clustermanager restart'
Executing on icpu5138: 'service clustermanager restart'
Running hook: hook_resource_start hook_resource_start icpu5138 infongt-eu4
Executing on icpu5138: 'marsadm wait-cluster'
all 5 peer(s) seem to be alive
Executing on icpu5138: 'service clustermanager restart'
Executing on icpu5138: 'marsadm primary infongt-eu4'
---------------------------- check preconditions:
Current designated primary: icpu5128
OK, it seems that sync has finished on host 'icpu5138'.
OK, it seems that sync has finished on host 'icpu5133'.
OK, it seems that sync has finished on host 'icpu5139'.
OK, '/mars/resource-infongt-eu4/todo-icpu5138/attach' has acceptable value '1'
OK, '/mars/resource-infongt-eu4/todo-icpu5138/connect' has acceptable value '1'
OK, '/mars/resource-infongt-eu4/todo-icpu5138/allow-replay' has acceptable value '1'
all preconditions OK for resource 'infongt-eu4'
---------------------------- leave primary state:
all 3 peer(s) seem to be alive
designated primary changed from 'icpu5128' to '(none)'
---------------------------- wait when necessary:
waiting for other primary host (icpu5128) to disappear....
---------------------------- switch to primary:
designated primary changed from '(none)' to 'icpu5138'
---------------------------- wait for device:
device '/dev/mars/infongt-eu4' not yet present
device '/dev/mars/infongt-eu4' not yet present
device '/dev/mars/infongt-eu4' not yet present
device '/dev/mars/infongt-eu4' not yet present
device '/dev/mars/infongt-eu4' not yet present
device '/dev/mars/infongt-eu4' not yet present
device '/dev/mars/infongt-eu4' not yet present
device '/dev/mars/infongt-eu4' not yet present
device '/dev/mars/infongt-eu4' is present
Executing on icpu5138: 'cm3 --stop infongt-eu4; cm3 --start infongt-eu4 || { cm3 --stop infongt-eu4; cm3 --start infongt-eu4; } || false'
Shutdown infongt-eu4.
stop: UPDATE mars_infongt-eu4  ...... OK [0s]
stop: VM::SAInfongBase: Name:	infongt-eu4
stop: VM::SAInfongBase: State:	NOT_PRESENT
stop: infongt-eu4.schlund.de is updated.
stop: Skipped 'vmhandler_stop' since vm infongt-eu4.schlund.de is already stopped
stop: VM infongt-eu4.schlund.de is stopped.
stop: Stopping storage for infongt-eu4.schlund.de
stop: DOWN mars_infongt-eu4  ...(wait-umount:20s) ... OK [0s]
stop: DOWN /dev/vginfong/infongt-eu4  ...... OK [0s]
stop: infongt-eu4.schlund.de is stopped.
stop: COMMAND FINISHED in 0 seconds
Shutdown of infongt-eu4.schlund.de finished.
Startup infongt-eu4.
start: UPDATE mars_infongt-eu4  ...... OK [0s]
start: VM::SAInfongBase: Name:	infongt-eu4
start: VM::SAInfongBase: State:	NOT_PRESENT
start: infongt-eu4.schlund.de is updated.
start: Using VMHost 'icpu5138.schlund.de' (policy: 'free')
start: Reserving VMHost icpu5138.schlund.de
start: Starting storage for infongt-eu4.schlund.de
start: UP /dev/vginfong/infongt-eu4  ...... OK (skipped) [0s]
start: UP mars_infongt-eu4  ...(switch-primary:120s) ... OK [1s]
start: Starting VM for infongt-eu4.schlund.de via nodeagent
start: START infongt-eu4.schlund.de  ...(init) (assemble:300s) (vmstart:300s) ... OK [1s]
start: infongt-eu4.schlund.de is started.
start: COMMAND FINISHED in 2 seconds
Startup of infongt-eu4.schlund.de finished.
Running hook: hook_secondary_migrate hook_secondary_migrate icpu5139
Executing on icpu5139: 'cm3 --update --force'
Update started.
Update of cluster finished.
DONE Mon Jul  3 15:32:26 CEST 2017
