./migrate-resource.sh migrate infongt-eu6:icpu16:istore2a icpu5128 icpu5133
operation=migrate
res=infongt-eu6:icpu16:istore2a
target_primary=icpu5128
target_secondary=icpu5133
Sourcing hooks in './hooks-cm3.sh'
Using clustermw username: 'tschoebeltheuer'
Determined the following CURRENT hypervisor: "icpu16"
Determined the following CURRENT primary: "istore2a"
PING icpu16.schlund.de (10.46.0.131) 56(84) bytes of data.
64 bytes from icpu16.schlund.de (10.46.0.131): icmp_seq=1 ttl=59 time=0.930 ms

--- icpu16.schlund.de ping statistics ---
1 packets transmitted, 1 received, 0% packet loss, time 0ms
rtt min/avg/max/mdev = 0.930/0.930/0.930/0.000 ms
PING istore2a.schlund.de (10.46.98.4) 56(84) bytes of data.
64 bytes from istore2a.schlund.de (10.46.98.4): icmp_seq=1 ttl=60 time=1.04 ms

--- istore2a.schlund.de ping statistics ---
1 packets transmitted, 1 received, 0% packet loss, time 0ms
rtt min/avg/max/mdev = 1.043/1.043/1.043/0.000 ms
/mars is a mountpoint
  infongt-eu6 WriteBack Replicating DcASFr Primary istore2a 
/vol/infongt-eu6 is a mountpoint
Determined the following secondaries: 'istore2b'
PING istore2b.schlund.de (10.46.102.2) 56(84) bytes of data.
64 bytes from istore2b.schlund.de (10.46.102.2): icmp_seq=1 ttl=59 time=2.43 ms

--- istore2b.schlund.de ping statistics ---
1 packets transmitted, 1 received, 0% packet loss, time 0ms
rtt min/avg/max/mdev = 2.430/2.430/2.430/0.000 ms
PING icpu5128.schlund.de (10.46.12.75) 56(84) bytes of data.
64 bytes from icpu5128.schlund.de (10.46.12.75): icmp_seq=1 ttl=59 time=0.532 ms

--- icpu5128.schlund.de ping statistics ---
1 packets transmitted, 1 received, 0% packet loss, time 0ms
rtt min/avg/max/mdev = 0.532/0.532/0.532/0.000 ms
PING icpu5133.schlund.de (10.46.28.75) 56(84) bytes of data.
64 bytes from icpu5133.schlund.de (10.46.28.75): icmp_seq=1 ttl=58 time=1.26 ms

--- icpu5133.schlund.de ping statistics ---
1 packets transmitted, 1 received, 0% packet loss, time 0ms
rtt min/avg/max/mdev = 1.260/1.260/1.260/0.000 ms
Using the following TARGET primary:   "icpu5128"
Using the following TARGET secondary: "icpu5133"
[CONFIRM: Press Return to continue, ^C to abort] 
Running hook: hook_prepare_hosts hook_prepare_hosts istore2a istore2b icpu5128 icpu5133
Executing on istore2a: 'service ui-firewalling stop || /etc/init.d/firewalling stop'
ui-firewalling: unrecognized service
Using firewalling.istore 
HOOKDIR /etc/firewall-istore.d/
Stopping firewalling
Stopping firewall-hook /etc/firewall-istore.d//dhcp
  deleting portmap-rules
iptables v1.4.8: Couldn't load target `fwhook_dhcp_in':/lib/xtables/libipt_fwhook_dhcp_in.so: cannot open shared object file: No such file or directory

Try `iptables -h' or 'iptables --help' for more information.
iptables v1.4.8: Couldn't load target `fwhook_dhcp_in':/lib/xtables/libipt_fwhook_dhcp_in.so: cannot open shared object file: No such file or directory

Try `iptables -h' or 'iptables --help' for more information.
iptables: No chain/target/match by that name.
Stopping firewall-hook /etc/firewall-istore.d//drbd
iptables: No chain/target/match by that name.
Stopping firewall-hook /etc/firewall-istore.d//drbd_cluster
Stopping firewall-hook /etc/firewall-istore.d//ehb
  deleting ehb-rules
iptables v1.4.8: Couldn't load target `fwhook_ehb_ctrls_out':/lib/xtables/libipt_fwhook_ehb_ctrls_out.so: cannot open shared object file: No such file or directory

Try `iptables -h' or 'iptables --help' for more information.
iptables v1.4.8: Couldn't load target `fwhook_ehb_ctrls_out':/lib/xtables/libipt_fwhook_ehb_ctrls_out.so: cannot open shared object file: No such file or directory

Try `iptables -h' or 'iptables --help' for more information.
iptables: No chain/target/match by that name.
iptables: No chain/target/match by that name.
iptables v1.4.8: Couldn't load target `fwhook_ehb_ctrls_in':/lib/xtables/libipt_fwhook_ehb_ctrls_in.so: cannot open shared object file: No such file or directory

Try `iptables -h' or 'iptables --help' for more information.
iptables v1.4.8: Couldn't load target `fwhook_ehb_ctrls_in':/lib/xtables/libipt_fwhook_ehb_ctrls_in.so: cannot open shared object file: No such file or directory

Try `iptables -h' or 'iptables --help' for more information.
iptables: No chain/target/match by that name.
iptables: No chain/target/match by that name.
iptables v1.4.8: Couldn't load target `fwhook_ehb_hosts_out':/lib/xtables/libipt_fwhook_ehb_hosts_out.so: cannot open shared object file: No such file or directory

Try `iptables -h' or 'iptables --help' for more information.
iptables v1.4.8: Couldn't load target `fwhook_ehb_hosts_out':/lib/xtables/libipt_fwhook_ehb_hosts_out.so: cannot open shared object file: No such file or directory

Try `iptables -h' or 'iptables --help' for more information.
iptables: No chain/target/match by that name.
iptables: No chain/target/match by that name.
iptables v1.4.8: Couldn't load target `fwhook_ehb_hosts_in':/lib/xtables/libipt_fwhook_ehb_hosts_in.so: cannot open shared object file: No such file or directory

Try `iptables -h' or 'iptables --help' for more information.
iptables v1.4.8: Couldn't load target `fwhook_ehb_hosts_in':/lib/xtables/libipt_fwhook_ehb_hosts_in.so: cannot open shared object file: No such file or directory

Try `iptables -h' or 'iptables --help' for more information.
iptables: No chain/target/match by that name.
Stopping firewall-hook /etc/firewall-istore.d//hostname_intern
iptables: No chain/target/match by that name.
  deleting hostnames-rules
iptables v1.4.8: Couldn't load target `fwhook_hostnames_in':/lib/xtables/libipt_fwhook_hostnames_in.so: cannot open shared object file: No such file or directory

Try `iptables -h' or 'iptables --help' for more information.
iptables v1.4.8: Couldn't load target `fwhook_hostnames_in':/lib/xtables/libipt_fwhook_hostnames_in.so: cannot open shared object file: No such file or directory

Try `iptables -h' or 'iptables --help' for more information.
iptables: No chain/target/match by that name.
Stopping firewall-hook /etc/firewall-istore.d//iscsi
iptables: No chain/target/match by that name.
Stopping firewall-hook /etc/firewall-istore.d//mars
Stopping firewall-hook /etc/firewall-istore.d//orwelld
iptables v1.4.8: Couldn't load target `fwhook_orwelld':/lib/xtables/libipt_fwhook_orwelld.so: cannot open shared object file: No such file or directory

Try `iptables -h' or 'iptables --help' for more information.
Stopping firewall-hook /etc/firewall-istore.d//sasoap
iptables v1.4.8: Couldn't load target `fwhook_orwelld':/lib/xtables/libipt_fwhook_orwelld.so: cannot open shared object file: No such file or directory

Try `iptables -h' or 'iptables --help' for more information.
iptables: No chain/target/match by that name.
iptables: No chain/target/match by that name.
Executing on istore2b: 'service ui-firewalling stop || /etc/init.d/firewalling stop'
ui-firewalling: unrecognized service
Using firewalling.istore 
HOOKDIR /etc/firewall-istore.d/
Stopping firewalling
Stopping firewall-hook /etc/firewall-istore.d//dhcp
  deleting portmap-rules
iptables v1.4.8: Couldn't load target `fwhook_dhcp_in':/lib/xtables/libipt_fwhook_dhcp_in.so: cannot open shared object file: No such file or directory

Try `iptables -h' or 'iptables --help' for more information.
iptables v1.4.8: Couldn't load target `fwhook_dhcp_in':/lib/xtables/libipt_fwhook_dhcp_in.so: cannot open shared object file: No such file or directory

Try `iptables -h' or 'iptables --help' for more information.
iptables: No chain/target/match by that name.
Stopping firewall-hook /etc/firewall-istore.d//drbd
iptables: No chain/target/match by that name.
Stopping firewall-hook /etc/firewall-istore.d//drbd_cluster
Stopping firewall-hook /etc/firewall-istore.d//ehb
  deleting ehb-rules
iptables v1.4.8: Couldn't load target `fwhook_ehb_ctrls_out':/lib/xtables/libipt_fwhook_ehb_ctrls_out.so: cannot open shared object file: No such file or directory

Try `iptables -h' or 'iptables --help' for more information.
iptables v1.4.8: Couldn't load target `fwhook_ehb_ctrls_out':/lib/xtables/libipt_fwhook_ehb_ctrls_out.so: cannot open shared object file: No such file or directory

Try `iptables -h' or 'iptables --help' for more information.
iptables: No chain/target/match by that name.
iptables: No chain/target/match by that name.
iptables v1.4.8: Couldn't load target `fwhook_ehb_ctrls_in':/lib/xtables/libipt_fwhook_ehb_ctrls_in.so: cannot open shared object file: No such file or directory

Try `iptables -h' or 'iptables --help' for more information.
iptables v1.4.8: Couldn't load target `fwhook_ehb_ctrls_in':/lib/xtables/libipt_fwhook_ehb_ctrls_in.so: cannot open shared object file: No such file or directory

Try `iptables -h' or 'iptables --help' for more information.
iptables: No chain/target/match by that name.
iptables: No chain/target/match by that name.
iptables v1.4.8: Couldn't load target `fwhook_ehb_hosts_out':/lib/xtables/libipt_fwhook_ehb_hosts_out.so: cannot open shared object file: No such file or directory

Try `iptables -h' or 'iptables --help' for more information.
iptables v1.4.8: Couldn't load target `fwhook_ehb_hosts_out':/lib/xtables/libipt_fwhook_ehb_hosts_out.so: cannot open shared object file: No such file or directory

Try `iptables -h' or 'iptables --help' for more information.
iptables: No chain/target/match by that name.
iptables: No chain/target/match by that name.
iptables v1.4.8: Couldn't load target `fwhook_ehb_hosts_in':/lib/xtables/libipt_fwhook_ehb_hosts_in.so: cannot open shared object file: No such file or directory

Try `iptables -h' or 'iptables --help' for more information.
iptables v1.4.8: Couldn't load target `fwhook_ehb_hosts_in':/lib/xtables/libipt_fwhook_ehb_hosts_in.so: cannot open shared object file: No such file or directory

Try `iptables -h' or 'iptables --help' for more information.
iptables: No chain/target/match by that name.
iptables: No chain/target/match by that name.
Stopping firewall-hook /etc/firewall-istore.d//hostname_intern
  deleting hostnames-rules
iptables v1.4.8: Couldn't load target `fwhook_hostnames_in':/lib/xtables/libipt_fwhook_hostnames_in.so: cannot open shared object file: No such file or directory

Try `iptables -h' or 'iptables --help' for more information.
iptables v1.4.8: Couldn't load target `fwhook_hostnames_in':/lib/xtables/libipt_fwhook_hostnames_in.so: cannot open shared object file: No such file or directory

Try `iptables -h' or 'iptables --help' for more information.
iptables: No chain/target/match by that name.
Stopping firewall-hook /etc/firewall-istore.d//iscsi
iptables: No chain/target/match by that name.
Stopping firewall-hook /etc/firewall-istore.d//mars
Stopping firewall-hook /etc/firewall-istore.d//orwelld
iptables v1.4.8: Couldn't load target `fwhook_orwelld':/lib/xtables/libipt_fwhook_orwelld.so: cannot open shared object file: No such file or directory

Try `iptables -h' or 'iptables --help' for more information.
iptables v1.4.8: Couldn't load target `fwhook_orwelld':/lib/xtables/libipt_fwhook_orwelld.so: cannot open shared object file: No such file or directory

Try `iptables -h' or 'iptables --help' for more information.
iptables: No chain/target/match by that name.
Stopping firewall-hook /etc/firewall-istore.d//sasoap
iptables: No chain/target/match by that name.
Executing on icpu5128: 'service ui-firewalling stop || /etc/init.d/firewalling stop'
Executing on icpu5133: 'service ui-firewalling stop || /etc/init.d/firewalling stop'
Running hook: hook_merge_cluster hook_merge_cluster istore2a icpu5128
Executing on istore2a: 'marsadm lowlevel-ls-host-ips'
WARNING: EXPERTS ONLY -- risky lowlevel command 'lowlevel-ls-host-ips'
Peer 'istore2a' has IP '10.46.98.4'
Executing on icpu5128: 'marsadm merge-cluster --ssh-port=24 10.46.98.4'
Using SSH port '24' from command line.
Linux icpu5128 3.14.79-grsec+ #1196 SMP Tue Jun 20 13:04:30 CEST 2017 x86_64 GNU/Linux
PING 10.46.98.4 (10.46.98.4) 56(84) bytes of data.
64 bytes from 10.46.98.4: icmp_seq=1 ttl=64 time=0.085 ms

--- 10.46.98.4 ping statistics ---
1 packets transmitted, 1 received, 0% packet loss, time 0ms
rtt min/avg/max/mdev = 0.085/0.085/0.085/0.000 ms
ssh: connect to host 10.46.98.4 port 24: Connection refused
Linux istore2a 3.2.45-istore-20130805 #1 SMP Mon Aug 5 13:36:58 CEST 2013 x86_64 GNU/Linux
Linux istore2a 3.2.45-istore-20130805 #1 SMP Mon Aug 5 13:36:58 CEST 2013 x86_64 GNU/Linux
PING icpu5133 (10.46.102.189) 56(84) bytes of data.
64 bytes from icpu5133 (10.46.102.189): icmp_seq=1 ttl=61 time=0.800 ms

--- icpu5133 ping statistics ---
1 packets transmitted, 1 received, 0% packet loss, time 0ms
rtt min/avg/max/mdev = 0.800/0.800/0.800/0.000 ms
Linux icpu5133 3.14.79-grsec+ #1196 SMP Tue Jun 20 13:04:30 CEST 2017 x86_64 GNU/Linux
Linux icpu5133 3.14.79-grsec+ #1196 SMP Tue Jun 20 13:04:30 CEST 2017 x86_64 GNU/Linux
PING icpu5138.schlund.de (10.46.12.76) 56(84) bytes of data.
64 bytes from icpu5138.schlund.de (10.46.12.76): icmp_seq=1 ttl=64 time=0.066 ms

--- icpu5138.schlund.de ping statistics ---
1 packets transmitted, 1 received, 0% packet loss, time 0ms
rtt min/avg/max/mdev = 0.066/0.066/0.066/0.000 ms
Linux icpu5138 3.14.79-grsec+ #1234 SMP Tue Jul 4 14:36:13 CEST 2017 x86_64 GNU/Linux
Linux icpu5138 3.14.79-grsec+ #1234 SMP Tue Jul 4 14:36:13 CEST 2017 x86_64 GNU/Linux
PING icpu5139.schlund.de (10.46.28.76) 56(84) bytes of data.
64 bytes from icpu5139.schlund.de (10.46.28.76): icmp_seq=1 ttl=58 time=0.874 ms

--- icpu5139.schlund.de ping statistics ---
1 packets transmitted, 1 received, 0% packet loss, time 0ms
rtt min/avg/max/mdev = 0.874/0.874/0.874/0.000 ms
ssh: connect to host icpu5139 port 24: Connection timed out
ssh: connect to host icpu5139 port 22: Connection refused
ssh: connect to host icpu5139 port 24: Connection timed out
WARNING: SSH to 'icpu5139' does not work on any port
PING 10.46.102.191 (10.46.102.191) 56(84) bytes of data.
64 bytes from 10.46.102.191: icmp_seq=1 ttl=61 time=0.827 ms

--- 10.46.102.191 ping statistics ---
1 packets transmitted, 1 received, 0% packet loss, time 0ms
rtt min/avg/max/mdev = 0.827/0.827/0.827/0.000 ms
Linux icpu5139 3.14.79-grsec+ #1234 SMP Tue Jul 4 14:36:13 CEST 2017 x86_64 GNU/Linux
Linux icpu5139 3.14.79-grsec+ #1234 SMP Tue Jul 4 14:36:13 CEST 2017 x86_64 GNU/Linux
PING istore2a.schlund.de (10.46.98.4) 56(84) bytes of data.
64 bytes from istore2a.schlund.de (10.46.98.4): icmp_seq=1 ttl=64 time=0.086 ms

--- istore2a.schlund.de ping statistics ---
1 packets transmitted, 1 received, 0% packet loss, time 0ms
rtt min/avg/max/mdev = 0.086/0.086/0.086/0.000 ms
ssh: connect to host istore2a port 24: Connection refused
Linux istore2a 3.2.45-istore-20130805 #1 SMP Mon Aug 5 13:36:58 CEST 2013 x86_64 GNU/Linux
Linux istore2a 3.2.45-istore-20130805 #1 SMP Mon Aug 5 13:36:58 CEST 2013 x86_64 GNU/Linux
PING istore2b.schlund.de (10.46.102.2) 56(84) bytes of data.
64 bytes from istore2b.schlund.de (10.46.102.2): icmp_seq=1 ttl=61 time=0.802 ms

--- istore2b.schlund.de ping statistics ---
1 packets transmitted, 1 received, 0% packet loss, time 0ms
rtt min/avg/max/mdev = 0.802/0.802/0.802/0.000 ms
ssh: connect to host istore2b port 24: Connection refused
Linux istore2b 3.2.45-istore-20130805 #1 SMP Mon Aug 5 13:36:58 CEST 2013 x86_64 GNU/Linux
Linux istore2b 3.2.45-istore-20130805 #1 SMP Mon Aug 5 13:36:58 CEST 2013 x86_64 GNU/Linux
Other cluster peer '10.46.98.4' has the same UUID.
No resource name checking necessary.
Operation 'merge-cluster' will therfore work logically idempotent.
receiving incremental file list

sent 11 bytes  received 73 bytes  56.00 bytes/sec
total size is 38  speedup is 0.45
sending incremental file list

sent 82 bytes  received 12 bytes  188.00 bytes/sec
total size is 38  speedup is 0.40
sending incremental file list

sent 82 bytes  received 12 bytes  188.00 bytes/sec
total size is 38  speedup is 0.40
sending incremental file list

sent 82 bytes  received 12 bytes  188.00 bytes/sec
total size is 38  speedup is 0.40
sending incremental file list

sent 76 bytes  received 11 bytes  58.00 bytes/sec
total size is 38  speedup is 0.44
sending incremental file list

sent 76 bytes  received 11 bytes  174.00 bytes/sec
total size is 38  speedup is 0.44
receiving incremental file list
resource-infongm1/actual-istore2a/
resource-infongt-eu4/actual-icpu5138/
resource-infongt-eu4/actual-istore2a/
resource-infongt-eu6/actual-icpu5138/
resource-infongt-eu6/actual-istore2a/
resource-infongt-eu7/actual-icpu5138/

sent 162 bytes  received 123,895 bytes  248,114.00 bytes/sec
total size is 1,587,852  speedup is 12.80
sending incremental file list
./
actual-icpu5128/
actual-icpu5133/
actual-icpu5138/
actual-icpu5139/
actual-istore2b/
resource-infong375/
resource-infong375/.deleted-log-000141983-istore2a -> 1
resource-infong375/.deleted-log-000141984-istore2a -> 1
resource-infong375/.deleted-version-000141982-istore2a -> 1
resource-infong375/.deleted-version-000141982-istore2b -> 1
resource-infong375/.deleted-version-000141983-istore2a -> 1
resource-infong375/.deleted-version-000141983-istore2b -> 1
resource-infong375/actual-istore2a/
resource-infong376/
resource-infong376/.deleted-log-000141954-istore2b -> 1
resource-infong376/.deleted-log-000141955-istore2b -> 1
resource-infong376/.deleted-version-000141953-istore2a -> 1
resource-infong376/.deleted-version-000141953-istore2b -> 1
resource-infong376/.deleted-version-000141954-istore2a -> 1
resource-infong376/.deleted-version-000141954-istore2b -> 1
resource-infong376/actual-istore2a/
resource-infongm1/
resource-infongm1/.deleted-log-000141687-istore2b -> 1
resource-infongm1/.deleted-log-000141688-istore2b -> 1
resource-infongm1/.deleted-version-000141686-istore2a -> 1
resource-infongm1/.deleted-version-000141687-istore2a -> 1
resource-infongm1/.deleted-version-000141687-istore2b -> 1
resource-infongm1/actual-istore2a/
resource-infongt-eu4/
resource-infongt-eu4/.deleted-log-000023797-icpu5128 -> 1
resource-infongt-eu4/.deleted-log-000023798-icpu5128 -> 1
resource-infongt-eu4/.deleted-log-000023799-icpu5128 -> 1
resource-infongt-eu4/.deleted-log-000023800-icpu5128 -> 1
resource-infongt-eu4/.deleted-log-000023801-icpu5128 -> 1
resource-infongt-eu4/.deleted-log-000023802-icpu5128 -> 1
resource-infongt-eu4/.deleted-version-000023796-icpu5128 -> 1
resource-infongt-eu4/.deleted-version-000023796-icpu5133 -> 1
resource-infongt-eu4/.deleted-version-000023797-icpu5128 -> 1
resource-infongt-eu4/.deleted-version-000023797-icpu5133 -> 1
resource-infongt-eu4/.deleted-version-000023798-icpu5128 -> 1
resource-infongt-eu4/.deleted-version-000023798-icpu5133 -> 1
resource-infongt-eu4/.deleted-version-000023799-icpu5128 -> 1
resource-infongt-eu4/.deleted-version-000023799-icpu5133 -> 1
resource-infongt-eu4/.deleted-version-000023800-icpu5128 -> 1
resource-infongt-eu4/.deleted-version-000023800-icpu5133 -> 1
resource-infongt-eu4/.deleted-version-000023801-icpu5128 -> 1
resource-infongt-eu4/.deleted-version-000023801-icpu5133 -> 1
resource-infongt-eu4/actual-icpu5128/
resource-infongt-eu4/actual-icpu5133/
resource-infongt-eu4/actual-istore2a/
resource-infongt-eu6/
resource-infongt-eu6/.deleted-log-000010179-icpu5139 -> 1
resource-infongt-eu6/.deleted-log-000010180-icpu5139 -> 1
resource-infongt-eu6/.deleted-log-000010181-icpu5139 -> 1
resource-infongt-eu6/.deleted-log-000010182-icpu5139 -> 1
resource-infongt-eu6/.deleted-version-000010178-icpu5138 -> 1
resource-infongt-eu6/.deleted-version-000010178-icpu5139 -> 1
resource-infongt-eu6/.deleted-version-000010179-icpu5138 -> 1
resource-infongt-eu6/.deleted-version-000010179-icpu5139 -> 1
resource-infongt-eu6/.deleted-version-000010180-icpu5138 -> 1
resource-infongt-eu6/.deleted-version-000010180-icpu5139 -> 1
resource-infongt-eu6/.deleted-version-000010181-icpu5138 -> 1
resource-infongt-eu6/.deleted-version-000010181-icpu5139 -> 1
resource-infongt-eu6/actual-icpu5138/.deleted-device-icpu5138 -> 1
resource-infongt-eu6/actual-istore2a/
resource-lv-0/actual-icpu5128/
resource-lv-0/actual-icpu5133/
todo-global/

sent 124,309 bytes  received 877 bytes  83,457.33 bytes/sec
total size is 644,748  speedup is 5.15
Running hook: hook_merge_cluster hook_merge_cluster istore2a icpu5133
Executing on istore2a: 'marsadm lowlevel-ls-host-ips'
WARNING: EXPERTS ONLY -- risky lowlevel command 'lowlevel-ls-host-ips'
Peer 'istore2a' has IP '10.46.98.4'
Executing on icpu5133: 'marsadm merge-cluster --ssh-port=24 10.46.98.4'
Using SSH port '24' from command line.
Linux icpu5133 3.14.79-grsec+ #1196 SMP Tue Jun 20 13:04:30 CEST 2017 x86_64 GNU/Linux
PING 10.46.98.4 (10.46.98.4) 56(84) bytes of data.
64 bytes from 10.46.98.4: icmp_seq=1 ttl=61 time=0.975 ms

--- 10.46.98.4 ping statistics ---
1 packets transmitted, 1 received, 0% packet loss, time 0ms
rtt min/avg/max/mdev = 0.975/0.975/0.975/0.000 ms
ssh: connect to host 10.46.98.4 port 24: Connection refused
Linux istore2a 3.2.45-istore-20130805 #1 SMP Mon Aug 5 13:36:58 CEST 2013 x86_64 GNU/Linux
Linux istore2a 3.2.45-istore-20130805 #1 SMP Mon Aug 5 13:36:58 CEST 2013 x86_64 GNU/Linux
PING icpu5128 (10.46.98.175) 56(84) bytes of data.
64 bytes from icpu5128 (10.46.98.175): icmp_seq=1 ttl=61 time=0.793 ms

--- icpu5128 ping statistics ---
1 packets transmitted, 1 received, 0% packet loss, time 0ms
rtt min/avg/max/mdev = 0.793/0.793/0.793/0.000 ms
Linux icpu5128 3.14.79-grsec+ #1196 SMP Tue Jun 20 13:04:30 CEST 2017 x86_64 GNU/Linux
Linux icpu5128 3.14.79-grsec+ #1196 SMP Tue Jun 20 13:04:30 CEST 2017 x86_64 GNU/Linux
PING icpu5138.schlund.de (10.46.12.76) 56(84) bytes of data.
64 bytes from icpu5138.schlund.de (10.46.12.76): icmp_seq=1 ttl=58 time=0.857 ms

--- icpu5138.schlund.de ping statistics ---
1 packets transmitted, 1 received, 0% packet loss, time 0ms
rtt min/avg/max/mdev = 0.857/0.857/0.857/0.000 ms
ssh: connect to host icpu5138 port 24: Connection timed out
ssh: connect to host icpu5138 port 22: Connection refused
ssh: connect to host icpu5138 port 24: Connection timed out
WARNING: SSH to 'icpu5138' does not work on any port
PING 10.46.98.177 (10.46.98.177) 56(84) bytes of data.
64 bytes from 10.46.98.177: icmp_seq=1 ttl=61 time=0.815 ms

--- 10.46.98.177 ping statistics ---
1 packets transmitted, 1 received, 0% packet loss, time 0ms
rtt min/avg/max/mdev = 0.815/0.815/0.815/0.000 ms
Linux icpu5138 3.14.79-grsec+ #1234 SMP Tue Jul 4 14:36:13 CEST 2017 x86_64 GNU/Linux
Linux icpu5138 3.14.79-grsec+ #1234 SMP Tue Jul 4 14:36:13 CEST 2017 x86_64 GNU/Linux
PING icpu5139.schlund.de (10.46.28.76) 56(84) bytes of data.
64 bytes from icpu5139.schlund.de (10.46.28.76): icmp_seq=1 ttl=64 time=0.074 ms

--- icpu5139.schlund.de ping statistics ---
1 packets transmitted, 1 received, 0% packet loss, time 0ms
rtt min/avg/max/mdev = 0.074/0.074/0.074/0.000 ms
Linux icpu5139 3.14.79-grsec+ #1234 SMP Tue Jul 4 14:36:13 CEST 2017 x86_64 GNU/Linux
Linux icpu5139 3.14.79-grsec+ #1234 SMP Tue Jul 4 14:36:13 CEST 2017 x86_64 GNU/Linux
PING istore2a.schlund.de (10.46.98.4) 56(84) bytes of data.
64 bytes from istore2a.schlund.de (10.46.98.4): icmp_seq=1 ttl=61 time=0.827 ms

--- istore2a.schlund.de ping statistics ---
1 packets transmitted, 1 received, 0% packet loss, time 0ms
rtt min/avg/max/mdev = 0.827/0.827/0.827/0.000 ms
ssh: connect to host istore2a port 24: Connection refused
Linux istore2a 3.2.45-istore-20130805 #1 SMP Mon Aug 5 13:36:58 CEST 2013 x86_64 GNU/Linux
Linux istore2a 3.2.45-istore-20130805 #1 SMP Mon Aug 5 13:36:58 CEST 2013 x86_64 GNU/Linux
PING istore2b.schlund.de (10.46.102.2) 56(84) bytes of data.
64 bytes from istore2b.schlund.de (10.46.102.2): icmp_seq=1 ttl=64 time=0.071 ms

--- istore2b.schlund.de ping statistics ---
1 packets transmitted, 1 received, 0% packet loss, time 0ms
rtt min/avg/max/mdev = 0.071/0.071/0.071/0.000 ms
ssh: connect to host istore2b port 24: Connection refused
Linux istore2b 3.2.45-istore-20130805 #1 SMP Mon Aug 5 13:36:58 CEST 2013 x86_64 GNU/Linux
Linux istore2b 3.2.45-istore-20130805 #1 SMP Mon Aug 5 13:36:58 CEST 2013 x86_64 GNU/Linux
Other cluster peer '10.46.98.4' has the same UUID.
No resource name checking necessary.
Operation 'merge-cluster' will therfore work logically idempotent.
receiving incremental file list

sent 11 bytes  received 73 bytes  56.00 bytes/sec
total size is 38  speedup is 0.45
sending incremental file list

sent 82 bytes  received 12 bytes  188.00 bytes/sec
total size is 38  speedup is 0.40
sending incremental file list

sent 82 bytes  received 12 bytes  188.00 bytes/sec
total size is 38  speedup is 0.40
sending incremental file list

sent 82 bytes  received 12 bytes  188.00 bytes/sec
total size is 38  speedup is 0.40
sending incremental file list

sent 76 bytes  received 11 bytes  58.00 bytes/sec
total size is 38  speedup is 0.44
sending incremental file list

sent 76 bytes  received 11 bytes  174.00 bytes/sec
total size is 38  speedup is 0.44
receiving incremental file list
./
actual-icpu5128/
actual-icpu5133/
actual-icpu5138/
actual-icpu5139/
actual-istore2b/
resource-infong375/
resource-infong375/actual-istore2a/
resource-infong375/actual-istore2b/
resource-infong376/
resource-infong376/actual-istore2a/
resource-infong376/actual-istore2b/
resource-infongm1/
resource-infongm1/actual-istore2a/
resource-infongm1/actual-istore2b/
resource-infongt-eu4/
resource-infongt-eu4/actual-icpu5128/
resource-infongt-eu4/actual-icpu5133/
resource-infongt-eu4/actual-icpu5138/
resource-infongt-eu4/actual-icpu5139/
resource-infongt-eu4/actual-istore2a/
resource-infongt-eu4/actual-istore2b/
resource-infongt-eu5/
resource-infongt-eu5/actual-icpu5138/
resource-infongt-eu5/actual-icpu5139/
resource-infongt-eu6/
resource-infongt-eu6/.deleted-version-000015327-istore2a -> 1
resource-infongt-eu6/actual-icpu5138/
resource-infongt-eu6/actual-icpu5139/
resource-infongt-eu6/actual-istore2a/
resource-infongt-eu6/actual-istore2b/
resource-infongt-eu7/
resource-infongt-eu7/actual-icpu5138/
resource-infongt-eu7/actual-icpu5139/
resource-lv-0/actual-icpu5128/
resource-lv-0/actual-icpu5133/
todo-global/

sent 259 bytes  received 124,633 bytes  83,261.33 bytes/sec
total size is 1,648,920  speedup is 13.20
sending incremental file list
actual-icpu5128/
actual-icpu5133/
actual-icpu5138/
actual-icpu5139/
actual-istore2a/
actual-istore2b/
resource-infong375/
resource-infong375/actual-istore2a/
resource-infong375/actual-istore2b/
resource-infong376/
resource-infong376/actual-istore2a/
resource-infong376/actual-istore2b/
resource-infongm1/
resource-infongm1/actual-istore2a/
resource-infongm1/actual-istore2b/
resource-infongt-eu4/actual-icpu5128/
resource-infongt-eu4/actual-icpu5138/
resource-infongt-eu4/actual-icpu5139/
resource-infongt-eu4/actual-istore2a/
resource-infongt-eu4/actual-istore2b/
resource-infongt-eu5/
resource-infongt-eu5/actual-icpu5138/
resource-infongt-eu5/actual-icpu5139/
resource-infongt-eu6/
resource-infongt-eu6/actual-icpu5138/
resource-infongt-eu6/actual-icpu5139/
resource-infongt-eu6/actual-istore2a/
resource-infongt-eu6/actual-istore2b/
resource-infongt-eu7/
resource-infongt-eu7/actual-icpu5138/
resource-infongt-eu7/actual-icpu5139/
resource-lv-0/actual-icpu5128/
todo-global/

sent 123,268 bytes  received 755 bytes  82,682.00 bytes/sec
total size is 693,240  speedup is 5.59
Executing on icpu5128: 'marsadm wait-cluster'
all 5 peer(s) seem to be alive
Executing on icpu5128: 'marsadm view-is-attach infongt-eu6'
WARNING: cannot read symlink '/mars/resource-infongt-eu6/actual-icpu5128/is-attached'
Executing on istore2a: 'marsadm view-sync-size infongt-eu6'
Running hook: hook_get_vg hook_get_vg icpu5128
Executing on icpu5128: 'vgs | awk '{ print $1; }' | grep 'vginfong\|vg[0-9]\+[ab]''
Executing on icpu5128: 'vgs --noheadings -o "vg_free" --units k vginfong'
vginfong REST space on 'icpu5128' :   12912082944
Running hook: hook_get_vg hook_get_vg icpu5133
Executing on icpu5133: 'vgs | awk '{ print $1; }' | grep 'vginfong\|vg[0-9]\+[ab]''
Executing on icpu5133: 'vgs --noheadings -o "vg_free" --units k vginfong'
vginfong REST space on 'icpu5133' :   12912082944
Running hook: hook_get_vg hook_get_vg icpu5128
Executing on icpu5128: 'vgs | awk '{ print $1; }' | grep 'vginfong\|vg[0-9]\+[ab]''
Running hook: hook_get_vg hook_get_vg icpu5133
Executing on icpu5133: 'vgs | awk '{ print $1; }' | grep 'vginfong\|vg[0-9]\+[ab]''
Running hook: hook_get_vg hook_get_vg icpu5128
Executing on icpu5128: 'vgs | awk '{ print $1; }' | grep 'vginfong\|vg[0-9]\+[ab]''
Executing on icpu5128: 'if [[ -e /dev/vginfong/infongt-eu6 ]]; then echo "REFUSING to overwrite /dev/vginfong/infongt-eu6 on icpu5128 - Do this by hand"; exit -1; fi'
Executing on icpu5128: 'lvcreate -L 20000768k -n infongt-eu6 vginfong'
  Logical volume "infongt-eu6" created
Running hook: hook_get_vg hook_get_vg icpu5133
Executing on icpu5133: 'vgs | awk '{ print $1; }' | grep 'vginfong\|vg[0-9]\+[ab]''
Executing on icpu5133: 'if [[ -e /dev/vginfong/infongt-eu6 ]]; then echo "REFUSING to overwrite /dev/vginfong/infongt-eu6 on icpu5133 - Do this by hand"; exit -1; fi'
Executing on icpu5133: 'lvcreate -L 20000768k -n infongt-eu6 vginfong'
  Logical volume "infongt-eu6" created
Running hook: hook_join_resource hook_join_resource istore2a icpu5128 infongt-eu6 /dev/vginfong/infongt-eu6
Executing on icpu5128: 'marsadm join-resource --ssh-port=24 infongt-eu6 /dev/vginfong/infongt-eu6'
Using SSH port '24' from command line.
joining to existing resource 'infongt-eu6'
block device '/dev/vginfong/infongt-eu6': determined size = 20480786432 bytes
PING istore2a.schlund.de (10.46.98.4) 56(84) bytes of data.
64 bytes from istore2a.schlund.de (10.46.98.4): icmp_seq=1 ttl=64 time=0.082 ms

--- istore2a.schlund.de ping statistics ---
1 packets transmitted, 1 received, 0% packet loss, time 0ms
rtt min/avg/max/mdev = 0.082/0.082/0.082/0.000 ms
ssh: connect to host istore2a port 24: Connection refused
Linux istore2a 3.2.45-istore-20130805 #1 SMP Mon Aug 5 13:36:58 CEST 2013 x86_64 GNU/Linux
receiving incremental file list
actual-icpu5138/
actual-icpu5139/
actual-istore2a/
actual-istore2b/

sent 360 bytes  received 27,846 bytes  18,804.00 bytes/sec
total size is 158,940  speedup is 5.63
all 5 peer(s) seem to be alive
using existing device '/dev/vginfong/infongt-eu6'
resource 'infongt-eu6' will appear as local device '/dev/mars/infongt-eu6'
creating new replaylink '/mars/resource-infongt-eu6/replay-icpu5128' -> 'log-000015329-istore2a,0,0'
creating new version symlink '/mars/resource-infongt-eu6/version-000015328-icpu5128' -> 'e64b70fa005f95b93d621e451751b3e3,log-000015328-istore2a,313636:2264876243255ed7bec48d8f0ba27586,log-000015327-istore2a,2415764'
WARNING: cannot read symlink '/mars/resource-infongt-eu6/version-000015327-istore2a'
cannot create new version symlink '/mars/resource-infongt-eu6/version-000015327-icpu5128'
sending incremental file list

sent 72 bytes  received 11 bytes  55.33 bytes/sec
total size is 25  speedup is 0.30
successfully joined resource 'infongt-eu6'
Running hook: hook_join_resource hook_join_resource istore2a icpu5133 infongt-eu6 /dev/vginfong/infongt-eu6
Executing on icpu5133: 'marsadm join-resource --ssh-port=24 infongt-eu6 /dev/vginfong/infongt-eu6'
Using SSH port '24' from command line.
joining to existing resource 'infongt-eu6'
block device '/dev/vginfong/infongt-eu6': determined size = 20480786432 bytes
PING istore2a.schlund.de (10.46.98.4) 56(84) bytes of data.
64 bytes from istore2a.schlund.de (10.46.98.4): icmp_seq=1 ttl=61 time=1.38 ms

--- istore2a.schlund.de ping statistics ---
1 packets transmitted, 1 received, 0% packet loss, time 0ms
rtt min/avg/max/mdev = 1.386/1.386/1.386/0.000 ms
ssh: connect to host istore2a port 24: Connection refused
Linux istore2a 3.2.45-istore-20130805 #1 SMP Mon Aug 5 13:36:58 CEST 2013 x86_64 GNU/Linux
receiving incremental file list
./
actsize-icpu5128 -> 20480786432
data-icpu5128 -> /dev/vginfong/infongt-eu6
device-icpu5128 -> infongt-eu6
replay-icpu5128 -> log-000015329-istore2a,0,0
syncstatus-icpu5128 -> 0
verifystatus-icpu5128 -> 25,18125
actual-icpu5128/
actual-icpu5128/copy-syncstatus-icpu5128 -> 1
actual-icpu5128/file_rate -> 0
actual-icpu5128/is-attached -> 0
actual-icpu5128/is-copying -> 1
actual-icpu5128/is-primary -> 0
actual-icpu5128/is-replaying -> 0
actual-icpu5128/is-syncing -> 1
actual-icpu5128/logfile-update -> 1
actual-icpu5128/msg-err-bad-log-name -> OK
actual-icpu5128/msg-err-emergency -> OK
actual-icpu5128/msg-err-log-not-contiguous -> OK
actual-icpu5128/msg-err-replay-size -> OK
actual-icpu5128/msg-err-replay-stop -> OK
actual-icpu5128/msg-err-replaylink-not-readable -> OK
actual-icpu5128/msg-err-sequence-trash -> OK
actual-icpu5128/msg-err-space-low -> OK
actual-icpu5128/msg-err-splitbrain-detected -> OK
actual-icpu5128/msg-err-versionlink-not-readable -> OK
actual-icpu5128/msg-err-versionlink-skip -> OK
actual-icpu5128/msg-inf-fetch -> 1499758056.880470395 1499758056.880470395 from = '/mars/resource-infongt-eu6/log-000015329-istore2a@istore2a:7778' to = '/mars/resource-infongt-eu6/log-000015329-istore2a' on = 1 start_pos = 0 end_pos = 170760 actual_pos = 0 actual_stamp = 1499758056.880470395 rate = 0 read_fly = 0 write_fly = 0 error_code = 0 nr_errors = 0
actual-icpu5128/msg-inf-replay-not-yet-finished -> OK
actual-icpu5128/msg-inf-replay-start -> OK
actual-icpu5128/msg-inf-replay-tolerance -> OK
actual-icpu5128/msg-inf-sync -> 1499758056.088470067 1499758056.088470067 from = 'data-istore2a@istore2a:7779' to = 'data-icpu5128' on = 1 start_pos = 0 end_pos = 20480786432 actual_pos = 0 actual_stamp = 1499758056.088470067 rate = 57460 read_fly = 9756 write_fly = 0 error_code = 0 nr_errors = 0
actual-icpu5128/msg-inf-versionlink-not-equal -> OK
actual-icpu5128/msg-inf-versionlink-not-yet-exist -> OK
actual-icpu5128/msg-wrn-log-consecutive -> OK
actual-icpu5128/msg-wrn-space-low -> OK
actual-icpu5128/open-count -> 0
actual-icpu5128/replay_rate -> 0
actual-icpu5128/sync_rate -> 56925
actual-icpu5138/
actual-icpu5139/
actual-istore2a/
actual-istore2b/
defaults-icpu5128/
todo-icpu5128/

sent 363 bytes  received 30,011 bytes  60,748.00 bytes/sec
total size is 176,132  speedup is 5.80
all 5 peer(s) seem to be alive
using existing device '/dev/vginfong/infongt-eu6'
resource 'infongt-eu6' will appear as local device '/dev/mars/infongt-eu6'
creating new replaylink '/mars/resource-infongt-eu6/replay-icpu5133' -> 'log-000015329-istore2a,0,0'
creating new version symlink '/mars/resource-infongt-eu6/version-000015328-icpu5133' -> 'e64b70fa005f95b93d621e451751b3e3,log-000015328-istore2a,313636:2264876243255ed7bec48d8f0ba27586,log-000015327-istore2a,2415764'
WARNING: cannot read symlink '/mars/resource-infongt-eu6/version-000015327-istore2a'
cannot create new version symlink '/mars/resource-infongt-eu6/version-000015327-icpu5133'
sending incremental file list

sent 72 bytes  received 11 bytes  55.33 bytes/sec
total size is 25  speedup is 0.30
successfully joined resource 'infongt-eu6'
Executing on icpu5128: 'marsadm wait-cluster'
all 5 peer(s) seem to be alive
Executing on icpu5128: 'marsadm wait-cluster'
all 5 peer(s) seem to be alive
Executing on icpu5133: 'marsadm wait-cluster'
all 5 peer(s) seem to be alive
Tue Jul 11 09:27:59 CEST 2017 sync rests for 'icpu5128 icpu5133':
Tue Jul 11 09:27:59 CEST 2017 sync rests: 15GiB 17GiB
Tue Jul 11 09:28:59 CEST 2017 sync rests: 7GiB 9GiB
Tue Jul 11 09:30:00 CEST 2017 sync rests: 858MiB 2GiB
Tue Jul 11 09:31:00 CEST 2017 sync rests: 0B/UpToDate 0B/UpToDate
Tue Jul 11 09:31:01 CEST 2017 sync appears to have finished at 'icpu5128 icpu5133'
Executing on icpu5128: 'marsadm wait-cluster'
all 5 peer(s) seem to be alive
Tue Jul 11 09:31:06 CEST 2017 sync rests for 'icpu5128':
Tue Jul 11 09:31:06 CEST 2017 sync rests: 0B/UpToDate
Tue Jul 11 09:31:06 CEST 2017 sync appears to have finished at 'icpu5128'
Running hook: hook_resource_stop hook_resource_stop istore2a infongt-eu6
Executing on istore2a: 'cm3 --stop infongt-eu6 || cm3 --stop infongt-eu6 || { mountpoint /vol/infongt-eu6 && umount /vol/infongt-eu6; } || false'
Shutdown infongt-eu6.
stop: UPDATE mars_infongt-eu6  ...... OK [0s]
stop: UPDATE iet_infongt-eu6 ...... OK
stop: infongt-eu6.schlund.de is updated.
stop: STOP infongt-eu6.schlund.de  ...(vmstop:120s) (dissemble:120s) (delete) ... OK [44s]
stop: UPDATE icpu16.schlund.de  ...... OK [0s]
stop: icpu16.schlund.de is updated.
stop: Skipped 'update_prev_vmhost' since no previous VMHost is linked with infongt-eu6.schlund.de
stop: VM infongt-eu6.schlund.de is stopped.
stop: Clearing VMHost for infongt-eu6.schlund.de, no longer using icpu16.schlund.de
stop: Stopping storage for infongt-eu6.schlund.de
stop: DOWN iet_infongt-eu6  ...(remove_tid) ... OK [1s]
stop: DOWN mars_infongt-eu6  ...(wait-umount:20s) (switch-secondary:120s) ... OK [6s]
stop: DOWN /dev/vg2a/infongt-eu6  ...... OK [0s]
stop: infongt-eu6.schlund.de is stopped.
stop: COMMAND FINISHED in 51 seconds
Shutdown of infongt-eu6.schlund.de finished.
Running hook: hook_resource_migrate hook_resource_migrate istore2a icpu5128 infongt-eu6
curl -s  -X "GET" "http://clustermw:3042/storagehosts/istore2a.schlund.de"
curl -s  -X "GET" "http://clustermw:3042/nodes/icpu5128.schlund.de"
Moving config from cluster 'cluster2' to cluster 'cluster496'
curl -s  -X "GET" "http://clustermw:3042/vms/infongt-eu6.schlund.de"
{"_links":{"dns":{"href":"http:\/\/clustermw:3042\/vms\/infongt-eu6.schlund.de\/dns"},"cluster":{"href":"http:\/\/clustermw:3042\/clusters\/cluster2"},"segment_assoc":{"href":"http:\/\/clustermw:3042\/segments\/PraesenzNetz-20\/vms\/infongt-eu6.schlund.de"},"cluster_assoc":{"href":"http:\/\/clustermw:3042\/clusters\/cluster2\/vms\/infongt-eu6.schlund.de"},"self":{"href":"http:\/\/clustermw:3042\/vms\/infongt-eu6.schlund.de"},"segment":{"href":"http:\/\/clustermw:3042\/segments\/PraesenzNetz-20"},"properties":{"href":"http:\/\/clustermw:3042\/vms\/infongt-eu6.schlund.de\/properties"},"hostips":{"href":"http:\/\/clustermw:3042\/vms\/infongt-eu6.schlund.de\/hostips"}},"zone":"EUROPE","segment":"PraesenzNetz-20","hwclass_id":"25125","country":"DE","cluster":"cluster2","host_id":"20212728","name":"infongt-eu6.schlund.de","region":"EUROPE","properties":{"START_DAV_APACHE":"yes","DDOS_PROTECT":"standard","DEFAULT_CHROOT_ID":"7","START_TINCAS":"\/tmp\/tincas.sock","START_STD_APACHE":"yes","MAX_KUNDEN_PERF":"123","CBI":"Jessie","TZ":"Europe\/Berlin","START_SP_DOCROOT_APACHE":"yes","MAX_KUNDEN":"123","OS_DEBIAN_VERSION":"Jessie","ENABLE_MOD_DEFLATE":"yes","START_SSL_APACHE":"yes","INFONG_TYPE":"standalone","START_MYSQL":"no","DASTOOL":"dastool7.schlund.de","START_FTP_SERVER":"yes"},"hvt_id":"8048","bz_id":"400","flavour":"cla_perf_straf","macids":{},"hostip_params":{"212.227.24.82":{"netinterface":"eth0","protocol":"4","type":"system"},"2001:8d8:1001:607b::\/64":{"netinterface":"eth0","protocol":"6","type":"delegation"},"2001:8D8:5FF:5B:212:227:24:82":{"netinterface":"eth0","protocol":"6","type":"system"}},"type":"infong","hostips":{"IPV6_PREFIXES":["2001:8d8:1001:607b::\/64"],"HA_IP_V6":["2001:8D8:5FF:5B:212:227:24:82"],"HA_IP":["212.227.24.82"]}}malformed JSON string, neither array, object, number, string or atom, at character offset 0 (before "(end of string)") at /usr/bin/json_pp line 44.
clustertool DELETE /clusters/cluster2/vms/infongt-eu6.schlund.de
curl -s  -X "DELETE" "http://clustermw:3042/clusters/cluster2/vms/infongt-eu6.schlund.de"
{"_links":{"add_storagehost":{"href":"http:\/\/clustermw:3042\/clusters\/cluster2\/storagehosts\/%NAME%"},"add_vm":{"href":"http:\/\/clustermw:3042\/clusters\/cluster2\/vms\/%NAME%"},"self":{"href":"http:\/\/clustermw:3042\/clusters\/cluster2"},"vms":{"href":"http:\/\/clustermw:3042\/clusters\/cluster2\/vms"},"add_node":{"href":"http:\/\/clustermw:3042\/clusters\/cluster2\/nodes\/%NAME%"},"storagehosts":{"href":"http:\/\/clustermw:3042\/clusters\/cluster2\/storagehosts"},"nodes":{"href":"http:\/\/clustermw:3042\/clusters\/cluster2\/nodes"},"manage":[{"href":"http:\/\/istore2b.schlund.de:2424\/"},{"href":"http:\/\/istore2a.schlund.de:2424\/"}]},"name":"cluster2","segment":"PraesenzNetz-II","vms":{"infong375.schlund.de":{"self":{"href":"http:\/\/clustermw:3042\/vms\/infong375.schlund.de"}},"infong376.schlund.de":{"self":{"href":"http:\/\/clustermw:3042\/vms\/infong376.schlund.de"}},"infongm1.schlund.de":{"self":{"href":"http:\/\/clustermw:3042\/vms\/infongm1.schlund.de"}}},"properties":{"NETWORK_SEGMENT":"PraesenzNetz-II","SYSTEM_TYPE":"CLUSTER_SHARED_HOSTING_LINUX","CLUSTERCONF_SERIAL":"32"},"storagehosts":{"istore2b.schlund.de":{"self":{"href":"http:\/\/clustermw:3042\/storagehosts\/istore2b.schlund.de"}},"istore2a.schlund.de":{"self":{"href":"http:\/\/clustermw:3042\/storagehosts\/istore2a.schlund.de"}}},"bz_id":"20000","nodes":{"icpu20.schlund.de":{"self":{"href":"http:\/\/clustermw:3042\/nodes\/icpu20.schlund.de"}},"icpu623.schlund.de":{"self":{"href":"http:\/\/clustermw:3042\/nodes\/icpu623.schlund.de"}},"icpu16.schlund.de":{"self":{"href":"http:\/\/clustermw:3042\/nodes\/icpu16.schlund.de"}},"icpu21.schlund.de":{"self":{"href":"http:\/\/clustermw:3042\/nodes\/icpu21.schlund.de"}},"icpu179.schlund.de":{"self":{"href":"http:\/\/clustermw:3042\/nodes\/icpu179.schlund.de"}},"icpu15.schlund.de":{"self":{"href":"http:\/\/clustermw:3042\/nodes\/icpu15.schlund.de"}},"icpu18.schlund.de":{"self":{"href":"http:\/\/clustermw:3042\/nodes\/icpu18.schlund.de"}},"icpu177.schlund.de":{"self":{"href":"http:\/\/clustermw:3042\/nodes\/icpu177.schlund.de"}},"icpu17.schlund.de":{"self":{"href":"http:\/\/clustermw:3042\/nodes\/icpu17.schlund.de"}},"icpu180.schlund.de":{"self":{"href":"http:\/\/clustermw:3042\/nodes\/icpu180.schlund.de"}},"icpu624.schlund.de":{"self":{"href":"http:\/\/clustermw:3042\/nodes\/icpu624.schlund.de"}},"icpu19.schlund.de":{"self":{"href":"http:\/\/clustermw:3042\/nodes\/icpu19.schlund.de"}},"icpu178.schlund.de":{"self":{"href":"http:\/\/clustermw:3042\/nodes\/icpu178.schlund.de"}}}}clustertool PUT /clusters/cluster496/vms/infongt-eu6.schlund.de
curl -s  -X "PUT" "http://clustermw:3042/clusters/cluster496/vms/infongt-eu6.schlund.de"
{"_links":{"add_storagehost":{"href":"http:\/\/clustermw:3042\/clusters\/cluster496\/storagehosts\/%NAME%"},"add_vm":{"href":"http:\/\/clustermw:3042\/clusters\/cluster496\/vms\/%NAME%"},"self":{"href":"http:\/\/clustermw:3042\/clusters\/cluster496"},"vms":{"href":"http:\/\/clustermw:3042\/clusters\/cluster496\/vms"},"nodes":{"href":"http:\/\/clustermw:3042\/clusters\/cluster496\/nodes"},"add_node":{"href":"http:\/\/clustermw:3042\/clusters\/cluster496\/nodes\/%NAME%"},"storagehosts":{"href":"http:\/\/clustermw:3042\/clusters\/cluster496\/storagehosts"}},"name":"cluster496","segment":"PraesenzNetz-20","vms":{"infongt-eu4.schlund.de":{"self":{"href":"http:\/\/clustermw:3042\/vms\/infongt-eu4.schlund.de"}},"infongt-eu6.schlund.de":{"self":{"href":"http:\/\/clustermw:3042\/vms\/infongt-eu6.schlund.de"}}},"properties":{"NETWORK_SEGMENT":"PraesenzNetz-20","CLUSTERCONF_SERIAL":"9"},"storagehosts":{},"bz_id":"500","nodes":{"icpu5128.schlund.de":{"self":{"href":"http:\/\/clustermw:3042\/nodes\/icpu5128.schlund.de"}},"icpu5133.schlund.de":{"self":{"href":"http:\/\/clustermw:3042\/nodes\/icpu5133.schlund.de"}}}}curl -s  -X "GET" "http://clustermw:3042/vms/infongt-eu6.schlund.de"
{"_links":{"dns":{"href":"http:\/\/clustermw:3042\/vms\/infongt-eu6.schlund.de\/dns"},"cluster":{"href":"http:\/\/clustermw:3042\/clusters\/cluster496"},"segment_assoc":{"href":"http:\/\/clustermw:3042\/segments\/PraesenzNetz-20\/vms\/infongt-eu6.schlund.de"},"cluster_assoc":{"href":"http:\/\/clustermw:3042\/clusters\/cluster496\/vms\/infongt-eu6.schlund.de"},"self":{"href":"http:\/\/clustermw:3042\/vms\/infongt-eu6.schlund.de"},"segment":{"href":"http:\/\/clustermw:3042\/segments\/PraesenzNetz-20"},"properties":{"href":"http:\/\/clustermw:3042\/vms\/infongt-eu6.schlund.de\/properties"},"hostips":{"href":"http:\/\/clustermw:3042\/vms\/infongt-eu6.schlund.de\/hostips"}},"zone":"EUROPE","segment":"PraesenzNetz-20","hwclass_id":"25125","country":"DE","cluster":"cluster496","host_id":"20212728","name":"infongt-eu6.schlund.de","region":"EUROPE","properties":{"START_DAV_APACHE":"yes","DDOS_PROTECT":"standard","DEFAULT_CHROOT_ID":"7","START_TINCAS":"\/tmp\/tincas.sock","START_STD_APACHE":"yes","MAX_KUNDEN_PERF":"123","CBI":"Jessie","TZ":"Europe\/Berlin","START_SP_DOCROOT_APACHE":"yes","MAX_KUNDEN":"123","OS_DEBIAN_VERSION":"Jessie","ENABLE_MOD_DEFLATE":"yes","START_SSL_APACHE":"yes","INFONG_TYPE":"standalone","START_MYSQL":"no","DASTOOL":"dastool7.schlund.de","START_FTP_SERVER":"yes"},"hvt_id":"8048","bz_id":"400","flavour":"cla_perf_straf","macids":{},"hostip_params":{"212.227.24.82":{"netinterface":"eth0","protocol":"4","type":"system"},"2001:8d8:1001:607b::\/64":{"netinterface":"eth0","protocol":"6","type":"delegation"},"2001:8D8:5FF:5B:212:227:24:82":{"netinterface":"eth0","protocol":"6","type":"system"}},"type":"infong","hostips":{"IPV6_PREFIXES":["2001:8d8:1001:607b::\/64"],"HA_IP_V6":["2001:8D8:5FF:5B:212:227:24:82"],"HA_IP":["212.227.24.82"]}}malformed JSON string, neither array, object, number, string or atom, at character offset 0 (before "(end of string)") at /usr/bin/json_pp line 44.
diff: ./json-backup.2017-07-11_09.26.09/infongt-eu6.pp.old.json: No such file or directory
diff: ./json-backup.2017-07-11_09.26.09/infongt-eu6.pp.new.json: No such file or directory
curl -s  -X "PUT" "http://clustermw:3042/clusters/cluster2/properties/CLUSTERCONF_SERIAL"
{"properties":{"NETWORK_SEGMENT":"PraesenzNetz-II","SYSTEM_TYPE":"CLUSTER_SHARED_HOSTING_LINUX","CLUSTERCONF_SERIAL":"33"}}curl -s  -X "PUT" "http://clustermw:3042/clusters/cluster496/properties/CLUSTERCONF_SERIAL"
{"properties":{"NETWORK_SEGMENT":"PraesenzNetz-20","CLUSTERCONF_SERIAL":"10"}}Executing on istore2a: 'cm3 --update --force'
Update started.
Update of cluster finished.
Executing on icpu5128: 'cm3 --update --force'
Update started.
Update of cluster finished.
Executing on istore2a: 'service clustermanager restart'
Updating Clustermanager config: daemon.conf.
Restarting Clustermanager: clustermanagerd (quit) (start).
Executing on icpu5128: 'service clustermanager restart'
Running hook: hook_resource_start hook_resource_start icpu5128 infongt-eu6
Executing on icpu5128: 'marsadm wait-cluster'
all 5 peer(s) seem to be alive
Executing on icpu5128: 'service clustermanager restart'
Executing on icpu5128: 'marsadm primary infongt-eu6'
---------------------------- check preconditions:
Current designated primary: (none)
OK, it seems that sync has finished on host 'icpu5128'.
OK, it seems that sync has finished on host 'icpu5133'.
OK, it seems that sync has finished on host 'istore2a'.
OK, it seems that sync has finished on host 'istore2b'.
OK, '/mars/resource-infongt-eu6/todo-icpu5128/attach' has acceptable value '1'
OK, '/mars/resource-infongt-eu6/todo-icpu5128/connect' has acceptable value '1'
OK, '/mars/resource-infongt-eu6/todo-icpu5128/allow-replay' has acceptable value '1'
---------------------------- leave primary state:
all 5 peer(s) seem to be alive
Using last primary 'istore2a' as a substitute.
---------------------------- wait when necessary:
---------------------------- switch to primary:
designated primary changed from '(none)' to 'icpu5128'
---------------------------- wait for device:
device '/dev/mars/infongt-eu6' not yet present
device '/dev/mars/infongt-eu6' not yet present
device '/dev/mars/infongt-eu6' not yet present
device '/dev/mars/infongt-eu6' is present
Executing on icpu5128: 'cm3 --stop infongt-eu6; cm3 --start infongt-eu6 || { cm3 --stop infongt-eu6; cm3 --start infongt-eu6; } || false'
Shutdown infongt-eu6.
stop: UPDATE mars_infongt-eu6  ...... OK [0s]
stop: VM::SAInfongBase: Name:	infongt-eu6
stop: VM::SAInfongBase: State:	NOT_PRESENT
stop: infongt-eu6.schlund.de is updated.
stop: Skipped 'vmhandler_stop' since vm infongt-eu6.schlund.de is already stopped
stop: VM infongt-eu6.schlund.de is stopped.
stop: Stopping storage for infongt-eu6.schlund.de
stop: DOWN mars_infongt-eu6  ...(wait-umount:20s) ... OK [0s]
stop: DOWN /dev/vginfong/infongt-eu6  ...... OK [0s]
stop: infongt-eu6.schlund.de is stopped.
stop: COMMAND FINISHED in 0 seconds
Shutdown of infongt-eu6.schlund.de finished.
Startup infongt-eu6.
start: UPDATE mars_infongt-eu6  ...... OK [0s]
start: VM::SAInfongBase: Name:	infongt-eu6
start: VM::SAInfongBase: State:	NOT_PRESENT
start: infongt-eu6.schlund.de is updated.
start: Using VMHost 'icpu5128.schlund.de' (policy: 'free')
start: Reserving VMHost icpu5128.schlund.de
start: Starting storage for infongt-eu6.schlund.de
start: UP /dev/vginfong/infongt-eu6  ...... OK (skipped) [0s]
start: UP mars_infongt-eu6  ...(switch-primary:120s) ... OK [0s]
start: Starting VM for infongt-eu6.schlund.de via nodeagent
start: START infongt-eu6.schlund.de  ...(init) (assemble:300s) (vmstart:300s) ... OK [2s]
start: infongt-eu6.schlund.de is started.
start: COMMAND FINISHED in 2 seconds
Startup of infongt-eu6.schlund.de finished.
Running hook: hook_secondary_migrate hook_secondary_migrate icpu5133
Executing on icpu5133: 'cm3 --update --force'
Update started.
Update of cluster finished.
DONE Tue Jul 11 09:32:50 CEST 2017
