./migrate-resource.sh migrate infongt-eu6 istore2a istore2b
operation=migrate
res=infongt-eu6
target_primary=istore2a
target_secondary=istore2b
Sourcing hooks in './hooks-cm3.sh'
Using clustermw username: 'tschoebeltheuer'
Determined the following CURRENT hypervisor: "icpu5128"
Determined the following CURRENT primary: "icpu5128"
PING icpu5128.schlund.de (10.46.12.75) 56(84) bytes of data.
64 bytes from icpu5128.schlund.de (10.46.12.75): icmp_seq=1 ttl=59 time=0.249 ms

--- icpu5128.schlund.de ping statistics ---
1 packets transmitted, 1 received, 0% packet loss, time 0ms
rtt min/avg/max/mdev = 0.249/0.249/0.249/0.000 ms
PING icpu5128.schlund.de (10.46.12.75) 56(84) bytes of data.
64 bytes from icpu5128.schlund.de (10.46.12.75): icmp_seq=1 ttl=59 time=0.249 ms

--- icpu5128.schlund.de ping statistics ---
1 packets transmitted, 1 received, 0% packet loss, time 0ms
rtt min/avg/max/mdev = 0.249/0.249/0.249/0.000 ms
/mars is a mountpoint
  infongt-eu6 UpToDate Replicating DCASFR Primary icpu5128 
/vol/infongt-eu6 is a mountpoint
Determined the following secondaries: 'icpu5133'
PING icpu5133.schlund.de (10.46.28.75) 56(84) bytes of data.
64 bytes from icpu5133.schlund.de (10.46.28.75): icmp_seq=1 ttl=58 time=1.26 ms

--- icpu5133.schlund.de ping statistics ---
1 packets transmitted, 1 received, 0% packet loss, time 0ms
rtt min/avg/max/mdev = 1.264/1.264/1.264/0.000 ms
PING istore2a.schlund.de (10.46.98.4) 56(84) bytes of data.
64 bytes from istore2a.schlund.de (10.46.98.4): icmp_seq=1 ttl=60 time=0.532 ms

--- istore2a.schlund.de ping statistics ---
1 packets transmitted, 1 received, 0% packet loss, time 0ms
rtt min/avg/max/mdev = 0.532/0.532/0.532/0.000 ms
PING istore2b.schlund.de (10.46.102.2) 56(84) bytes of data.
64 bytes from istore2b.schlund.de (10.46.102.2): icmp_seq=1 ttl=59 time=1.27 ms

--- istore2b.schlund.de ping statistics ---
1 packets transmitted, 1 received, 0% packet loss, time 0ms
rtt min/avg/max/mdev = 1.270/1.270/1.270/0.000 ms
Using the following TARGET primary:   "istore2a"
Using the following TARGET secondary: "istore2b"
[CONFIRM: Press Return to continue, ^C to abort] 
Running hook: hook_prepare_hosts hook_prepare_hosts icpu5128 icpu5133 istore2a istore2b
Executing on icpu5128: 'service ui-firewalling stop || /etc/init.d/firewalling stop'
Executing on icpu5133: 'service ui-firewalling stop || /etc/init.d/firewalling stop'
Executing on istore2a: 'service ui-firewalling stop || /etc/init.d/firewalling stop'
ui-firewalling: unrecognized service
Using firewalling.istore 
HOOKDIR /etc/firewall-istore.d/
Stopping firewalling
Stopping firewall-hook /etc/firewall-istore.d//dhcp
  deleting portmap-rules
iptables v1.4.8: Couldn't load target `fwhook_dhcp_in':/lib/xtables/libipt_fwhook_dhcp_in.so: cannot open shared object file: No such file or directory

Try `iptables -h' or 'iptables --help' for more information.
iptables v1.4.8: Couldn't load target `fwhook_dhcp_in':/lib/xtables/libipt_fwhook_dhcp_in.so: cannot open shared object file: No such file or directory

Try `iptables -h' or 'iptables --help' for more information.
iptables: No chain/target/match by that name.
Stopping firewall-hook /etc/firewall-istore.d//drbd
iptables: No chain/target/match by that name.
Stopping firewall-hook /etc/firewall-istore.d//drbd_cluster
Stopping firewall-hook /etc/firewall-istore.d//ehb
  deleting ehb-rules
iptables v1.4.8: Couldn't load target `fwhook_ehb_ctrls_out':/lib/xtables/libipt_fwhook_ehb_ctrls_out.so: cannot open shared object file: No such file or directory

Try `iptables -h' or 'iptables --help' for more information.
iptables v1.4.8: Couldn't load target `fwhook_ehb_ctrls_out':/lib/xtables/libipt_fwhook_ehb_ctrls_out.so: cannot open shared object file: No such file or directory

Try `iptables -h' or 'iptables --help' for more information.
iptables: No chain/target/match by that name.
iptables: No chain/target/match by that name.
iptables v1.4.8: Couldn't load target `fwhook_ehb_ctrls_in':/lib/xtables/libipt_fwhook_ehb_ctrls_in.so: cannot open shared object file: No such file or directory

Try `iptables -h' or 'iptables --help' for more information.
iptables v1.4.8: Couldn't load target `fwhook_ehb_ctrls_in':/lib/xtables/libipt_fwhook_ehb_ctrls_in.so: cannot open shared object file: No such file or directory

Try `iptables -h' or 'iptables --help' for more information.
iptables: No chain/target/match by that name.
iptables: No chain/target/match by that name.
iptables v1.4.8: Couldn't load target `fwhook_ehb_hosts_out':/lib/xtables/libipt_fwhook_ehb_hosts_out.so: cannot open shared object file: No such file or directory

Try `iptables -h' or 'iptables --help' for more information.
iptables v1.4.8: Couldn't load target `fwhook_ehb_hosts_out':/lib/xtables/libipt_fwhook_ehb_hosts_out.so: cannot open shared object file: No such file or directory

Try `iptables -h' or 'iptables --help' for more information.
iptables: No chain/target/match by that name.
iptables: No chain/target/match by that name.
iptables v1.4.8: Couldn't load target `fwhook_ehb_hosts_in':/lib/xtables/libipt_fwhook_ehb_hosts_in.so: cannot open shared object file: No such file or directory

Try `iptables -h' or 'iptables --help' for more information.
iptables v1.4.8: Couldn't load target `fwhook_ehb_hosts_in':/lib/xtables/libipt_fwhook_ehb_hosts_in.so: cannot open shared object file: No such file or directory

Try `iptables -h' or 'iptables --help' for more information.
iptables: No chain/target/match by that name.
Stopping firewall-hook /etc/firewall-istore.d//hostname_intern
iptables: No chain/target/match by that name.
  deleting hostnames-rules
iptables v1.4.8: Couldn't load target `fwhook_hostnames_in':/lib/xtables/libipt_fwhook_hostnames_in.so: cannot open shared object file: No such file or directory

Try `iptables -h' or 'iptables --help' for more information.
iptables v1.4.8: Couldn't load target `fwhook_hostnames_in':/lib/xtables/libipt_fwhook_hostnames_in.so: cannot open shared object file: No such file or directory

Try `iptables -h' or 'iptables --help' for more information.
iptables: No chain/target/match by that name.
Stopping firewall-hook /etc/firewall-istore.d//iscsi
iptables: No chain/target/match by that name.
Stopping firewall-hook /etc/firewall-istore.d//mars
Stopping firewall-hook /etc/firewall-istore.d//orwelld
iptables v1.4.8: Couldn't load target `fwhook_orwelld':/lib/xtables/libipt_fwhook_orwelld.so: cannot open shared object file: No such file or directory

Try `iptables -h' or 'iptables --help' for more information.
iptables v1.4.8: Couldn't load target `fwhook_orwelld':/lib/xtables/libipt_fwhook_orwelld.so: cannot open shared object file: No such file or directory

Try `iptables -h' or 'iptables --help' for more information.
iptables: No chain/target/match by that name.
Stopping firewall-hook /etc/firewall-istore.d//sasoap
iptables: No chain/target/match by that name.
Executing on istore2b: 'service ui-firewalling stop || /etc/init.d/firewalling stop'
ui-firewalling: unrecognized service
Using firewalling.istore 
HOOKDIR /etc/firewall-istore.d/
Stopping firewalling
Stopping firewall-hook /etc/firewall-istore.d//dhcp
  deleting portmap-rules
iptables v1.4.8: Couldn't load target `fwhook_dhcp_in':/lib/xtables/libipt_fwhook_dhcp_in.so: cannot open shared object file: No such file or directory

Try `iptables -h' or 'iptables --help' for more information.
iptables v1.4.8: Couldn't load target `fwhook_dhcp_in':/lib/xtables/libipt_fwhook_dhcp_in.so: cannot open shared object file: No such file or directory

Try `iptables -h' or 'iptables --help' for more information.
iptables: No chain/target/match by that name.
Stopping firewall-hook /etc/firewall-istore.d//drbd
iptables: No chain/target/match by that name.
Stopping firewall-hook /etc/firewall-istore.d//drbd_cluster
Stopping firewall-hook /etc/firewall-istore.d//ehb
  deleting ehb-rules
iptables v1.4.8: Couldn't load target `fwhook_ehb_ctrls_out':/lib/xtables/libipt_fwhook_ehb_ctrls_out.so: cannot open shared object file: No such file or directory

Try `iptables -h' or 'iptables --help' for more information.
iptables v1.4.8: Couldn't load target `fwhook_ehb_ctrls_out':/lib/xtables/libipt_fwhook_ehb_ctrls_out.so: cannot open shared object file: No such file or directory

Try `iptables -h' or 'iptables --help' for more information.
iptables: No chain/target/match by that name.
iptables: No chain/target/match by that name.
iptables v1.4.8: Couldn't load target `fwhook_ehb_ctrls_in':/lib/xtables/libipt_fwhook_ehb_ctrls_in.so: cannot open shared object file: No such file or directory

Try `iptables -h' or 'iptables --help' for more information.
iptables v1.4.8: Couldn't load target `fwhook_ehb_ctrls_in':/lib/xtables/libipt_fwhook_ehb_ctrls_in.so: cannot open shared object file: No such file or directory

Try `iptables -h' or 'iptables --help' for more information.
iptables: No chain/target/match by that name.
iptables: No chain/target/match by that name.
iptables v1.4.8: Couldn't load target `fwhook_ehb_hosts_out':/lib/xtables/libipt_fwhook_ehb_hosts_out.so: cannot open shared object file: No such file or directory

Try `iptables -h' or 'iptables --help' for more information.
iptables v1.4.8: Couldn't load target `fwhook_ehb_hosts_out':/lib/xtables/libipt_fwhook_ehb_hosts_out.so: cannot open shared object file: No such file or directory

Try `iptables -h' or 'iptables --help' for more information.
iptables: No chain/target/match by that name.
iptables: No chain/target/match by that name.
iptables v1.4.8: Couldn't load target `fwhook_ehb_hosts_in':/lib/xtables/libipt_fwhook_ehb_hosts_in.so: cannot open shared object file: No such file or directory

Try `iptables -h' or 'iptables --help' for more information.
iptables v1.4.8: Couldn't load target `fwhook_ehb_hosts_in':/lib/xtables/libipt_fwhook_ehb_hosts_in.so: cannot open shared object file: No such file or directory

Try `iptables -h' or 'iptables --help' for more information.
iptables: No chain/target/match by that name.
Stopping firewall-hook /etc/firewall-istore.d//hostname_intern
iptables: No chain/target/match by that name.
  deleting hostnames-rules
iptables v1.4.8: Couldn't load target `fwhook_hostnames_in':/lib/xtables/libipt_fwhook_hostnames_in.so: cannot open shared object file: No such file or directory

Try `iptables -h' or 'iptables --help' for more information.
iptables v1.4.8: Couldn't load target `fwhook_hostnames_in':/lib/xtables/libipt_fwhook_hostnames_in.so: cannot open shared object file: No such file or directory

Try `iptables -h' or 'iptables --help' for more information.
Stopping firewall-hook /etc/firewall-istore.d//iscsi
iptables: No chain/target/match by that name.
iptables: No chain/target/match by that name.
Stopping firewall-hook /etc/firewall-istore.d//mars
Stopping firewall-hook /etc/firewall-istore.d//orwelld
iptables v1.4.8: Couldn't load target `fwhook_orwelld':/lib/xtables/libipt_fwhook_orwelld.so: cannot open shared object file: No such file or directory

Try `iptables -h' or 'iptables --help' for more information.
iptables v1.4.8: Couldn't load target `fwhook_orwelld':/lib/xtables/libipt_fwhook_orwelld.so: cannot open shared object file: No such file or directory

Try `iptables -h' or 'iptables --help' for more information.
iptables: No chain/target/match by that name.
Stopping firewall-hook /etc/firewall-istore.d//sasoap
iptables: No chain/target/match by that name.
Running hook: hook_merge_cluster hook_merge_cluster icpu5128 istore2a
Executing on icpu5128: 'marsadm lowlevel-ls-host-ips'
WARNING: EXPERTS ONLY -- risky lowlevel command 'lowlevel-ls-host-ips'
Peer 'icpu5128' has IP '10.46.98.175'
Executing on istore2a: 'marsadm merge-cluster --ssh-port=24 10.46.98.175'
Using SSH port '24' from command line.
Linux istore2a 3.2.45-istore-20130805 #1 SMP Mon Aug 5 13:36:58 CEST 2013 x86_64 GNU/Linux
PING 10.46.98.175 (10.46.98.175) 56(84) bytes of data.
64 bytes from 10.46.98.175: icmp_req=1 ttl=64 time=0.110 ms

--- 10.46.98.175 ping statistics ---
1 packets transmitted, 1 received, 0% packet loss, time 0ms
rtt min/avg/max/mdev = 0.110/0.110/0.110/0.000 ms
Linux icpu5128 3.14.79-grsec+ #1196 SMP Tue Jun 20 13:04:30 CEST 2017 x86_64 GNU/Linux
Linux icpu5128 3.14.79-grsec+ #1196 SMP Tue Jun 20 13:04:30 CEST 2017 x86_64 GNU/Linux
PING icpu5128.schlund.de (10.46.12.75) 56(84) bytes of data.

--- icpu5128.schlund.de ping statistics ---
1 packets transmitted, 0 received, 100% packet loss, time 0ms

WARNING: cannot ping 'icpu5128'
PING 10.46.98.175 (10.46.98.175) 56(84) bytes of data.
64 bytes from 10.46.98.175: icmp_req=1 ttl=64 time=0.106 ms

--- 10.46.98.175 ping statistics ---
1 packets transmitted, 1 received, 0% packet loss, time 0ms
rtt min/avg/max/mdev = 0.106/0.106/0.106/0.000 ms
Linux icpu5128 3.14.79-grsec+ #1196 SMP Tue Jun 20 13:04:30 CEST 2017 x86_64 GNU/Linux
Linux icpu5128 3.14.79-grsec+ #1196 SMP Tue Jun 20 13:04:30 CEST 2017 x86_64 GNU/Linux
PING icpu5133.schlund.de (10.46.28.75) 56(84) bytes of data.

--- icpu5133.schlund.de ping statistics ---
1 packets transmitted, 0 received, 100% packet loss, time 0ms

WARNING: cannot ping 'icpu5133'
PING 10.46.102.189 (10.46.102.189) 56(84) bytes of data.
64 bytes from 10.46.102.189: icmp_req=1 ttl=61 time=0.830 ms

--- 10.46.102.189 ping statistics ---
1 packets transmitted, 1 received, 0% packet loss, time 0ms
rtt min/avg/max/mdev = 0.830/0.830/0.830/0.000 ms
Linux icpu5133 3.14.79-grsec+ #1196 SMP Tue Jun 20 13:04:30 CEST 2017 x86_64 GNU/Linux
Linux icpu5133 3.14.79-grsec+ #1196 SMP Tue Jun 20 13:04:30 CEST 2017 x86_64 GNU/Linux
PING icpu5138.schlund.de (10.46.12.76) 56(84) bytes of data.

--- icpu5138.schlund.de ping statistics ---
1 packets transmitted, 0 received, 100% packet loss, time 0ms

WARNING: cannot ping 'icpu5138'
PING 10.46.98.177 (10.46.98.177) 56(84) bytes of data.
64 bytes from 10.46.98.177: icmp_req=1 ttl=64 time=0.148 ms

--- 10.46.98.177 ping statistics ---
1 packets transmitted, 1 received, 0% packet loss, time 0ms
rtt min/avg/max/mdev = 0.148/0.148/0.148/0.000 ms
Linux icpu5138 3.14.79-grsec+ #1234 SMP Tue Jul 4 14:36:13 CEST 2017 x86_64 GNU/Linux
Linux icpu5138 3.14.79-grsec+ #1234 SMP Tue Jul 4 14:36:13 CEST 2017 x86_64 GNU/Linux
PING icpu5139.schlund.de (10.46.28.76) 56(84) bytes of data.

--- icpu5139.schlund.de ping statistics ---
1 packets transmitted, 0 received, 100% packet loss, time 0ms

WARNING: cannot ping 'icpu5139'
PING 10.46.102.191 (10.46.102.191) 56(84) bytes of data.
64 bytes from 10.46.102.191: icmp_req=1 ttl=61 time=0.851 ms

--- 10.46.102.191 ping statistics ---
1 packets transmitted, 1 received, 0% packet loss, time 0ms
rtt min/avg/max/mdev = 0.851/0.851/0.851/0.000 ms
Linux icpu5139 3.14.79-grsec+ #1234 SMP Tue Jul 4 14:36:13 CEST 2017 x86_64 GNU/Linux
Linux icpu5139 3.14.79-grsec+ #1234 SMP Tue Jul 4 14:36:13 CEST 2017 x86_64 GNU/Linux
PING istore2b.schlund.de (10.46.102.2) 56(84) bytes of data.
64 bytes from istore2b.schlund.de (10.46.102.2): icmp_req=1 ttl=61 time=0.830 ms

--- istore2b.schlund.de ping statistics ---
1 packets transmitted, 1 received, 0% packet loss, time 0ms
rtt min/avg/max/mdev = 0.830/0.830/0.830/0.000 ms
ssh: connect to host istore2b port 24: Connection refused
Linux istore2b 3.2.45-istore-20130805 #1 SMP Mon Aug 5 13:36:58 CEST 2013 x86_64 GNU/Linux
Linux istore2b 3.2.45-istore-20130805 #1 SMP Mon Aug 5 13:36:58 CEST 2013 x86_64 GNU/Linux
Other cluster peer '10.46.98.175' has the same UUID.
No resource name checking necessary.
Operation 'merge-cluster' will therfore work logically idempotent.
receiving incremental file list

sent 19 bytes  received 76 bytes  190.00 bytes/sec
total size is 38  speedup is 0.40
sending incremental file list

sent 68 bytes  received 12 bytes  53.33 bytes/sec
total size is 38  speedup is 0.47
sending incremental file list

sent 68 bytes  received 12 bytes  160.00 bytes/sec
total size is 38  speedup is 0.47
sending incremental file list

sent 68 bytes  received 12 bytes  160.00 bytes/sec
total size is 38  speedup is 0.47
sending incremental file list

sent 68 bytes  received 12 bytes  160.00 bytes/sec
total size is 38  speedup is 0.47
sending incremental file list

sent 68 bytes  received 12 bytes  53.33 bytes/sec
total size is 38  speedup is 0.47
receiving incremental file list
actual-icpu5128/
actual-icpu5133/
actual-icpu5138/
actual-icpu5139/
actual-istore2b/
resource-infong375/
resource-infong375/actual-istore2b/
resource-infong376/
resource-infong376/actual-istore2b/
resource-infongm1/
resource-infongm1/actual-istore2b/
resource-infongt-eu4/
resource-infongt-eu4/actual-icpu5128/
resource-infongt-eu4/actual-icpu5138/
resource-infongt-eu4/actual-icpu5139/
resource-infongt-eu4/actual-istore2b/
resource-infongt-eu4/defaults-icpu5128/
resource-infongt-eu4/defaults-icpu5133/
resource-infongt-eu4/defaults-icpu5138/
resource-infongt-eu4/defaults-icpu5139/
resource-infongt-eu4/defaults-istore2a/
resource-infongt-eu4/defaults-istore2b/
resource-infongt-eu4/local-icpu5128/
resource-infongt-eu4/local-icpu5138/
resource-infongt-eu4/local-icpu5139/
resource-infongt-eu4/local-istore2a/
resource-infongt-eu4/local-istore2b/
resource-infongt-eu4/todo-icpu5128/
resource-infongt-eu4/todo-icpu5133/
resource-infongt-eu4/todo-icpu5138/
resource-infongt-eu4/todo-icpu5139/
resource-infongt-eu4/todo-istore2a/
resource-infongt-eu4/todo-istore2b/
resource-infongt-eu5/
resource-infongt-eu5/actual-icpu5138/
resource-infongt-eu5/actual-icpu5139/
resource-infongt-eu6/
resource-infongt-eu6/actual-icpu5128/
resource-infongt-eu6/actual-icpu5138/
resource-infongt-eu6/actual-icpu5139/
resource-infongt-eu6/actual-istore2b/
resource-infongt-eu6/defaults-icpu5138/
resource-infongt-eu6/defaults-icpu5139/
resource-infongt-eu6/defaults-istore2a/
resource-infongt-eu6/defaults-istore2b/
resource-infongt-eu6/local-icpu5138/
resource-infongt-eu6/local-icpu5139/
resource-infongt-eu6/local-istore2a/
resource-infongt-eu6/local-istore2b/
resource-infongt-eu6/todo-icpu5138/
resource-infongt-eu6/todo-icpu5139/
resource-infongt-eu6/todo-istore2a/
resource-infongt-eu6/todo-istore2b/
resource-infongt-eu7/
resource-infongt-eu7/actual-icpu5138/
resource-infongt-eu7/actual-icpu5139/
resource-lv-0/actual-icpu5128/
todo-global/

sent 878 bytes  received 115899 bytes  233554.00 bytes/sec
total size is 390626  speedup is 3.35
sending incremental file list
resource-infongt-eu4/actual-icpu5128/.deleted- -> 1
resource-infongt-eu4/actual-icpu5128/.deleted-copy-syncstatus-icpu5128 -> 1
resource-infongt-eu4/actual-icpu5128/.deleted-device-icpu5128 -> 1
resource-infongt-eu4/actual-icpu5128/.deleted-file_rate -> 1
resource-infongt-eu4/actual-icpu5128/.deleted-has-emergency -> 1
resource-infongt-eu4/actual-icpu5128/.deleted-is-attached -> 1
resource-infongt-eu4/actual-icpu5128/.deleted-is-copying -> 1
resource-infongt-eu4/actual-icpu5128/.deleted-is-emergency -> 1
resource-infongt-eu4/actual-icpu5128/.deleted-is-primary -> 1
resource-infongt-eu4/actual-icpu5128/.deleted-is-replaying -> 1
resource-infongt-eu4/actual-icpu5128/.deleted-is-syncing -> 1
resource-infongt-eu4/actual-icpu5128/.deleted-logfile-update -> 1
resource-infongt-eu4/actual-icpu5128/.deleted-msg-err-bad-log-name -> 1
resource-infongt-eu4/actual-icpu5128/.deleted-msg-err-emergency -> 1
resource-infongt-eu4/actual-icpu5128/.deleted-msg-err-log-not-contiguous -> 1
resource-infongt-eu4/actual-icpu5128/.deleted-msg-err-replay-size -> 1
resource-infongt-eu4/actual-icpu5128/.deleted-msg-err-replay-stop -> 1
resource-infongt-eu4/actual-icpu5128/.deleted-msg-err-replaylink-not-readable -> 1
resource-infongt-eu4/actual-icpu5128/.deleted-msg-err-sequence-trash -> 1
resource-infongt-eu4/actual-icpu5128/.deleted-msg-err-space-low -> 1
resource-infongt-eu4/actual-icpu5128/.deleted-msg-err-splitbrain-detected -> 1
resource-infongt-eu4/actual-icpu5128/.deleted-msg-err-versionlink-not-readable -> 1
resource-infongt-eu4/actual-icpu5128/.deleted-msg-err-versionlink-skip -> 1
resource-infongt-eu4/actual-icpu5128/.deleted-msg-inf-fetch -> 1
resource-infongt-eu4/actual-icpu5128/.deleted-msg-inf-replay-not-yet-finished -> 1
resource-infongt-eu4/actual-icpu5128/.deleted-msg-inf-replay-start -> 1
resource-infongt-eu4/actual-icpu5128/.deleted-msg-inf-replay-tolerance -> 1
resource-infongt-eu4/actual-icpu5128/.deleted-msg-inf-sync -> 1
resource-infongt-eu4/actual-icpu5128/.deleted-msg-inf-versionlink-not-equal -> 1
resource-infongt-eu4/actual-icpu5128/.deleted-msg-inf-versionlink-not-yet-exist -> 1
resource-infongt-eu4/actual-icpu5128/.deleted-msg-wrn-log-consecutive -> 1
resource-infongt-eu4/actual-icpu5128/.deleted-msg-wrn-space-low -> 1
resource-infongt-eu4/actual-icpu5128/.deleted-open-count -> 1
resource-infongt-eu4/actual-icpu5128/.deleted-replay-code -> 1
resource-infongt-eu4/actual-icpu5128/.deleted-replay_rate -> 1
resource-infongt-eu4/actual-icpu5128/.deleted-sync_rate -> 1
resource-infongt-eu4/actual-icpu5133/.deleted- -> 1
resource-infongt-eu4/actual-icpu5133/.deleted-copy-syncstatus-icpu5133 -> 1
resource-infongt-eu4/actual-icpu5133/.deleted-file_rate -> 1
resource-infongt-eu4/actual-icpu5133/.deleted-has-emergency -> 1
resource-infongt-eu4/actual-icpu5133/.deleted-is-attached -> 1
resource-infongt-eu4/actual-icpu5133/.deleted-is-copying -> 1
resource-infongt-eu4/actual-icpu5133/.deleted-is-emergency -> 1
resource-infongt-eu4/actual-icpu5133/.deleted-is-primary -> 1
resource-infongt-eu4/actual-icpu5133/.deleted-is-replaying -> 1
resource-infongt-eu4/actual-icpu5133/.deleted-is-syncing -> 1
resource-infongt-eu4/actual-icpu5133/.deleted-logfile-update -> 1
resource-infongt-eu4/actual-icpu5133/.deleted-msg-err-bad-log-name -> 1
resource-infongt-eu4/actual-icpu5133/.deleted-msg-err-emergency -> 1
resource-infongt-eu4/actual-icpu5133/.deleted-msg-err-log-not-contiguous -> 1
resource-infongt-eu4/actual-icpu5133/.deleted-msg-err-replay-size -> 1
resource-infongt-eu4/actual-icpu5133/.deleted-msg-err-replay-stop -> 1
resource-infongt-eu4/actual-icpu5133/.deleted-msg-err-replaylink-not-readable -> 1
resource-infongt-eu4/actual-icpu5133/.deleted-msg-err-sequence-trash -> 1
resource-infongt-eu4/actual-icpu5133/.deleted-msg-err-space-low -> 1
resource-infongt-eu4/actual-icpu5133/.deleted-msg-err-splitbrain-detected -> 1
resource-infongt-eu4/actual-icpu5133/.deleted-msg-err-versionlink-not-readable -> 1
resource-infongt-eu4/actual-icpu5133/.deleted-msg-err-versionlink-skip -> 1
resource-infongt-eu4/actual-icpu5133/.deleted-msg-inf-fetch -> 1
resource-infongt-eu4/actual-icpu5133/.deleted-msg-inf-replay-not-yet-finished -> 1
resource-infongt-eu4/actual-icpu5133/.deleted-msg-inf-replay-start -> 1
resource-infongt-eu4/actual-icpu5133/.deleted-msg-inf-replay-tolerance -> 1
resource-infongt-eu4/actual-icpu5133/.deleted-msg-inf-sync -> 1
resource-infongt-eu4/actual-icpu5133/.deleted-msg-inf-versionlink-not-equal -> 1
resource-infongt-eu4/actual-icpu5133/.deleted-msg-inf-versionlink-not-yet-exist -> 1
resource-infongt-eu4/actual-icpu5133/.deleted-msg-wrn-log-consecutive -> 1
resource-infongt-eu4/actual-icpu5133/.deleted-msg-wrn-space-low -> 1
resource-infongt-eu4/actual-icpu5133/.deleted-open-count -> 1
resource-infongt-eu4/actual-icpu5133/.deleted-replay-code -> 1
resource-infongt-eu4/actual-icpu5133/.deleted-replay_rate -> 1
resource-infongt-eu4/actual-icpu5133/.deleted-sync_rate -> 1
resource-infongt-eu4/actual-icpu5138/.deleted- -> 1
resource-infongt-eu4/actual-icpu5138/.deleted-copy-syncstatus-icpu5138 -> 1
resource-infongt-eu4/actual-icpu5138/.deleted-device-icpu5138 -> 1
resource-infongt-eu4/actual-icpu5138/.deleted-file_rate -> 1
resource-infongt-eu4/actual-icpu5138/.deleted-has-emergency -> 1
resource-infongt-eu4/actual-icpu5138/.deleted-is-attached -> 1
resource-infongt-eu4/actual-icpu5138/.deleted-is-copying -> 1
resource-infongt-eu4/actual-icpu5138/.deleted-is-emergency -> 1
resource-infongt-eu4/actual-icpu5138/.deleted-is-primary -> 1
resource-infongt-eu4/actual-icpu5138/.deleted-is-replaying -> 1
resource-infongt-eu4/actual-icpu5138/.deleted-is-syncing -> 1
resource-infongt-eu4/actual-icpu5138/.deleted-logfile-update -> 1
resource-infongt-eu4/actual-icpu5138/.deleted-msg-err-bad-log-name -> 1
resource-infongt-eu4/actual-icpu5138/.deleted-msg-err-emergency -> 1
resource-infongt-eu4/actual-icpu5138/.deleted-msg-err-log-not-contiguous -> 1
resource-infongt-eu4/actual-icpu5138/.deleted-msg-err-replay-size -> 1
resource-infongt-eu4/actual-icpu5138/.deleted-msg-err-replay-stop -> 1
resource-infongt-eu4/actual-icpu5138/.deleted-msg-err-replaylink-not-readable -> 1
resource-infongt-eu4/actual-icpu5138/.deleted-msg-err-sequence-trash -> 1
resource-infongt-eu4/actual-icpu5138/.deleted-msg-err-space-low -> 1
resource-infongt-eu4/actual-icpu5138/.deleted-msg-err-splitbrain-detected -> 1
resource-infongt-eu4/actual-icpu5138/.deleted-msg-err-versionlink-not-readable -> 1
resource-infongt-eu4/actual-icpu5138/.deleted-msg-err-versionlink-skip -> 1
resource-infongt-eu4/actual-icpu5138/.deleted-msg-inf-fetch -> 1
resource-infongt-eu4/actual-icpu5138/.deleted-msg-inf-replay-not-yet-finished -> 1
resource-infongt-eu4/actual-icpu5138/.deleted-msg-inf-replay-start -> 1
resource-infongt-eu4/actual-icpu5138/.deleted-msg-inf-replay-tolerance -> 1
resource-infongt-eu4/actual-icpu5138/.deleted-msg-inf-sync -> 1
resource-infongt-eu4/actual-icpu5138/.deleted-msg-inf-versionlink-not-equal -> 1
resource-infongt-eu4/actual-icpu5138/.deleted-msg-inf-versionlink-not-yet-exist -> 1
resource-infongt-eu4/actual-icpu5138/.deleted-msg-wrn-log-consecutive -> 1
resource-infongt-eu4/actual-icpu5138/.deleted-msg-wrn-space-low -> 1
resource-infongt-eu4/actual-icpu5138/.deleted-open-count -> 1
resource-infongt-eu4/actual-icpu5138/.deleted-replay-code -> 1
resource-infongt-eu4/actual-icpu5138/.deleted-replay_rate -> 1
resource-infongt-eu4/actual-icpu5138/.deleted-sync_rate -> 1
resource-infongt-eu4/actual-icpu5139/.deleted- -> 1
resource-infongt-eu4/actual-icpu5139/.deleted-copy-syncstatus-icpu5139 -> 1
resource-infongt-eu4/actual-icpu5139/.deleted-device-icpu5139 -> 1
resource-infongt-eu4/actual-icpu5139/.deleted-file_rate -> 1
resource-infongt-eu4/actual-icpu5139/.deleted-has-emergency -> 1
resource-infongt-eu4/actual-icpu5139/.deleted-is-attached -> 1
resource-infongt-eu4/actual-icpu5139/.deleted-is-copying -> 1
resource-infongt-eu4/actual-icpu5139/.deleted-is-emergency -> 1
resource-infongt-eu4/actual-icpu5139/.deleted-is-primary -> 1
resource-infongt-eu4/actual-icpu5139/.deleted-is-replaying -> 1
resource-infongt-eu4/actual-icpu5139/.deleted-is-syncing -> 1
resource-infongt-eu4/actual-icpu5139/.deleted-logfile-update -> 1
resource-infongt-eu4/actual-icpu5139/.deleted-msg-err-bad-log-name -> 1
resource-infongt-eu4/actual-icpu5139/.deleted-msg-err-emergency -> 1
resource-infongt-eu4/actual-icpu5139/.deleted-msg-err-log-not-contiguous -> 1
resource-infongt-eu4/actual-icpu5139/.deleted-msg-err-replay-size -> 1
resource-infongt-eu4/actual-icpu5139/.deleted-msg-err-replay-stop -> 1
resource-infongt-eu4/actual-icpu5139/.deleted-msg-err-replaylink-not-readable -> 1
resource-infongt-eu4/actual-icpu5139/.deleted-msg-err-sequence-trash -> 1
resource-infongt-eu4/actual-icpu5139/.deleted-msg-err-space-low -> 1
resource-infongt-eu4/actual-icpu5139/.deleted-msg-err-splitbrain-detected -> 1
resource-infongt-eu4/actual-icpu5139/.deleted-msg-err-versionlink-not-readable -> 1
resource-infongt-eu4/actual-icpu5139/.deleted-msg-err-versionlink-skip -> 1
resource-infongt-eu4/actual-icpu5139/.deleted-msg-inf-fetch -> 1
resource-infongt-eu4/actual-icpu5139/.deleted-msg-inf-replay-not-yet-finished -> 1
resource-infongt-eu4/actual-icpu5139/.deleted-msg-inf-replay-start -> 1
resource-infongt-eu4/actual-icpu5139/.deleted-msg-inf-replay-tolerance -> 1
resource-infongt-eu4/actual-icpu5139/.deleted-msg-inf-sync -> 1
resource-infongt-eu4/actual-icpu5139/.deleted-msg-inf-versionlink-not-equal -> 1
resource-infongt-eu4/actual-icpu5139/.deleted-msg-inf-versionlink-not-yet-exist -> 1
resource-infongt-eu4/actual-icpu5139/.deleted-msg-wrn-log-consecutive -> 1
resource-infongt-eu4/actual-icpu5139/.deleted-msg-wrn-space-low -> 1
resource-infongt-eu4/actual-icpu5139/.deleted-open-count -> 1
resource-infongt-eu4/actual-icpu5139/.deleted-replay-code -> 1
resource-infongt-eu4/actual-icpu5139/.deleted-replay_rate -> 1
resource-infongt-eu4/actual-icpu5139/.deleted-sync_rate -> 1
resource-infongt-eu4/actual-istore2a/.deleted- -> 1
resource-infongt-eu4/actual-istore2a/.deleted-copy-syncstatus-istore2a -> 1
resource-infongt-eu4/actual-istore2a/.deleted-device-istore2a -> 1
resource-infongt-eu4/actual-istore2a/.deleted-file_rate -> 1
resource-infongt-eu4/actual-istore2a/.deleted-has-emergency -> 1
resource-infongt-eu4/actual-istore2a/.deleted-is-attached -> 1
resource-infongt-eu4/actual-istore2a/.deleted-is-copying -> 1
resource-infongt-eu4/actual-istore2a/.deleted-is-emergency -> 1
resource-infongt-eu4/actual-istore2a/.deleted-is-primary -> 1
resource-infongt-eu4/actual-istore2a/.deleted-is-replaying -> 1
resource-infongt-eu4/actual-istore2a/.deleted-is-syncing -> 1
resource-infongt-eu4/actual-istore2a/.deleted-logfile-update -> 1
resource-infongt-eu4/actual-istore2a/.deleted-msg-err-bad-log-name -> 1
resource-infongt-eu4/actual-istore2a/.deleted-msg-err-emergency -> 1
resource-infongt-eu4/actual-istore2a/.deleted-msg-err-log-not-contiguous -> 1
resource-infongt-eu4/actual-istore2a/.deleted-msg-err-replay-size -> 1
resource-infongt-eu4/actual-istore2a/.deleted-msg-err-replay-stop -> 1
resource-infongt-eu4/actual-istore2a/.deleted-msg-err-replaylink-not-readable -> 1
resource-infongt-eu4/actual-istore2a/.deleted-msg-err-sequence-trash -> 1
resource-infongt-eu4/actual-istore2a/.deleted-msg-err-space-low -> 1
resource-infongt-eu4/actual-istore2a/.deleted-msg-err-splitbrain-detected -> 1
resource-infongt-eu4/actual-istore2a/.deleted-msg-err-versionlink-not-readable -> 1
resource-infongt-eu4/actual-istore2a/.deleted-msg-err-versionlink-skip -> 1
resource-infongt-eu4/actual-istore2a/.deleted-msg-inf-fetch -> 1
resource-infongt-eu4/actual-istore2a/.deleted-msg-inf-replay-not-yet-finished -> 1
resource-infongt-eu4/actual-istore2a/.deleted-msg-inf-replay-start -> 1
resource-infongt-eu4/actual-istore2a/.deleted-msg-inf-replay-tolerance -> 1
resource-infongt-eu4/actual-istore2a/.deleted-msg-inf-sync -> 1
resource-infongt-eu4/actual-istore2a/.deleted-msg-inf-versionlink-not-equal -> 1
resource-infongt-eu4/actual-istore2a/.deleted-msg-inf-versionlink-not-yet-exist -> 1
resource-infongt-eu4/actual-istore2a/.deleted-msg-wrn-log-consecutive -> 1
resource-infongt-eu4/actual-istore2a/.deleted-msg-wrn-space-low -> 1
resource-infongt-eu4/actual-istore2a/.deleted-open-count -> 1
resource-infongt-eu4/actual-istore2a/.deleted-replay-code -> 1
resource-infongt-eu4/actual-istore2a/.deleted-replay_rate -> 1
resource-infongt-eu4/actual-istore2a/.deleted-sync_rate -> 1
resource-infongt-eu4/actual-istore2b/.deleted- -> 1
resource-infongt-eu4/actual-istore2b/.deleted-copy-syncstatus-istore2b -> 1
resource-infongt-eu4/actual-istore2b/.deleted-file_rate -> 1
resource-infongt-eu4/actual-istore2b/.deleted-has-emergency -> 1
resource-infongt-eu4/actual-istore2b/.deleted-is-attached -> 1
resource-infongt-eu4/actual-istore2b/.deleted-is-copying -> 1
resource-infongt-eu4/actual-istore2b/.deleted-is-emergency -> 1
resource-infongt-eu4/actual-istore2b/.deleted-is-primary -> 1
resource-infongt-eu4/actual-istore2b/.deleted-is-replaying -> 1
resource-infongt-eu4/actual-istore2b/.deleted-is-syncing -> 1
resource-infongt-eu4/actual-istore2b/.deleted-logfile-update -> 1
resource-infongt-eu4/actual-istore2b/.deleted-msg-err-bad-log-name -> 1
resource-infongt-eu4/actual-istore2b/.deleted-msg-err-emergency -> 1
resource-infongt-eu4/actual-istore2b/.deleted-msg-err-log-not-contiguous -> 1
resource-infongt-eu4/actual-istore2b/.deleted-msg-err-replay-size -> 1
resource-infongt-eu4/actual-istore2b/.deleted-msg-err-replay-stop -> 1
resource-infongt-eu4/actual-istore2b/.deleted-msg-err-replaylink-not-readable -> 1
resource-infongt-eu4/actual-istore2b/.deleted-msg-err-sequence-trash -> 1
resource-infongt-eu4/actual-istore2b/.deleted-msg-err-space-low -> 1
resource-infongt-eu4/actual-istore2b/.deleted-msg-err-splitbrain-detected -> 1
resource-infongt-eu4/actual-istore2b/.deleted-msg-err-versionlink-not-readable -> 1
resource-infongt-eu4/actual-istore2b/.deleted-msg-err-versionlink-skip -> 1
resource-infongt-eu4/actual-istore2b/.deleted-msg-inf-fetch -> 1
resource-infongt-eu4/actual-istore2b/.deleted-msg-inf-replay-not-yet-finished -> 1
resource-infongt-eu4/actual-istore2b/.deleted-msg-inf-replay-start -> 1
resource-infongt-eu4/actual-istore2b/.deleted-msg-inf-replay-tolerance -> 1
resource-infongt-eu4/actual-istore2b/.deleted-msg-inf-sync -> 1
resource-infongt-eu4/actual-istore2b/.deleted-msg-inf-versionlink-not-equal -> 1
resource-infongt-eu4/actual-istore2b/.deleted-msg-inf-versionlink-not-yet-exist -> 1
resource-infongt-eu4/actual-istore2b/.deleted-msg-wrn-log-consecutive -> 1
resource-infongt-eu4/actual-istore2b/.deleted-msg-wrn-space-low -> 1
resource-infongt-eu4/actual-istore2b/.deleted-open-count -> 1
resource-infongt-eu4/actual-istore2b/.deleted-replay-code -> 1
resource-infongt-eu4/actual-istore2b/.deleted-replay_rate -> 1
resource-infongt-eu4/actual-istore2b/.deleted-sync_rate -> 1
resource-infongt-eu4/defaults-icpu5128/.deleted- -> 1
resource-infongt-eu4/defaults-icpu5133/.deleted- -> 1
resource-infongt-eu4/defaults-icpu5138/.deleted- -> 1
resource-infongt-eu4/defaults-icpu5139/.deleted- -> 1
resource-infongt-eu4/defaults-istore2a/.deleted- -> 1
resource-infongt-eu4/defaults-istore2b/.deleted- -> 1
resource-infongt-eu4/local-icpu5128/.deleted- -> 1
resource-infongt-eu4/local-icpu5138/.deleted- -> 1
resource-infongt-eu4/local-icpu5139/.deleted- -> 1
resource-infongt-eu4/local-istore2a/.deleted- -> 1
resource-infongt-eu4/local-istore2b/.deleted- -> 1
resource-infongt-eu4/todo-icpu5128/.deleted- -> 1
resource-infongt-eu4/todo-icpu5128/.deleted-allow-replay -> 1
resource-infongt-eu4/todo-icpu5128/.deleted-attach -> 1
resource-infongt-eu4/todo-icpu5128/.deleted-connect -> 1
resource-infongt-eu4/todo-icpu5128/.deleted-sync -> 1
resource-infongt-eu4/todo-icpu5133/.deleted- -> 1
resource-infongt-eu4/todo-icpu5133/.deleted-allow-replay -> 1
resource-infongt-eu4/todo-icpu5133/.deleted-attach -> 1
resource-infongt-eu4/todo-icpu5133/.deleted-connect -> 1
resource-infongt-eu4/todo-icpu5133/.deleted-sync -> 1
resource-infongt-eu4/todo-icpu5138/.deleted- -> 1
resource-infongt-eu4/todo-icpu5138/.deleted-allow-replay -> 1
resource-infongt-eu4/todo-icpu5138/.deleted-attach -> 1
resource-infongt-eu4/todo-icpu5138/.deleted-connect -> 1
resource-infongt-eu4/todo-icpu5138/.deleted-sync -> 1
resource-infongt-eu4/todo-icpu5139/.deleted- -> 1
resource-infongt-eu4/todo-icpu5139/.deleted-allow-replay -> 1
resource-infongt-eu4/todo-icpu5139/.deleted-attach -> 1
resource-infongt-eu4/todo-icpu5139/.deleted-connect -> 1
resource-infongt-eu4/todo-icpu5139/.deleted-sync -> 1
resource-infongt-eu4/todo-istore2a/.deleted- -> 1
resource-infongt-eu4/todo-istore2a/.deleted-allow-replay -> 1
resource-infongt-eu4/todo-istore2a/.deleted-attach -> 1
resource-infongt-eu4/todo-istore2a/.deleted-connect -> 1
resource-infongt-eu4/todo-istore2a/.deleted-sync -> 1
resource-infongt-eu4/todo-istore2b/.deleted- -> 1
resource-infongt-eu4/todo-istore2b/.deleted-allow-replay -> 1
resource-infongt-eu4/todo-istore2b/.deleted-attach -> 1
resource-infongt-eu4/todo-istore2b/.deleted-connect -> 1
resource-infongt-eu4/todo-istore2b/.deleted-sync -> 1
resource-infongt-eu6/actual-icpu5138/.deleted- -> 1
resource-infongt-eu6/actual-icpu5138/.deleted-copy-syncstatus-icpu5138 -> 1
resource-infongt-eu6/actual-icpu5138/.deleted-file_rate -> 1
resource-infongt-eu6/actual-icpu5138/.deleted-has-emergency -> 1
resource-infongt-eu6/actual-icpu5138/.deleted-is-attached -> 1
resource-infongt-eu6/actual-icpu5138/.deleted-is-copying -> 1
resource-infongt-eu6/actual-icpu5138/.deleted-is-emergency -> 1
resource-infongt-eu6/actual-icpu5138/.deleted-is-replaying -> 1
resource-infongt-eu6/actual-icpu5138/.deleted-is-syncing -> 1
resource-infongt-eu6/actual-icpu5138/.deleted-logfile-update -> 1
resource-infongt-eu6/actual-icpu5138/.deleted-replay-code -> 1
resource-infongt-eu6/actual-icpu5138/.deleted-replay_rate -> 1
resource-infongt-eu6/actual-icpu5138/.deleted-sync_rate -> 1
resource-infongt-eu6/actual-icpu5139/.deleted- -> 1
resource-infongt-eu6/actual-icpu5139/.deleted-copy-syncstatus-icpu5139 -> 1
resource-infongt-eu6/actual-icpu5139/.deleted-device-icpu5139 -> 1
resource-infongt-eu6/actual-icpu5139/.deleted-file_rate -> 1
resource-infongt-eu6/actual-icpu5139/.deleted-has-emergency -> 1
resource-infongt-eu6/actual-icpu5139/.deleted-is-attached -> 1
resource-infongt-eu6/actual-icpu5139/.deleted-is-copying -> 1
resource-infongt-eu6/actual-icpu5139/.deleted-is-emergency -> 1
resource-infongt-eu6/actual-icpu5139/.deleted-is-primary -> 1
resource-infongt-eu6/actual-icpu5139/.deleted-is-replaying -> 1
resource-infongt-eu6/actual-icpu5139/.deleted-is-syncing -> 1
resource-infongt-eu6/actual-icpu5139/.deleted-logfile-update -> 1
resource-infongt-eu6/actual-icpu5139/.deleted-open-count -> 1
resource-infongt-eu6/actual-icpu5139/.deleted-replay-code -> 1
resource-infongt-eu6/actual-icpu5139/.deleted-replay_rate -> 1
resource-infongt-eu6/actual-icpu5139/.deleted-sync_rate -> 1
resource-infongt-eu6/actual-istore2a/.deleted- -> 1
resource-infongt-eu6/actual-istore2a/.deleted-copy-syncstatus-istore2a -> 1
resource-infongt-eu6/actual-istore2a/.deleted-device-istore2a -> 1
resource-infongt-eu6/actual-istore2a/.deleted-file_rate -> 1
resource-infongt-eu6/actual-istore2a/.deleted-has-emergency -> 1
resource-infongt-eu6/actual-istore2a/.deleted-is-attached -> 1
resource-infongt-eu6/actual-istore2a/.deleted-is-copying -> 1
resource-infongt-eu6/actual-istore2a/.deleted-is-emergency -> 1
resource-infongt-eu6/actual-istore2a/.deleted-is-primary -> 1
resource-infongt-eu6/actual-istore2a/.deleted-is-replaying -> 1
resource-infongt-eu6/actual-istore2a/.deleted-is-syncing -> 1
resource-infongt-eu6/actual-istore2a/.deleted-logfile-update -> 1
resource-infongt-eu6/actual-istore2a/.deleted-open-count -> 1
resource-infongt-eu6/actual-istore2a/.deleted-replay-code -> 1
resource-infongt-eu6/actual-istore2a/.deleted-replay_rate -> 1
resource-infongt-eu6/actual-istore2a/.deleted-sync_rate -> 1
resource-infongt-eu6/actual-istore2b/.deleted- -> 1
resource-infongt-eu6/actual-istore2b/.deleted-copy-syncstatus-istore2b -> 1
resource-infongt-eu6/actual-istore2b/.deleted-file_rate -> 1
resource-infongt-eu6/actual-istore2b/.deleted-has-emergency -> 1
resource-infongt-eu6/actual-istore2b/.deleted-is-attached -> 1
resource-infongt-eu6/actual-istore2b/.deleted-is-copying -> 1
resource-infongt-eu6/actual-istore2b/.deleted-is-emergency -> 1
resource-infongt-eu6/actual-istore2b/.deleted-is-primary -> 1
resource-infongt-eu6/actual-istore2b/.deleted-is-replaying -> 1
resource-infongt-eu6/actual-istore2b/.deleted-is-syncing -> 1
resource-infongt-eu6/actual-istore2b/.deleted-logfile-update -> 1
resource-infongt-eu6/actual-istore2b/.deleted-open-count -> 1
resource-infongt-eu6/actual-istore2b/.deleted-replay-code -> 1
resource-infongt-eu6/actual-istore2b/.deleted-replay_rate -> 1
resource-infongt-eu6/actual-istore2b/.deleted-sync_rate -> 1
resource-infongt-eu6/defaults-icpu5138/.deleted- -> 1
resource-infongt-eu6/defaults-icpu5139/.deleted- -> 1
resource-infongt-eu6/defaults-istore2a/.deleted- -> 1
resource-infongt-eu6/defaults-istore2b/.deleted- -> 1
resource-infongt-eu6/local-icpu5138/.deleted- -> 1
resource-infongt-eu6/local-icpu5139/.deleted- -> 1
resource-infongt-eu6/local-istore2a/.deleted- -> 1
resource-infongt-eu6/local-istore2b/.deleted- -> 1
resource-infongt-eu6/todo-icpu5138/.deleted- -> 1
resource-infongt-eu6/todo-icpu5138/.deleted-allow-replay -> 1
resource-infongt-eu6/todo-icpu5138/.deleted-attach -> 1
resource-infongt-eu6/todo-icpu5138/.deleted-connect -> 1
resource-infongt-eu6/todo-icpu5138/.deleted-sync -> 1
resource-infongt-eu6/todo-icpu5139/.deleted- -> 1
resource-infongt-eu6/todo-icpu5139/.deleted-allow-replay -> 1
resource-infongt-eu6/todo-icpu5139/.deleted-attach -> 1
resource-infongt-eu6/todo-icpu5139/.deleted-connect -> 1
resource-infongt-eu6/todo-icpu5139/.deleted-sync -> 1
resource-infongt-eu6/todo-istore2a/.deleted- -> 1
resource-infongt-eu6/todo-istore2a/.deleted-allow-replay -> 1
resource-infongt-eu6/todo-istore2a/.deleted-attach -> 1
resource-infongt-eu6/todo-istore2a/.deleted-connect -> 1
resource-infongt-eu6/todo-istore2a/.deleted-sync -> 1
resource-infongt-eu6/todo-istore2b/.deleted- -> 1
resource-infongt-eu6/todo-istore2b/.deleted-allow-replay -> 1
resource-infongt-eu6/todo-istore2b/.deleted-attach -> 1
resource-infongt-eu6/todo-istore2b/.deleted-connect -> 1
resource-infongt-eu6/todo-istore2b/.deleted-sync -> 1
todo-global/delete-001603951-istore2a -> /mars/resource-infong376/log-000142525-istore2b
todo-global/delete-001603951-istore2b -> /mars/resource-infong376/log-000142525-istore2b
todo-global/delete-001603952-istore2a -> /mars/resource-infong376/version-000142524-istore2a
todo-global/delete-001603952-istore2b -> /mars/resource-infong376/version-000142524-istore2a

sent 128576 bytes  received 1192 bytes  259536.00 bytes/sec
total size is 1345651  speedup is 10.37
Running hook: hook_merge_cluster hook_merge_cluster icpu5128 istore2b
Executing on icpu5128: 'marsadm lowlevel-ls-host-ips'
WARNING: EXPERTS ONLY -- risky lowlevel command 'lowlevel-ls-host-ips'
Peer 'icpu5128' has IP '10.46.98.175'
Executing on istore2b: 'marsadm merge-cluster --ssh-port=24 10.46.98.175'
Using SSH port '24' from command line.
Linux istore2b 3.2.45-istore-20130805 #1 SMP Mon Aug 5 13:36:58 CEST 2013 x86_64 GNU/Linux
PING 10.46.98.175 (10.46.98.175) 56(84) bytes of data.
64 bytes from 10.46.98.175: icmp_req=1 ttl=61 time=0.895 ms

--- 10.46.98.175 ping statistics ---
1 packets transmitted, 1 received, 0% packet loss, time 0ms
rtt min/avg/max/mdev = 0.895/0.895/0.895/0.000 ms
Linux icpu5128 3.14.79-grsec+ #1196 SMP Tue Jun 20 13:04:30 CEST 2017 x86_64 GNU/Linux
Linux icpu5128 3.14.79-grsec+ #1196 SMP Tue Jun 20 13:04:30 CEST 2017 x86_64 GNU/Linux
PING icpu5128.schlund.de (10.46.12.75) 56(84) bytes of data.

--- icpu5128.schlund.de ping statistics ---
1 packets transmitted, 0 received, 100% packet loss, time 0ms

WARNING: cannot ping 'icpu5128'
PING 10.46.98.175 (10.46.98.175) 56(84) bytes of data.
64 bytes from 10.46.98.175: icmp_req=1 ttl=61 time=0.830 ms

--- 10.46.98.175 ping statistics ---
1 packets transmitted, 1 received, 0% packet loss, time 0ms
rtt min/avg/max/mdev = 0.830/0.830/0.830/0.000 ms
Linux icpu5128 3.14.79-grsec+ #1196 SMP Tue Jun 20 13:04:30 CEST 2017 x86_64 GNU/Linux
Linux icpu5128 3.14.79-grsec+ #1196 SMP Tue Jun 20 13:04:30 CEST 2017 x86_64 GNU/Linux
PING icpu5133.schlund.de (10.46.28.75) 56(84) bytes of data.

--- icpu5133.schlund.de ping statistics ---
1 packets transmitted, 0 received, 100% packet loss, time 0ms

WARNING: cannot ping 'icpu5133'
PING 10.46.102.189 (10.46.102.189) 56(84) bytes of data.
64 bytes from 10.46.102.189: icmp_req=1 ttl=64 time=0.076 ms

--- 10.46.102.189 ping statistics ---
1 packets transmitted, 1 received, 0% packet loss, time 0ms
rtt min/avg/max/mdev = 0.076/0.076/0.076/0.000 ms
Linux icpu5133 3.14.79-grsec+ #1196 SMP Tue Jun 20 13:04:30 CEST 2017 x86_64 GNU/Linux
Linux icpu5133 3.14.79-grsec+ #1196 SMP Tue Jun 20 13:04:30 CEST 2017 x86_64 GNU/Linux
PING icpu5138.schlund.de (10.46.12.76) 56(84) bytes of data.

--- icpu5138.schlund.de ping statistics ---
1 packets transmitted, 0 received, 100% packet loss, time 0ms

WARNING: cannot ping 'icpu5138'
PING 10.46.98.177 (10.46.98.177) 56(84) bytes of data.
64 bytes from 10.46.98.177: icmp_req=1 ttl=61 time=0.806 ms

--- 10.46.98.177 ping statistics ---
1 packets transmitted, 1 received, 0% packet loss, time 0ms
rtt min/avg/max/mdev = 0.806/0.806/0.806/0.000 ms
Linux icpu5138 3.14.79-grsec+ #1234 SMP Tue Jul 4 14:36:13 CEST 2017 x86_64 GNU/Linux
Linux icpu5138 3.14.79-grsec+ #1234 SMP Tue Jul 4 14:36:13 CEST 2017 x86_64 GNU/Linux
PING icpu5139.schlund.de (10.46.28.76) 56(84) bytes of data.

--- icpu5139.schlund.de ping statistics ---
1 packets transmitted, 0 received, 100% packet loss, time 0ms

WARNING: cannot ping 'icpu5139'
PING 10.46.102.191 (10.46.102.191) 56(84) bytes of data.
64 bytes from 10.46.102.191: icmp_req=1 ttl=64 time=0.099 ms

--- 10.46.102.191 ping statistics ---
1 packets transmitted, 1 received, 0% packet loss, time 0ms
rtt min/avg/max/mdev = 0.099/0.099/0.099/0.000 ms
Linux icpu5139 3.14.79-grsec+ #1234 SMP Tue Jul 4 14:36:13 CEST 2017 x86_64 GNU/Linux
Linux icpu5139 3.14.79-grsec+ #1234 SMP Tue Jul 4 14:36:13 CEST 2017 x86_64 GNU/Linux
PING istore2a.schlund.de (10.46.98.4) 56(84) bytes of data.
64 bytes from istore2a.schlund.de (10.46.98.4): icmp_req=1 ttl=61 time=0.806 ms

--- istore2a.schlund.de ping statistics ---
1 packets transmitted, 1 received, 0% packet loss, time 0ms
rtt min/avg/max/mdev = 0.806/0.806/0.806/0.000 ms
ssh: connect to host istore2a port 24: Connection refused
Linux istore2a 3.2.45-istore-20130805 #1 SMP Mon Aug 5 13:36:58 CEST 2013 x86_64 GNU/Linux
Linux istore2a 3.2.45-istore-20130805 #1 SMP Mon Aug 5 13:36:58 CEST 2013 x86_64 GNU/Linux
Other cluster peer '10.46.98.175' has the same UUID.
No resource name checking necessary.
Operation 'merge-cluster' will therfore work logically idempotent.
receiving incremental file list

sent 19 bytes  received 76 bytes  190.00 bytes/sec
total size is 38  speedup is 0.40
sending incremental file list

sent 68 bytes  received 12 bytes  160.00 bytes/sec
total size is 38  speedup is 0.47
sending incremental file list

sent 68 bytes  received 12 bytes  160.00 bytes/sec
total size is 38  speedup is 0.47
sending incremental file list

sent 68 bytes  received 12 bytes  53.33 bytes/sec
total size is 38  speedup is 0.47
sending incremental file list

sent 68 bytes  received 12 bytes  160.00 bytes/sec
total size is 38  speedup is 0.47
sending incremental file list

sent 68 bytes  received 12 bytes  160.00 bytes/sec
total size is 38  speedup is 0.47
receiving incremental file list
actual-icpu5138/
actual-istore2a/
actual-istore2b/
resource-infong375/
resource-infong375/actual-istore2b/
resource-infong376/
resource-infong376/actual-istore2b/
resource-infongm1/
resource-infongm1/actual-istore2b/
resource-infongt-eu4/
resource-infongt-eu4/actual-icpu5128/
resource-infongt-eu4/actual-icpu5139/
resource-infongt-eu4/actual-istore2b/
resource-infongt-eu4/defaults-icpu5128/
resource-infongt-eu4/defaults-icpu5133/
resource-infongt-eu4/defaults-icpu5138/
resource-infongt-eu4/defaults-icpu5139/
resource-infongt-eu4/defaults-istore2a/
resource-infongt-eu4/defaults-istore2b/
resource-infongt-eu4/local-icpu5128/
resource-infongt-eu4/local-icpu5138/
resource-infongt-eu4/local-icpu5139/
resource-infongt-eu4/local-istore2a/
resource-infongt-eu4/local-istore2b/
resource-infongt-eu4/todo-icpu5128/
resource-infongt-eu4/todo-icpu5133/
resource-infongt-eu4/todo-icpu5138/
resource-infongt-eu4/todo-icpu5139/
resource-infongt-eu4/todo-istore2a/
resource-infongt-eu4/todo-istore2b/
resource-infongt-eu5/actual-icpu5139/
resource-infongt-eu6/
resource-infongt-eu6/actual-icpu5128/
resource-infongt-eu6/actual-icpu5139/
resource-infongt-eu6/actual-istore2b/
resource-infongt-eu6/defaults-icpu5138/
resource-infongt-eu6/defaults-icpu5139/
resource-infongt-eu6/defaults-istore2a/
resource-infongt-eu6/defaults-istore2b/
resource-infongt-eu6/local-icpu5138/
resource-infongt-eu6/local-icpu5139/
resource-infongt-eu6/local-istore2a/
resource-infongt-eu6/local-istore2b/
resource-infongt-eu6/todo-icpu5138/
resource-infongt-eu6/todo-icpu5139/
resource-infongt-eu6/todo-istore2a/
resource-infongt-eu6/todo-istore2b/
resource-infongt-eu7/actual-icpu5139/
resource-lv-0/actual-icpu5128/
todo-global/

sent 854 bytes  received 125365 bytes  84146.00 bytes/sec
total size is 483528  speedup is 3.83
sending incremental file list
resource-infong376/.deleted-version-000142524-istore2b -> 1
todo-global/delete-001603953-istore2a -> /mars/resource-infong376/version-000142524-istore2b
todo-global/delete-001603953-istore2b -> /mars/resource-infong376/version-000142524-istore2b

sent 123984 bytes  received 160 bytes  248288.00 bytes/sec
total size is 1423500  speedup is 11.47
Executing on istore2a: 'marsadm wait-cluster'
all 5 peer(s) seem to be alive
Executing on istore2a: 'marsadm view-is-attach infongt-eu6'
WARNING: cannot read symlink '/mars/resource-infongt-eu6/actual-istore2a/is-attached'
Executing on icpu5128: 'marsadm view-sync-size infongt-eu6'
Running hook: hook_get_vg hook_get_vg istore2a
Executing on istore2a: 'vgs | awk '{ print $1; }' | grep 'vginfong\|vg[0-9]\+[ab]''
Executing on istore2a: 'vgs --noheadings -o "vg_free" --units k vg2a'
vg2a REST space on 'istore2a' :   21526990848
Running hook: hook_get_vg hook_get_vg istore2b
Executing on istore2b: 'vgs | awk '{ print $1; }' | grep 'vginfong\|vg[0-9]\+[ab]''
Executing on istore2b: 'vgs --noheadings -o "vg_free" --units k vg2b'
vg2b REST space on 'istore2b' :   21534457856
Running hook: hook_get_vg hook_get_vg istore2a
Executing on istore2a: 'vgs | awk '{ print $1; }' | grep 'vginfong\|vg[0-9]\+[ab]''
Running hook: hook_get_vg hook_get_vg istore2b
Executing on istore2b: 'vgs | awk '{ print $1; }' | grep 'vginfong\|vg[0-9]\+[ab]''
Running hook: hook_get_vg hook_get_vg istore2a
Executing on istore2a: 'vgs | awk '{ print $1; }' | grep 'vginfong\|vg[0-9]\+[ab]''
Executing on istore2a: 'if [[ -e /dev/vg2a/infongt-eu6 ]]; then echo "REFUSING to overwrite /dev/vg2a/infongt-eu6 on istore2a - Do this by hand"; exit -1; fi'
Executing on istore2a: 'lvcreate -L 20000768k -n infongt-eu6 vg2a'
  Logical volume "infongt-eu6" created
Running hook: hook_get_vg hook_get_vg istore2b
Executing on istore2b: 'vgs | awk '{ print $1; }' | grep 'vginfong\|vg[0-9]\+[ab]''
Executing on istore2b: 'if [[ -e /dev/vg2b/infongt-eu6 ]]; then echo "REFUSING to overwrite /dev/vg2b/infongt-eu6 on istore2b - Do this by hand"; exit -1; fi'
Executing on istore2b: 'lvcreate -L 20000768k -n infongt-eu6 vg2b'
  Logical volume "infongt-eu6" created
Running hook: hook_join_resource hook_join_resource icpu5128 istore2a infongt-eu6 /dev/vg2a/infongt-eu6
Executing on istore2a: 'marsadm join-resource --ssh-port=24 infongt-eu6 /dev/vg2a/infongt-eu6'
Using SSH port '24' from command line.
joining to existing resource 'infongt-eu6'
block device '/dev/vg2a/infongt-eu6': determined size = 20480786432 bytes
PING icpu5128.schlund.de (10.46.12.75) 56(84) bytes of data.

--- icpu5128.schlund.de ping statistics ---
1 packets transmitted, 0 received, 100% packet loss, time 0ms

WARNING: cannot ping 'icpu5128'
PING 10.46.98.175 (10.46.98.175) 56(84) bytes of data.
64 bytes from 10.46.98.175: icmp_req=1 ttl=64 time=0.424 ms

--- 10.46.98.175 ping statistics ---
1 packets transmitted, 1 received, 0% packet loss, time 0ms
rtt min/avg/max/mdev = 0.424/0.424/0.424/0.000 ms
Linux icpu5128 3.14.79-grsec+ #1196 SMP Tue Jun 20 13:04:30 CEST 2017 x86_64 GNU/Linux
receiving incremental file list
./
replay-icpu5128 -> log-000016755-icpu5128,263340,0
version-000016755-icpu5128 -> 277f0f3693c79f82c295e6c1e652b23a,log-000016755-icpu5128,263340:8e0f894a6b0b326db2df582574ce6065,log-000016754-icpu5128,468160
actual-icpu5128/
actual-icpu5139/
actual-istore2b/

sent 454 bytes  received 29507 bytes  59922.00 bytes/sec
total size is 266345  speedup is 8.89
all 2 peer(s) seem to be alive
using existing device '/dev/vg2a/infongt-eu6'
resource 'infongt-eu6' will appear as local device '/dev/mars/infongt-eu6'
creating new replaylink '/mars/resource-infongt-eu6/replay-istore2a' -> 'log-000016755-icpu5128,0,0'
creating new version symlink '/mars/resource-infongt-eu6/version-000016754-istore2a' -> '8e0f894a6b0b326db2df582574ce6065,log-000016754-icpu5128,468160:ee2c13081eec3a1dc71ab1645f32263e,log-000016753-icpu5128,652080'
WARNING: cannot read symlink '/mars/resource-infongt-eu6/version-000016753-icpu5128'
cannot create new version symlink '/mars/resource-infongt-eu6/version-000016753-istore2a'
sending incremental file list
data-istore2a -> /dev/vg2a/infongt-eu6

sent 63 bytes  received 15 bytes  156.00 bytes/sec
total size is 21  speedup is 0.27
successfully joined resource 'infongt-eu6'
Running hook: hook_join_resource hook_join_resource icpu5128 istore2b infongt-eu6 /dev/vg2b/infongt-eu6
Executing on istore2b: 'marsadm join-resource --ssh-port=24 infongt-eu6 /dev/vg2b/infongt-eu6'
Using SSH port '24' from command line.
joining to existing resource 'infongt-eu6'
block device '/dev/vg2b/infongt-eu6': determined size = 20480786432 bytes
PING icpu5128.schlund.de (10.46.12.75) 56(84) bytes of data.

--- icpu5128.schlund.de ping statistics ---
1 packets transmitted, 0 received, 100% packet loss, time 0ms

WARNING: cannot ping 'icpu5128'
PING 10.46.98.175 (10.46.98.175) 56(84) bytes of data.
64 bytes from 10.46.98.175: icmp_req=1 ttl=61 time=0.813 ms

--- 10.46.98.175 ping statistics ---
1 packets transmitted, 1 received, 0% packet loss, time 0ms
rtt min/avg/max/mdev = 0.813/0.813/0.813/0.000 ms
Linux icpu5128 3.14.79-grsec+ #1196 SMP Tue Jun 20 13:04:30 CEST 2017 x86_64 GNU/Linux
receiving incremental file list
./
replay-icpu5128 -> log-000016755-icpu5128,267520,4180
replay-icpu5133 -> log-000016755-icpu5128,267520,0
version-000016755-icpu5128 -> f9344415df09f5957765ac94d1f7ea7b,log-000016755-icpu5128,271700:8e0f894a6b0b326db2df582574ce6065,log-000016754-icpu5128,468160
version-000016755-icpu5133 -> 99baa52cf3c9aa9d157ebae0ffca9f92,log-000016755-icpu5128,267520:8e0f894a6b0b326db2df582574ce6065,log-000016754-icpu5128,468160
actual-icpu5128/
actual-icpu5133/
actual-icpu5133/logfile-update -> 1
actual-icpu5138/
actual-icpu5139/
todo-istore2a/

sent 417 bytes  received 31464 bytes  63762.00 bytes/sec
total size is 275980  speedup is 8.66
all 3 peer(s) seem to be alive
using existing device '/dev/vg2b/infongt-eu6'
resource 'infongt-eu6' will appear as local device '/dev/mars/infongt-eu6'
creating new replaylink '/mars/resource-infongt-eu6/replay-istore2b' -> 'log-000016755-icpu5128,0,0'
creating new version symlink '/mars/resource-infongt-eu6/version-000016754-istore2b' -> '8e0f894a6b0b326db2df582574ce6065,log-000016754-icpu5128,468160:ee2c13081eec3a1dc71ab1645f32263e,log-000016753-icpu5128,652080'
WARNING: cannot read symlink '/mars/resource-infongt-eu6/version-000016753-icpu5128'
cannot create new version symlink '/mars/resource-infongt-eu6/version-000016753-istore2b'
sending incremental file list
data-istore2b -> /dev/vg2b/infongt-eu6

sent 63 bytes  received 15 bytes  52.00 bytes/sec
total size is 21  speedup is 0.27
successfully joined resource 'infongt-eu6'
Executing on istore2a: 'marsadm wait-cluster'
all 5 peer(s) seem to be alive
Executing on istore2a: 'marsadm wait-cluster'
all 5 peer(s) seem to be alive
Executing on istore2b: 'marsadm wait-cluster'
all 5 peer(s) seem to be alive
Fri Jul 14 08:17:03 CEST 2017 sync rests for 'istore2a istore2b':
Fri Jul 14 08:17:03 CEST 2017 sync rests: 14GiB 16GiB
Fri Jul 14 08:18:05 CEST 2017 sync rests: 5GiB 8GiB
Fri Jul 14 08:19:06 CEST 2017 sync rests: 0B/UpToDate 112MiB
Fri Jul 14 08:20:08 CEST 2017 sync rests: 0B/UpToDate 0B/UpToDate
Fri Jul 14 08:20:11 CEST 2017 sync appears to have finished at 'istore2a istore2b'
Executing on istore2a: 'marsadm wait-cluster'
all 5 peer(s) seem to be alive
Fri Jul 14 08:20:17 CEST 2017 sync rests for 'istore2a':
Fri Jul 14 08:20:17 CEST 2017 sync rests: 0B/UpToDate
Fri Jul 14 08:20:19 CEST 2017 sync appears to have finished at 'istore2a'
Running hook: hook_resource_stop hook_resource_stop icpu5128 infongt-eu6
Executing on icpu5128: 'cm3 --stop infongt-eu6 || cm3 --stop infongt-eu6 || { mountpoint /vol/infongt-eu6 && umount /vol/infongt-eu6; } || false'
Shutdown infongt-eu6.
stop: UPDATE mars_infongt-eu6  ...... OK [0s]
stop: VM::SAInfongBase: Name:	infongt-eu6
stop: VM::SAInfongBase: State:	STARTED
stop: VM::SAInfongBase: Address:	169.254.254.7
stop: infongt-eu6.schlund.de is updated.
stop: Stopping VM for infongt-eu6.schlund.de via nodeagent
stop: STOP infongt-eu6.schlund.de  ...(vmstop:120s) (dissemble:120s) (delete) ... OK [9s]
stop: VM infongt-eu6.schlund.de is stopped.
stop: Clearing VMHost for infongt-eu6.schlund.de, no longer using icpu5128.schlund.de
stop: Stopping storage for infongt-eu6.schlund.de
stop: DOWN mars_infongt-eu6  ...(wait-umount:20s) ... OK [3s]
stop: DOWN /dev/vginfong/infongt-eu6  ...... OK [0s]
stop: infongt-eu6.schlund.de is stopped.
stop: COMMAND FINISHED in 12 seconds
Shutdown of infongt-eu6.schlund.de finished.
Running hook: hook_resource_migrate hook_resource_migrate icpu5128 istore2a infongt-eu6
curl -s  -X "GET" "http://clustermw:3042/nodes/icpu5128.schlund.de"
curl -s  -X "GET" "http://clustermw:3042/storagehosts/istore2a.schlund.de"
Moving config from cluster 'cluster496' to cluster 'cluster2'
curl -s  -X "GET" "http://clustermw:3042/vms/infongt-eu6.schlund.de"
{"_links":{"dns":{"href":"http:\/\/clustermw:3042\/vms\/infongt-eu6.schlund.de\/dns"},"cluster":{"href":"http:\/\/clustermw:3042\/clusters\/cluster496"},"segment_assoc":{"href":"http:\/\/clustermw:3042\/segments\/PraesenzNetz-20\/vms\/infongt-eu6.schlund.de"},"cluster_assoc":{"href":"http:\/\/clustermw:3042\/clusters\/cluster496\/vms\/infongt-eu6.schlund.de"},"self":{"href":"http:\/\/clustermw:3042\/vms\/infongt-eu6.schlund.de"},"segment":{"href":"http:\/\/clustermw:3042\/segments\/PraesenzNetz-20"},"properties":{"href":"http:\/\/clustermw:3042\/vms\/infongt-eu6.schlund.de\/properties"},"hostips":{"href":"http:\/\/clustermw:3042\/vms\/infongt-eu6.schlund.de\/hostips"}},"zone":"EUROPE","segment":"PraesenzNetz-20","hwclass_id":"25125","country":"DE","cluster":"cluster496","host_id":"20212728","name":"infongt-eu6.schlund.de","region":"EUROPE","properties":{"START_DAV_APACHE":"yes","DDOS_PROTECT":"standard","DEFAULT_CHROOT_ID":"7","START_TINCAS":"\/tmp\/tincas.sock","START_STD_APACHE":"yes","MAX_KUNDEN_PERF":"123","CBI":"Jessie","TZ":"Europe\/Berlin","START_SP_DOCROOT_APACHE":"yes","MAX_KUNDEN":"123","OS_DEBIAN_VERSION":"Jessie","ENABLE_MOD_DEFLATE":"yes","START_SSL_APACHE":"yes","INFONG_TYPE":"standalone","START_MYSQL":"no","DASTOOL":"dastool7.schlund.de","START_FTP_SERVER":"yes"},"hvt_id":"8048","bz_id":"400","flavour":"cla_perf_straf","macids":{},"hostip_params":{"212.227.24.82":{"netinterface":"eth0","protocol":"4","type":"system"},"2001:8d8:1001:607b::\/64":{"netinterface":"eth0","protocol":"6","type":"delegation"},"2001:8D8:5FF:5B:212:227:24:82":{"netinterface":"eth0","protocol":"6","type":"system"}},"type":"infong","hostips":{"IPV6_PREFIXES":["2001:8d8:1001:607b::\/64"],"HA_IP_V6":["2001:8D8:5FF:5B:212:227:24:82"],"HA_IP":["212.227.24.82"]}}malformed JSON string, neither array, object, number, string or atom, at character offset 0 (before "(end of string)") at /usr/bin/json_pp line 44.
clustertool DELETE /clusters/cluster496/vms/infongt-eu6.schlund.de
curl -s  -X "DELETE" "http://clustermw:3042/clusters/cluster496/vms/infongt-eu6.schlund.de"
{"_links":{"add_storagehost":{"href":"http:\/\/clustermw:3042\/clusters\/cluster496\/storagehosts\/%NAME%"},"add_vm":{"href":"http:\/\/clustermw:3042\/clusters\/cluster496\/vms\/%NAME%"},"self":{"href":"http:\/\/clustermw:3042\/clusters\/cluster496"},"vms":{"href":"http:\/\/clustermw:3042\/clusters\/cluster496\/vms"},"nodes":{"href":"http:\/\/clustermw:3042\/clusters\/cluster496\/nodes"},"add_node":{"href":"http:\/\/clustermw:3042\/clusters\/cluster496\/nodes\/%NAME%"},"storagehosts":{"href":"http:\/\/clustermw:3042\/clusters\/cluster496\/storagehosts"}},"name":"cluster496","segment":"PraesenzNetz-20","vms":{"infongt-eu4.schlund.de":{"self":{"href":"http:\/\/clustermw:3042\/vms\/infongt-eu4.schlund.de"}}},"properties":{"NETWORK_SEGMENT":"PraesenzNetz-20","CLUSTERCONF_SERIAL":"10"},"storagehosts":{},"bz_id":"500","nodes":{"icpu5128.schlund.de":{"self":{"href":"http:\/\/clustermw:3042\/nodes\/icpu5128.schlund.de"}},"icpu5133.schlund.de":{"self":{"href":"http:\/\/clustermw:3042\/nodes\/icpu5133.schlund.de"}}}}clustertool PUT /clusters/cluster2/vms/infongt-eu6.schlund.de
curl -s  -X "PUT" "http://clustermw:3042/clusters/cluster2/vms/infongt-eu6.schlund.de"
{"_links":{"add_storagehost":{"href":"http:\/\/clustermw:3042\/clusters\/cluster2\/storagehosts\/%NAME%"},"add_vm":{"href":"http:\/\/clustermw:3042\/clusters\/cluster2\/vms\/%NAME%"},"self":{"href":"http:\/\/clustermw:3042\/clusters\/cluster2"},"vms":{"href":"http:\/\/clustermw:3042\/clusters\/cluster2\/vms"},"add_node":{"href":"http:\/\/clustermw:3042\/clusters\/cluster2\/nodes\/%NAME%"},"storagehosts":{"href":"http:\/\/clustermw:3042\/clusters\/cluster2\/storagehosts"},"nodes":{"href":"http:\/\/clustermw:3042\/clusters\/cluster2\/nodes"},"manage":[{"href":"http:\/\/istore2b.schlund.de:2424\/"},{"href":"http:\/\/istore2a.schlund.de:2424\/"}]},"name":"cluster2","segment":"PraesenzNetz-II","vms":{"infong375.schlund.de":{"self":{"href":"http:\/\/clustermw:3042\/vms\/infong375.schlund.de"}},"infongt-eu6.schlund.de":{"self":{"href":"http:\/\/clustermw:3042\/vms\/infongt-eu6.schlund.de"}},"infong376.schlund.de":{"self":{"href":"http:\/\/clustermw:3042\/vms\/infong376.schlund.de"}},"infongm1.schlund.de":{"self":{"href":"http:\/\/clustermw:3042\/vms\/infongm1.schlund.de"}}},"properties":{"NETWORK_SEGMENT":"PraesenzNetz-II","SYSTEM_TYPE":"CLUSTER_SHARED_HOSTING_LINUX","CLUSTERCONF_SERIAL":"34"},"storagehosts":{"istore2b.schlund.de":{"self":{"href":"http:\/\/clustermw:3042\/storagehosts\/istore2b.schlund.de"}},"istore2a.schlund.de":{"self":{"href":"http:\/\/clustermw:3042\/storagehosts\/istore2a.schlund.de"}}},"bz_id":"20000","nodes":{"icpu623.schlund.de":{"self":{"href":"http:\/\/clustermw:3042\/nodes\/icpu623.schlund.de"}},"icpu16.schlund.de":{"self":{"href":"http:\/\/clustermw:3042\/nodes\/icpu16.schlund.de"}},"icpu17.schlund.de":{"self":{"href":"http:\/\/clustermw:3042\/nodes\/icpu17.schlund.de"}},"icpu180.schlund.de":{"self":{"href":"http:\/\/clustermw:3042\/nodes\/icpu180.schlund.de"}},"icpu624.schlund.de":{"self":{"href":"http:\/\/clustermw:3042\/nodes\/icpu624.schlund.de"}},"icpu15.schlund.de":{"self":{"href":"http:\/\/clustermw:3042\/nodes\/icpu15.schlund.de"}}}}curl -s  -X "GET" "http://clustermw:3042/vms/infongt-eu6.schlund.de"
{"_links":{"dns":{"href":"http:\/\/clustermw:3042\/vms\/infongt-eu6.schlund.de\/dns"},"cluster":{"href":"http:\/\/clustermw:3042\/clusters\/cluster2"},"segment_assoc":{"href":"http:\/\/clustermw:3042\/segments\/PraesenzNetz-20\/vms\/infongt-eu6.schlund.de"},"cluster_assoc":{"href":"http:\/\/clustermw:3042\/clusters\/cluster2\/vms\/infongt-eu6.schlund.de"},"self":{"href":"http:\/\/clustermw:3042\/vms\/infongt-eu6.schlund.de"},"segment":{"href":"http:\/\/clustermw:3042\/segments\/PraesenzNetz-20"},"properties":{"href":"http:\/\/clustermw:3042\/vms\/infongt-eu6.schlund.de\/properties"},"hostips":{"href":"http:\/\/clustermw:3042\/vms\/infongt-eu6.schlund.de\/hostips"}},"zone":"EUROPE","segment":"PraesenzNetz-20","hwclass_id":"25125","country":"DE","cluster":"cluster2","host_id":"20212728","name":"infongt-eu6.schlund.de","region":"EUROPE","properties":{"START_DAV_APACHE":"yes","DDOS_PROTECT":"standard","DEFAULT_CHROOT_ID":"7","START_TINCAS":"\/tmp\/tincas.sock","START_STD_APACHE":"yes","MAX_KUNDEN_PERF":"123","CBI":"Jessie","TZ":"Europe\/Berlin","START_SP_DOCROOT_APACHE":"yes","MAX_KUNDEN":"123","OS_DEBIAN_VERSION":"Jessie","ENABLE_MOD_DEFLATE":"yes","START_SSL_APACHE":"yes","INFONG_TYPE":"standalone","START_MYSQL":"no","DASTOOL":"dastool7.schlund.de","START_FTP_SERVER":"yes"},"hvt_id":"8048","bz_id":"400","flavour":"cla_perf_straf","macids":{},"hostip_params":{"212.227.24.82":{"netinterface":"eth0","protocol":"4","type":"system"},"2001:8d8:1001:607b::\/64":{"netinterface":"eth0","protocol":"6","type":"delegation"},"2001:8D8:5FF:5B:212:227:24:82":{"netinterface":"eth0","protocol":"6","type":"system"}},"type":"infong","hostips":{"IPV6_PREFIXES":["2001:8d8:1001:607b::\/64"],"HA_IP_V6":["2001:8D8:5FF:5B:212:227:24:82"],"HA_IP":["212.227.24.82"]}}malformed JSON string, neither array, object, number, string or atom, at character offset 0 (before "(end of string)") at /usr/bin/json_pp line 44.
diff: ./json-backup.2017-07-14_08.14.16/infongt-eu6.pp.old.json: No such file or directory
diff: ./json-backup.2017-07-14_08.14.16/infongt-eu6.pp.new.json: No such file or directory
curl -s  -X "PUT" "http://clustermw:3042/clusters/cluster496/properties/CLUSTERCONF_SERIAL"
{"properties":{"NETWORK_SEGMENT":"PraesenzNetz-20","CLUSTERCONF_SERIAL":"11"}}curl -s  -X "PUT" "http://clustermw:3042/clusters/cluster2/properties/CLUSTERCONF_SERIAL"
{"properties":{"NETWORK_SEGMENT":"PraesenzNetz-II","SYSTEM_TYPE":"CLUSTER_SHARED_HOSTING_LINUX","CLUSTERCONF_SERIAL":"35"}}Executing on icpu5128: 'cm3 --update --force'
Update started.
Update of cluster finished.
Executing on istore2a: 'cm3 --update --force'
Update started.
Update of cluster finished.
Executing on icpu5128: 'service clustermanager restart'
Executing on istore2a: 'service clustermanager restart'
Updating Clustermanager config: daemon.conf.
Restarting Clustermanager: clustermanagerd (quit) (start).
Running hook: hook_resource_start hook_resource_start istore2a infongt-eu6
Executing on istore2a: 'marsadm wait-cluster'
all 5 peer(s) seem to be alive
Executing on istore2a: 'service clustermanager restart'
Updating Clustermanager config: daemon.conf.
Restarting Clustermanager: clustermanagerd (quit) (start).
Executing on istore2a: 'marsadm primary infongt-eu6'
---------------------------- check preconditions:
Current designated primary: icpu5128
OK, it seems that sync has finished on host 'istore2a'.
OK, it seems that sync has finished on host 'icpu5133'.
OK, it seems that sync has finished on host 'istore2b'.
OK, '/mars/resource-infongt-eu6/todo-istore2a/attach' has acceptable value '1'
OK, '/mars/resource-infongt-eu6/todo-istore2a/connect' has acceptable value '1'
OK, '/mars/resource-infongt-eu6/todo-istore2a/allow-replay' has acceptable value '1'
all preconditions OK for resource 'infongt-eu6'
---------------------------- leave primary state:
all 1 peer(s) seem to be alive
designated primary changed from 'icpu5128' to '(none)'
---------------------------- wait when necessary:
waiting for other primary host (icpu5128) to disappear....
---------------------------- switch to primary:
designated primary changed from '(none)' to 'istore2a'
---------------------------- wait for device:
device '/dev/mars/infongt-eu6' not yet present
device '/dev/mars/infongt-eu6' not yet present
device '/dev/mars/infongt-eu6' not yet present
device '/dev/mars/infongt-eu6' not yet present
device '/dev/mars/infongt-eu6' not yet present
device '/dev/mars/infongt-eu6' not yet present
device '/dev/mars/infongt-eu6' not yet present
device '/dev/mars/infongt-eu6' not yet present
device '/dev/mars/infongt-eu6' is present
Executing on istore2a: 'cm3 --stop infongt-eu6; cm3 --start infongt-eu6 || { cm3 --stop infongt-eu6; cm3 --start infongt-eu6; } || false'
Shutdown infongt-eu6.
stop: UPDATE mars_infongt-eu6  ...... OK [0s]
stop: UPDATE iet_infongt-eu6 ...... OK
stop: infongt-eu6.schlund.de is updated.
stop: Skipped 'vmhandler_stop' since no VMHost is linked with infongt-eu6.schlund.de
stop: Skipped 'update_vmhost' since no VMHost is linked with infongt-eu6.schlund.de
stop: Skipped 'update_prev_vmhost' since no previous VMHost is linked with infongt-eu6.schlund.de
stop: VM infongt-eu6.schlund.de is stopped.
stop: Stopping storage for infongt-eu6.schlund.de
stop: DOWN iet_infongt-eu6  ...... OK (skipped) [0s]
stop: DOWN mars_infongt-eu6  ...(wait-umount:20s) (switch-secondary:120s) ... OK [2s]
stop: DOWN /dev/vg2a/infongt-eu6  ...... OK [0s]
stop: infongt-eu6.schlund.de is stopped.
stop: COMMAND FINISHED in 2 seconds
Shutdown of infongt-eu6.schlund.de finished.
Startup infongt-eu6.
start: UPDATE mars_infongt-eu6  ...... OK [0s]
start: UPDATE iet_infongt-eu6 ...... OK
start: infongt-eu6.schlund.de is updated.
start: Using VMHost 'icpu15.schlund.de' (policy: 'free')
start: Reserving VMHost icpu15.schlund.de
start: Starting storage for infongt-eu6.schlund.de
start: UP /dev/vg2a/infongt-eu6  ...... OK (skipped) [0s]
start: UP mars_infongt-eu6  ...(switch-primary:120s) ... OK [8s]
start: UP iet_infongt-eu6  ...(create_tid) (create_lun) (config_user) ... OK [3s]
start: START infongt-eu6.schlund.de  ...(init) (assemble:300s) (vmstart:300s) ... OK [4s]
start: UPDATE icpu15.schlund.de  ...... OK [1s]
start: icpu15.schlund.de is updated.
start: infongt-eu6.schlund.de is started.
start: COMMAND FINISHED in 16 seconds
Startup of infongt-eu6.schlund.de finished.
Running hook: hook_secondary_migrate hook_secondary_migrate istore2b
Executing on istore2b: 'cm3 --update --force'
Update started.
Update of cluster finished.
DONE Fri Jul 14 08:21:57 CEST 2017
