./migrate-resource.sh --force=1 shrink infongt-eu6
force=1
operation=shrink
res=infongt-eu6
Sourcing hooks in './hooks-cm3.sh'
Using clustermw username: 'tschoebeltheuer'
Determined the following CURRENT hypervisor: "icpu5128"
Determined the following CURRENT primary: "icpu5128"
PING icpu5128.schlund.de (10.46.12.75) 56(84) bytes of data.
64 bytes from icpu5128.schlund.de (10.46.12.75): icmp_seq=1 ttl=59 time=0.489 ms

--- icpu5128.schlund.de ping statistics ---
1 packets transmitted, 1 received, 0% packet loss, time 0ms
rtt min/avg/max/mdev = 0.489/0.489/0.489/0.000 ms
PING icpu5128.schlund.de (10.46.12.75) 56(84) bytes of data.
64 bytes from icpu5128.schlund.de (10.46.12.75): icmp_seq=1 ttl=59 time=0.263 ms

--- icpu5128.schlund.de ping statistics ---
1 packets transmitted, 1 received, 0% packet loss, time 0ms
rtt min/avg/max/mdev = 0.263/0.263/0.263/0.000 ms
/mars is a mountpoint
  infongt-eu6 UpToDate Replicating DCASFR Primary icpu5128 
/vol/infongt-eu6 is a mountpoint
Determined the following secondaries: 'icpu5133'
PING icpu5133.schlund.de (10.46.28.75) 56(84) bytes of data.
64 bytes from icpu5133.schlund.de (10.46.28.75): icmp_seq=1 ttl=58 time=1.26 ms

--- icpu5133.schlund.de ping statistics ---
1 packets transmitted, 1 received, 0% packet loss, time 0ms
rtt min/avg/max/mdev = 1.262/1.262/1.262/0.000 ms
Determined the following VG name: "vginfong"
Determined the following LV path: "/dev/vginfong/infongt-eu6"
Determined USED  space: 996300
Determined TOTAL space: 19990528
Computed TARGET  space: 20000000
No need for shrinking the LV space of infongt-eu6
vginfong REST space on 'icpu5128' :   12892082176
vginfong REST space on 'icpu5133' :   12892082176
[CONFIRM: Press Return to continue, ^C to abort] 
Running hook: hook_get_vg hook_get_vg icpu5128
Executing on icpu5128: 'vgs | awk '{ print $1; }' | grep 'vginfong\|vg[0-9]\+[ab]''
Executing on icpu5128: 'if [[ -e /dev/vginfong/infongt-eu6-copy ]]; then echo "REFUSING to overwrite /dev/vginfong/infongt-eu6-copy on icpu5128 - Do this by hand"; exit -1; fi'
Executing on icpu5128: 'if [[ -e /dev/vginfong/infongt-eu6-tmp ]]; then lvremove -f /dev/vginfong/infongt-eu6-tmp; fi'
Executing on icpu5128: 'lvcreate -L 20000000k -n infongt-eu6-tmp vginfong'
  Rounding up size to full physical extent 19.07 GiB
  Logical volume "infongt-eu6-tmp" created
Executing on icpu5128: 'mkfs.xfs -dagcount=1024 /dev/vginfong/infongt-eu6-tmp'
meta-data=/dev/vginfong/infongt-eu6-tmp isize=256    agcount=1024, agsize=4883 blks
         =                       sectsz=4096  attr=2, projid32bit=1
         =                       crc=0        finobt=0
data     =                       bsize=4096   blocks=5000192, imaxpct=25
         =                       sunit=0      swidth=0 blks
naming   =version 2              bsize=4096   ascii-ci=0 ftype=0
log      =internal log           bsize=4096   blocks=2560, version=2
         =                       sectsz=4096  sunit=1 blks, lazy-count=1
realtime =none                   extsz=4096   blocks=0, rtextents=0
Running hook: hook_get_vg hook_get_vg icpu5133
Executing on icpu5133: 'vgs | awk '{ print $1; }' | grep 'vginfong\|vg[0-9]\+[ab]''
Executing on icpu5133: 'if [[ -e /dev/vginfong/infongt-eu6-copy ]]; then echo "REFUSING to overwrite /dev/vginfong/infongt-eu6-copy on icpu5133 - Do this by hand"; exit -1; fi'
Executing on icpu5133: 'if [[ -e /dev/vginfong/infongt-eu6-tmp ]]; then lvremove -f /dev/vginfong/infongt-eu6-tmp; fi'
Executing on icpu5133: 'lvcreate -L 20000000k -n infongt-eu6-tmp vginfong'
  Rounding up size to full physical extent 19.07 GiB
  Logical volume "infongt-eu6-tmp" created
Executing on icpu5133: 'mkfs.xfs -dagcount=1024 /dev/vginfong/infongt-eu6-tmp'
meta-data=/dev/vginfong/infongt-eu6-tmp isize=256    agcount=1024, agsize=4883 blks
         =                       sectsz=4096  attr=2, projid32bit=1
         =                       crc=0        finobt=0
data     =                       bsize=4096   blocks=5000192, imaxpct=25
         =                       sunit=0      swidth=0 blks
naming   =version 2              bsize=4096   ascii-ci=0 ftype=0
log      =internal log           bsize=4096   blocks=2560, version=2
         =                       sectsz=4096  sunit=1 blks, lazy-count=1
realtime =none                   extsz=4096   blocks=0, rtextents=0
Running hook: hook_get_mountpoint hook_get_mountpoint infongt-eu6
Running hook: hook_get_vg hook_get_vg icpu5128
Executing on icpu5128: 'vgs | awk '{ print $1; }' | grep 'vginfong\|vg[0-9]\+[ab]''
Executing on icpu5128: 'mkdir -p /vol/infongt-eu6-tmp'
Executing on icpu5128: 'mount -o rw,nosuid,noatime,attr2,inode64,usrquota /dev/vginfong/infongt-eu6-tmp /vol/infongt-eu6-tmp'
Running hook: hook_get_mountpoint hook_get_mountpoint infongt-eu6
Executing on icpu5128: 'for i in {1..3}; do nice -19 ionice -c3 rsync  -aSH --info=STATS  /vol/infongt-eu6/ /vol/infongt-eu6-tmp/ && exit 0; echo RESTARTING $(date); done; exit -1'

sent 1,387,272,266 bytes  received 1,144,161 bytes  23,733,614.14 bytes/sec
total size is 1,383,516,366  speedup is 1.00
Executing on icpu5128: 'mountpoint /vol/infongt-eu6 && mountpoint /vol/infongt-eu6-tmp'
/vol/infongt-eu6 is a mountpoint
/vol/infongt-eu6-tmp is a mountpoint
Executing on icpu5128: 'xfs_quota -x -c enable '
XFS_QUOTAON: File exists
XFS_QUOTAON: File exists
XFS_QUOTAON: File exists
Executing on icpu5128: 'xfs_quota -x -c dump /vol/infongt-eu6'
Executing on icpu5128: 'xfs_quota -x -c restore /vol/infongt-eu6-tmp'
Executing on icpu5128: 'umount /vol/infongt-eu6-tmp/'
Running hook: hook_get_mountpoint hook_get_mountpoint infongt-eu6
Running hook: hook_get_vg hook_get_vg icpu5128
Executing on icpu5128: 'vgs | awk '{ print $1; }' | grep 'vginfong\|vg[0-9]\+[ab]''
Executing on icpu5128: 'if [[ -e /dev/vginfong/infongt-eu6-copy ]]; then echo "REFUSING to overwrite /dev/vginfong/infongt-eu6-copy on icpu5128 - First remove it - Do this by hand"; exit -1; fi'
Executing on icpu5128: 'if ! [[ -e /dev/vginfong/infongt-eu6-tmp ]]; then echo "Cannot start hot phase: /dev/vginfong/infongt-eu6-tmp is missing. Run 'prepare' first!"; exit -1; fi'
Running hook: hook_get_mountpoint hook_get_mountpoint infongt-eu6
Running hook: hook_get_vg hook_get_vg icpu5128
Executing on icpu5128: 'vgs | awk '{ print $1; }' | grep 'vginfong\|vg[0-9]\+[ab]''
Executing on icpu5128: 'mkdir -p /vol/infongt-eu6-tmp'
Executing on icpu5128: 'mount -o rw,nosuid,noatime,attr2,inode64,usrquota /dev/vginfong/infongt-eu6-tmp /vol/infongt-eu6-tmp'
Running hook: hook_get_mountpoint hook_get_mountpoint infongt-eu6
Executing on icpu5128: 'for i in {1..3}; do time rsync  -aSH --info=STATS --delete /vol/infongt-eu6/ /vol/infongt-eu6-tmp/ && exit 0; echo RESTARTING $(date); done; exit -1'

sent 964,813 bytes  received 4,536 bytes  215,410.89 bytes/sec
total size is 1,383,516,589  speedup is 1,427.26

real	0m4.209s
user	0m0.216s
sys	0m0.440s
Executing on icpu5128: 'mountpoint /vol/infongt-eu6 && mountpoint /vol/infongt-eu6-tmp'
/vol/infongt-eu6 is a mountpoint
/vol/infongt-eu6-tmp is a mountpoint
Executing on icpu5128: 'xfs_quota -x -c enable '
XFS_QUOTAON: File exists
XFS_QUOTAON: File exists
XFS_QUOTAON: File exists
Executing on icpu5128: 'xfs_quota -x -c dump /vol/infongt-eu6'
Executing on icpu5128: 'xfs_quota -x -c restore /vol/infongt-eu6-tmp'
Running hook: hook_resource_stop_vm hook_resource_stop_vm icpu5128 infongt-eu6
Executing on icpu5128: 'nodeagent vmstop infongt-eu6'
Set target state 'ASSEMBLED' for instance 'infongt-eu6'
Stop container 'infongt-eu6' 
Routing: currently active instances:  infongt-eu4
Routing: currently passive instances: infongt-eu6
Routing (quagga): execute scripts
 |--> /var/lib/nodeagent/instances/infongt-eu4/quagga-peers4.sh
 |--> /var/lib/nodeagent/instances/infongt-eu6/quagga-peers4.sh
 |--> /var/lib/nodeagent/instances/infongt-eu4/quagga-peers6.sh
 |--> /var/lib/nodeagent/instances/infongt-eu6/quagga-peers6.sh
Routing (bird): update bird config
 |--> /var/lib/nodeagent/network/bird-static-routes4.conf
 |--> /var/lib/nodeagent/network/bird-static-routes6.conf
 |--> /var/lib/nodeagent/network/bird-peers4.conf
 |--> /var/lib/nodeagent/network/bird-peers6.conf
Running hook: hook_get_mountpoint hook_get_mountpoint infongt-eu6
Executing on icpu5128: 'for i in {1..3}; do time rsync  -aSH --info=STATS --delete /vol/infongt-eu6/ /vol/infongt-eu6-tmp/ && exit 0; echo RESTARTING $(date); done; exit -1'

sent 970,308 bytes  received 4,571 bytes  649,919.33 bytes/sec
total size is 1,383,522,077  speedup is 1,419.17

real	0m0.488s
user	0m0.184s
sys	0m0.236s
Executing on icpu5128: 'mountpoint /vol/infongt-eu6 && mountpoint /vol/infongt-eu6-tmp'
/vol/infongt-eu6 is a mountpoint
/vol/infongt-eu6-tmp is a mountpoint
Executing on icpu5128: 'xfs_quota -x -c enable '
XFS_QUOTAON: File exists
XFS_QUOTAON: File exists
XFS_QUOTAON: File exists
Executing on icpu5128: 'xfs_quota -x -c dump /vol/infongt-eu6'
Executing on icpu5128: 'xfs_quota -x -c restore /vol/infongt-eu6-tmp'
Executing on icpu5128: 'umount /vol/infongt-eu6-tmp/'
Executing on icpu5128: 'rmdir /vol/infongt-eu6-tmp || echo IGNORE'
Running hook: hook_resource_stop_rest hook_resource_stop_rest icpu5128 icpu5128 infongt-eu6
Executing on icpu5128: 'nodeagent stop infongt-eu6'
Set target state 'ASSEMBLED' for instance 'infongt-eu6'
No-Op: Container 'infongt-eu6' already stopped.
Routing: currently active instances:  infongt-eu4
Routing: currently passive instances: infongt-eu6
Routing (quagga): execute scripts
 |--> /var/lib/nodeagent/instances/infongt-eu4/quagga-peers4.sh
 |--> /var/lib/nodeagent/instances/infongt-eu6/quagga-peers4.sh
 |--> /var/lib/nodeagent/instances/infongt-eu4/quagga-peers6.sh
 |--> /var/lib/nodeagent/instances/infongt-eu6/quagga-peers6.sh
Routing (bird): update bird config
 |--> /var/lib/nodeagent/network/bird-static-routes4.conf
 |--> /var/lib/nodeagent/network/bird-static-routes6.conf
 |--> /var/lib/nodeagent/network/bird-peers4.conf
 |--> /var/lib/nodeagent/network/bird-peers6.conf
Set target state 'CONFIGURED' for instance 'infongt-eu6'
No-Op: No mntpoint defined for volume tmp-chroots
Clean up volume 'tmp-chroots' from source 'filesys'
Unmount /vol/infongt-eu6
 |--> umount /vol/infongt-eu6
Clean up volume 'import' from source 'device'
 |--> UMOUNT: --
Clean up volume 'mountall' from source 'command'
 |--> CLEANUP: --
Cleanup static routes to container
 |--> Quagga6: vtysh -c "conf t" -c "no ip route 2001:8D8:5FF:5B:212:227:24:82/128 intbr0"
 |--> Bird6: 
 |--> Quagga4: vtysh -c "conf t" -c "no ip route 212.227.24.82/32 intbr0"
 |--> Bird4: 
Cleanup BGP peer configuration to container
 |--> Quagga4: vtysh -c "conf t" -c "router bgp 8560" -c "bgp router-id 0.0.0.0" -c "neighbor 169.254.254.6 peer-group PRIVATE_PEER_GROUP_V4"
 |--> Bird4: 
 |--> Quagga6: vtysh -c "conf t" -c "router bgp 8560" -c "bgp router-id 0.0.0.0" -c "neighbor fdc0:baa1:feed:ff:169:254:254:6 peer-group PRIVATE_PEER_GROUP_V6"
 |--> Bird6: 
Destroy container 'infongt-eu6'
Executing on icpu5128: 'mountpoint /vol/infongt-eu6 && { umount -f /vol/infongt-eu6 ; exit $?; } || true'
/vol/infongt-eu6 is not a mountpoint
Executing on icpu5128: 'cm3 --stop infongt-eu6 || cm3 --stop infongt-eu6 || { mountpoint /vol/infongt-eu6 && umount /vol/infongt-eu6; } || false'
Shutdown infongt-eu6.
stop: UPDATE mars_infongt-eu6  ...... OK [0s]
stop: VM::SAInfongBase: Name:	infongt-eu6
stop: VM::SAInfongBase: State:	CONFIGURED
stop: VM::SAInfongBase: Address:	169.254.254.6
stop: infongt-eu6.schlund.de is updated.
stop: Skipped 'vmhandler_stop' since vm infongt-eu6.schlund.de is already stopped
stop: VM infongt-eu6.schlund.de is stopped.
stop: Stopping storage for infongt-eu6.schlund.de
stop: DOWN mars_infongt-eu6  ...(wait-umount:20s) ... OK [0s]
stop: DOWN /dev/vginfong/infongt-eu6  ...... OK [0s]
stop: infongt-eu6.schlund.de is stopped.
stop: COMMAND FINISHED in 0 seconds
Shutdown of infongt-eu6.schlund.de finished.
Executing on icpu5128: 'marsadm wait-umount infongt-eu6'
OK, device for resource 'infongt-eu6' is not in use.
Executing on icpu5128: 'marsadm secondary infongt-eu6'
---------------------------- check preconditions:
Current designated primary: icpu5128
all preconditions OK for resource 'infongt-eu6'
---------------------------- leave primary state:
designated primary changed from 'icpu5128' to '(none)'
---------------------------- wait for effect:
WARNING: device '/dev/mars/infongt-eu6' has not yet disappeared
device '/dev/mars/infongt-eu6' is no longer present
Running hook: hook_get_vg hook_get_vg icpu5128
Executing on icpu5128: 'vgs | awk '{ print $1; }' | grep 'vginfong\|vg[0-9]\+[ab]''
Executing on icpu5128: 'marsadm down infongt-eu6 || echo IGNORE'
---------------------------- check preconditions:
---------------------------- switch state:
successfully started pause-replay-local on resource infongt-eu6
successfully started pause-sync-local on resource infongt-eu6
successfully started pause-fetch on resource infongt-eu6
successfully started detach on resource infongt-eu6
---------------------------- wait for effect:
waiting until actual 'is-attached' == '0'...
OK, '/mars/resource-infongt-eu6/actual-icpu5128/is-attached' has acceptable value '0'
device '/dev/mars/infongt-eu6' is no longer present
OK, '/mars/resource-infongt-eu6/actual-icpu5128/is-replaying' has acceptable value '0'
OK, '/mars/resource-infongt-eu6/actual-icpu5128/is-syncing' has acceptable value '0'
Executing on icpu5128: 'marsadm leave-resource --force infongt-eu6 || echo IGNORE'
WARNING: Using FORCE option -- hopefully you know what you are doing!
---------------------------- check preconditions:
---------------------------- switch state:
---------------------------- wait for deletions:
deleted: 001603625 / 1603676
waiting for deletions to apply locally....
deleted: 001603676 / 1603676
found replay link '/mars/resource-infongt-eu6/replay-icpu5133' -> 'log-000015752-icpu5128,898836,0'
found replay link '/mars/resource-infongt-eu6/replay-icpu5133' -> 'log-000015752-icpu5128,898836,0'
checking 'version-000015748-icpu5128'
  corresponding logfile is 'log-000015748-icpu5128'
  ok 'version-000015748-icpu5128'
checking 'version-000015748-icpu5133'
  corresponding logfile is 'log-000015748-icpu5128'
  ok 'version-000015748-icpu5133'
checking 'version-000015749-icpu5128'
  corresponding logfile is 'log-000015749-icpu5128'
  ok 'version-000015749-icpu5128'
checking 'version-000015749-icpu5133'
  corresponding logfile is 'log-000015749-icpu5128'
  ok 'version-000015749-icpu5133'
checking 'version-000015750-icpu5128'
  corresponding logfile is 'log-000015750-icpu5128'
  ok 'version-000015750-icpu5128'
checking 'version-000015750-icpu5133'
  corresponding logfile is 'log-000015750-icpu5128'
  ok 'version-000015750-icpu5133'
checking 'version-000015751-icpu5128'
  corresponding logfile is 'log-000015751-icpu5128'
  ok 'version-000015751-icpu5128'
checking 'version-000015751-icpu5133'
  corresponding logfile is 'log-000015751-icpu5128'
  ok 'version-000015751-icpu5133'
checking 'version-000015752-icpu5128'
  corresponding logfile is 'log-000015752-icpu5128'
  ok 'version-000015752-icpu5128'
checking 'version-000015752-icpu5133'
  corresponding logfile is 'log-000015752-icpu5128'
  ok 'version-000015752-icpu5133'
checking 'log-000015749-icpu5128'
  ok 'log-000015749-icpu5128'
checking 'log-000015750-icpu5128'
  ok 'log-000015750-icpu5128'
checking 'log-000015751-icpu5128'
  ok 'log-000015751-icpu5128'
checking 'log-000015752-icpu5128'
  ok 'log-000015752-icpu5128'
info: logfile 'log-000015748-icpu5128' is referenced (2), but not present.
  Unreferenced logfiles are not necessarily bad.
  They can regularly appear after 'leave-resource',
  or 'invalidate', or after emergency mode,
  or after similar operations.
deleted: 001603676 / 1603676
deleted: 001603676 / 1603676
Executing on icpu5128: 'lvrename vginfong infongt-eu6 infongt-eu6-copy'
  Renamed "infongt-eu6" to "infongt-eu6-copy" in volume group "vginfong"
Executing on icpu5128: 'lvrename vginfong infongt-eu6-tmp infongt-eu6'
  Renamed "infongt-eu6-tmp" to "infongt-eu6" in volume group "vginfong"
Running hook: hook_get_vg hook_get_vg icpu5133
Executing on icpu5133: 'vgs | awk '{ print $1; }' | grep 'vginfong\|vg[0-9]\+[ab]''
Executing on icpu5133: 'marsadm down infongt-eu6 || echo IGNORE'
---------------------------- check preconditions:
---------------------------- switch state:
successfully started pause-replay-local on resource infongt-eu6
successfully started pause-sync-local on resource infongt-eu6
successfully started pause-fetch on resource infongt-eu6
successfully started detach on resource infongt-eu6
---------------------------- wait for effect:
waiting until actual 'is-attached' == '0'...
OK, '/mars/resource-infongt-eu6/actual-icpu5133/is-attached' has acceptable value '0'
device '/dev/mars/infongt-eu6' is no longer present
OK, '/mars/resource-infongt-eu6/actual-icpu5133/is-replaying' has acceptable value '0'
OK, '/mars/resource-infongt-eu6/actual-icpu5133/is-syncing' has acceptable value '0'
Executing on icpu5133: 'marsadm leave-resource --force infongt-eu6 || echo IGNORE'
WARNING: Using FORCE option -- hopefully you know what you are doing!
---------------------------- check preconditions:
---------------------------- switch state:
---------------------------- wait for deletions:
deleted: 001603706 / 1603726
waiting for deletions to apply locally....
deleted: 001603726 / 1603726
Resource contains no valid information - there is nothing to purge
deleted: 001603726 / 1603726
Executing on icpu5133: 'lvrename vginfong infongt-eu6 infongt-eu6-copy'
  Renamed "infongt-eu6" to "infongt-eu6-copy" in volume group "vginfong"
Executing on icpu5133: 'lvrename vginfong infongt-eu6-tmp infongt-eu6'
  Renamed "infongt-eu6-tmp" to "infongt-eu6" in volume group "vginfong"
Executing on icpu5128: 'marsadm delete-resource infongt-eu6 || echo IGNORE'
deleted: 001603726 / 1603887
waiting for deletions to apply locally....
deleted: 001603887 / 1603887
Executing on icpu5128: 'marsadm create-resource --force infongt-eu6 /dev/vginfong/infongt-eu6'
WARNING: Using FORCE option -- hopefully you know what you are doing!
WARNING: resource directory 'infongt-eu6' already exists
creating new resource 'infongt-eu6'
block device '/dev/vginfong/infongt-eu6': determined size = 20480786432 bytes
using existing device '/dev/vginfong/infongt-eu6'
resource 'infongt-eu6' will appear as local device '/dev/mars/infongt-eu6'
successfully created resource 'infongt-eu6'
Executing on icpu5128: 'marsadm primary infongt-eu6'
---------------------------- check preconditions:
Current designated primary: icpu5128
OK, '/mars/resource-infongt-eu6/todo-icpu5128/attach' has acceptable value '1'
OK, '/mars/resource-infongt-eu6/todo-icpu5128/connect' has acceptable value '1'
OK, '/mars/resource-infongt-eu6/todo-icpu5128/allow-replay' has acceptable value '1'
---------------------------- leave primary state:
---------------------------- wait when necessary:
---------------------------- switch to primary:
designated primary changed from 'icpu5128' to 'icpu5128'
---------------------------- wait for device:
device '/dev/mars/infongt-eu6' not yet present
device '/dev/mars/infongt-eu6' is present
Running hook: hook_resource_start hook_resource_start icpu5128 infongt-eu6
Executing on icpu5128: 'marsadm wait-cluster'
all 5 peer(s) seem to be alive
Executing on icpu5128: 'service clustermanager restart'
Executing on icpu5128: 'marsadm primary infongt-eu6'
---------------------------- check preconditions:
Current designated primary: icpu5128
OK, '/mars/resource-infongt-eu6/todo-icpu5128/attach' has acceptable value '1'
OK, '/mars/resource-infongt-eu6/todo-icpu5128/connect' has acceptable value '1'
OK, '/mars/resource-infongt-eu6/todo-icpu5128/allow-replay' has acceptable value '1'
---------------------------- leave primary state:
---------------------------- wait when necessary:
---------------------------- switch to primary:
designated primary changed from 'icpu5128' to 'icpu5128'
---------------------------- wait for device:
device '/dev/mars/infongt-eu6' is present
Executing on icpu5128: 'cm3 --stop infongt-eu6; cm3 --start infongt-eu6 || { cm3 --stop infongt-eu6; cm3 --start infongt-eu6; } || false'
Shutdown infongt-eu6.
stop: Delay of 5 seconds. Still reading initial configuration and updating status.
stop: UPDATE mars_infongt-eu6  ...... OK [0s]
stop: VM::SAInfongBase: Name:	infongt-eu6
stop: VM::SAInfongBase: State:	CONFIGURED
stop: VM::SAInfongBase: Address:	169.254.254.6
stop: infongt-eu6.schlund.de is updated.
stop: Shutdown of infongt-eu6.schlund.de skipped: already STOPPED
stop: COMMAND FINISHED in 5 seconds
Shutdown of infongt-eu6.schlund.de skipped: already STOPPED
Startup infongt-eu6.
start: UPDATE mars_infongt-eu6  ...... OK [1s]
start: VM::SAInfongBase: Name:	infongt-eu6
start: VM::SAInfongBase: State:	CONFIGURED
start: VM::SAInfongBase: Address:	169.254.254.6
start: infongt-eu6.schlund.de is updated.
start: Using VMHost 'icpu5128.schlund.de' (policy: 'free')
start: Reserving VMHost icpu5128.schlund.de
start: Starting storage for infongt-eu6.schlund.de
start: UP /dev/vginfong/infongt-eu6  ...... OK (skipped) [0s]
start: UP mars_infongt-eu6  ...(switch-primary:120s) ... OK [0s]
start: Starting VM for infongt-eu6.schlund.de via nodeagent
start: START infongt-eu6.schlund.de  ...(init) (assemble:300s) (vmstart:300s) ... OK [1s]
start: infongt-eu6.schlund.de is started.
start: COMMAND FINISHED in 2 seconds
Startup of infongt-eu6.schlund.de finished.
Running hook: hook_get_vg hook_get_vg icpu5133
Executing on icpu5133: 'vgs | awk '{ print $1; }' | grep 'vginfong\|vg[0-9]\+[ab]''
Running hook: hook_join_resource hook_join_resource icpu5128 icpu5133 infongt-eu6 /dev/vginfong/infongt-eu6
Executing on icpu5133: 'marsadm join-resource --ssh-port=24 infongt-eu6 /dev/vginfong/infongt-eu6'
Using SSH port '24' from command line.
joining to existing resource 'infongt-eu6'
block device '/dev/vginfong/infongt-eu6': determined size = 20480786432 bytes
PING icpu5128 (10.46.98.175) 56(84) bytes of data.
64 bytes from icpu5128 (10.46.98.175): icmp_seq=1 ttl=61 time=0.799 ms

--- icpu5128 ping statistics ---
1 packets transmitted, 1 received, 0% packet loss, time 0ms
rtt min/avg/max/mdev = 0.799/0.799/0.799/0.000 ms
Linux icpu5128 3.14.79-grsec+ #1196 SMP Tue Jun 20 13:04:30 CEST 2017 x86_64 GNU/Linux
receiving incremental file list
./
.deleted-log-000015605-icpu5128 -> 1
.deleted-log-000015606-icpu5128 -> 1
.deleted-log-000015607-icpu5128 -> 1
.deleted-log-000015608-icpu5128 -> 1
.deleted-log-000015609-icpu5128 -> 1
.deleted-log-000015610-icpu5128 -> 1
.deleted-log-000015611-icpu5128 -> 1
.deleted-log-000015612-icpu5128 -> 1
.deleted-log-000015613-icpu5128 -> 1
.deleted-log-000015614-icpu5128 -> 1
.deleted-log-000015615-icpu5128 -> 1
.deleted-log-000015616-icpu5128 -> 1
.deleted-log-000015617-icpu5128 -> 1
.deleted-log-000015618-icpu5128 -> 1
.deleted-log-000015619-icpu5128 -> 1
.deleted-log-000015620-icpu5128 -> 1
.deleted-log-000015621-icpu5128 -> 1
.deleted-log-000015622-icpu5128 -> 1
.deleted-log-000015629-icpu5128 -> 1
.deleted-log-000015630-icpu5128 -> 1
.deleted-log-000015631-icpu5128 -> 1
.deleted-log-000015632-icpu5128 -> 1
.deleted-log-000015633-icpu5128 -> 1
.deleted-log-000015634-icpu5128 -> 1
.deleted-log-000015635-icpu5128 -> 1
.deleted-log-000015636-icpu5128 -> 1
.deleted-log-000015637-icpu5128 -> 1
.deleted-log-000015638-icpu5128 -> 1
.deleted-log-000015639-icpu5128 -> 1
.deleted-log-000015640-icpu5128 -> 1
.deleted-log-000015641-icpu5128 -> 1
.deleted-log-000015642-icpu5128 -> 1
.deleted-log-000015643-icpu5128 -> 1
.deleted-log-000015644-icpu5128 -> 1
.deleted-log-000015645-icpu5128 -> 1
.deleted-log-000015646-icpu5128 -> 1
.deleted-log-000015647-icpu5128 -> 1
.deleted-log-000015648-icpu5128 -> 1
.deleted-log-000015649-icpu5128 -> 1
.deleted-log-000015650-icpu5128 -> 1
.deleted-log-000015651-icpu5128 -> 1
.deleted-log-000015652-icpu5128 -> 1
.deleted-log-000015659-icpu5128 -> 1
.deleted-log-000015660-icpu5128 -> 1
.deleted-log-000015661-icpu5128 -> 1
.deleted-log-000015662-icpu5128 -> 1
.deleted-log-000015663-icpu5128 -> 1
.deleted-log-000015664-icpu5128 -> 1
.deleted-log-000015671-icpu5128 -> 1
.deleted-log-000015672-icpu5128 -> 1
.deleted-log-000015673-icpu5128 -> 1
.deleted-log-000015674-icpu5128 -> 1
.deleted-log-000015675-icpu5128 -> 1
.deleted-log-000015676-icpu5128 -> 1
.deleted-log-000015683-icpu5128 -> 1
.deleted-log-000015684-icpu5128 -> 1
.deleted-log-000015685-icpu5128 -> 1
.deleted-log-000015686-icpu5128 -> 1
.deleted-log-000015687-icpu5128 -> 1
.deleted-log-000015688-icpu5128 -> 1
.deleted-log-000015695-icpu5128 -> 1
.deleted-log-000015696-icpu5128 -> 1
.deleted-log-000015697-icpu5128 -> 1
.deleted-log-000015698-icpu5128 -> 1
.deleted-log-000015699-icpu5128 -> 1
.deleted-log-000015700-icpu5128 -> 1
.deleted-log-000015701-icpu5128 -> 1
.deleted-log-000015702-icpu5128 -> 1
.deleted-log-000015703-icpu5128 -> 1
.deleted-log-000015704-icpu5128 -> 1
.deleted-log-000015705-icpu5128 -> 1
.deleted-log-000015706-icpu5128 -> 1
.deleted-log-000015707-icpu5128 -> 1
.deleted-log-000015708-icpu5128 -> 1
.deleted-log-000015709-icpu5128 -> 1
.deleted-log-000015710-icpu5128 -> 1
.deleted-log-000015711-icpu5128 -> 1
.deleted-log-000015712-icpu5128 -> 1
.deleted-log-000015713-icpu5128 -> 1
.deleted-log-000015714-icpu5128 -> 1
.deleted-log-000015715-icpu5128 -> 1
.deleted-log-000015716-icpu5128 -> 1
.deleted-log-000015717-icpu5128 -> 1
.deleted-log-000015718-icpu5128 -> 1
.deleted-log-000015725-icpu5128 -> 1
.deleted-log-000015726-icpu5128 -> 1
.deleted-log-000015727-icpu5128 -> 1
.deleted-log-000015728-icpu5128 -> 1
.deleted-log-000015729-icpu5128 -> 1
.deleted-log-000015730-icpu5128 -> 1
.deleted-log-000015731-icpu5128 -> 1
.deleted-log-000015732-icpu5128 -> 1
.deleted-log-000015733-icpu5128 -> 1
.deleted-log-000015734-icpu5128 -> 1
.deleted-log-000015735-icpu5128 -> 1
.deleted-log-000015736-icpu5128 -> 1
.deleted-log-000015743-icpu5128 -> 1
.deleted-log-000015744-icpu5128 -> 1
.deleted-log-000015745-icpu5128 -> 1
.deleted-log-000015746-icpu5128 -> 1
.deleted-log-000015747-icpu5128 -> 1
.deleted-log-000015748-icpu5128 -> 1
.deleted-version-000015604-icpu5128 -> 1
.deleted-version-000015604-icpu5133 -> 1
.deleted-version-000015605-icpu5128 -> 1
.deleted-version-000015605-icpu5133 -> 1
.deleted-version-000015606-icpu5128 -> 1
.deleted-version-000015606-icpu5133 -> 1
.deleted-version-000015607-icpu5128 -> 1
.deleted-version-000015607-icpu5133 -> 1
.deleted-version-000015608-icpu5128 -> 1
.deleted-version-000015608-icpu5133 -> 1
.deleted-version-000015609-icpu5128 -> 1
.deleted-version-000015609-icpu5133 -> 1
.deleted-version-000015610-icpu5128 -> 1
.deleted-version-000015610-icpu5133 -> 1
.deleted-version-000015611-icpu5128 -> 1
.deleted-version-000015611-icpu5133 -> 1
.deleted-version-000015612-icpu5128 -> 1
.deleted-version-000015612-icpu5133 -> 1
.deleted-version-000015613-icpu5128 -> 1
.deleted-version-000015613-icpu5133 -> 1
.deleted-version-000015614-icpu5128 -> 1
.deleted-version-000015614-icpu5133 -> 1
.deleted-version-000015615-icpu5128 -> 1
.deleted-version-000015615-icpu5133 -> 1
.deleted-version-000015616-icpu5128 -> 1
.deleted-version-000015616-icpu5133 -> 1
.deleted-version-000015617-icpu5128 -> 1
.deleted-version-000015617-icpu5133 -> 1
.deleted-version-000015618-icpu5128 -> 1
.deleted-version-000015618-icpu5133 -> 1
.deleted-version-000015619-icpu5128 -> 1
.deleted-version-000015619-icpu5133 -> 1
.deleted-version-000015620-icpu5128 -> 1
.deleted-version-000015620-icpu5133 -> 1
.deleted-version-000015621-icpu5128 -> 1
.deleted-version-000015621-icpu5133 -> 1
.deleted-version-000015628-icpu5128 -> 1
.deleted-version-000015628-icpu5133 -> 1
.deleted-version-000015629-icpu5128 -> 1
.deleted-version-000015629-icpu5133 -> 1
.deleted-version-000015630-icpu5128 -> 1
.deleted-version-000015630-icpu5133 -> 1
.deleted-version-000015631-icpu5128 -> 1
.deleted-version-000015631-icpu5133 -> 1
.deleted-version-000015632-icpu5128 -> 1
.deleted-version-000015632-icpu5133 -> 1
.deleted-version-000015633-icpu5128 -> 1
.deleted-version-000015633-icpu5133 -> 1
.deleted-version-000015634-icpu5128 -> 1
.deleted-version-000015634-icpu5133 -> 1
.deleted-version-000015635-icpu5128 -> 1
.deleted-version-000015635-icpu5133 -> 1
.deleted-version-000015636-icpu5128 -> 1
.deleted-version-000015636-icpu5133 -> 1
.deleted-version-000015637-icpu5128 -> 1
.deleted-version-000015637-icpu5133 -> 1
.deleted-version-000015638-icpu5128 -> 1
.deleted-version-000015638-icpu5133 -> 1
.deleted-version-000015639-icpu5128 -> 1
.deleted-version-000015640-icpu5128 -> 1
.deleted-version-000015640-icpu5133 -> 1
.deleted-version-000015641-icpu5128 -> 1
.deleted-version-000015641-icpu5133 -> 1
.deleted-version-000015642-icpu5128 -> 1
.deleted-version-000015642-icpu5133 -> 1
.deleted-version-000015643-icpu5128 -> 1
.deleted-version-000015643-icpu5133 -> 1
.deleted-version-000015644-icpu5128 -> 1
.deleted-version-000015644-icpu5133 -> 1
.deleted-version-000015645-icpu5128 -> 1
.deleted-version-000015646-icpu5128 -> 1
.deleted-version-000015646-icpu5133 -> 1
.deleted-version-000015647-icpu5128 -> 1
.deleted-version-000015647-icpu5133 -> 1
.deleted-version-000015648-icpu5128 -> 1
.deleted-version-000015648-icpu5133 -> 1
.deleted-version-000015649-icpu5128 -> 1
.deleted-version-000015649-icpu5133 -> 1
.deleted-version-000015650-icpu5128 -> 1
.deleted-version-000015650-icpu5133 -> 1
.deleted-version-000015651-icpu5128 -> 1
.deleted-version-000015651-icpu5133 -> 1
.deleted-version-000015658-icpu5128 -> 1
.deleted-version-000015658-icpu5133 -> 1
.deleted-version-000015659-icpu5128 -> 1
.deleted-version-000015659-icpu5133 -> 1
.deleted-version-000015660-icpu5128 -> 1
.deleted-version-000015660-icpu5133 -> 1
.deleted-version-000015661-icpu5128 -> 1
.deleted-version-000015661-icpu5133 -> 1
.deleted-version-000015662-icpu5128 -> 1
.deleted-version-000015662-icpu5133 -> 1
.deleted-version-000015663-icpu5128 -> 1
.deleted-version-000015669-icpu5133 -> 1
.deleted-version-000015670-icpu5128 -> 1
.deleted-version-000015670-icpu5133 -> 1
.deleted-version-000015671-icpu5128 -> 1
.deleted-version-000015671-icpu5133 -> 1
.deleted-version-000015672-icpu5128 -> 1
.deleted-version-000015672-icpu5133 -> 1
.deleted-version-000015673-icpu5128 -> 1
.deleted-version-000015673-icpu5133 -> 1
.deleted-version-000015674-icpu5128 -> 1
.deleted-version-000015674-icpu5133 -> 1
.deleted-version-000015675-icpu5128 -> 1
.deleted-version-000015675-icpu5133 -> 1
.deleted-version-000015681-icpu5133 -> 1
.deleted-version-000015682-icpu5128 -> 1
.deleted-version-000015682-icpu5133 -> 1
.deleted-version-000015683-icpu5128 -> 1
.deleted-version-000015683-icpu5133 -> 1
.deleted-version-000015684-icpu5128 -> 1
.deleted-version-000015684-icpu5133 -> 1
.deleted-version-000015685-icpu5128 -> 1
.deleted-version-000015685-icpu5133 -> 1
.deleted-version-000015686-icpu5128 -> 1
.deleted-version-000015686-icpu5133 -> 1
.deleted-version-000015687-icpu5128 -> 1
.deleted-version-000015687-icpu5133 -> 1
.deleted-version-000015693-icpu5133 -> 1
.deleted-version-000015694-icpu5128 -> 1
.deleted-version-000015694-icpu5133 -> 1
.deleted-version-000015695-icpu5128 -> 1
.deleted-version-000015695-icpu5133 -> 1
.deleted-version-000015696-icpu5128 -> 1
.deleted-version-000015696-icpu5133 -> 1
.deleted-version-000015697-icpu5128 -> 1
.deleted-version-000015697-icpu5133 -> 1
.deleted-version-000015698-icpu5128 -> 1
.deleted-version-000015698-icpu5133 -> 1
.deleted-version-000015699-icpu5128 -> 1
.deleted-version-000015699-icpu5133 -> 1
.deleted-version-000015700-icpu5128 -> 1
.deleted-version-000015700-icpu5133 -> 1
.deleted-version-000015701-icpu5128 -> 1
.deleted-version-000015701-icpu5133 -> 1
.deleted-version-000015702-icpu5128 -> 1
.deleted-version-000015702-icpu5133 -> 1
.deleted-version-000015703-icpu5128 -> 1
.deleted-version-000015703-icpu5133 -> 1
.deleted-version-000015704-icpu5128 -> 1
.deleted-version-000015704-icpu5133 -> 1
.deleted-version-000015705-icpu5128 -> 1
.deleted-version-000015705-icpu5133 -> 1
.deleted-version-000015706-icpu5128 -> 1
.deleted-version-000015706-icpu5133 -> 1
.deleted-version-000015707-icpu5128 -> 1
.deleted-version-000015707-icpu5133 -> 1
.deleted-version-000015708-icpu5128 -> 1
.deleted-version-000015708-icpu5133 -> 1
.deleted-version-000015709-icpu5128 -> 1
.deleted-version-000015709-icpu5133 -> 1
.deleted-version-000015710-icpu5128 -> 1
.deleted-version-000015710-icpu5133 -> 1
.deleted-version-000015711-icpu5128 -> 1
.deleted-version-000015712-icpu5128 -> 1
.deleted-version-000015712-icpu5133 -> 1
.deleted-version-000015713-icpu5128 -> 1
.deleted-version-000015713-icpu5133 -> 1
.deleted-version-000015714-icpu5128 -> 1
.deleted-version-000015714-icpu5133 -> 1
.deleted-version-000015715-icpu5128 -> 1
.deleted-version-000015715-icpu5133 -> 1
.deleted-version-000015716-icpu5128 -> 1
.deleted-version-000015716-icpu5133 -> 1
.deleted-version-000015717-icpu5128 -> 1
.deleted-version-000015717-icpu5133 -> 1
.deleted-version-000015723-icpu5133 -> 1
.deleted-version-000015724-icpu5128 -> 1
.deleted-version-000015724-icpu5133 -> 1
.deleted-version-000015725-icpu5128 -> 1
.deleted-version-000015725-icpu5133 -> 1
.deleted-version-000015726-icpu5128 -> 1
.deleted-version-000015726-icpu5133 -> 1
.deleted-version-000015727-icpu5128 -> 1
.deleted-version-000015727-icpu5133 -> 1
.deleted-version-000015728-icpu5128 -> 1
.deleted-version-000015728-icpu5133 -> 1
.deleted-version-000015729-icpu5128 -> 1
.deleted-version-000015729-icpu5133 -> 1
.deleted-version-000015730-icpu5128 -> 1
.deleted-version-000015730-icpu5133 -> 1
.deleted-version-000015731-icpu5128 -> 1
.deleted-version-000015731-icpu5133 -> 1
.deleted-version-000015732-icpu5128 -> 1
.deleted-version-000015732-icpu5133 -> 1
.deleted-version-000015733-icpu5128 -> 1
.deleted-version-000015733-icpu5133 -> 1
.deleted-version-000015734-icpu5128 -> 1
.deleted-version-000015734-icpu5133 -> 1
.deleted-version-000015735-icpu5128 -> 1
.deleted-version-000015735-icpu5133 -> 1
.deleted-version-000015742-icpu5128 -> 1
.deleted-version-000015742-icpu5133 -> 1
.deleted-version-000015743-icpu5128 -> 1
.deleted-version-000015743-icpu5133 -> 1
.deleted-version-000015744-icpu5128 -> 1
.deleted-version-000015744-icpu5133 -> 1
.deleted-version-000015745-icpu5128 -> 1
.deleted-version-000015745-icpu5133 -> 1
.deleted-version-000015746-icpu5128 -> 1
.deleted-version-000015746-icpu5133 -> 1
.deleted-version-000015747-icpu5128 -> 1
actsize-icpu5128 -> 20480786432
data-icpu5128 -> /dev/vginfong/infongt-eu6
device-icpu5128 -> infongt-eu6
replay-icpu5128 -> log-000016752-icpu5128,2073280,66880
skip-check-icpu5128 -> 16752
syncstatus-icpu5128 -> 20480786432
version-000016752-icpu5128 -> 5c8a20a5a98e303276d722e6d87cdf66,log-000016752-icpu5128,2140160:00000000000000000000000000000000,log-000016751-icpu5128,0
actual-icpu5128/
actual-icpu5128/open-count -> 1
actual-icpu5138/
actual-icpu5139/
actual-istore2b/
defaults-icpu5128/
defaults-icpu5133/
local-icpu5128/
local-icpu5128/.deleted- -> 1
todo-icpu5133/
userspace/

sent 1,225 bytes  received 30,593 bytes  63,636.00 bytes/sec
total size is 2,075,722  speedup is 65.24
all 5 peer(s) seem to be alive
using existing device '/dev/vginfong/infongt-eu6'
resource 'infongt-eu6' will appear as local device '/dev/mars/infongt-eu6'
creating new replaylink '/mars/resource-infongt-eu6/replay-icpu5133' -> 'log-000016752-icpu5128,0,0'
creating new version symlink '/mars/resource-infongt-eu6/version-000016751-icpu5133' -> '00000000000000000000000000000000,log-000016751-icpu5128,0:'
WARNING: cannot read symlink '/mars/resource-infongt-eu6/version-000016750-icpu5128'
cannot create new version symlink '/mars/resource-infongt-eu6/version-000016750-icpu5133'
sending incremental file list
data-icpu5133 -> /dev/vginfong/infongt-eu6

sent 85 bytes  received 19 bytes  208.00 bytes/sec
total size is 25  speedup is 0.24
successfully joined resource 'infongt-eu6'
Running hook: hook_get_vg hook_get_vg icpu5128
Executing on icpu5128: 'vgs | awk '{ print $1; }' | grep 'vginfong\|vg[0-9]\+[ab]''
Executing on icpu5128: 'lvremove -f /dev/vginfong/infongt-eu6-tmp || echo IGNORE'
  One or more specified logical volume(s) not found.
IGNORE
Executing on icpu5128: 'lvremove -f /dev/vginfong/infongt-eu6-copy || echo IGNORE'
  Logical volume "infongt-eu6-copy" successfully removed
Running hook: hook_get_vg hook_get_vg icpu5133
Executing on icpu5133: 'vgs | awk '{ print $1; }' | grep 'vginfong\|vg[0-9]\+[ab]''
Executing on icpu5133: 'lvremove -f /dev/vginfong/infongt-eu6-tmp || echo IGNORE'
  One or more specified logical volume(s) not found.
IGNORE
Executing on icpu5133: 'lvremove -f /dev/vginfong/infongt-eu6-copy || echo IGNORE'
  Logical volume "infongt-eu6-copy" successfully removed
DONE Fri Jul 14 07:49:58 CEST 2017
