./migrate-resource.sh migrate infongt-eu6:icpu15:istore2a icpu5138 icpu5139
operation=migrate
res=infongt-eu6:icpu15:istore2a
target_primary=icpu5138
target_secondary=icpu5139
Sourcing hooks in './hooks-cm3.sh'
Using clustermw username: 'tschoebeltheuer'
Determined the following CURRENT hypervisor: "icpu15"
Determined the following CURRENT primary: "istore2a"
PING icpu15.schlund.de (10.46.0.130) 56(84) bytes of data.
64 bytes from icpu15.schlund.de (10.46.0.130): icmp_seq=1 ttl=59 time=0.540 ms

--- icpu15.schlund.de ping statistics ---
1 packets transmitted, 1 received, 0% packet loss, time 0ms
rtt min/avg/max/mdev = 0.540/0.540/0.540/0.000 ms
PING istore2a.schlund.de (10.46.98.4) 56(84) bytes of data.
64 bytes from istore2a.schlund.de (10.46.98.4): icmp_seq=1 ttl=60 time=0.558 ms

--- istore2a.schlund.de ping statistics ---
1 packets transmitted, 1 received, 0% packet loss, time 0ms
rtt min/avg/max/mdev = 0.558/0.558/0.558/0.000 ms
/mars is a mountpoint
  infongt-eu6 UpToDate Replicating DCASFR Primary istore2a 
/vol/infongt-eu6 is a mountpoint
Determined the following secondaries: 'istore2b'
PING istore2b.schlund.de (10.46.102.2) 56(84) bytes of data.
64 bytes from istore2b.schlund.de (10.46.102.2): icmp_seq=1 ttl=59 time=1.27 ms

--- istore2b.schlund.de ping statistics ---
1 packets transmitted, 1 received, 0% packet loss, time 0ms
rtt min/avg/max/mdev = 1.270/1.270/1.270/0.000 ms
PING icpu5138.schlund.de (10.46.12.76) 56(84) bytes of data.
64 bytes from icpu5138.schlund.de (10.46.12.76): icmp_seq=1 ttl=59 time=2.47 ms

--- icpu5138.schlund.de ping statistics ---
1 packets transmitted, 1 received, 0% packet loss, time 0ms
rtt min/avg/max/mdev = 2.473/2.473/2.473/0.000 ms
PING icpu5139.schlund.de (10.46.28.76) 56(84) bytes of data.
64 bytes from icpu5139.schlund.de (10.46.28.76): icmp_seq=1 ttl=58 time=1.24 ms

--- icpu5139.schlund.de ping statistics ---
1 packets transmitted, 1 received, 0% packet loss, time 0ms
rtt min/avg/max/mdev = 1.240/1.240/1.240/0.000 ms
Using the following TARGET primary:   "icpu5138"
Using the following TARGET secondary: "icpu5139"
[CONFIRM: Press Return to continue, ^C to abort] 
Running hook: hook_prepare_hosts hook_prepare_hosts istore2a istore2b icpu5138 icpu5139
Executing on istore2a: 'service ui-firewalling stop || /etc/init.d/firewalling stop'
ui-firewalling: unrecognized service
Using firewalling.istore 
HOOKDIR /etc/firewall-istore.d/
Stopping firewalling
Stopping firewall-hook /etc/firewall-istore.d//dhcp
  deleting portmap-rules
iptables v1.4.8: Couldn't load target `fwhook_dhcp_in':/lib/xtables/libipt_fwhook_dhcp_in.so: cannot open shared object file: No such file or directory

Try `iptables -h' or 'iptables --help' for more information.
iptables v1.4.8: Couldn't load target `fwhook_dhcp_in':/lib/xtables/libipt_fwhook_dhcp_in.so: cannot open shared object file: No such file or directory

Try `iptables -h' or 'iptables --help' for more information.
iptables: No chain/target/match by that name.
Stopping firewall-hook /etc/firewall-istore.d//drbd
iptables: No chain/target/match by that name.
Stopping firewall-hook /etc/firewall-istore.d//drbd_cluster
Stopping firewall-hook /etc/firewall-istore.d//ehb
  deleting ehb-rules
iptables v1.4.8: Couldn't load target `fwhook_ehb_ctrls_out':/lib/xtables/libipt_fwhook_ehb_ctrls_out.so: cannot open shared object file: No such file or directory

Try `iptables -h' or 'iptables --help' for more information.
iptables v1.4.8: Couldn't load target `fwhook_ehb_ctrls_out':/lib/xtables/libipt_fwhook_ehb_ctrls_out.so: cannot open shared object file: No such file or directory

Try `iptables -h' or 'iptables --help' for more information.
iptables: No chain/target/match by that name.
iptables: No chain/target/match by that name.
iptables v1.4.8: Couldn't load target `fwhook_ehb_ctrls_in':/lib/xtables/libipt_fwhook_ehb_ctrls_in.so: cannot open shared object file: No such file or directory

Try `iptables -h' or 'iptables --help' for more information.
iptables v1.4.8: Couldn't load target `fwhook_ehb_ctrls_in':/lib/xtables/libipt_fwhook_ehb_ctrls_in.so: cannot open shared object file: No such file or directory

Try `iptables -h' or 'iptables --help' for more information.
iptables: No chain/target/match by that name.
iptables: No chain/target/match by that name.
iptables v1.4.8: Couldn't load target `fwhook_ehb_hosts_out':/lib/xtables/libipt_fwhook_ehb_hosts_out.so: cannot open shared object file: No such file or directory

Try `iptables -h' or 'iptables --help' for more information.
iptables v1.4.8: Couldn't load target `fwhook_ehb_hosts_out':/lib/xtables/libipt_fwhook_ehb_hosts_out.so: cannot open shared object file: No such file or directory

Try `iptables -h' or 'iptables --help' for more information.
iptables: No chain/target/match by that name.
iptables: No chain/target/match by that name.
iptables v1.4.8: Couldn't load target `fwhook_ehb_hosts_in':/lib/xtables/libipt_fwhook_ehb_hosts_in.so: cannot open shared object file: No such file or directory

Try `iptables -h' or 'iptables --help' for more information.
iptables v1.4.8: Couldn't load target `fwhook_ehb_hosts_in':/lib/xtables/libipt_fwhook_ehb_hosts_in.so: cannot open shared object file: No such file or directory

Try `iptables -h' or 'iptables --help' for more information.
iptables: No chain/target/match by that name.
Stopping firewall-hook /etc/firewall-istore.d//hostname_intern
iptables: No chain/target/match by that name.
  deleting hostnames-rules
iptables v1.4.8: Couldn't load target `fwhook_hostnames_in':/lib/xtables/libipt_fwhook_hostnames_in.so: cannot open shared object file: No such file or directory

Try `iptables -h' or 'iptables --help' for more information.
iptables v1.4.8: Couldn't load target `fwhook_hostnames_in':/lib/xtables/libipt_fwhook_hostnames_in.so: cannot open shared object file: No such file or directory

Try `iptables -h' or 'iptables --help' for more information.
iptables: No chain/target/match by that name.
Stopping firewall-hook /etc/firewall-istore.d//iscsi
iptables: No chain/target/match by that name.
Stopping firewall-hook /etc/firewall-istore.d//mars
Stopping firewall-hook /etc/firewall-istore.d//orwelld
iptables v1.4.8: Couldn't load target `fwhook_orwelld':/lib/xtables/libipt_fwhook_orwelld.so: cannot open shared object file: No such file or directory

Try `iptables -h' or 'iptables --help' for more information.
iptables v1.4.8: Couldn't load target `fwhook_orwelld':/lib/xtables/libipt_fwhook_orwelld.so: cannot open shared object file: No such file or directory

Try `iptables -h' or 'iptables --help' for more information.
iptables: No chain/target/match by that name.
Stopping firewall-hook /etc/firewall-istore.d//sasoap
iptables: No chain/target/match by that name.
Executing on istore2b: 'service ui-firewalling stop || /etc/init.d/firewalling stop'
ui-firewalling: unrecognized service
Using firewalling.istore 
HOOKDIR /etc/firewall-istore.d/
Stopping firewalling
Stopping firewall-hook /etc/firewall-istore.d//dhcp
  deleting portmap-rules
iptables v1.4.8: Couldn't load target `fwhook_dhcp_in':/lib/xtables/libipt_fwhook_dhcp_in.so: cannot open shared object file: No such file or directory

Try `iptables -h' or 'iptables --help' for more information.
iptables v1.4.8: Couldn't load target `fwhook_dhcp_in':/lib/xtables/libipt_fwhook_dhcp_in.so: cannot open shared object file: No such file or directory

Try `iptables -h' or 'iptables --help' for more information.
iptables: No chain/target/match by that name.
Stopping firewall-hook /etc/firewall-istore.d//drbd
iptables: No chain/target/match by that name.
Stopping firewall-hook /etc/firewall-istore.d//drbd_cluster
Stopping firewall-hook /etc/firewall-istore.d//ehb
  deleting ehb-rules
iptables v1.4.8: Couldn't load target `fwhook_ehb_ctrls_out':/lib/xtables/libipt_fwhook_ehb_ctrls_out.so: cannot open shared object file: No such file or directory

Try `iptables -h' or 'iptables --help' for more information.
iptables v1.4.8: Couldn't load target `fwhook_ehb_ctrls_out':/lib/xtables/libipt_fwhook_ehb_ctrls_out.so: cannot open shared object file: No such file or directory

Try `iptables -h' or 'iptables --help' for more information.
iptables: No chain/target/match by that name.
iptables: No chain/target/match by that name.
iptables v1.4.8: Couldn't load target `fwhook_ehb_ctrls_in':/lib/xtables/libipt_fwhook_ehb_ctrls_in.so: cannot open shared object file: No such file or directory

Try `iptables -h' or 'iptables --help' for more information.
iptables v1.4.8: Couldn't load target `fwhook_ehb_ctrls_in':/lib/xtables/libipt_fwhook_ehb_ctrls_in.so: cannot open shared object file: No such file or directory

Try `iptables -h' or 'iptables --help' for more information.
iptables: No chain/target/match by that name.
iptables: No chain/target/match by that name.
iptables v1.4.8: Couldn't load target `fwhook_ehb_hosts_out':/lib/xtables/libipt_fwhook_ehb_hosts_out.so: cannot open shared object file: No such file or directory

Try `iptables -h' or 'iptables --help' for more information.
iptables v1.4.8: Couldn't load target `fwhook_ehb_hosts_out':/lib/xtables/libipt_fwhook_ehb_hosts_out.so: cannot open shared object file: No such file or directory

Try `iptables -h' or 'iptables --help' for more information.
iptables: No chain/target/match by that name.
iptables: No chain/target/match by that name.
iptables v1.4.8: Couldn't load target `fwhook_ehb_hosts_in':/lib/xtables/libipt_fwhook_ehb_hosts_in.so: cannot open shared object file: No such file or directory

Try `iptables -h' or 'iptables --help' for more information.
iptables v1.4.8: Couldn't load target `fwhook_ehb_hosts_in':/lib/xtables/libipt_fwhook_ehb_hosts_in.so: cannot open shared object file: No such file or directory

Try `iptables -h' or 'iptables --help' for more information.
iptables: No chain/target/match by that name.
Stopping firewall-hook /etc/firewall-istore.d//hostname_intern
iptables: No chain/target/match by that name.
  deleting hostnames-rules
iptables v1.4.8: Couldn't load target `fwhook_hostnames_in':/lib/xtables/libipt_fwhook_hostnames_in.so: cannot open shared object file: No such file or directory

Try `iptables -h' or 'iptables --help' for more information.
iptables v1.4.8: Couldn't load target `fwhook_hostnames_in':/lib/xtables/libipt_fwhook_hostnames_in.so: cannot open shared object file: No such file or directory

Try `iptables -h' or 'iptables --help' for more information.
iptables: No chain/target/match by that name.
Stopping firewall-hook /etc/firewall-istore.d//iscsi
iptables: No chain/target/match by that name.
Stopping firewall-hook /etc/firewall-istore.d//mars
Stopping firewall-hook /etc/firewall-istore.d//orwelld
iptables v1.4.8: Couldn't load target `fwhook_orwelld':/lib/xtables/libipt_fwhook_orwelld.so: cannot open shared object file: No such file or directory

Try `iptables -h' or 'iptables --help' for more information.
iptables v1.4.8: Couldn't load target `fwhook_orwelld':/lib/xtables/libipt_fwhook_orwelld.so: cannot open shared object file: No such file or directory

Try `iptables -h' or 'iptables --help' for more information.
iptables: No chain/target/match by that name.
Stopping firewall-hook /etc/firewall-istore.d//sasoap
iptables: No chain/target/match by that name.
Executing on icpu5138: 'service ui-firewalling stop || /etc/init.d/firewalling stop'
Executing on icpu5139: 'service ui-firewalling stop || /etc/init.d/firewalling stop'
Running hook: hook_merge_cluster hook_merge_cluster istore2a icpu5138
Executing on istore2a: 'marsadm lowlevel-ls-host-ips'
WARNING: EXPERTS ONLY -- risky lowlevel command 'lowlevel-ls-host-ips'
Peer 'istore2a' has IP '10.46.98.4'
Executing on icpu5138: 'marsadm merge-cluster --ssh-port=24 10.46.98.4'
Using SSH port '24' from command line.
Linux icpu5138 3.14.79-grsec+ #1234 SMP Tue Jul 4 14:36:13 CEST 2017 x86_64 GNU/Linux
PING 10.46.98.4 (10.46.98.4) 56(84) bytes of data.
64 bytes from 10.46.98.4: icmp_seq=1 ttl=64 time=0.136 ms

--- 10.46.98.4 ping statistics ---
1 packets transmitted, 1 received, 0% packet loss, time 0ms
rtt min/avg/max/mdev = 0.136/0.136/0.136/0.000 ms
ssh: connect to host 10.46.98.4 port 24: Connection refused
Linux istore2a 3.2.45-istore-20130805 #1 SMP Mon Aug 5 13:36:58 CEST 2013 x86_64 GNU/Linux
Linux istore2a 3.2.45-istore-20130805 #1 SMP Mon Aug 5 13:36:58 CEST 2013 x86_64 GNU/Linux
PING icpu5128.schlund.de (10.46.12.75) 56(84) bytes of data.
64 bytes from icpu5128.schlund.de (10.46.12.75): icmp_seq=1 ttl=64 time=0.086 ms

--- icpu5128.schlund.de ping statistics ---
1 packets transmitted, 1 received, 0% packet loss, time 0ms
rtt min/avg/max/mdev = 0.086/0.086/0.086/0.000 ms
Linux icpu5128 3.14.79-grsec+ #1196 SMP Tue Jun 20 13:04:30 CEST 2017 x86_64 GNU/Linux
Linux icpu5128 3.14.79-grsec+ #1196 SMP Tue Jun 20 13:04:30 CEST 2017 x86_64 GNU/Linux
PING icpu5133.schlund.de (10.46.28.75) 56(84) bytes of data.
64 bytes from icpu5133.schlund.de (10.46.28.75): icmp_seq=1 ttl=58 time=0.849 ms

--- icpu5133.schlund.de ping statistics ---
1 packets transmitted, 1 received, 0% packet loss, time 0ms
rtt min/avg/max/mdev = 0.849/0.849/0.849/0.000 ms
ssh: connect to host icpu5133 port 24: Connection timed out
ssh: connect to host icpu5133 port 22: Connection refused
ssh: connect to host icpu5133 port 24: Connection timed out
WARNING: SSH to 'icpu5133' does not work on any port
PING 10.46.102.189 (10.46.102.189) 56(84) bytes of data.
64 bytes from 10.46.102.189: icmp_seq=1 ttl=61 time=0.813 ms

--- 10.46.102.189 ping statistics ---
1 packets transmitted, 1 received, 0% packet loss, time 0ms
rtt min/avg/max/mdev = 0.813/0.813/0.813/0.000 ms
Linux icpu5133 3.14.79-grsec+ #1196 SMP Tue Jun 20 13:04:30 CEST 2017 x86_64 GNU/Linux
Linux icpu5133 3.14.79-grsec+ #1196 SMP Tue Jun 20 13:04:30 CEST 2017 x86_64 GNU/Linux
PING icpu5139 (10.46.102.191) 56(84) bytes of data.
64 bytes from icpu5139 (10.46.102.191): icmp_seq=1 ttl=61 time=0.889 ms

--- icpu5139 ping statistics ---
1 packets transmitted, 1 received, 0% packet loss, time 0ms
rtt min/avg/max/mdev = 0.889/0.889/0.889/0.000 ms
Linux icpu5139 3.14.79-grsec+ #1234 SMP Tue Jul 4 14:36:13 CEST 2017 x86_64 GNU/Linux
Linux icpu5139 3.14.79-grsec+ #1234 SMP Tue Jul 4 14:36:13 CEST 2017 x86_64 GNU/Linux
PING istore2a.schlund.de (10.46.98.4) 56(84) bytes of data.
64 bytes from istore2a.schlund.de (10.46.98.4): icmp_seq=1 ttl=64 time=0.091 ms

--- istore2a.schlund.de ping statistics ---
1 packets transmitted, 1 received, 0% packet loss, time 0ms
rtt min/avg/max/mdev = 0.091/0.091/0.091/0.000 ms
ssh: connect to host istore2a port 24: Connection refused
Linux istore2a 3.2.45-istore-20130805 #1 SMP Mon Aug 5 13:36:58 CEST 2013 x86_64 GNU/Linux
Linux istore2a 3.2.45-istore-20130805 #1 SMP Mon Aug 5 13:36:58 CEST 2013 x86_64 GNU/Linux
PING istore2b.schlund.de (10.46.102.2) 56(84) bytes of data.
64 bytes from istore2b.schlund.de (10.46.102.2): icmp_seq=1 ttl=61 time=0.813 ms

--- istore2b.schlund.de ping statistics ---
1 packets transmitted, 1 received, 0% packet loss, time 0ms
rtt min/avg/max/mdev = 0.813/0.813/0.813/0.000 ms
ssh: connect to host istore2b port 24: Connection refused
Linux istore2b 3.2.45-istore-20130805 #1 SMP Mon Aug 5 13:36:58 CEST 2013 x86_64 GNU/Linux
Linux istore2b 3.2.45-istore-20130805 #1 SMP Mon Aug 5 13:36:58 CEST 2013 x86_64 GNU/Linux
Other cluster peer '10.46.98.4' has the same UUID.
No resource name checking necessary.
Operation 'merge-cluster' will therfore work logically idempotent.
receiving incremental file list

sent 11 bytes  received 73 bytes  168.00 bytes/sec
total size is 38  speedup is 0.45
sending incremental file list

sent 82 bytes  received 12 bytes  188.00 bytes/sec
total size is 38  speedup is 0.40
sending incremental file list

sent 82 bytes  received 12 bytes  188.00 bytes/sec
total size is 38  speedup is 0.40
sending incremental file list

sent 82 bytes  received 12 bytes  62.67 bytes/sec
total size is 38  speedup is 0.40
sending incremental file list

sent 76 bytes  received 11 bytes  174.00 bytes/sec
total size is 38  speedup is 0.44
sending incremental file list

sent 76 bytes  received 11 bytes  58.00 bytes/sec
total size is 38  speedup is 0.44
receiving incremental file list
./
.filemon2/
actual-icpu5128/
actual-icpu5133/
actual-icpu5138/
actual-icpu5139/
actual-istore2a/
actual-istore2b/
resource-infong375/
resource-infong375/.deleted-log-000142419-istore2b -> 1
resource-infong375/.deleted-log-000142426-istore2b -> 1
resource-infong375/.deleted-log-000142431-istore2b -> 1
resource-infong375/.deleted-log-000142491-istore2b -> 1
resource-infong375/.deleted-log-000142493-istore2b -> 1
resource-infong375/.deleted-log-000142513-istore2b -> 1
resource-infong375/.deleted-log-000142550-istore2b -> 1
resource-infong375/.deleted-version-000142418-istore2a -> 1
resource-infong375/.deleted-version-000142425-istore2a -> 1
resource-infong375/.deleted-version-000142425-istore2b -> 1
resource-infong375/.deleted-version-000142430-istore2a -> 1
resource-infong375/.deleted-version-000142465-istore2b -> 1
resource-infong375/.deleted-version-000142490-istore2a -> 1
resource-infong375/.deleted-version-000142492-istore2a -> 1
resource-infong375/.deleted-version-000142492-istore2b -> 1
resource-infong375/.deleted-version-000142512-istore2a -> 1
resource-infong375/.deleted-version-000142512-istore2b -> 1
resource-infong375/.deleted-version-000142549-istore2a -> 1
resource-infong375/.deleted-version-000142549-istore2b -> 1
resource-infong375/actual-istore2b/
resource-infong375/todo-istore2b/
resource-infong376/
resource-infong376/.deleted-log-000142396-istore2b -> 1
resource-infong376/.deleted-log-000142398-istore2b -> 1
resource-infong376/.deleted-log-000142418-istore2b -> 1
resource-infong376/.deleted-log-000142439-istore2b -> 1
resource-infong376/.deleted-log-000142465-istore2b -> 1
resource-infong376/.deleted-log-000142485-istore2b -> 1
resource-infong376/.deleted-log-000142522-istore2b -> 1
resource-infong376/.deleted-version-000142395-istore2a -> 1
resource-infong376/.deleted-version-000142395-istore2b -> 1
resource-infong376/.deleted-version-000142397-istore2a -> 1
resource-infong376/.deleted-version-000142397-istore2b -> 1
resource-infong376/.deleted-version-000142416-istore2b -> 1
resource-infong376/.deleted-version-000142417-istore2a -> 1
resource-infong376/.deleted-version-000142438-istore2a -> 1
resource-infong376/.deleted-version-000142458-istore2b -> 1
resource-infong376/.deleted-version-000142464-istore2a -> 1
resource-infong376/.deleted-version-000142464-istore2b -> 1
resource-infong376/.deleted-version-000142484-istore2a -> 1
resource-infong376/.deleted-version-000142484-istore2b -> 1
resource-infong376/.deleted-version-000142521-istore2a -> 1
resource-infong376/.deleted-version-000142521-istore2b -> 1
resource-infong376/actual-istore2b/
resource-infongm1/
resource-infongm1/.deleted-log-000142128-istore2b -> 1
resource-infongm1/.deleted-log-000142130-istore2b -> 1
resource-infongm1/.deleted-log-000142147-istore2b -> 1
resource-infongm1/.deleted-log-000142192-istore2b -> 1
resource-infongm1/.deleted-log-000142196-istore2b -> 1
resource-infongm1/.deleted-log-000142216-istore2b -> 1
resource-infongm1/.deleted-log-000142253-istore2b -> 1
resource-infongm1/.deleted-version-000142127-istore2a -> 1
resource-infongm1/.deleted-version-000142129-istore2a -> 1
resource-infongm1/.deleted-version-000142146-istore2a -> 1
resource-infongm1/.deleted-version-000142153-istore2b -> 1
resource-infongm1/.deleted-version-000142191-istore2a -> 1
resource-infongm1/.deleted-version-000142195-istore2a -> 1
resource-infongm1/.deleted-version-000142215-istore2a -> 1
resource-infongm1/.deleted-version-000142252-istore2a -> 1
resource-infongm1/actual-istore2b/
resource-infongt-eu4/
resource-infongt-eu4/.deleted-log-000024241-icpu5128 -> 1
resource-infongt-eu4/.deleted-log-000024242-icpu5128 -> 1
resource-infongt-eu4/.deleted-log-000024243-icpu5128 -> 1
resource-infongt-eu4/.deleted-log-000024244-icpu5128 -> 1
resource-infongt-eu4/.deleted-log-000024245-icpu5128 -> 1
resource-infongt-eu4/.deleted-log-000024246-icpu5128 -> 1
resource-infongt-eu4/.deleted-log-000024307-icpu5128 -> 1
resource-infongt-eu4/.deleted-log-000024308-icpu5128 -> 1
resource-infongt-eu4/.deleted-log-000024309-icpu5128 -> 1
resource-infongt-eu4/.deleted-log-000024310-icpu5128 -> 1
resource-infongt-eu4/.deleted-log-000024311-icpu5128 -> 1
resource-infongt-eu4/.deleted-log-000024312-icpu5128 -> 1
resource-infongt-eu4/.deleted-version-000024240-icpu5128 -> 1
resource-infongt-eu4/.deleted-version-000024240-icpu5133 -> 1
resource-infongt-eu4/.deleted-version-000024241-icpu5128 -> 1
resource-infongt-eu4/.deleted-version-000024241-icpu5133 -> 1
resource-infongt-eu4/.deleted-version-000024242-icpu5128 -> 1
resource-infongt-eu4/.deleted-version-000024242-icpu5133 -> 1
resource-infongt-eu4/.deleted-version-000024243-icpu5128 -> 1
resource-infongt-eu4/.deleted-version-000024243-icpu5133 -> 1
resource-infongt-eu4/.deleted-version-000024244-icpu5128 -> 1
resource-infongt-eu4/.deleted-version-000024244-icpu5133 -> 1
resource-infongt-eu4/.deleted-version-000024245-icpu5128 -> 1
resource-infongt-eu4/.deleted-version-000024245-icpu5133 -> 1
resource-infongt-eu4/.deleted-version-000024306-icpu5128 -> 1
resource-infongt-eu4/.deleted-version-000024306-icpu5133 -> 1
resource-infongt-eu4/.deleted-version-000024307-icpu5128 -> 1
resource-infongt-eu4/.deleted-version-000024307-icpu5133 -> 1
resource-infongt-eu4/.deleted-version-000024308-icpu5128 -> 1
resource-infongt-eu4/.deleted-version-000024308-icpu5133 -> 1
resource-infongt-eu4/.deleted-version-000024309-icpu5128 -> 1
resource-infongt-eu4/.deleted-version-000024309-icpu5133 -> 1
resource-infongt-eu4/.deleted-version-000024310-icpu5128 -> 1
resource-infongt-eu4/.deleted-version-000024310-icpu5133 -> 1
resource-infongt-eu4/.deleted-version-000024311-icpu5128 -> 1
resource-infongt-eu4/.deleted-version-000024311-icpu5133 -> 1
resource-infongt-eu4/skip-check-icpu5133 -> 000022836
resource-infongt-eu4/actual-icpu5128/
resource-infongt-eu4/actual-icpu5133/
resource-infongt-eu4/actual-icpu5138/
resource-infongt-eu4/actual-icpu5139/
resource-infongt-eu4/actual-istore2a/.deleted- -> 1
resource-infongt-eu4/actual-istore2a/.deleted-copy-syncstatus-istore2a -> 1
resource-infongt-eu4/actual-istore2a/.deleted-file_rate -> 1
resource-infongt-eu4/actual-istore2a/.deleted-has-emergency -> 1
resource-infongt-eu4/actual-istore2a/.deleted-is-attached -> 1
resource-infongt-eu4/actual-istore2a/.deleted-is-copying -> 1
resource-infongt-eu4/actual-istore2a/.deleted-is-emergency -> 1
resource-infongt-eu4/actual-istore2a/.deleted-is-primary -> 1
resource-infongt-eu4/actual-istore2a/.deleted-is-replaying -> 1
resource-infongt-eu4/actual-istore2a/.deleted-is-syncing -> 1
resource-infongt-eu4/actual-istore2a/.deleted-logfile-update -> 1
resource-infongt-eu4/actual-istore2a/.deleted-msg-err-bad-log-name -> 1
resource-infongt-eu4/actual-istore2a/.deleted-msg-err-emergency -> 1
resource-infongt-eu4/actual-istore2a/.deleted-msg-err-log-not-contiguous -> 1
resource-infongt-eu4/actual-istore2a/.deleted-msg-err-replay-size -> 1
resource-infongt-eu4/actual-istore2a/.deleted-msg-err-replay-stop -> 1
resource-infongt-eu4/actual-istore2a/.deleted-msg-err-replaylink-not-readable -> 1
resource-infongt-eu4/actual-istore2a/.deleted-msg-err-sequence-trash -> 1
resource-infongt-eu4/actual-istore2a/.deleted-msg-err-space-low -> 1
resource-infongt-eu4/actual-istore2a/.deleted-msg-err-splitbrain-detected -> 1
resource-infongt-eu4/actual-istore2a/.deleted-msg-err-versionlink-not-readable -> 1
resource-infongt-eu4/actual-istore2a/.deleted-msg-err-versionlink-skip -> 1
resource-infongt-eu4/actual-istore2a/.deleted-msg-inf-fetch -> 1
resource-infongt-eu4/actual-istore2a/.deleted-msg-inf-replay-not-yet-finished -> 1
resource-infongt-eu4/actual-istore2a/.deleted-msg-inf-replay-start -> 1
resource-infongt-eu4/actual-istore2a/.deleted-msg-inf-replay-tolerance -> 1
resource-infongt-eu4/actual-istore2a/.deleted-msg-inf-sync -> 1
resource-infongt-eu4/actual-istore2a/.deleted-msg-inf-versionlink-not-equal -> 1
resource-infongt-eu4/actual-istore2a/.deleted-msg-inf-versionlink-not-yet-exist -> 1
resource-infongt-eu4/actual-istore2a/.deleted-msg-wrn-log-consecutive -> 1
resource-infongt-eu4/actual-istore2a/.deleted-msg-wrn-space-low -> 1
resource-infongt-eu4/actual-istore2a/.deleted-open-count -> 1
resource-infongt-eu4/actual-istore2a/.deleted-replay-code -> 1
resource-infongt-eu4/actual-istore2a/.deleted-replay_rate -> 1
resource-infongt-eu4/actual-istore2a/.deleted-sync_rate -> 1
resource-infongt-eu4/actual-istore2b/
resource-infongt-eu4/actual-istore2b/.deleted- -> 1
resource-infongt-eu4/actual-istore2b/.deleted-copy-syncstatus-istore2b -> 1
resource-infongt-eu4/actual-istore2b/.deleted-file_rate -> 1
resource-infongt-eu4/actual-istore2b/.deleted-has-emergency -> 1
resource-infongt-eu4/actual-istore2b/.deleted-is-attached -> 1
resource-infongt-eu4/actual-istore2b/.deleted-is-copying -> 1
resource-infongt-eu4/actual-istore2b/.deleted-is-emergency -> 1
resource-infongt-eu4/actual-istore2b/.deleted-is-primary -> 1
resource-infongt-eu4/actual-istore2b/.deleted-is-replaying -> 1
resource-infongt-eu4/actual-istore2b/.deleted-is-syncing -> 1
resource-infongt-eu4/actual-istore2b/.deleted-logfile-update -> 1
resource-infongt-eu4/actual-istore2b/.deleted-msg-err-bad-log-name -> 1
resource-infongt-eu4/actual-istore2b/.deleted-msg-err-emergency -> 1
resource-infongt-eu4/actual-istore2b/.deleted-msg-err-log-not-contiguous -> 1
resource-infongt-eu4/actual-istore2b/.deleted-msg-err-replay-size -> 1
resource-infongt-eu4/actual-istore2b/.deleted-msg-err-replay-stop -> 1
resource-infongt-eu4/actual-istore2b/.deleted-msg-err-replaylink-not-readable -> 1
resource-infongt-eu4/actual-istore2b/.deleted-msg-err-sequence-trash -> 1
resource-infongt-eu4/actual-istore2b/.deleted-msg-err-space-low -> 1
resource-infongt-eu4/actual-istore2b/.deleted-msg-err-splitbrain-detected -> 1
resource-infongt-eu4/actual-istore2b/.deleted-msg-err-versionlink-not-readable -> 1
resource-infongt-eu4/actual-istore2b/.deleted-msg-err-versionlink-skip -> 1
resource-infongt-eu4/actual-istore2b/.deleted-msg-inf-fetch -> 1
resource-infongt-eu4/actual-istore2b/.deleted-msg-inf-replay-not-yet-finished -> 1
resource-infongt-eu4/actual-istore2b/.deleted-msg-inf-replay-start -> 1
resource-infongt-eu4/actual-istore2b/.deleted-msg-inf-replay-tolerance -> 1
resource-infongt-eu4/actual-istore2b/.deleted-msg-inf-sync -> 1
resource-infongt-eu4/actual-istore2b/.deleted-msg-inf-versionlink-not-equal -> 1
resource-infongt-eu4/actual-istore2b/.deleted-msg-inf-versionlink-not-yet-exist -> 1
resource-infongt-eu4/actual-istore2b/.deleted-msg-wrn-log-consecutive -> 1
resource-infongt-eu4/actual-istore2b/.deleted-msg-wrn-space-low -> 1
resource-infongt-eu4/actual-istore2b/.deleted-open-count -> 1
resource-infongt-eu4/actual-istore2b/.deleted-replay-code -> 1
resource-infongt-eu4/actual-istore2b/.deleted-replay_rate -> 1
resource-infongt-eu4/actual-istore2b/.deleted-sync_rate -> 1
resource-infongt-eu4/defaults-icpu5128/
resource-infongt-eu4/defaults-icpu5133/
resource-infongt-eu4/defaults-icpu5138/
resource-infongt-eu4/defaults-icpu5139/
resource-infongt-eu4/defaults-istore2a/
resource-infongt-eu4/defaults-istore2a/.deleted- -> 1
resource-infongt-eu4/defaults-istore2b/
resource-infongt-eu4/defaults-istore2b/.deleted- -> 1
resource-infongt-eu4/local-icpu5128/
resource-infongt-eu4/local-icpu5133/
resource-infongt-eu4/local-icpu5138/
resource-infongt-eu4/local-icpu5139/
resource-infongt-eu4/local-istore2a/
resource-infongt-eu4/local-istore2a/.deleted- -> 1
resource-infongt-eu4/local-istore2b/
resource-infongt-eu4/local-istore2b/.deleted- -> 1
resource-infongt-eu4/todo-icpu5128/
resource-infongt-eu4/todo-icpu5133/
resource-infongt-eu4/todo-icpu5138/
resource-infongt-eu4/todo-icpu5139/
resource-infongt-eu4/todo-istore2a/
resource-infongt-eu4/todo-istore2a/.deleted- -> 1
resource-infongt-eu4/todo-istore2a/.deleted-allow-replay -> 1
resource-infongt-eu4/todo-istore2a/.deleted-attach -> 1
resource-infongt-eu4/todo-istore2a/.deleted-connect -> 1
resource-infongt-eu4/todo-istore2a/.deleted-sync -> 1
resource-infongt-eu4/todo-istore2b/
resource-infongt-eu4/todo-istore2b/.deleted- -> 1
resource-infongt-eu4/todo-istore2b/.deleted-allow-replay -> 1
resource-infongt-eu4/todo-istore2b/.deleted-attach -> 1
resource-infongt-eu4/todo-istore2b/.deleted-connect -> 1
resource-infongt-eu4/todo-istore2b/.deleted-sync -> 1
resource-infongt-eu5/
resource-infongt-eu5/actual-icpu5138/
resource-infongt-eu5/actual-icpu5139/
resource-infongt-eu6/
resource-infongt-eu6/.deleted-log-000015623-icpu5128 -> 1
resource-infongt-eu6/.deleted-log-000015624-icpu5128 -> 1
resource-infongt-eu6/.deleted-log-000015625-icpu5128 -> 1
resource-infongt-eu6/.deleted-log-000015626-icpu5128 -> 1
resource-infongt-eu6/.deleted-log-000015627-icpu5128 -> 1
resource-infongt-eu6/.deleted-log-000015628-icpu5128 -> 1
resource-infongt-eu6/.deleted-log-000015689-icpu5128 -> 1
resource-infongt-eu6/.deleted-log-000015690-icpu5128 -> 1
resource-infongt-eu6/.deleted-log-000015691-icpu5128 -> 1
resource-infongt-eu6/.deleted-log-000015692-icpu5128 -> 1
resource-infongt-eu6/.deleted-log-000015693-icpu5128 -> 1
resource-infongt-eu6/.deleted-log-000015694-icpu5128 -> 1
resource-infongt-eu6/.deleted-version-000015622-icpu5128 -> 1
resource-infongt-eu6/.deleted-version-000015622-icpu5133 -> 1
resource-infongt-eu6/.deleted-version-000015623-icpu5128 -> 1
resource-infongt-eu6/.deleted-version-000015623-icpu5133 -> 1
resource-infongt-eu6/.deleted-version-000015624-icpu5128 -> 1
resource-infongt-eu6/.deleted-version-000015624-icpu5133 -> 1
resource-infongt-eu6/.deleted-version-000015625-icpu5128 -> 1
resource-infongt-eu6/.deleted-version-000015625-icpu5133 -> 1
resource-infongt-eu6/.deleted-version-000015626-icpu5128 -> 1
resource-infongt-eu6/.deleted-version-000015626-icpu5133 -> 1
resource-infongt-eu6/.deleted-version-000015627-icpu5128 -> 1
resource-infongt-eu6/.deleted-version-000015688-icpu5128 -> 1
resource-infongt-eu6/.deleted-version-000015688-icpu5133 -> 1
resource-infongt-eu6/.deleted-version-000015689-icpu5128 -> 1
resource-infongt-eu6/.deleted-version-000015689-icpu5133 -> 1
resource-infongt-eu6/.deleted-version-000015690-icpu5128 -> 1
resource-infongt-eu6/.deleted-version-000015690-icpu5133 -> 1
resource-infongt-eu6/.deleted-version-000015691-icpu5128 -> 1
resource-infongt-eu6/.deleted-version-000015691-icpu5133 -> 1
resource-infongt-eu6/.deleted-version-000015692-icpu5128 -> 1
resource-infongt-eu6/.deleted-version-000015692-icpu5133 -> 1
resource-infongt-eu6/.deleted-version-000015693-icpu5128 -> 1
resource-infongt-eu6/.deleted-version-000015717-icpu5133 -> 1
resource-infongt-eu6/skip-check-istore2a -> 17756
resource-infongt-eu6/actual-icpu5128/
resource-infongt-eu6/actual-icpu5133/
resource-infongt-eu6/actual-icpu5138/
resource-infongt-eu6/actual-icpu5139/
resource-infongt-eu6/actual-istore2b/
resource-infongt-eu6/defaults-icpu5128/
resource-infongt-eu6/defaults-icpu5138/
resource-infongt-eu6/defaults-icpu5139/
resource-infongt-eu6/defaults-istore2a/
resource-infongt-eu6/defaults-istore2b/
resource-infongt-eu6/defaults/
resource-infongt-eu6/local-istore2a/
resource-infongt-eu6/local-istore2b/
resource-infongt-eu6/todo-icpu5128/
resource-infongt-eu6/todo-icpu5133/
resource-infongt-eu6/todo-icpu5138/
resource-infongt-eu6/todo-icpu5139/
resource-infongt-eu6/todo-istore2a/
resource-infongt-eu6/userspace/
resource-infongt-eu7/
resource-infongt-eu7/actual-icpu5138/
resource-infongt-eu7/actual-icpu5139/
resource-lv-0/actual-icpu5128/
resource-lv-0/actual-icpu5133/
todo-global/

sent 983 bytes  received 123,060 bytes  82,695.33 bytes/sec
total size is 5,658,942  speedup is 45.62
sending incremental file list
actual-icpu5138/
resource-infong375/
resource-infong375/.deleted-log-000142409-istore2b -> 1
resource-infong375/.deleted-log-000142410-istore2b -> 1
resource-infong375/.deleted-log-000142411-istore2b -> 1
resource-infong375/.deleted-version-000142408-istore2a -> 1
resource-infong375/.deleted-version-000142408-istore2b -> 1
resource-infong375/.deleted-version-000142409-istore2a -> 1
resource-infong375/.deleted-version-000142409-istore2b -> 1
resource-infong375/.deleted-version-000142410-istore2a -> 1
resource-infong375/.deleted-version-000142410-istore2b -> 1
resource-infong376/
resource-infong376/.deleted-log-000142381-istore2b -> 1
resource-infong376/.deleted-log-000142382-istore2b -> 1
resource-infong376/.deleted-log-000142383-istore2b -> 1
resource-infong376/.deleted-version-000142380-istore2a -> 1
resource-infong376/.deleted-version-000142381-istore2a -> 1
resource-infong376/.deleted-version-000142381-istore2b -> 1
resource-infong376/.deleted-version-000142382-istore2a -> 1
resource-infong376/.deleted-version-000142382-istore2b -> 1
resource-infongm1/
resource-infongm1/.deleted-log-000142114-istore2b -> 1
resource-infongm1/.deleted-log-000142115-istore2b -> 1
resource-infongm1/.deleted-version-000142113-istore2a -> 1
resource-infongm1/.deleted-version-000142114-istore2a -> 1
resource-infongm1/.deleted-version-000142114-istore2b -> 1
resource-infongt-eu5/
resource-infongt-eu5/actual-icpu5138/
resource-infongt-eu5/actual-icpu5139/
resource-infongt-eu6/
resource-infongt-eu6/.deleted-1.info.status -> 1
resource-infongt-eu6/.deleted-2.warn.status -> 1
resource-infongt-eu6/.deleted-actsize-istore2b -> 1
resource-infongt-eu6/.deleted-actual-icpu5128 -> 1
resource-infongt-eu6/.deleted-actual-icpu5133 -> 1
resource-infongt-eu6/.deleted-actual-icpu5138 -> 1
resource-infongt-eu6/.deleted-actual-icpu5139 -> 1
resource-infongt-eu6/.deleted-actual-istore2a -> 1
resource-infongt-eu6/.deleted-actual-istore2b -> 1
resource-infongt-eu6/.deleted-data-istore2b -> 1
resource-infongt-eu6/.deleted-defaults -> 1
resource-infongt-eu6/.deleted-defaults-icpu5128 -> 1
resource-infongt-eu6/.deleted-defaults-icpu5133 -> 1
resource-infongt-eu6/.deleted-defaults-icpu5138 -> 1
resource-infongt-eu6/.deleted-defaults-icpu5139 -> 1
resource-infongt-eu6/.deleted-defaults-istore2a -> 1
resource-infongt-eu6/.deleted-defaults-istore2b -> 1
resource-infongt-eu6/.deleted-device-istore2b -> 1
resource-infongt-eu6/.deleted-local-icpu5128 -> 1
resource-infongt-eu6/.deleted-local-icpu5138 -> 1
resource-infongt-eu6/.deleted-local-icpu5139 -> 1
resource-infongt-eu6/.deleted-local-istore2a -> 1
resource-infongt-eu6/.deleted-local-istore2b -> 1
resource-infongt-eu6/.deleted-logstatus-istore2a.status -> 1
resource-infongt-eu6/.deleted-primary -> 1
resource-infongt-eu6/.deleted-remdev-istore2b -> 1
resource-infongt-eu6/.deleted-replay-istore2b -> 1
resource-infongt-eu6/.deleted-size -> 1
resource-infongt-eu6/.deleted-skip-check-istore2b -> 1
resource-infongt-eu6/.deleted-syncpos-icpu5133 -> 1
resource-infongt-eu6/.deleted-syncpos-istore2b -> 1
resource-infongt-eu6/.deleted-syncstatus-istore2b -> 1
resource-infongt-eu6/.deleted-todo-icpu5128 -> 1
resource-infongt-eu6/.deleted-todo-icpu5133 -> 1
resource-infongt-eu6/.deleted-todo-icpu5138 -> 1
resource-infongt-eu6/.deleted-todo-icpu5139 -> 1
resource-infongt-eu6/.deleted-todo-istore2a -> 1
resource-infongt-eu6/.deleted-todo-istore2b -> 1
resource-infongt-eu6/.deleted-userspace -> 1
resource-infongt-eu6/.deleted-verifystatus-istore2b -> 1
resource-infongt-eu6/.deleted-version-000016756-icpu5128 -> 1
resource-infongt-eu6/.deleted-version-000016756-icpu5133 -> 1
resource-infongt-eu6/.deleted-version-000016756-istore2b -> 1
resource-infongt-eu6/.deleted-version-000016757-icpu5128 -> 1
resource-infongt-eu6/.deleted-version-000016757-icpu5133 -> 1
resource-infongt-eu6/.deleted-version-000016757-istore2a -> 1
resource-infongt-eu6/.deleted-version-000016757-istore2b -> 1
resource-infongt-eu6/.deleted-version-000017755-icpu5133 -> 1
resource-infongt-eu6/.deleted-version-000017756-icpu5128 -> 1
resource-infongt-eu6/actual-icpu5128/
resource-infongt-eu6/actual-icpu5128/.deleted-device-icpu5128 -> 1
resource-infongt-eu6/actual-icpu5133/
resource-infongt-eu6/actual-icpu5138/
resource-infongt-eu6/actual-icpu5138/.deleted- -> 1
resource-infongt-eu6/actual-icpu5138/.deleted-copy-syncstatus-icpu5138 -> 1
resource-infongt-eu6/actual-icpu5138/.deleted-file_rate -> 1
resource-infongt-eu6/actual-icpu5138/.deleted-has-emergency -> 1
resource-infongt-eu6/actual-icpu5138/.deleted-is-attached -> 1
resource-infongt-eu6/actual-icpu5138/.deleted-is-copying -> 1
resource-infongt-eu6/actual-icpu5138/.deleted-is-emergency -> 1
resource-infongt-eu6/actual-icpu5138/.deleted-is-replaying -> 1
resource-infongt-eu6/actual-icpu5138/.deleted-is-syncing -> 1
resource-infongt-eu6/actual-icpu5138/.deleted-logfile-update -> 1
resource-infongt-eu6/actual-icpu5138/.deleted-msg-err-bad-log-name -> 1
resource-infongt-eu6/actual-icpu5138/.deleted-msg-err-emergency -> 1
resource-infongt-eu6/actual-icpu5138/.deleted-msg-err-log-not-contiguous -> 1
resource-infongt-eu6/actual-icpu5138/.deleted-msg-err-replay-size -> 1
resource-infongt-eu6/actual-icpu5138/.deleted-msg-err-replay-stop -> 1
resource-infongt-eu6/actual-icpu5138/.deleted-msg-err-replaylink-not-readable -> 1
resource-infongt-eu6/actual-icpu5138/.deleted-msg-err-sequence-trash -> 1
resource-infongt-eu6/actual-icpu5138/.deleted-msg-err-space-low -> 1
resource-infongt-eu6/actual-icpu5138/.deleted-msg-err-splitbrain-detected -> 1
resource-infongt-eu6/actual-icpu5138/.deleted-msg-err-versionlink-not-readable -> 1
resource-infongt-eu6/actual-icpu5138/.deleted-msg-err-versionlink-skip -> 1
resource-infongt-eu6/actual-icpu5138/.deleted-msg-inf-fetch -> 1
resource-infongt-eu6/actual-icpu5138/.deleted-msg-inf-replay-not-yet-finished -> 1
resource-infongt-eu6/actual-icpu5138/.deleted-msg-inf-replay-start -> 1
resource-infongt-eu6/actual-icpu5138/.deleted-msg-inf-replay-tolerance -> 1
resource-infongt-eu6/actual-icpu5138/.deleted-msg-inf-sync -> 1
resource-infongt-eu6/actual-icpu5138/.deleted-msg-inf-versionlink-not-equal -> 1
resource-infongt-eu6/actual-icpu5138/.deleted-msg-inf-versionlink-not-yet-exist -> 1
resource-infongt-eu6/actual-icpu5138/.deleted-msg-wrn-log-consecutive -> 1
resource-infongt-eu6/actual-icpu5138/.deleted-msg-wrn-space-low -> 1
resource-infongt-eu6/actual-icpu5138/.deleted-replay-code -> 1
resource-infongt-eu6/actual-icpu5138/.deleted-replay_rate -> 1
resource-infongt-eu6/actual-icpu5138/.deleted-sync_rate -> 1
resource-infongt-eu6/actual-icpu5139/
resource-infongt-eu6/actual-icpu5139/.deleted-copy-syncstatus-icpu5139 -> 1
resource-infongt-eu6/actual-icpu5139/.deleted-device-icpu5139 -> 1
resource-infongt-eu6/actual-icpu5139/.deleted-file_rate -> 1
resource-infongt-eu6/actual-icpu5139/.deleted-has-emergency -> 1
resource-infongt-eu6/actual-icpu5139/.deleted-is-attached -> 1
resource-infongt-eu6/actual-icpu5139/.deleted-msg-err-bad-log-name -> 1
resource-infongt-eu6/actual-icpu5139/.deleted-msg-err-emergency -> 1
resource-infongt-eu6/actual-icpu5139/.deleted-msg-err-log-not-contiguous -> 1
resource-infongt-eu6/actual-icpu5139/.deleted-msg-err-replay-size -> 1
resource-infongt-eu6/actual-icpu5139/.deleted-msg-err-replay-stop -> 1
resource-infongt-eu6/actual-icpu5139/.deleted-msg-err-replaylink-not-readable -> 1
resource-infongt-eu6/actual-icpu5139/.deleted-msg-err-sequence-trash -> 1
resource-infongt-eu6/actual-icpu5139/.deleted-msg-err-space-low -> 1
resource-infongt-eu6/actual-icpu5139/.deleted-msg-err-splitbrain-detected -> 1
resource-infongt-eu6/actual-icpu5139/.deleted-msg-err-versionlink-not-readable -> 1
resource-infongt-eu6/actual-icpu5139/.deleted-msg-err-versionlink-skip -> 1
resource-infongt-eu6/actual-icpu5139/.deleted-msg-inf-fetch -> 1
resource-infongt-eu6/actual-icpu5139/.deleted-msg-inf-replay-not-yet-finished -> 1
resource-infongt-eu6/actual-icpu5139/.deleted-msg-inf-replay-start -> 1
resource-infongt-eu6/actual-icpu5139/.deleted-msg-inf-replay-tolerance -> 1
resource-infongt-eu6/actual-icpu5139/.deleted-msg-inf-sync -> 1
resource-infongt-eu6/actual-icpu5139/.deleted-msg-inf-versionlink-not-equal -> 1
resource-infongt-eu6/actual-icpu5139/.deleted-msg-inf-versionlink-not-yet-exist -> 1
resource-infongt-eu6/actual-icpu5139/.deleted-msg-wrn-log-consecutive -> 1
resource-infongt-eu6/actual-icpu5139/.deleted-msg-wrn-space-low -> 1
resource-infongt-eu6/actual-istore2a/
resource-infongt-eu6/actual-istore2a/.deleted-file_rate -> 1
resource-infongt-eu6/actual-istore2a/.deleted-is-attached -> 1
resource-infongt-eu6/actual-istore2a/.deleted-is-copying -> 1
resource-infongt-eu6/actual-istore2a/.deleted-is-primary -> 1
resource-infongt-eu6/actual-istore2a/.deleted-is-replaying -> 1
resource-infongt-eu6/actual-istore2a/.deleted-is-syncing -> 1
resource-infongt-eu6/actual-istore2a/.deleted-msg-err-bad-log-name -> 1
resource-infongt-eu6/actual-istore2a/.deleted-msg-err-emergency -> 1
resource-infongt-eu6/actual-istore2a/.deleted-msg-err-log-not-contiguous -> 1
resource-infongt-eu6/actual-istore2a/.deleted-msg-err-replay-size -> 1
resource-infongt-eu6/actual-istore2a/.deleted-msg-err-replay-stop -> 1
resource-infongt-eu6/actual-istore2a/.deleted-msg-err-replaylink-not-readable -> 1
resource-infongt-eu6/actual-istore2a/.deleted-msg-err-sequence-trash -> 1
resource-infongt-eu6/actual-istore2a/.deleted-msg-err-space-low -> 1
resource-infongt-eu6/actual-istore2a/.deleted-msg-err-splitbrain-detected -> 1
resource-infongt-eu6/actual-istore2a/.deleted-msg-err-versionlink-not-readable -> 1
resource-infongt-eu6/actual-istore2a/.deleted-msg-err-versionlink-skip -> 1
resource-infongt-eu6/actual-istore2a/.deleted-msg-inf-fetch -> 1
resource-infongt-eu6/actual-istore2a/.deleted-msg-inf-replay-not-yet-finished -> 1
resource-infongt-eu6/actual-istore2a/.deleted-msg-inf-replay-start -> 1
resource-infongt-eu6/actual-istore2a/.deleted-msg-inf-replay-tolerance -> 1
resource-infongt-eu6/actual-istore2a/.deleted-msg-inf-sync -> 1
resource-infongt-eu6/actual-istore2a/.deleted-msg-inf-versionlink-not-equal -> 1
resource-infongt-eu6/actual-istore2a/.deleted-msg-inf-versionlink-not-yet-exist -> 1
resource-infongt-eu6/actual-istore2a/.deleted-msg-wrn-log-consecutive -> 1
resource-infongt-eu6/actual-istore2a/.deleted-msg-wrn-space-low -> 1
resource-infongt-eu6/actual-istore2a/.deleted-open-count -> 1
resource-infongt-eu6/actual-istore2a/.deleted-replay_rate -> 1
resource-infongt-eu6/actual-istore2a/.deleted-sync_rate -> 1
resource-infongt-eu6/actual-istore2b/
resource-infongt-eu6/actual-istore2b/.deleted- -> 1
resource-infongt-eu6/actual-istore2b/.deleted-copy-syncstatus-istore2b -> 1
resource-infongt-eu6/actual-istore2b/.deleted-file_rate -> 1
resource-infongt-eu6/actual-istore2b/.deleted-has-emergency -> 1
resource-infongt-eu6/actual-istore2b/.deleted-is-attached -> 1
resource-infongt-eu6/actual-istore2b/.deleted-is-copying -> 1
resource-infongt-eu6/actual-istore2b/.deleted-is-emergency -> 1
resource-infongt-eu6/actual-istore2b/.deleted-is-primary -> 1
resource-infongt-eu6/actual-istore2b/.deleted-is-replaying -> 1
resource-infongt-eu6/actual-istore2b/.deleted-is-syncing -> 1
resource-infongt-eu6/actual-istore2b/.deleted-logfile-update -> 1
resource-infongt-eu6/actual-istore2b/.deleted-msg-err-bad-log-name -> 1
resource-infongt-eu6/actual-istore2b/.deleted-msg-err-emergency -> 1
resource-infongt-eu6/actual-istore2b/.deleted-msg-err-log-not-contiguous -> 1
resource-infongt-eu6/actual-istore2b/.deleted-msg-err-replay-size -> 1
resource-infongt-eu6/actual-istore2b/.deleted-msg-err-replay-stop -> 1
resource-infongt-eu6/actual-istore2b/.deleted-msg-err-replaylink-not-readable -> 1
resource-infongt-eu6/actual-istore2b/.deleted-msg-err-sequence-trash -> 1
resource-infongt-eu6/actual-istore2b/.deleted-msg-err-space-low -> 1
resource-infongt-eu6/actual-istore2b/.deleted-msg-err-splitbrain-detected -> 1
resource-infongt-eu6/actual-istore2b/.deleted-msg-err-versionlink-not-readable -> 1
resource-infongt-eu6/actual-istore2b/.deleted-msg-err-versionlink-skip -> 1
resource-infongt-eu6/actual-istore2b/.deleted-msg-inf-fetch -> 1
resource-infongt-eu6/actual-istore2b/.deleted-msg-inf-replay-not-yet-finished -> 1
resource-infongt-eu6/actual-istore2b/.deleted-msg-inf-replay-start -> 1
resource-infongt-eu6/actual-istore2b/.deleted-msg-inf-replay-tolerance -> 1
resource-infongt-eu6/actual-istore2b/.deleted-msg-inf-sync -> 1
resource-infongt-eu6/actual-istore2b/.deleted-msg-inf-versionlink-not-equal -> 1
resource-infongt-eu6/actual-istore2b/.deleted-msg-inf-versionlink-not-yet-exist -> 1
resource-infongt-eu6/actual-istore2b/.deleted-msg-wrn-log-consecutive -> 1
resource-infongt-eu6/actual-istore2b/.deleted-msg-wrn-space-low -> 1
resource-infongt-eu6/actual-istore2b/.deleted-open-count -> 1
resource-infongt-eu6/actual-istore2b/.deleted-replay-code -> 1
resource-infongt-eu6/actual-istore2b/.deleted-replay_rate -> 1
resource-infongt-eu6/actual-istore2b/.deleted-sync_rate -> 1
resource-infongt-eu6/defaults-icpu5138/.deleted- -> 1
resource-infongt-eu6/defaults-istore2b/.deleted- -> 1
resource-infongt-eu6/local-icpu5138/
resource-infongt-eu6/local-icpu5138/.deleted- -> 1
resource-infongt-eu6/todo-icpu5133/.deleted- -> 1
resource-infongt-eu6/todo-icpu5138/.deleted- -> 1
resource-infongt-eu6/todo-icpu5138/.deleted-allow-replay -> 1
resource-infongt-eu6/todo-icpu5138/.deleted-attach -> 1
resource-infongt-eu6/todo-icpu5138/.deleted-connect -> 1
resource-infongt-eu6/todo-icpu5138/.deleted-sync -> 1
resource-infongt-eu6/todo-icpu5139/.deleted- -> 1
resource-infongt-eu6/todo-istore2b/.deleted-allow-replay -> 1
resource-infongt-eu6/todo-istore2b/.deleted-attach -> 1
resource-infongt-eu6/todo-istore2b/.deleted-connect -> 1
resource-infongt-eu6/todo-istore2b/.deleted-sync -> 1
resource-infongt-eu7/
resource-infongt-eu7/actual-icpu5138/
resource-infongt-eu7/actual-icpu5139/
resource-lv-0/actual-icpu5128/
resource-lv-0/actual-icpu5133/
todo-global/

sent 129,097 bytes  received 1,395 bytes  260,984.00 bytes/sec
total size is 120,120,630,784  speedup is 920,521.03
Running hook: hook_merge_cluster hook_merge_cluster istore2a icpu5139
Executing on istore2a: 'marsadm lowlevel-ls-host-ips'
WARNING: EXPERTS ONLY -- risky lowlevel command 'lowlevel-ls-host-ips'
Peer 'istore2a' has IP '10.46.98.4'
Executing on icpu5139: 'marsadm merge-cluster --ssh-port=24 10.46.98.4'
Using SSH port '24' from command line.
Linux icpu5139 3.14.79-grsec+ #1234 SMP Tue Jul 4 14:36:13 CEST 2017 x86_64 GNU/Linux
PING 10.46.98.4 (10.46.98.4) 56(84) bytes of data.
64 bytes from 10.46.98.4: icmp_seq=1 ttl=61 time=0.886 ms

--- 10.46.98.4 ping statistics ---
1 packets transmitted, 1 received, 0% packet loss, time 0ms
rtt min/avg/max/mdev = 0.886/0.886/0.886/0.000 ms
ssh: connect to host 10.46.98.4 port 24: Connection refused
Linux istore2a 3.2.45-istore-20130805 #1 SMP Mon Aug 5 13:36:58 CEST 2013 x86_64 GNU/Linux
Linux istore2a 3.2.45-istore-20130805 #1 SMP Mon Aug 5 13:36:58 CEST 2013 x86_64 GNU/Linux
PING icpu5128.schlund.de (10.46.12.75) 56(84) bytes of data.
64 bytes from icpu5128.schlund.de (10.46.12.75): icmp_seq=1 ttl=58 time=0.864 ms

--- icpu5128.schlund.de ping statistics ---
1 packets transmitted, 1 received, 0% packet loss, time 0ms
rtt min/avg/max/mdev = 0.864/0.864/0.864/0.000 ms
ssh: connect to host icpu5128 port 24: Connection timed out
ssh: connect to host icpu5128 port 22: Connection refused
ssh: connect to host icpu5128 port 24: Connection timed out
WARNING: SSH to 'icpu5128' does not work on any port
PING 10.46.98.175 (10.46.98.175) 56(84) bytes of data.
64 bytes from 10.46.98.175: icmp_seq=1 ttl=61 time=0.825 ms

--- 10.46.98.175 ping statistics ---
1 packets transmitted, 1 received, 0% packet loss, time 0ms
rtt min/avg/max/mdev = 0.825/0.825/0.825/0.000 ms
Linux icpu5128 3.14.79-grsec+ #1196 SMP Tue Jun 20 13:04:30 CEST 2017 x86_64 GNU/Linux
Linux icpu5128 3.14.79-grsec+ #1196 SMP Tue Jun 20 13:04:30 CEST 2017 x86_64 GNU/Linux
PING icpu5133.schlund.de (10.46.28.75) 56(84) bytes of data.
64 bytes from icpu5133.schlund.de (10.46.28.75): icmp_seq=1 ttl=64 time=0.081 ms

--- icpu5133.schlund.de ping statistics ---
1 packets transmitted, 1 received, 0% packet loss, time 0ms
rtt min/avg/max/mdev = 0.081/0.081/0.081/0.000 ms
Linux icpu5133 3.14.79-grsec+ #1196 SMP Tue Jun 20 13:04:30 CEST 2017 x86_64 GNU/Linux
Linux icpu5133 3.14.79-grsec+ #1196 SMP Tue Jun 20 13:04:30 CEST 2017 x86_64 GNU/Linux
PING icpu5138 (10.46.98.177) 56(84) bytes of data.
64 bytes from icpu5138 (10.46.98.177): icmp_seq=1 ttl=61 time=0.812 ms

--- icpu5138 ping statistics ---
1 packets transmitted, 1 received, 0% packet loss, time 0ms
rtt min/avg/max/mdev = 0.812/0.812/0.812/0.000 ms
Linux icpu5138 3.14.79-grsec+ #1234 SMP Tue Jul 4 14:36:13 CEST 2017 x86_64 GNU/Linux
Linux icpu5138 3.14.79-grsec+ #1234 SMP Tue Jul 4 14:36:13 CEST 2017 x86_64 GNU/Linux
PING istore2a.schlund.de (10.46.98.4) 56(84) bytes of data.
64 bytes from istore2a.schlund.de (10.46.98.4): icmp_seq=1 ttl=61 time=0.843 ms

--- istore2a.schlund.de ping statistics ---
1 packets transmitted, 1 received, 0% packet loss, time 0ms
rtt min/avg/max/mdev = 0.843/0.843/0.843/0.000 ms
ssh: connect to host istore2a port 24: Connection refused
Linux istore2a 3.2.45-istore-20130805 #1 SMP Mon Aug 5 13:36:58 CEST 2013 x86_64 GNU/Linux
Linux istore2a 3.2.45-istore-20130805 #1 SMP Mon Aug 5 13:36:58 CEST 2013 x86_64 GNU/Linux
PING istore2b.schlund.de (10.46.102.2) 56(84) bytes of data.
64 bytes from istore2b.schlund.de (10.46.102.2): icmp_seq=1 ttl=64 time=0.092 ms

--- istore2b.schlund.de ping statistics ---
1 packets transmitted, 1 received, 0% packet loss, time 0ms
rtt min/avg/max/mdev = 0.092/0.092/0.092/0.000 ms
ssh: connect to host istore2b port 24: Connection refused
Linux istore2b 3.2.45-istore-20130805 #1 SMP Mon Aug 5 13:36:58 CEST 2013 x86_64 GNU/Linux
Linux istore2b 3.2.45-istore-20130805 #1 SMP Mon Aug 5 13:36:58 CEST 2013 x86_64 GNU/Linux
Other cluster peer '10.46.98.4' has the same UUID.
No resource name checking necessary.
Operation 'merge-cluster' will therfore work logically idempotent.
receiving incremental file list

sent 11 bytes  received 73 bytes  56.00 bytes/sec
total size is 38  speedup is 0.45
sending incremental file list

sent 82 bytes  received 12 bytes  188.00 bytes/sec
total size is 38  speedup is 0.40
sending incremental file list

sent 82 bytes  received 12 bytes  188.00 bytes/sec
total size is 38  speedup is 0.40
sending incremental file list

sent 82 bytes  received 12 bytes  188.00 bytes/sec
total size is 38  speedup is 0.40
sending incremental file list

sent 76 bytes  received 11 bytes  58.00 bytes/sec
total size is 38  speedup is 0.44
sending incremental file list

sent 76 bytes  received 11 bytes  58.00 bytes/sec
total size is 38  speedup is 0.44
receiving incremental file list
.filemon2/
actual-icpu5128/
resource-infong375/.deleted-log-000142457-istore2b -> 1
resource-infong375/.deleted-log-000142469-istore2b -> 1
resource-infong375/.deleted-log-000142472-istore2b -> 1
resource-infong375/.deleted-log-000142503-istore2b -> 1
resource-infong375/.deleted-log-000142510-istore2b -> 1
resource-infong375/.deleted-log-000142525-istore2b -> 1
resource-infong375/.deleted-version-000142436-istore2b -> 1
resource-infong375/.deleted-version-000142456-istore2a -> 1
resource-infong375/.deleted-version-000142456-istore2b -> 1
resource-infong375/.deleted-version-000142468-istore2a -> 1
resource-infong375/.deleted-version-000142468-istore2b -> 1
resource-infong375/.deleted-version-000142471-istore2a -> 1
resource-infong375/.deleted-version-000142502-istore2a -> 1
resource-infong375/.deleted-version-000142502-istore2b -> 1
resource-infong375/.deleted-version-000142509-istore2a -> 1
resource-infong375/.deleted-version-000142524-istore2a -> 1
resource-infong376/.deleted-log-000142423-istore2b -> 1
resource-infong376/.deleted-log-000142429-istore2b -> 1
resource-infong376/.deleted-log-000142442-istore2b -> 1
resource-infong376/.deleted-log-000142489-istore2b -> 1
resource-infong376/.deleted-log-000142515-istore2b -> 1
resource-infong376/.deleted-version-000142416-istore2b -> 1
resource-infong376/.deleted-version-000142421-istore2b -> 1
resource-infong376/.deleted-version-000142422-istore2a -> 1
resource-infong376/.deleted-version-000142428-istore2a -> 1
resource-infong376/.deleted-version-000142441-istore2a -> 1
resource-infong376/.deleted-version-000142441-istore2b -> 1
resource-infong376/.deleted-version-000142488-istore2a -> 1
resource-infong376/.deleted-version-000142488-istore2b -> 1
resource-infong376/.deleted-version-000142514-istore2a -> 1
resource-infongm1/.deleted-log-000142172-istore2b -> 1
resource-infongm1/.deleted-log-000142173-istore2b -> 1
resource-infongm1/.deleted-log-000142206-istore2b -> 1
resource-infongm1/.deleted-log-000142220-istore2b -> 1
resource-infongm1/.deleted-version-000142148-istore2b -> 1
resource-infongm1/.deleted-version-000142153-istore2b -> 1
resource-infongm1/.deleted-version-000142171-istore2a -> 1
resource-infongm1/.deleted-version-000142172-istore2a -> 1
resource-infongm1/.deleted-version-000142182-istore2b -> 1
resource-infongm1/.deleted-version-000142200-istore2b -> 1
resource-infongm1/.deleted-version-000142205-istore2a -> 1
resource-infongm1/.deleted-version-000142205-istore2b -> 1
resource-infongm1/.deleted-version-000142219-istore2a -> 1
resource-infongm1/.deleted-version-000142238-istore2b -> 1
resource-infongt-eu4/.deleted-log-000024259-icpu5128 -> 1
resource-infongt-eu4/.deleted-log-000024260-icpu5128 -> 1
resource-infongt-eu4/.deleted-log-000024261-icpu5128 -> 1
resource-infongt-eu4/.deleted-log-000024262-icpu5128 -> 1
resource-infongt-eu4/.deleted-log-000024263-icpu5128 -> 1
resource-infongt-eu4/.deleted-log-000024264-icpu5128 -> 1
resource-infongt-eu4/.deleted-log-000024295-icpu5128 -> 1
resource-infongt-eu4/.deleted-log-000024296-icpu5128 -> 1
resource-infongt-eu4/.deleted-log-000024297-icpu5128 -> 1
resource-infongt-eu4/.deleted-log-000024298-icpu5128 -> 1
resource-infongt-eu4/.deleted-log-000024299-icpu5128 -> 1
resource-infongt-eu4/.deleted-log-000024300-icpu5128 -> 1
resource-infongt-eu4/.deleted-version-000024258-icpu5128 -> 1
resource-infongt-eu4/.deleted-version-000024258-icpu5133 -> 1
resource-infongt-eu4/.deleted-version-000024259-icpu5128 -> 1
resource-infongt-eu4/.deleted-version-000024259-icpu5133 -> 1
resource-infongt-eu4/.deleted-version-000024260-icpu5128 -> 1
resource-infongt-eu4/.deleted-version-000024260-icpu5133 -> 1
resource-infongt-eu4/.deleted-version-000024261-icpu5128 -> 1
resource-infongt-eu4/.deleted-version-000024261-icpu5133 -> 1
resource-infongt-eu4/.deleted-version-000024262-icpu5128 -> 1
resource-infongt-eu4/.deleted-version-000024262-icpu5133 -> 1
resource-infongt-eu4/.deleted-version-000024263-icpu5128 -> 1
resource-infongt-eu4/.deleted-version-000024263-icpu5133 -> 1
resource-infongt-eu4/.deleted-version-000024294-icpu5128 -> 1
resource-infongt-eu4/.deleted-version-000024294-icpu5133 -> 1
resource-infongt-eu4/.deleted-version-000024295-icpu5128 -> 1
resource-infongt-eu4/.deleted-version-000024295-icpu5133 -> 1
resource-infongt-eu4/.deleted-version-000024296-icpu5128 -> 1
resource-infongt-eu4/.deleted-version-000024296-icpu5133 -> 1
resource-infongt-eu4/.deleted-version-000024297-icpu5128 -> 1
resource-infongt-eu4/.deleted-version-000024297-icpu5133 -> 1
resource-infongt-eu4/.deleted-version-000024298-icpu5128 -> 1
resource-infongt-eu4/.deleted-version-000024298-icpu5133 -> 1
resource-infongt-eu4/.deleted-version-000024299-icpu5128 -> 1
resource-infongt-eu4/.deleted-version-000024299-icpu5133 -> 1
resource-infongt-eu4/skip-check-icpu5133 -> 000022836
resource-infongt-eu4/actual-icpu5128/
resource-infongt-eu4/actual-icpu5133/
resource-infongt-eu4/actual-icpu5138/
resource-infongt-eu4/actual-istore2b/
resource-infongt-eu4/defaults-icpu5128/
resource-infongt-eu4/defaults-icpu5133/
resource-infongt-eu4/defaults-icpu5138/
resource-infongt-eu4/defaults-icpu5139/
resource-infongt-eu4/defaults-istore2a/
resource-infongt-eu4/defaults-istore2b/
resource-infongt-eu4/local-icpu5128/
resource-infongt-eu4/local-icpu5138/
resource-infongt-eu4/local-icpu5139/
resource-infongt-eu4/local-istore2a/
resource-infongt-eu4/local-istore2b/
resource-infongt-eu4/todo-icpu5128/
resource-infongt-eu4/todo-icpu5133/
resource-infongt-eu4/todo-icpu5138/
resource-infongt-eu4/todo-icpu5139/
resource-infongt-eu4/todo-istore2a/
resource-infongt-eu4/todo-istore2b/
resource-infongt-eu5/actual-icpu5138/
resource-infongt-eu6/.deleted-actsize-icpu5133 -> 1
resource-infongt-eu6/.deleted-data-icpu5133 -> 1
resource-infongt-eu6/.deleted-device-icpu5133 -> 1
resource-infongt-eu6/.deleted-log-000015641-icpu5128 -> 1
resource-infongt-eu6/.deleted-log-000015642-icpu5128 -> 1
resource-infongt-eu6/.deleted-log-000015643-icpu5128 -> 1
resource-infongt-eu6/.deleted-log-000015644-icpu5128 -> 1
resource-infongt-eu6/.deleted-log-000015645-icpu5128 -> 1
resource-infongt-eu6/.deleted-log-000015646-icpu5128 -> 1
resource-infongt-eu6/.deleted-log-000015677-icpu5128 -> 1
resource-infongt-eu6/.deleted-log-000015678-icpu5128 -> 1
resource-infongt-eu6/.deleted-log-000015679-icpu5128 -> 1
resource-infongt-eu6/.deleted-log-000015680-icpu5128 -> 1
resource-infongt-eu6/.deleted-log-000015681-icpu5128 -> 1
resource-infongt-eu6/.deleted-log-000015682-icpu5128 -> 1
resource-infongt-eu6/.deleted-replay-icpu5133 -> 1
resource-infongt-eu6/.deleted-skip-check-icpu5133 -> 1
resource-infongt-eu6/.deleted-syncstatus-icpu5133 -> 1
resource-infongt-eu6/.deleted-verifystatus-icpu5133 -> 1
resource-infongt-eu6/.deleted-version-000015640-icpu5128 -> 1
resource-infongt-eu6/.deleted-version-000015640-icpu5133 -> 1
resource-infongt-eu6/.deleted-version-000015641-icpu5128 -> 1
resource-infongt-eu6/.deleted-version-000015676-icpu5128 -> 1
resource-infongt-eu6/.deleted-version-000015676-icpu5133 -> 1
resource-infongt-eu6/.deleted-version-000015677-icpu5128 -> 1
resource-infongt-eu6/.deleted-version-000015677-icpu5133 -> 1
resource-infongt-eu6/.deleted-version-000015678-icpu5128 -> 1
resource-infongt-eu6/.deleted-version-000015678-icpu5133 -> 1
resource-infongt-eu6/.deleted-version-000015679-icpu5128 -> 1
resource-infongt-eu6/.deleted-version-000015679-icpu5133 -> 1
resource-infongt-eu6/.deleted-version-000015680-icpu5128 -> 1
resource-infongt-eu6/.deleted-version-000015680-icpu5133 -> 1
resource-infongt-eu6/.deleted-version-000015681-icpu5128 -> 1
resource-infongt-eu6/.deleted-version-000015699-icpu5133 -> 1
resource-infongt-eu6/.deleted-version-000015717-icpu5133 -> 1
resource-infongt-eu6/.deleted-version-000015729-icpu5133 -> 1
resource-infongt-eu6/.deleted-version-000015741-icpu5133 -> 1
resource-infongt-eu6/.deleted-version-000015747-icpu5133 -> 1
resource-infongt-eu6/skip-check-istore2a -> 17756
resource-infongt-eu6/actual-icpu5128/
resource-infongt-eu6/actual-icpu5133/.deleted- -> 1
resource-infongt-eu6/actual-icpu5133/.deleted-copy-syncstatus-icpu5133 -> 1
resource-infongt-eu6/actual-icpu5133/.deleted-file_rate -> 1
resource-infongt-eu6/actual-icpu5133/.deleted-has-emergency -> 1
resource-infongt-eu6/actual-icpu5133/.deleted-is-attached -> 1
resource-infongt-eu6/actual-icpu5133/.deleted-is-copying -> 1
resource-infongt-eu6/actual-icpu5133/.deleted-is-emergency -> 1
resource-infongt-eu6/actual-icpu5133/.deleted-is-primary -> 1
resource-infongt-eu6/actual-icpu5133/.deleted-is-replaying -> 1
resource-infongt-eu6/actual-icpu5133/.deleted-is-syncing -> 1
resource-infongt-eu6/actual-icpu5133/.deleted-logfile-update -> 1
resource-infongt-eu6/actual-icpu5133/.deleted-msg-err-bad-log-name -> 1
resource-infongt-eu6/actual-icpu5133/.deleted-msg-err-emergency -> 1
resource-infongt-eu6/actual-icpu5133/.deleted-msg-err-log-not-contiguous -> 1
resource-infongt-eu6/actual-icpu5133/.deleted-msg-err-replay-size -> 1
resource-infongt-eu6/actual-icpu5133/.deleted-msg-err-replay-stop -> 1
resource-infongt-eu6/actual-icpu5133/.deleted-msg-err-replaylink-not-readable -> 1
resource-infongt-eu6/actual-icpu5133/.deleted-msg-err-sequence-trash -> 1
resource-infongt-eu6/actual-icpu5133/.deleted-msg-err-space-low -> 1
resource-infongt-eu6/actual-icpu5133/.deleted-msg-err-splitbrain-detected -> 1
resource-infongt-eu6/actual-icpu5133/.deleted-msg-err-versionlink-not-readable -> 1
resource-infongt-eu6/actual-icpu5133/.deleted-msg-err-versionlink-skip -> 1
resource-infongt-eu6/actual-icpu5133/.deleted-msg-inf-fetch -> 1
resource-infongt-eu6/actual-icpu5133/.deleted-msg-inf-replay-not-yet-finished -> 1
resource-infongt-eu6/actual-icpu5133/.deleted-msg-inf-replay-start -> 1
resource-infongt-eu6/actual-icpu5133/.deleted-msg-inf-replay-tolerance -> 1
resource-infongt-eu6/actual-icpu5133/.deleted-msg-inf-sync -> 1
resource-infongt-eu6/actual-icpu5133/.deleted-msg-inf-versionlink-not-equal -> 1
resource-infongt-eu6/actual-icpu5133/.deleted-msg-inf-versionlink-not-yet-exist -> 1
resource-infongt-eu6/actual-icpu5133/.deleted-msg-wrn-log-consecutive -> 1
resource-infongt-eu6/actual-icpu5133/.deleted-msg-wrn-space-low -> 1
resource-infongt-eu6/actual-icpu5133/.deleted-open-count -> 1
resource-infongt-eu6/actual-icpu5133/.deleted-replay-code -> 1
resource-infongt-eu6/actual-icpu5133/.deleted-replay_rate -> 1
resource-infongt-eu6/actual-icpu5133/.deleted-sync_rate -> 1
resource-infongt-eu6/actual-icpu5138/
resource-infongt-eu6/actual-icpu5138/.deleted- -> 1
resource-infongt-eu6/actual-icpu5138/.deleted-copy-syncstatus-icpu5138 -> 1
resource-infongt-eu6/actual-icpu5138/.deleted-file_rate -> 1
resource-infongt-eu6/actual-icpu5138/.deleted-has-emergency -> 1
resource-infongt-eu6/actual-icpu5138/.deleted-is-attached -> 1
resource-infongt-eu6/actual-icpu5138/.deleted-is-copying -> 1
resource-infongt-eu6/actual-icpu5138/.deleted-is-emergency -> 1
resource-infongt-eu6/actual-icpu5138/.deleted-is-replaying -> 1
resource-infongt-eu6/actual-icpu5138/.deleted-is-syncing -> 1
resource-infongt-eu6/actual-icpu5138/.deleted-logfile-update -> 1
resource-infongt-eu6/actual-icpu5138/.deleted-replay-code -> 1
resource-infongt-eu6/actual-icpu5138/.deleted-replay_rate -> 1
resource-infongt-eu6/actual-icpu5138/.deleted-sync_rate -> 1
resource-infongt-eu6/defaults-icpu5128/
resource-infongt-eu6/defaults-icpu5133/.deleted- -> 1
resource-infongt-eu6/defaults-icpu5138/.deleted- -> 1
resource-infongt-eu6/defaults-icpu5139/
resource-infongt-eu6/defaults-istore2a/
resource-infongt-eu6/defaults-istore2b/
resource-infongt-eu6/defaults/
resource-infongt-eu6/local-icpu5138/
resource-infongt-eu6/local-icpu5138/.deleted- -> 1
resource-infongt-eu6/local-istore2a/
resource-infongt-eu6/local-istore2b/
resource-infongt-eu6/todo-icpu5128/
resource-infongt-eu6/todo-icpu5133/
resource-infongt-eu6/todo-icpu5133/.deleted-allow-replay -> 1
resource-infongt-eu6/todo-icpu5133/.deleted-attach -> 1
resource-infongt-eu6/todo-icpu5133/.deleted-connect -> 1
resource-infongt-eu6/todo-icpu5133/.deleted-sync -> 1
resource-infongt-eu6/todo-icpu5138/
resource-infongt-eu6/todo-icpu5138/.deleted-allow-replay -> 1
resource-infongt-eu6/todo-icpu5138/.deleted-attach -> 1
resource-infongt-eu6/todo-icpu5138/.deleted-connect -> 1
resource-infongt-eu6/todo-icpu5138/.deleted-sync -> 1
resource-infongt-eu6/todo-icpu5139/
resource-infongt-eu6/todo-istore2a/
resource-infongt-eu6/userspace/
todo-global/

sent 804 bytes  received 130,266 bytes  262,140.00 bytes/sec
total size is 5,767,034  speedup is 44.00
sending incremental file list
./
actual-icpu5139/
actual-istore2a/
resource-infongt-eu6/actual-icpu5139/.deleted- -> 1
resource-infongt-eu6/actual-icpu5139/.deleted-is-copying -> 1
resource-infongt-eu6/actual-icpu5139/.deleted-is-emergency -> 1
resource-infongt-eu6/actual-icpu5139/.deleted-is-primary -> 1
resource-infongt-eu6/actual-icpu5139/.deleted-is-replaying -> 1
resource-infongt-eu6/actual-icpu5139/.deleted-is-syncing -> 1
resource-infongt-eu6/actual-icpu5139/.deleted-logfile-update -> 1
resource-infongt-eu6/actual-icpu5139/.deleted-open-count -> 1
resource-infongt-eu6/actual-icpu5139/.deleted-replay-code -> 1
resource-infongt-eu6/actual-icpu5139/.deleted-replay_rate -> 1
resource-infongt-eu6/actual-icpu5139/.deleted-sync_rate -> 1
resource-infongt-eu6/defaults-icpu5139/.deleted- -> 1
resource-infongt-eu6/local-icpu5139/
resource-infongt-eu6/local-icpu5139/.deleted- -> 1
resource-infongt-eu6/todo-icpu5139/.deleted-allow-replay -> 1
resource-infongt-eu6/todo-icpu5139/.deleted-attach -> 1
resource-infongt-eu6/todo-icpu5139/.deleted-connect -> 1
resource-infongt-eu6/todo-icpu5139/.deleted-sync -> 1

sent 127,054 bytes  received 754 bytes  85,205.33 bytes/sec
total size is 725,637,354  speedup is 5,677.56
Executing on icpu5138: 'marsadm wait-cluster'
all 5 peer(s) seem to be alive
Executing on icpu5138: 'marsadm view-is-attach infongt-eu6'
WARNING: cannot read symlink '/mars/resource-infongt-eu6/actual-icpu5138/is-attached'
Executing on istore2a: 'marsadm view-sync-size infongt-eu6'
Running hook: hook_get_vg hook_get_vg icpu5138
Executing on icpu5138: 'vgs | awk '{ print $1; }' | grep 'vginfong\|vg[0-9]\+[ab]''
Executing on icpu5138: 'vgs --noheadings -o "vg_free" --units k vginfong'
vginfong REST space on 'icpu5138' :   7204683776
Running hook: hook_get_vg hook_get_vg icpu5139
Executing on icpu5139: 'vgs | awk '{ print $1; }' | grep 'vginfong\|vg[0-9]\+[ab]''
Executing on icpu5139: 'vgs --noheadings -o "vg_free" --units k vginfong'
vginfong REST space on 'icpu5139' :   7204683776
Running hook: hook_get_vg hook_get_vg icpu5138
Executing on icpu5138: 'vgs | awk '{ print $1; }' | grep 'vginfong\|vg[0-9]\+[ab]''
Running hook: hook_get_vg hook_get_vg icpu5139
Executing on icpu5139: 'vgs | awk '{ print $1; }' | grep 'vginfong\|vg[0-9]\+[ab]''
Running hook: hook_get_vg hook_get_vg icpu5138
Executing on icpu5138: 'vgs | awk '{ print $1; }' | grep 'vginfong\|vg[0-9]\+[ab]''
Executing on icpu5138: 'if [[ -e /dev/vginfong/infongt-eu6 ]]; then echo "REFUSING to overwrite /dev/vginfong/infongt-eu6 on icpu5138 - Do this by hand"; exit -1; fi'
Executing on icpu5138: 'lvcreate -L 20000768k -n infongt-eu6 vginfong'
  Logical volume "infongt-eu6" created
Running hook: hook_get_vg hook_get_vg icpu5139
Executing on icpu5139: 'vgs | awk '{ print $1; }' | grep 'vginfong\|vg[0-9]\+[ab]''
Executing on icpu5139: 'if [[ -e /dev/vginfong/infongt-eu6 ]]; then echo "REFUSING to overwrite /dev/vginfong/infongt-eu6 on icpu5139 - Do this by hand"; exit -1; fi'
Executing on icpu5139: 'lvcreate -L 20000768k -n infongt-eu6 vginfong'
  Logical volume "infongt-eu6" created
Running hook: hook_join_resource hook_join_resource istore2a icpu5138 infongt-eu6 /dev/vginfong/infongt-eu6
Executing on icpu5138: 'marsadm join-resource --ssh-port=24 infongt-eu6 /dev/vginfong/infongt-eu6'
Using SSH port '24' from command line.
joining to existing resource 'infongt-eu6'
block device '/dev/vginfong/infongt-eu6': determined size = 20480786432 bytes
PING istore2a.schlund.de (10.46.98.4) 56(84) bytes of data.
64 bytes from istore2a.schlund.de (10.46.98.4): icmp_seq=1 ttl=64 time=0.103 ms

--- istore2a.schlund.de ping statistics ---
1 packets transmitted, 1 received, 0% packet loss, time 0ms
rtt min/avg/max/mdev = 0.103/0.103/0.103/0.000 ms
ssh: connect to host istore2a port 24: Connection refused
Linux istore2a 3.2.45-istore-20130805 #1 SMP Mon Aug 5 13:36:58 CEST 2013 x86_64 GNU/Linux
receiving incremental file list
./
.deleted-version-000017756-icpu5133 -> 1
actual-icpu5128/
actual-icpu5133/
actual-icpu5138/
actual-icpu5139/
actual-icpu5139/.deleted- -> 1
actual-icpu5139/.deleted-is-copying -> 1
actual-icpu5139/.deleted-is-emergency -> 1
actual-icpu5139/.deleted-is-primary -> 1
actual-icpu5139/.deleted-is-replaying -> 1
actual-icpu5139/.deleted-is-syncing -> 1
actual-icpu5139/.deleted-logfile-update -> 1
actual-icpu5139/.deleted-open-count -> 1
actual-icpu5139/.deleted-replay-code -> 1
actual-icpu5139/.deleted-replay_rate -> 1
actual-icpu5139/.deleted-sync_rate -> 1
actual-istore2a/
actual-istore2b/
defaults-icpu5139/.deleted- -> 1
local-icpu5139/
local-icpu5139/.deleted- -> 1
todo-icpu5139/.deleted-allow-replay -> 1
todo-icpu5139/.deleted-attach -> 1
todo-icpu5139/.deleted-connect -> 1
todo-icpu5139/.deleted-sync -> 1

sent 457 bytes  received 31,483 bytes  63,880.00 bytes/sec
total size is 2,686,671  speedup is 84.12
all 5 peer(s) seem to be alive
using existing device '/dev/vginfong/infongt-eu6'
resource 'infongt-eu6' will appear as local device '/dev/mars/infongt-eu6'
creating new replaylink '/mars/resource-infongt-eu6/replay-icpu5138' -> 'log-000017757-istore2a,0,0'
creating new version symlink '/mars/resource-infongt-eu6/version-000017756-icpu5138' -> 'db010984187935f503b17520fcfa12c2,log-000017756-istore2a,2403996:00000000000000000000000000000000,log-000017755-istore2a,0'
creating new version symlink '/mars/resource-infongt-eu6/version-000017755-icpu5138' -> '00000000000000000000000000000000,log-000017755-istore2a,0:'
sending incremental file list

sent 72 bytes  received 11 bytes  55.33 bytes/sec
total size is 25  speedup is 0.30
successfully joined resource 'infongt-eu6'
Running hook: hook_join_resource hook_join_resource istore2a icpu5139 infongt-eu6 /dev/vginfong/infongt-eu6
Executing on icpu5139: 'marsadm join-resource --ssh-port=24 infongt-eu6 /dev/vginfong/infongt-eu6'
Using SSH port '24' from command line.
joining to existing resource 'infongt-eu6'
block device '/dev/vginfong/infongt-eu6': determined size = 20480786432 bytes
PING istore2a.schlund.de (10.46.98.4) 56(84) bytes of data.
64 bytes from istore2a.schlund.de (10.46.98.4): icmp_seq=1 ttl=61 time=3.35 ms

--- istore2a.schlund.de ping statistics ---
1 packets transmitted, 1 received, 0% packet loss, time 0ms
rtt min/avg/max/mdev = 3.352/3.352/3.352/0.000 ms
ssh: connect to host istore2a port 24: Connection refused
Linux istore2a 3.2.45-istore-20130805 #1 SMP Mon Aug 5 13:36:58 CEST 2013 x86_64 GNU/Linux
receiving incremental file list
actual-icpu5128/
actual-icpu5133/
actual-icpu5138/
actual-icpu5138/msg-inf-sync -> OK
actual-icpu5139/
actual-istore2a/
actual-istore2b/
todo-icpu5138/

sent 400 bytes  received 31,997 bytes  64,794.00 bytes/sec
total size is 2,686,917  speedup is 82.94
all 5 peer(s) seem to be alive
using existing device '/dev/vginfong/infongt-eu6'
resource 'infongt-eu6' will appear as local device '/dev/mars/infongt-eu6'
creating new replaylink '/mars/resource-infongt-eu6/replay-icpu5139' -> 'log-000017757-istore2a,0,0'
creating new version symlink '/mars/resource-infongt-eu6/version-000017756-icpu5139' -> 'db010984187935f503b17520fcfa12c2,log-000017756-istore2a,2403996:00000000000000000000000000000000,log-000017755-istore2a,0'
creating new version symlink '/mars/resource-infongt-eu6/version-000017755-icpu5139' -> '00000000000000000000000000000000,log-000017755-istore2a,0:'
sending incremental file list
data-icpu5139 -> /dev/vginfong/infongt-eu6

sent 75 bytes  received 18 bytes  186.00 bytes/sec
total size is 25  speedup is 0.27
successfully joined resource 'infongt-eu6'
Executing on icpu5138: 'marsadm wait-cluster'
all 5 peer(s) seem to be alive
Executing on icpu5138: 'marsadm wait-cluster'
all 5 peer(s) seem to be alive
Executing on icpu5139: 'marsadm wait-cluster'
all 5 peer(s) seem to be alive
Fri Jul 14 08:33:27 CEST 2017 sync rests for 'icpu5138 icpu5139':
Fri Jul 14 08:33:27 CEST 2017 sync rests: 17GiB 18GiB
Fri Jul 14 08:34:27 CEST 2017 sync rests: 14GiB 14GiB
Fri Jul 14 08:35:28 CEST 2017 sync rests: 11GiB 11GiB
Fri Jul 14 08:36:28 CEST 2017 sync rests: 8GiB 8GiB
Fri Jul 14 08:37:29 CEST 2017 sync rests: 5GiB 5GiB
Fri Jul 14 08:38:29 CEST 2017 sync rests: 2GiB 2GiB
Fri Jul 14 08:39:30 CEST 2017 sync rests: 0B/UpToDate 0B/UpToDate
Fri Jul 14 08:39:30 CEST 2017 sync appears to have finished at 'icpu5138 icpu5139'
Executing on icpu5138: 'marsadm wait-cluster'
all 5 peer(s) seem to be alive
Fri Jul 14 08:39:36 CEST 2017 sync rests for 'icpu5138':
Fri Jul 14 08:39:36 CEST 2017 sync rests: 0B/UpToDate
Fri Jul 14 08:39:36 CEST 2017 sync appears to have finished at 'icpu5138'
Running hook: hook_resource_stop hook_resource_stop istore2a infongt-eu6
Executing on istore2a: 'cm3 --stop infongt-eu6 || cm3 --stop infongt-eu6 || { mountpoint /vol/infongt-eu6 && umount /vol/infongt-eu6; } || false'
Shutdown infongt-eu6.
stop: UPDATE mars_infongt-eu6  ...... OK [0s]
stop: UPDATE iet_infongt-eu6 ...... OK
stop: infongt-eu6.schlund.de is updated.
stop: STOP infongt-eu6.schlund.de  ...(vmstop:120s) (dissemble:120s) (delete) ... OK [42s]
stop: UPDATE icpu15.schlund.de  ...... OK [1s]
stop: icpu15.schlund.de is updated.
stop: Skipped 'update_prev_vmhost' since no previous VMHost is linked with infongt-eu6.schlund.de
stop: VM infongt-eu6.schlund.de is stopped.
stop: Clearing VMHost for infongt-eu6.schlund.de, no longer using icpu15.schlund.de
stop: Stopping storage for infongt-eu6.schlund.de
stop: DOWN iet_infongt-eu6  ...(remove_tid) ... OK [1s]
stop: DOWN mars_infongt-eu6  ...(wait-umount:20s) (switch-secondary:120s) ... OK [8s]
stop: DOWN /dev/vg2a/infongt-eu6  ...... OK [0s]
stop: infongt-eu6.schlund.de is stopped.
stop: COMMAND FINISHED in 52 seconds
Shutdown of infongt-eu6.schlund.de finished.
Running hook: hook_resource_migrate hook_resource_migrate istore2a icpu5138 infongt-eu6
curl -s  -X "GET" "http://clustermw:3042/storagehosts/istore2a.schlund.de"
curl -s  -X "GET" "http://clustermw:3042/nodes/icpu5138.schlund.de"
Moving config from cluster 'cluster2' to cluster 'cluster499'
curl -s  -X "GET" "http://clustermw:3042/vms/infongt-eu6.schlund.de"
{"_links":{"dns":{"href":"http:\/\/clustermw:3042\/vms\/infongt-eu6.schlund.de\/dns"},"cluster":{"href":"http:\/\/clustermw:3042\/clusters\/cluster2"},"segment_assoc":{"href":"http:\/\/clustermw:3042\/segments\/PraesenzNetz-20\/vms\/infongt-eu6.schlund.de"},"cluster_assoc":{"href":"http:\/\/clustermw:3042\/clusters\/cluster2\/vms\/infongt-eu6.schlund.de"},"self":{"href":"http:\/\/clustermw:3042\/vms\/infongt-eu6.schlund.de"},"segment":{"href":"http:\/\/clustermw:3042\/segments\/PraesenzNetz-20"},"properties":{"href":"http:\/\/clustermw:3042\/vms\/infongt-eu6.schlund.de\/properties"},"hostips":{"href":"http:\/\/clustermw:3042\/vms\/infongt-eu6.schlund.de\/hostips"}},"zone":"EUROPE","segment":"PraesenzNetz-20","hwclass_id":"25125","country":"DE","cluster":"cluster2","host_id":"20212728","name":"infongt-eu6.schlund.de","region":"EUROPE","properties":{"START_DAV_APACHE":"yes","DDOS_PROTECT":"standard","DEFAULT_CHROOT_ID":"7","START_TINCAS":"\/tmp\/tincas.sock","START_STD_APACHE":"yes","MAX_KUNDEN_PERF":"123","CBI":"Jessie","TZ":"Europe\/Berlin","START_SP_DOCROOT_APACHE":"yes","MAX_KUNDEN":"123","OS_DEBIAN_VERSION":"Jessie","ENABLE_MOD_DEFLATE":"yes","START_SSL_APACHE":"yes","INFONG_TYPE":"standalone","START_MYSQL":"no","DASTOOL":"dastool7.schlund.de","START_FTP_SERVER":"yes"},"hvt_id":"8048","bz_id":"400","flavour":"cla_perf_straf","macids":{},"hostip_params":{"212.227.24.82":{"netinterface":"eth0","protocol":"4","type":"system"},"2001:8d8:1001:607b::\/64":{"netinterface":"eth0","protocol":"6","type":"delegation"},"2001:8D8:5FF:5B:212:227:24:82":{"netinterface":"eth0","protocol":"6","type":"system"}},"type":"infong","hostips":{"IPV6_PREFIXES":["2001:8d8:1001:607b::\/64"],"HA_IP_V6":["2001:8D8:5FF:5B:212:227:24:82"],"HA_IP":["212.227.24.82"]}}malformed JSON string, neither array, object, number, string or atom, at character offset 0 (before "(end of string)") at /usr/bin/json_pp line 44.
clustertool DELETE /clusters/cluster2/vms/infongt-eu6.schlund.de
curl -s  -X "DELETE" "http://clustermw:3042/clusters/cluster2/vms/infongt-eu6.schlund.de"
{"_links":{"add_storagehost":{"href":"http:\/\/clustermw:3042\/clusters\/cluster2\/storagehosts\/%NAME%"},"add_vm":{"href":"http:\/\/clustermw:3042\/clusters\/cluster2\/vms\/%NAME%"},"self":{"href":"http:\/\/clustermw:3042\/clusters\/cluster2"},"vms":{"href":"http:\/\/clustermw:3042\/clusters\/cluster2\/vms"},"add_node":{"href":"http:\/\/clustermw:3042\/clusters\/cluster2\/nodes\/%NAME%"},"storagehosts":{"href":"http:\/\/clustermw:3042\/clusters\/cluster2\/storagehosts"},"nodes":{"href":"http:\/\/clustermw:3042\/clusters\/cluster2\/nodes"},"manage":[{"href":"http:\/\/istore2b.schlund.de:2424\/"},{"href":"http:\/\/istore2a.schlund.de:2424\/"}]},"name":"cluster2","segment":"PraesenzNetz-II","vms":{"infong375.schlund.de":{"self":{"href":"http:\/\/clustermw:3042\/vms\/infong375.schlund.de"}},"infong376.schlund.de":{"self":{"href":"http:\/\/clustermw:3042\/vms\/infong376.schlund.de"}},"infongm1.schlund.de":{"self":{"href":"http:\/\/clustermw:3042\/vms\/infongm1.schlund.de"}}},"properties":{"NETWORK_SEGMENT":"PraesenzNetz-II","SYSTEM_TYPE":"CLUSTER_SHARED_HOSTING_LINUX","CLUSTERCONF_SERIAL":"35"},"storagehosts":{"istore2b.schlund.de":{"self":{"href":"http:\/\/clustermw:3042\/storagehosts\/istore2b.schlund.de"}},"istore2a.schlund.de":{"self":{"href":"http:\/\/clustermw:3042\/storagehosts\/istore2a.schlund.de"}}},"bz_id":"20000","nodes":{"icpu623.schlund.de":{"self":{"href":"http:\/\/clustermw:3042\/nodes\/icpu623.schlund.de"}},"icpu16.schlund.de":{"self":{"href":"http:\/\/clustermw:3042\/nodes\/icpu16.schlund.de"}},"icpu17.schlund.de":{"self":{"href":"http:\/\/clustermw:3042\/nodes\/icpu17.schlund.de"}},"icpu180.schlund.de":{"self":{"href":"http:\/\/clustermw:3042\/nodes\/icpu180.schlund.de"}},"icpu624.schlund.de":{"self":{"href":"http:\/\/clustermw:3042\/nodes\/icpu624.schlund.de"}},"icpu15.schlund.de":{"self":{"href":"http:\/\/clustermw:3042\/nodes\/icpu15.schlund.de"}}}}clustertool PUT /clusters/cluster499/vms/infongt-eu6.schlund.de
curl -s  -X "PUT" "http://clustermw:3042/clusters/cluster499/vms/infongt-eu6.schlund.de"
{"_links":{"add_storagehost":{"href":"http:\/\/clustermw:3042\/clusters\/cluster499\/storagehosts\/%NAME%"},"add_vm":{"href":"http:\/\/clustermw:3042\/clusters\/cluster499\/vms\/%NAME%"},"self":{"href":"http:\/\/clustermw:3042\/clusters\/cluster499"},"vms":{"href":"http:\/\/clustermw:3042\/clusters\/cluster499\/vms"},"nodes":{"href":"http:\/\/clustermw:3042\/clusters\/cluster499\/nodes"},"add_node":{"href":"http:\/\/clustermw:3042\/clusters\/cluster499\/nodes\/%NAME%"},"storagehosts":{"href":"http:\/\/clustermw:3042\/clusters\/cluster499\/storagehosts"}},"name":"cluster499","segment":"PraesenzNetz-20","vms":{"infongt-eu5.schlund.de":{"self":{"href":"http:\/\/clustermw:3042\/vms\/infongt-eu5.schlund.de"}},"infongt-eu6.schlund.de":{"self":{"href":"http:\/\/clustermw:3042\/vms\/infongt-eu6.schlund.de"}},"infongt-eu7.schlund.de":{"self":{"href":"http:\/\/clustermw:3042\/vms\/infongt-eu7.schlund.de"}}},"properties":{"NETWORK_SEGMENT":"PraesenzNetz-20","CLUSTERCONF_SERIAL":"23"},"storagehosts":{},"bz_id":"500","nodes":{"icpu5139.schlund.de":{"self":{"href":"http:\/\/clustermw:3042\/nodes\/icpu5139.schlund.de"}},"icpu5138.schlund.de":{"self":{"href":"http:\/\/clustermw:3042\/nodes\/icpu5138.schlund.de"}}}}curl -s  -X "GET" "http://clustermw:3042/vms/infongt-eu6.schlund.de"
{"_links":{"dns":{"href":"http:\/\/clustermw:3042\/vms\/infongt-eu6.schlund.de\/dns"},"cluster":{"href":"http:\/\/clustermw:3042\/clusters\/cluster499"},"segment_assoc":{"href":"http:\/\/clustermw:3042\/segments\/PraesenzNetz-20\/vms\/infongt-eu6.schlund.de"},"cluster_assoc":{"href":"http:\/\/clustermw:3042\/clusters\/cluster499\/vms\/infongt-eu6.schlund.de"},"self":{"href":"http:\/\/clustermw:3042\/vms\/infongt-eu6.schlund.de"},"segment":{"href":"http:\/\/clustermw:3042\/segments\/PraesenzNetz-20"},"properties":{"href":"http:\/\/clustermw:3042\/vms\/infongt-eu6.schlund.de\/properties"},"hostips":{"href":"http:\/\/clustermw:3042\/vms\/infongt-eu6.schlund.de\/hostips"}},"zone":"EUROPE","segment":"PraesenzNetz-20","hwclass_id":"25125","country":"DE","cluster":"cluster499","host_id":"20212728","name":"infongt-eu6.schlund.de","region":"EUROPE","properties":{"START_DAV_APACHE":"yes","DDOS_PROTECT":"standard","DEFAULT_CHROOT_ID":"7","START_TINCAS":"\/tmp\/tincas.sock","START_STD_APACHE":"yes","MAX_KUNDEN_PERF":"123","CBI":"Jessie","TZ":"Europe\/Berlin","START_SP_DOCROOT_APACHE":"yes","MAX_KUNDEN":"123","OS_DEBIAN_VERSION":"Jessie","ENABLE_MOD_DEFLATE":"yes","START_SSL_APACHE":"yes","INFONG_TYPE":"standalone","START_MYSQL":"no","DASTOOL":"dastool7.schlund.de","START_FTP_SERVER":"yes"},"hvt_id":"8048","bz_id":"400","flavour":"cla_perf_straf","macids":{},"hostip_params":{"212.227.24.82":{"netinterface":"eth0","protocol":"4","type":"system"},"2001:8d8:1001:607b::\/64":{"netinterface":"eth0","protocol":"6","type":"delegation"},"2001:8D8:5FF:5B:212:227:24:82":{"netinterface":"eth0","protocol":"6","type":"system"}},"type":"infong","hostips":{"IPV6_PREFIXES":["2001:8d8:1001:607b::\/64"],"HA_IP_V6":["2001:8D8:5FF:5B:212:227:24:82"],"HA_IP":["212.227.24.82"]}}malformed JSON string, neither array, object, number, string or atom, at character offset 0 (before "(end of string)") at /usr/bin/json_pp line 44.
diff: ./json-backup.2017-07-14_08.31.57/infongt-eu6.pp.old.json: No such file or directory
diff: ./json-backup.2017-07-14_08.31.57/infongt-eu6.pp.new.json: No such file or directory
curl -s  -X "PUT" "http://clustermw:3042/clusters/cluster2/properties/CLUSTERCONF_SERIAL"
{"properties":{"NETWORK_SEGMENT":"PraesenzNetz-II","SYSTEM_TYPE":"CLUSTER_SHARED_HOSTING_LINUX","CLUSTERCONF_SERIAL":"36"}}curl -s  -X "PUT" "http://clustermw:3042/clusters/cluster499/properties/CLUSTERCONF_SERIAL"
{"properties":{"NETWORK_SEGMENT":"PraesenzNetz-20","CLUSTERCONF_SERIAL":"24"}}Executing on istore2a: 'cm3 --update --force'
Update started.
Update of cluster finished.
Executing on icpu5138: 'cm3 --update --force'
Update started.
Update of cluster finished.
Executing on istore2a: 'service clustermanager restart'
Updating Clustermanager config: daemon.conf.
Restarting Clustermanager: clustermanagerd (quit) (start).
Executing on icpu5138: 'service clustermanager restart'
Running hook: hook_resource_start hook_resource_start icpu5138 infongt-eu6
Executing on icpu5138: 'marsadm wait-cluster'
all 5 peer(s) seem to be alive
Executing on icpu5138: 'service clustermanager restart'
Executing on icpu5138: 'marsadm primary infongt-eu6'
---------------------------- check preconditions:
Current designated primary: (none)
OK, it seems that sync has finished on host 'icpu5138'.
OK, it seems that sync has finished on host 'icpu5139'.
OK, it seems that sync has finished on host 'istore2a'.
OK, it seems that sync has finished on host 'istore2b'.
OK, '/mars/resource-infongt-eu6/todo-icpu5138/attach' has acceptable value '1'
OK, '/mars/resource-infongt-eu6/todo-icpu5138/connect' has acceptable value '1'
OK, '/mars/resource-infongt-eu6/todo-icpu5138/allow-replay' has acceptable value '1'
---------------------------- leave primary state:
all 5 peer(s) seem to be alive
Using last primary 'istore2a' as a substitute.
---------------------------- wait when necessary:
---------------------------- switch to primary:
designated primary changed from '(none)' to 'icpu5138'
---------------------------- wait for device:
device '/dev/mars/infongt-eu6' not yet present
device '/dev/mars/infongt-eu6' not yet present
device '/dev/mars/infongt-eu6' not yet present
device '/dev/mars/infongt-eu6' not yet present
device '/dev/mars/infongt-eu6' is present
Executing on icpu5138: 'cm3 --stop infongt-eu6; cm3 --start infongt-eu6 || { cm3 --stop infongt-eu6; cm3 --start infongt-eu6; } || false'
Shutdown infongt-eu6.
stop: UPDATE mars_infongt-eu6  ...... OK [0s]
stop: VM::SAInfongBase: Name:	infongt-eu6
stop: VM::SAInfongBase: State:	NOT_PRESENT
stop: infongt-eu6.schlund.de is updated.
stop: Shutdown of infongt-eu6.schlund.de skipped: already STOPPED
stop: COMMAND FINISHED in 0 seconds
Shutdown of infongt-eu6.schlund.de skipped: already STOPPED
Startup infongt-eu6.
start: UPDATE mars_infongt-eu6  ...... OK [0s]
start: VM::SAInfongBase: Name:	infongt-eu6
start: VM::SAInfongBase: State:	NOT_PRESENT
start: infongt-eu6.schlund.de is updated.
start: Using VMHost 'icpu5138.schlund.de' (policy: 'free')
start: Reserving VMHost icpu5138.schlund.de
start: Starting storage for infongt-eu6.schlund.de
start: UP /dev/vginfong/infongt-eu6  ...... OK (skipped) [0s]
start: UP mars_infongt-eu6  ...(switch-primary:120s) ... OK [1s]
start: Starting VM for infongt-eu6.schlund.de via nodeagent
start: START infongt-eu6.schlund.de  ...(init) (assemble:300s) (vmstart:300s) ... OK [5s]
start: infongt-eu6.schlund.de is started.
start: COMMAND FINISHED in 6 seconds
Startup of infongt-eu6.schlund.de finished.
Running hook: hook_secondary_migrate hook_secondary_migrate icpu5139
Executing on icpu5139: 'cm3 --update --force'
Update started.
Update of cluster finished.
DONE Fri Jul 14 08:41:24 CEST 2017
